Execute pipeline with following supplementary args: --smtpPort 25 --listenerMode NOOP --launcherMode FAULT_LOCALIZATION  --gitrepourl https://github.com/apache/dubbo --gitrepopullrequest 10136
java -cp /usr/local/openjdk-11/lib/tools.jar:repairnator-pipeline.jar -Dlogback.configurationFile=/root/logback.xml fr.inria.spirals.repairnator.pipeline.Launcher -d --runId null -o /var/log --ghOauth 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 --faultLocalization --flacocoThreshold 0.0 --flacocoTopK null --flacocoResultsRepository null --ghOauth  --smtpPort 25 --listenerMode NOOP --launcherMode FAULT_LOCALIZATION  --gitrepourl https://github.com/apache/dubbo --gitrepopullrequest 10136

12:14:23.520 [main] INFO  f.i.s.r.p.g.GithubInitSerializerEngines - Initialize file serializer engines.
12:14:23.521 [main] INFO  f.i.s.r.p.g.GithubInitSerializerEngines - MongoDB won't be used for serialization.
12:14:23.521 [main] INFO  f.i.s.r.p.github.GithubInitNotifiers - The email notifier engine won't be used.
12:14:23.534 [main] INFO  f.i.s.r.p.i.ProjectInspector - ----------------------------------------------------------------------
12:14:23.534 [main] INFO  f.i.s.r.p.i.ProjectInspector - PIPELINE STEPS
12:14:23.534 [main] INFO  f.i.s.r.p.i.ProjectInspector - ----------------------------------------------------------------------
12:14:23.534 [main] INFO  f.i.s.r.p.i.ProjectInspector - CloneCheckoutGitPullRequest
12:14:23.534 [main] INFO  f.i.s.r.p.i.ProjectInspector - BuildProject
12:14:23.534 [main] INFO  f.i.s.r.p.i.ProjectInspector - TestProject
12:14:23.534 [main] INFO  f.i.s.r.p.i.ProjectInspector - ComputeClasspath
12:14:23.534 [main] INFO  f.i.s.r.p.i.ProjectInspector - ComputeSourceDir
12:14:23.534 [main] INFO  f.i.s.r.p.i.ProjectInspector - ComputeTestDir
12:14:23.534 [main] INFO  f.i.s.r.p.i.ProjectInspector - GatherTestInformation
12:14:23.534 [main] INFO  f.i.s.r.p.i.ProjectInspector - FlacocoLocalization
12:14:23.534 [main] INFO  f.i.s.r.p.i.ProjectInspector - PushFaultLocalizationSuggestions
12:14:23.534 [main] INFO  f.i.s.r.p.s.CloneCheckoutGitPullRequest - Cloning repository https://github.com/apache/dubbo.git in the following directory: ./workspace/apache-dubbo-master-10136_repo
12:15:46.192 [Thread-4] ERROR f.i.s.r.p.m.o.MavenFilterOutputHandler - [ERROR] An exception has occurred in the compiler (11.0.4). Please file a bug against the Java compiler via the Java bug reporting page (http://bugreport.java.com) after checking the Bug Database (http://bugs.java.com) for duplicates. Include your program and the following diagnostic in your report. Thank you.
12:15:46.282 [Thread-4] ERROR f.i.s.r.p.m.o.MavenFilterOutputHandler - [ERROR] Failed to execute goal org.apache.maven.plugins:maven-compiler-plugin:3.8.1:testCompile (default-testCompile) on project dubbo-filter-cache: Compilation failure -> [Help 1]
12:15:46.285 [Thread-4] ERROR f.i.s.r.p.m.o.MavenFilterOutputHandler - [ERROR] 
12:15:46.285 [Thread-4] ERROR f.i.s.r.p.m.o.MavenFilterOutputHandler - [ERROR] Re-run Maven using the -X switch to enable full debug logging.
12:15:46.285 [Thread-4] ERROR f.i.s.r.p.m.o.MavenFilterOutputHandler - [ERROR] 
12:15:46.285 [Thread-4] ERROR f.i.s.r.p.m.o.MavenFilterOutputHandler - [ERROR] For more information about the errors and possible solutions, please read the following articles:
12:15:46.285 [Thread-4] ERROR f.i.s.r.p.m.o.MavenFilterOutputHandler - [ERROR] [Help 1] http://cwiki.apache.org/confluence/display/MAVEN/MojoFailureException
12:15:46.285 [Thread-4] ERROR f.i.s.r.p.m.o.MavenFilterOutputHandler - [ERROR] 
12:15:46.285 [Thread-4] ERROR f.i.s.r.p.m.o.MavenFilterOutputHandler - [ERROR] After correcting the problems, you can resume the build with the command
12:15:46.285 [Thread-4] ERROR f.i.s.r.p.m.o.MavenFilterOutputHandler - [ERROR]   mvn <goals> -rf :dubbo-filter-cache
12:15:47.116 [main] ERROR f.i.s.r.process.step.BuildProject - Repository apache/dubbo cannot be built.
12:15:47.118 [main] INFO  f.i.s.r.process.step.BuildProject - 
12:15:47.128 [main] INFO  f.i.s.r.p.i.ProjectInspector - ----------------------------------------------------------------------
12:15:47.128 [main] INFO  f.i.s.r.p.i.ProjectInspector - PIPELINE EXECUTION SUMMARY
12:15:47.128 [main] INFO  f.i.s.r.p.i.ProjectInspector - ----------------------------------------------------------------------
12:15:47.129 [main] INFO  f.i.s.r.p.i.ProjectInspector - CloneCheckoutGitPullRequest...........................SUCCESS [  9 s ]
12:15:47.129 [main] INFO  f.i.s.r.p.i.ProjectInspector - BuildProject..........................................FAILURE [ 74 s ]
12:15:47.129 [main] INFO  f.i.s.r.p.i.ProjectInspector - TestProject...........................................NOT RUN         
12:15:47.129 [main] INFO  f.i.s.r.p.i.ProjectInspector - ComputeClasspath......................................NOT RUN         
12:15:47.130 [main] INFO  f.i.s.r.p.i.ProjectInspector - ComputeSourceDir......................................NOT RUN         
12:15:47.130 [main] INFO  f.i.s.r.p.i.ProjectInspector - ComputeTestDir........................................NOT RUN         
12:15:47.130 [main] INFO  f.i.s.r.p.i.ProjectInspector - GatherTestInformation.................................NOT RUN         
12:15:47.130 [main] INFO  f.i.s.r.p.i.ProjectInspector - FlacocoLocalization...................................NOT RUN         
12:15:47.130 [main] INFO  f.i.s.r.p.i.ProjectInspector - PushFaultLocalizationSuggestions......................NOT RUN         
12:15:47.131 [main] INFO  f.i.s.r.p.i.ProjectInspector - ----------------------------------------------------------------------
12:15:47.131 [main] INFO  f.i.s.r.p.i.ProjectInspector - PIPELINE FINDING: NOTBUILDABLE
12:15:47.131 [main] INFO  f.i.s.r.p.i.ProjectInspector - ----------------------------------------------------------------------
12:15:47.131 [main] INFO  f.i.s.r.p.github.GithubMainProcess - Inspector is finished. The process will exit now.
