Execute pipeline with following supplementary args: --smtpPort 25 --listenerMode NOOP --launcherMode FAULT_LOCALIZATION  --gitrepourl https://github.com/apache/dubbo --gitrepopullrequest 10166
java -cp /usr/local/openjdk-11/lib/tools.jar:repairnator-pipeline.jar -Dlogback.configurationFile=/root/logback.xml fr.inria.spirals.repairnator.pipeline.Launcher -d --runId null -o /var/log --ghOauth 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 --faultLocalization --flacocoThreshold 0.0 --flacocoTopK null --flacocoResultsRepository flacocobot/2022-flacocobot-experiment --ghOauth  --smtpPort 25 --listenerMode NOOP --launcherMode FAULT_LOCALIZATION  --gitrepourl https://github.com/apache/dubbo --gitrepopullrequest 10166

14:44:24.354 [main] INFO  f.i.s.r.p.g.GithubInitSerializerEngines - Initialize file serializer engines.
14:44:24.357 [main] INFO  f.i.s.r.p.g.GithubInitSerializerEngines - MongoDB won't be used for serialization.
14:44:24.357 [main] INFO  f.i.s.r.p.github.GithubInitNotifiers - The email notifier engine won't be used.
14:44:24.378 [main] INFO  f.i.s.r.p.i.ProjectInspector - ----------------------------------------------------------------------
14:44:24.378 [main] INFO  f.i.s.r.p.i.ProjectInspector - PIPELINE STEPS
14:44:24.378 [main] INFO  f.i.s.r.p.i.ProjectInspector - ----------------------------------------------------------------------
14:44:24.378 [main] INFO  f.i.s.r.p.i.ProjectInspector - CloneCheckoutGitPullRequest
14:44:24.378 [main] INFO  f.i.s.r.p.i.ProjectInspector - BuildProject
14:44:24.378 [main] INFO  f.i.s.r.p.i.ProjectInspector - TestProject
14:44:24.379 [main] INFO  f.i.s.r.p.i.ProjectInspector - ComputeClasspath
14:44:24.379 [main] INFO  f.i.s.r.p.i.ProjectInspector - ComputeSourceDir
14:44:24.379 [main] INFO  f.i.s.r.p.i.ProjectInspector - ComputeTestDir
14:44:24.379 [main] INFO  f.i.s.r.p.i.ProjectInspector - GatherTestInformation
14:44:24.379 [main] INFO  f.i.s.r.p.i.ProjectInspector - FlacocoLocalization
14:44:24.379 [main] INFO  f.i.s.r.p.i.ProjectInspector - PushFaultLocalizationSuggestionsOnGitHubRepository
14:44:24.379 [main] INFO  f.i.s.r.p.s.CloneCheckoutGitPullRequest - Cloning repository https://github.com/apache/dubbo.git in the following directory: ./workspace/apache-dubbo-master-10166_repo
14:45:33.593 [Thread-4] ERROR f.i.s.r.p.m.o.MavenFilterOutputHandler - [ERROR] COMPILATION ERROR : 
14:45:33.594 [Thread-4] ERROR f.i.s.r.p.m.o.MavenFilterOutputHandler - [ERROR] An exception has occurred in the compiler (11.0.4). Please file a bug against the Java compiler via the Java bug reporting page (http://bugreport.java.com) after checking the Bug Database (http://bugs.java.com) for duplicates. Include your program and the following diagnostic in your report. Thank you.
14:45:33.602 [Thread-4] ERROR f.i.s.r.p.m.o.MavenFilterOutputHandler - [ERROR] Failed to execute goal org.apache.maven.plugins:maven-compiler-plugin:3.8.1:testCompile (default-testCompile) on project dubbo-remoting-api: Compilation failure
14:45:33.603 [Thread-4] ERROR f.i.s.r.p.m.o.MavenFilterOutputHandler - [ERROR] An exception has occurred in the compiler (11.0.4). Please file a bug against the Java compiler via the Java bug reporting page (http://bugreport.java.com) after checking the Bug Database (http://bugs.java.com) for duplicates. Include your program and the following diagnostic in your report. Thank you.
14:45:33.603 [Thread-4] ERROR f.i.s.r.p.m.o.MavenFilterOutputHandler - [ERROR] java.nio.file.NoSuchFileException: /root/workspace/apache-dubbo-master-10166_repo/.m2/org/apache/curator/curator-framework/4.2.0/curator-framework-4.2.0.jar
14:45:33.603 [Thread-4] ERROR f.i.s.r.p.m.o.MavenFilterOutputHandler - [ERROR] 	at java.base/sun.nio.fs.UnixException.translateToIOException(UnixException.java:92)
14:45:33.603 [Thread-4] ERROR f.i.s.r.p.m.o.MavenFilterOutputHandler - [ERROR] 	at java.base/sun.nio.fs.UnixException.rethrowAsIOException(UnixException.java:111)
14:45:33.603 [Thread-4] ERROR f.i.s.r.p.m.o.MavenFilterOutputHandler - [ERROR] 	at java.base/sun.nio.fs.UnixException.rethrowAsIOException(UnixException.java:116)
14:45:33.603 [Thread-4] ERROR f.i.s.r.p.m.o.MavenFilterOutputHandler - [ERROR] 	at java.base/sun.nio.fs.UnixPath.toRealPath(UnixPath.java:860)
14:45:33.603 [Thread-4] ERROR f.i.s.r.p.m.o.MavenFilterOutputHandler - [ERROR] 	at jdk.zipfs/jdk.nio.zipfs.ZipFileSystemProvider.removeFileSystem(ZipFileSystemProvider.java:320)
14:45:33.603 [Thread-4] ERROR f.i.s.r.p.m.o.MavenFilterOutputHandler - [ERROR] 	at jdk.zipfs/jdk.nio.zipfs.ZipFileSystem.close(ZipFileSystem.java:322)
14:45:33.603 [Thread-4] ERROR f.i.s.r.p.m.o.MavenFilterOutputHandler - [ERROR] 	at jdk.compiler/com.sun.tools.javac.file.JavacFileManager$ArchiveContainer.close(JavacFileManager.java:603)
14:45:33.603 [Thread-4] ERROR f.i.s.r.p.m.o.MavenFilterOutputHandler - [ERROR] 	at jdk.compiler/com.sun.tools.javac.file.JavacFileManager.close(JavacFileManager.java:669)
14:45:33.603 [Thread-4] ERROR f.i.s.r.p.m.o.MavenFilterOutputHandler - [ERROR] 	at jdk.compiler/com.sun.tools.javac.main.Main.compile(Main.java:174)
14:45:33.604 [Thread-4] ERROR f.i.s.r.p.m.o.MavenFilterOutputHandler - [ERROR] 	at jdk.compiler/com.sun.tools.javac.Main.compile(Main.java:57)
14:45:33.604 [Thread-4] ERROR f.i.s.r.p.m.o.MavenFilterOutputHandler - [ERROR] 	at jdk.compiler/com.sun.tools.javac.Main.main(Main.java:43)
14:45:33.604 [Thread-4] ERROR f.i.s.r.p.m.o.MavenFilterOutputHandler - [ERROR] -> [Help 1]
14:45:33.610 [Thread-4] ERROR f.i.s.r.p.m.o.MavenFilterOutputHandler - [ERROR] 
14:45:33.610 [Thread-4] ERROR f.i.s.r.p.m.o.MavenFilterOutputHandler - [ERROR] Re-run Maven using the -X switch to enable full debug logging.
14:45:33.610 [Thread-4] ERROR f.i.s.r.p.m.o.MavenFilterOutputHandler - [ERROR] 
14:45:33.610 [Thread-4] ERROR f.i.s.r.p.m.o.MavenFilterOutputHandler - [ERROR] For more information about the errors and possible solutions, please read the following articles:
14:45:33.610 [Thread-4] ERROR f.i.s.r.p.m.o.MavenFilterOutputHandler - [ERROR] [Help 1] http://cwiki.apache.org/confluence/display/MAVEN/MojoFailureException
14:45:33.610 [Thread-4] ERROR f.i.s.r.p.m.o.MavenFilterOutputHandler - [ERROR] 
14:45:33.610 [Thread-4] ERROR f.i.s.r.p.m.o.MavenFilterOutputHandler - [ERROR] After correcting the problems, you can resume the build with the command
14:45:33.610 [Thread-4] ERROR f.i.s.r.p.m.o.MavenFilterOutputHandler - [ERROR]   mvn <goals> -rf :dubbo-remoting-api
14:45:34.646 [main] ERROR f.i.s.r.process.step.BuildProject - Repository apache/dubbo cannot be built.
14:45:34.647 [main] INFO  f.i.s.r.process.step.BuildProject - 
14:45:34.652 [main] INFO  f.i.s.r.p.i.ProjectInspector - ----------------------------------------------------------------------
14:45:34.652 [main] INFO  f.i.s.r.p.i.ProjectInspector - PIPELINE EXECUTION SUMMARY
14:45:34.652 [main] INFO  f.i.s.r.p.i.ProjectInspector - ----------------------------------------------------------------------
14:45:34.652 [main] INFO  f.i.s.r.p.i.ProjectInspector - CloneCheckoutGitPullRequest...........................SUCCESS [ 23 s ]
14:45:34.652 [main] INFO  f.i.s.r.p.i.ProjectInspector - BuildProject..........................................FAILURE [ 47 s ]
14:45:34.652 [main] INFO  f.i.s.r.p.i.ProjectInspector - TestProject...........................................NOT RUN         
14:45:34.653 [main] INFO  f.i.s.r.p.i.ProjectInspector - ComputeClasspath......................................NOT RUN         
14:45:34.653 [main] INFO  f.i.s.r.p.i.ProjectInspector - ComputeSourceDir......................................NOT RUN         
14:45:34.653 [main] INFO  f.i.s.r.p.i.ProjectInspector - ComputeTestDir........................................NOT RUN         
14:45:34.653 [main] INFO  f.i.s.r.p.i.ProjectInspector - GatherTestInformation.................................NOT RUN         
14:45:34.653 [main] INFO  f.i.s.r.p.i.ProjectInspector - FlacocoLocalization...................................NOT RUN         
14:45:34.653 [main] INFO  f.i.s.r.p.i.ProjectInspector - PushFaultLocalizationSuggestionsOnGitHubRepository....NOT RUN         
14:45:34.654 [main] INFO  f.i.s.r.p.i.ProjectInspector - ----------------------------------------------------------------------
14:45:34.654 [main] INFO  f.i.s.r.p.i.ProjectInspector - PIPELINE FINDING: NOTBUILDABLE
14:45:34.654 [main] INFO  f.i.s.r.p.i.ProjectInspector - ----------------------------------------------------------------------
14:45:34.654 [main] INFO  f.i.s.r.p.github.GithubMainProcess - Inspector is finished. The process will exit now.
