Execute pipeline with following supplementary args: --smtpPort 25 --listenerMode NOOP --launcherMode FAULT_LOCALIZATION  --gitrepourl https://github.com/apache/rocketmq --gitrepopullrequest 4504
java -cp /usr/local/openjdk-11/lib/tools.jar:repairnator-pipeline.jar -Dlogback.configurationFile=/root/logback.xml fr.inria.spirals.repairnator.pipeline.Launcher -d --runId null -o /var/log --ghOauth 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 --faultLocalization --flacocoThreshold 0.0 --flacocoTopK null --flacocoResultsRepository flacocobot/2022-flacocobot-experiment --ghOauth  --smtpPort 25 --listenerMode NOOP --launcherMode FAULT_LOCALIZATION  --gitrepourl https://github.com/apache/rocketmq --gitrepopullrequest 4504

17:23:59.426 [main] INFO  f.i.s.r.p.g.GithubInitSerializerEngines - Initialize file serializer engines.
17:23:59.429 [main] INFO  f.i.s.r.p.g.GithubInitSerializerEngines - MongoDB won't be used for serialization.
17:23:59.429 [main] INFO  f.i.s.r.p.github.GithubInitNotifiers - The email notifier engine won't be used.
17:23:59.450 [main] INFO  f.i.s.r.p.i.ProjectInspector - ----------------------------------------------------------------------
17:23:59.451 [main] INFO  f.i.s.r.p.i.ProjectInspector - PIPELINE STEPS
17:23:59.451 [main] INFO  f.i.s.r.p.i.ProjectInspector - ----------------------------------------------------------------------
17:23:59.451 [main] INFO  f.i.s.r.p.i.ProjectInspector - CloneCheckoutGitPullRequest
17:23:59.451 [main] INFO  f.i.s.r.p.i.ProjectInspector - BuildProject
17:23:59.451 [main] INFO  f.i.s.r.p.i.ProjectInspector - TestProject
17:23:59.451 [main] INFO  f.i.s.r.p.i.ProjectInspector - ComputeClasspath
17:23:59.451 [main] INFO  f.i.s.r.p.i.ProjectInspector - ComputeSourceDir
17:23:59.451 [main] INFO  f.i.s.r.p.i.ProjectInspector - ComputeTestDir
17:23:59.451 [main] INFO  f.i.s.r.p.i.ProjectInspector - GatherTestInformation
17:23:59.451 [main] INFO  f.i.s.r.p.i.ProjectInspector - FlacocoLocalization
17:23:59.451 [main] INFO  f.i.s.r.p.i.ProjectInspector - PushFaultLocalizationSuggestionsOnGitHubRepository
17:23:59.451 [main] INFO  f.i.s.r.p.s.CloneCheckoutGitPullRequest - Cloning repository https://github.com/apache/rocketmq.git in the following directory: ./workspace/apache-rocketmq-master-4504_repo
17:25:03.206 [Thread-4] ERROR f.i.s.r.p.m.o.MavenFilterOutputHandler - [ERROR] COMPILATION ERROR : 
17:25:03.215 [Thread-4] ERROR f.i.s.r.p.m.o.MavenFilterOutputHandler - [ERROR] /root/workspace/apache-rocketmq-master-4504_repo/test/src/main/java/org/apache/rocketmq/test/util/StatUtil.java:[32,24] package javax.annotation does not exist
17:25:03.215 [Thread-4] ERROR f.i.s.r.p.m.o.MavenFilterOutputHandler - [ERROR] /root/workspace/apache-rocketmq-master-4504_repo/test/src/main/java/org/apache/rocketmq/test/util/StatUtil.java:[39,2] cannot find symbol
17:25:03.215 [Thread-4] ERROR f.i.s.r.p.m.o.MavenFilterOutputHandler - [ERROR] Failed to execute goal org.apache.maven.plugins:maven-compiler-plugin:3.5.1:compile (default-compile) on project rocketmq-test: Compilation failure: Compilation failure: 
17:25:03.215 [Thread-4] ERROR f.i.s.r.p.m.o.MavenFilterOutputHandler - [ERROR] /root/workspace/apache-rocketmq-master-4504_repo/test/src/main/java/org/apache/rocketmq/test/util/StatUtil.java:[32,24] package javax.annotation does not exist
17:25:03.215 [Thread-4] ERROR f.i.s.r.p.m.o.MavenFilterOutputHandler - [ERROR] /root/workspace/apache-rocketmq-master-4504_repo/test/src/main/java/org/apache/rocketmq/test/util/StatUtil.java:[39,2] cannot find symbol
17:25:03.215 [Thread-4] ERROR f.i.s.r.p.m.o.MavenFilterOutputHandler - [ERROR]   symbol: class Generated
17:25:03.215 [Thread-4] ERROR f.i.s.r.p.m.o.MavenFilterOutputHandler - [ERROR] -> [Help 1]
17:25:03.216 [Thread-4] ERROR f.i.s.r.p.m.o.MavenFilterOutputHandler - [ERROR] 
17:25:03.216 [Thread-4] ERROR f.i.s.r.p.m.o.MavenFilterOutputHandler - [ERROR] Re-run Maven using the -X switch to enable full debug logging.
17:25:03.216 [Thread-4] ERROR f.i.s.r.p.m.o.MavenFilterOutputHandler - [ERROR] 
17:25:03.216 [Thread-4] ERROR f.i.s.r.p.m.o.MavenFilterOutputHandler - [ERROR] For more information about the errors and possible solutions, please read the following articles:
17:25:03.216 [Thread-4] ERROR f.i.s.r.p.m.o.MavenFilterOutputHandler - [ERROR] [Help 1] http://cwiki.apache.org/confluence/display/MAVEN/MojoFailureException
17:25:03.216 [Thread-4] ERROR f.i.s.r.p.m.o.MavenFilterOutputHandler - [ERROR] 
17:25:03.216 [Thread-4] ERROR f.i.s.r.p.m.o.MavenFilterOutputHandler - [ERROR] After correcting the problems, you can resume the build with the command
17:25:03.216 [Thread-4] ERROR f.i.s.r.p.m.o.MavenFilterOutputHandler - [ERROR]   mvn <goals> -rf :rocketmq-test
17:25:03.734 [main] ERROR f.i.s.r.process.step.BuildProject - Repository apache/rocketmq cannot be built.
17:25:03.735 [main] INFO  f.i.s.r.process.step.BuildProject - 
17:25:04.107 [main] INFO  f.i.s.r.p.i.ProjectInspector - ----------------------------------------------------------------------
17:25:04.107 [main] INFO  f.i.s.r.p.i.ProjectInspector - PIPELINE EXECUTION SUMMARY
17:25:04.107 [main] INFO  f.i.s.r.p.i.ProjectInspector - ----------------------------------------------------------------------
17:25:04.107 [main] INFO  f.i.s.r.p.i.ProjectInspector - CloneCheckoutGitPullRequest...........................SUCCESS [ 14 s ]
17:25:04.107 [main] INFO  f.i.s.r.p.i.ProjectInspector - BuildProject..........................................FAILURE [ 50 s ]
17:25:04.107 [main] INFO  f.i.s.r.p.i.ProjectInspector - TestProject...........................................NOT RUN         
17:25:04.107 [main] INFO  f.i.s.r.p.i.ProjectInspector - ComputeClasspath......................................NOT RUN         
17:25:04.107 [main] INFO  f.i.s.r.p.i.ProjectInspector - ComputeSourceDir......................................NOT RUN         
17:25:04.107 [main] INFO  f.i.s.r.p.i.ProjectInspector - ComputeTestDir........................................NOT RUN         
17:25:04.107 [main] INFO  f.i.s.r.p.i.ProjectInspector - GatherTestInformation.................................NOT RUN         
17:25:04.107 [main] INFO  f.i.s.r.p.i.ProjectInspector - FlacocoLocalization...................................NOT RUN         
17:25:04.107 [main] INFO  f.i.s.r.p.i.ProjectInspector - PushFaultLocalizationSuggestionsOnGitHubRepository....NOT RUN         
17:25:04.108 [main] INFO  f.i.s.r.p.i.ProjectInspector - ----------------------------------------------------------------------
17:25:04.108 [main] INFO  f.i.s.r.p.i.ProjectInspector - PIPELINE FINDING: NOTBUILDABLE
17:25:04.108 [main] INFO  f.i.s.r.p.i.ProjectInspector - ----------------------------------------------------------------------
17:25:04.108 [main] INFO  f.i.s.r.p.github.GithubMainProcess - Inspector is finished. The process will exit now.
