Execute pipeline with following supplementary args: --smtpPort 25 --listenerMode NOOP --launcherMode FAULT_LOCALIZATION  --gitrepourl https://github.com/INRIA/spoon --gitrepopullrequest 4699
java -cp /usr/local/openjdk-11/lib/tools.jar:repairnator-pipeline.jar -Dlogback.configurationFile=/root/logback.xml fr.inria.spirals.repairnator.pipeline.Launcher -d --runId null -o /var/log --ghOauth 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 --faultLocalization --flacocoThreshold 0.0 --flacocoTopK null --flacocoResultsRepository null --ghOauth  --smtpPort 25 --listenerMode NOOP --launcherMode FAULT_LOCALIZATION  --gitrepourl https://github.com/INRIA/spoon --gitrepopullrequest 4699

17:04:31.715 [main] INFO  f.i.s.r.p.g.GithubInitSerializerEngines - Initialize file serializer engines.
17:04:31.716 [main] INFO  f.i.s.r.p.g.GithubInitSerializerEngines - MongoDB won't be used for serialization.
17:04:31.716 [main] INFO  f.i.s.r.p.github.GithubInitNotifiers - The email notifier engine won't be used.
17:04:31.732 [main] INFO  f.i.s.r.p.i.ProjectInspector - ----------------------------------------------------------------------
17:04:31.732 [main] INFO  f.i.s.r.p.i.ProjectInspector - PIPELINE STEPS
17:04:31.732 [main] INFO  f.i.s.r.p.i.ProjectInspector - ----------------------------------------------------------------------
17:04:31.732 [main] INFO  f.i.s.r.p.i.ProjectInspector - CloneCheckoutGitPullRequest
17:04:31.732 [main] INFO  f.i.s.r.p.i.ProjectInspector - BuildProject
17:04:31.732 [main] INFO  f.i.s.r.p.i.ProjectInspector - TestProject
17:04:31.732 [main] INFO  f.i.s.r.p.i.ProjectInspector - ComputeClasspath
17:04:31.732 [main] INFO  f.i.s.r.p.i.ProjectInspector - ComputeSourceDir
17:04:31.732 [main] INFO  f.i.s.r.p.i.ProjectInspector - ComputeTestDir
17:04:31.733 [main] INFO  f.i.s.r.p.i.ProjectInspector - GatherTestInformation
17:04:31.733 [main] INFO  f.i.s.r.p.i.ProjectInspector - FlacocoLocalization
17:04:31.733 [main] INFO  f.i.s.r.p.i.ProjectInspector - PushFaultLocalizationSuggestions
17:04:31.733 [main] INFO  f.i.s.r.p.s.CloneCheckoutGitPullRequest - Cloning repository https://github.com/INRIA/spoon.git in the following directory: ./workspace/INRIA-spoon-master-4699_repo
17:05:43.515 [Thread-8] ERROR f.i.s.r.p.m.output.MavenErrorHandler - Apr 25, 2022 5:05:43 PM org.junit.jupiter.engine.discovery.MethodSelectorResolver resolve
17:05:43.515 [Thread-8] ERROR f.i.s.r.p.m.output.MavenErrorHandler - WARNING: Possible configuration error: method [public void spoon.test.prettyprinter.TestSniperPrinter.testNoChangeDiff(java.io.File) throws java.io.IOException] resulted in multiple TestDescriptors [org.junit.jupiter.engine.descriptor.TestTemplateTestDescriptor, org.junit.jupiter.engine.descriptor.TestMethodTestDescriptor]. This is typically the result of annotating a method with multiple competing annotations such as @Test, @RepeatedTest, @ParameterizedTest, @TestFactory, etc.
17:05:43.713 [Thread-8] ERROR f.i.s.r.p.m.output.MavenErrorHandler - Apr 25, 2022 5:05:43 PM org.junit.jupiter.engine.discovery.MethodSelectorResolver resolve
17:05:43.714 [Thread-8] ERROR f.i.s.r.p.m.output.MavenErrorHandler - WARNING: Possible configuration error: method [public void spoon.test.prettyprinter.TestSniperPrinter.testNoChangeDiff(java.io.File) throws java.io.IOException] resulted in multiple TestDescriptors [org.junit.jupiter.engine.descriptor.TestTemplateTestDescriptor, org.junit.jupiter.engine.descriptor.TestMethodTestDescriptor]. This is typically the result of annotating a method with multiple competing annotations such as @Test, @RepeatedTest, @ParameterizedTest, @TestFactory, etc.
17:08:21.441 [Thread-8] ERROR f.i.s.r.p.m.output.MavenErrorHandler - Apr 25, 2022 5:08:21 PM org.junit.jupiter.engine.descriptor.MethodBasedTestDescriptor lambda$invokeTestWatchers$3
17:08:21.441 [Thread-8] ERROR f.i.s.r.p.m.output.MavenErrorHandler - WARNING: Failed to invoke TestWatcher [spoon.test.GitHubIssue$UnresolvedBugExtension] for method [spoon.test.prettyprinter.TestSniperPrinter#testNoChangeDiff(java.io.File)] with display name [[2] src/test/java/spoon/test/prettyprinter/testclasses/difftest/ExceptionTest.java]
17:08:21.441 [Thread-8] ERROR f.i.s.r.p.m.output.MavenErrorHandler - org.opentest4j.AssertionFailedError: Method testNoChangeDiff must fail
17:08:21.441 [Thread-8] ERROR f.i.s.r.p.m.output.MavenErrorHandler - 	at org.junit.jupiter.api.AssertionUtils.fail(AssertionUtils.java:39)
17:08:21.441 [Thread-8] ERROR f.i.s.r.p.m.output.MavenErrorHandler - 	at org.junit.jupiter.api.Assertions.fail(Assertions.java:134)
17:08:21.441 [Thread-8] ERROR f.i.s.r.p.m.output.MavenErrorHandler - 	at spoon.test.GitHubIssue$UnresolvedBugExtension.testSuccessful(GitHubIssue.java:63)
17:08:21.441 [Thread-8] ERROR f.i.s.r.p.m.output.MavenErrorHandler - 	at org.junit.jupiter.engine.descriptor.TestMethodTestDescriptor.lambda$nodeFinished$15(TestMethodTestDescriptor.java:297)
17:08:21.441 [Thread-8] ERROR f.i.s.r.p.m.output.MavenErrorHandler - 	at org.junit.jupiter.engine.descriptor.MethodBasedTestDescriptor.lambda$invokeTestWatchers$3(MethodBasedTestDescriptor.java:134)
17:08:21.441 [Thread-8] ERROR f.i.s.r.p.m.output.MavenErrorHandler - 	at java.base/java.util.ArrayList.forEach(ArrayList.java:1540)
17:08:21.442 [Thread-8] ERROR f.i.s.r.p.m.output.MavenErrorHandler - 	at org.junit.jupiter.engine.descriptor.MethodBasedTestDescriptor.invokeTestWatchers(MethodBasedTestDescriptor.java:132)
17:08:21.442 [Thread-8] ERROR f.i.s.r.p.m.output.MavenErrorHandler - 	at org.junit.jupiter.engine.descriptor.TestMethodTestDescriptor.nodeFinished(TestMethodTestDescriptor.java:294)
17:08:21.442 [Thread-8] ERROR f.i.s.r.p.m.output.MavenErrorHandler - 	at org.junit.jupiter.engine.descriptor.TestMethodTestDescriptor.nodeFinished(TestMethodTestDescriptor.java:66)
17:08:21.442 [Thread-8] ERROR f.i.s.r.p.m.output.MavenErrorHandler - 	at org.junit.platform.engine.support.hierarchical.NodeTestTask.reportCompletion(NodeTestTask.java:188)
17:08:21.442 [Thread-8] ERROR f.i.s.r.p.m.output.MavenErrorHandler - 	at org.junit.platform.engine.support.hierarchical.NodeTestTask.execute(NodeTestTask.java:100)
17:08:21.442 [Thread-8] ERROR f.i.s.r.p.m.output.MavenErrorHandler - 	at org.junit.platform.engine.support.hierarchical.SameThreadHierarchicalTestExecutorService.submit(SameThreadHierarchicalTestExecutorService.java:35)
17:08:21.442 [Thread-8] ERROR f.i.s.r.p.m.output.MavenErrorHandler - 	at org.junit.platform.engine.support.hierarchical.NodeTestTask$DefaultDynamicTestExecutor.execute(NodeTestTask.java:226)
17:08:21.442 [Thread-8] ERROR f.i.s.r.p.m.output.MavenErrorHandler - 	at org.junit.platform.engine.support.hierarchical.NodeTestTask$DefaultDynamicTestExecutor.execute(NodeTestTask.java:204)
17:08:21.442 [Thread-8] ERROR f.i.s.r.p.m.output.MavenErrorHandler - 	at org.junit.jupiter.engine.descriptor.TestTemplateTestDescriptor.execute(TestTemplateTestDescriptor.java:139)
17:08:21.442 [Thread-8] ERROR f.i.s.r.p.m.output.MavenErrorHandler - 	at org.junit.jupiter.engine.descriptor.TestTemplateTestDescriptor.lambda$execute$2(TestTemplateTestDescriptor.java:107)
17:08:21.442 [Thread-8] ERROR f.i.s.r.p.m.output.MavenErrorHandler - 	at java.base/java.util.stream.ForEachOps$ForEachOp$OfRef.accept(ForEachOps.java:183)
17:08:21.442 [Thread-8] ERROR f.i.s.r.p.m.output.MavenErrorHandler - 	at java.base/java.util.stream.ReferencePipeline$3$1.accept(ReferencePipeline.java:195)
17:08:21.442 [Thread-8] ERROR f.i.s.r.p.m.output.MavenErrorHandler - 	at java.base/java.util.stream.ReferencePipeline$2$1.accept(ReferencePipeline.java:177)
17:08:21.442 [Thread-8] ERROR f.i.s.r.p.m.output.MavenErrorHandler - 	at java.base/java.util.stream.ReferencePipeline$3$1.accept(ReferencePipeline.java:195)
17:08:21.442 [Thread-8] ERROR f.i.s.r.p.m.output.MavenErrorHandler - 	at java.base/java.util.stream.ForEachOps$ForEachOp$OfRef.accept(ForEachOps.java:183)
17:08:21.442 [Thread-8] ERROR f.i.s.r.p.m.output.MavenErrorHandler - 	at java.base/java.util.stream.ReferencePipeline$3$1.accept(ReferencePipeline.java:195)
17:08:21.443 [Thread-8] ERROR f.i.s.r.p.m.output.MavenErrorHandler - 	at java.base/java.util.stream.ReferencePipeline$3$1.accept(ReferencePipeline.java:195)
17:08:21.443 [Thread-8] ERROR f.i.s.r.p.m.output.MavenErrorHandler - 	at java.base/java.util.stream.ReferencePipeline$3$1.accept(ReferencePipeline.java:195)
17:08:21.443 [Thread-8] ERROR f.i.s.r.p.m.output.MavenErrorHandler - 	at java.base/java.util.stream.ForEachOps$ForEachOp$OfRef.accept(ForEachOps.java:183)
17:08:21.443 [Thread-8] ERROR f.i.s.r.p.m.output.MavenErrorHandler - 	at java.base/java.util.stream.ReferencePipeline$3$1.accept(ReferencePipeline.java:195)
17:08:21.443 [Thread-8] ERROR f.i.s.r.p.m.output.MavenErrorHandler - 	at java.base/java.util.ArrayList$ArrayListSpliterator.forEachRemaining(ArrayList.java:1654)
17:08:21.443 [Thread-8] ERROR f.i.s.r.p.m.output.MavenErrorHandler - 	at java.base/java.util.stream.ReferencePipeline$Head.forEach(ReferencePipeline.java:658)
17:08:21.443 [Thread-8] ERROR f.i.s.r.p.m.output.MavenErrorHandler - 	at java.base/java.util.stream.ReferencePipeline$7$1.accept(ReferencePipeline.java:274)
17:08:21.443 [Thread-8] ERROR f.i.s.r.p.m.output.MavenErrorHandler - 	at java.base/java.util.stream.ReferencePipeline$3$1.accept(ReferencePipeline.java:195)
17:08:21.443 [Thread-8] ERROR f.i.s.r.p.m.output.MavenErrorHandler - 	at java.base/java.util.stream.ReferencePipeline$3$1.accept(ReferencePipeline.java:195)
17:08:21.443 [Thread-8] ERROR f.i.s.r.p.m.output.MavenErrorHandler - 	at java.base/java.util.Spliterators$ArraySpliterator.forEachRemaining(Spliterators.java:948)
17:08:21.443 [Thread-8] ERROR f.i.s.r.p.m.output.MavenErrorHandler - 	at java.base/java.util.stream.AbstractPipeline.copyInto(AbstractPipeline.java:484)
17:08:21.443 [Thread-8] ERROR f.i.s.r.p.m.output.MavenErrorHandler - 	at java.base/java.util.stream.AbstractPipeline.wrapAndCopyInto(AbstractPipeline.java:474)
17:08:21.443 [Thread-8] ERROR f.i.s.r.p.m.output.MavenErrorHandler - 	at java.base/java.util.stream.ForEachOps$ForEachOp.evaluateSequential(ForEachOps.java:150)
17:08:21.443 [Thread-8] ERROR f.i.s.r.p.m.output.MavenErrorHandler - 	at java.base/java.util.stream.ForEachOps$ForEachOp$OfRef.evaluateSequential(ForEachOps.java:173)
17:08:21.443 [Thread-8] ERROR f.i.s.r.p.m.output.MavenErrorHandler - 	at java.base/java.util.stream.AbstractPipeline.evaluate(AbstractPipeline.java:234)
17:08:21.444 [Thread-8] ERROR f.i.s.r.p.m.output.MavenErrorHandler - 	at java.base/java.util.stream.ReferencePipeline.forEach(ReferencePipeline.java:497)
17:08:21.444 [Thread-8] ERROR f.i.s.r.p.m.output.MavenErrorHandler - 	at java.base/java.util.stream.ReferencePipeline$7$1.accept(ReferencePipeline.java:274)
17:08:21.444 [Thread-8] ERROR f.i.s.r.p.m.output.MavenErrorHandler - 	at java.base/java.util.stream.ReferencePipeline$3$1.accept(ReferencePipeline.java:195)
17:08:21.444 [Thread-8] ERROR f.i.s.r.p.m.output.MavenErrorHandler - 	at java.base/java.util.stream.ReferencePipeline$3$1.accept(ReferencePipeline.java:195)
17:08:21.444 [Thread-8] ERROR f.i.s.r.p.m.output.MavenErrorHandler - 	at java.base/java.util.stream.ReferencePipeline$3$1.accept(ReferencePipeline.java:195)
17:08:21.444 [Thread-8] ERROR f.i.s.r.p.m.output.MavenErrorHandler - 	at java.base/java.util.ArrayList$ArrayListSpliterator.forEachRemaining(ArrayList.java:1654)
17:08:21.444 [Thread-8] ERROR f.i.s.r.p.m.output.MavenErrorHandler - 	at java.base/java.util.stream.AbstractPipeline.copyInto(AbstractPipeline.java:484)
17:08:21.444 [Thread-8] ERROR f.i.s.r.p.m.output.MavenErrorHandler - 	at java.base/java.util.stream.AbstractPipeline.wrapAndCopyInto(AbstractPipeline.java:474)
17:08:21.444 [Thread-8] ERROR f.i.s.r.p.m.output.MavenErrorHandler - 	at java.base/java.util.stream.ForEachOps$ForEachOp.evaluateSequential(ForEachOps.java:150)
17:08:21.444 [Thread-8] ERROR f.i.s.r.p.m.output.MavenErrorHandler - 	at java.base/java.util.stream.ForEachOps$ForEachOp$OfRef.evaluateSequential(ForEachOps.java:173)
17:08:21.444 [Thread-8] ERROR f.i.s.r.p.m.output.MavenErrorHandler - 	at java.base/java.util.stream.AbstractPipeline.evaluate(AbstractPipeline.java:234)
17:08:21.444 [Thread-8] ERROR f.i.s.r.p.m.output.MavenErrorHandler - 	at java.base/java.util.stream.ReferencePipeline.forEach(ReferencePipeline.java:497)
17:08:21.444 [Thread-8] ERROR f.i.s.r.p.m.output.MavenErrorHandler - 	at java.base/java.util.stream.ReferencePipeline$7$1.accept(ReferencePipeline.java:274)
17:08:21.444 [Thread-8] ERROR f.i.s.r.p.m.output.MavenErrorHandler - 	at java.base/java.util.ArrayList$ArrayListSpliterator.forEachRemaining(ArrayList.java:1654)
17:08:21.444 [Thread-8] ERROR f.i.s.r.p.m.output.MavenErrorHandler - 	at java.base/java.util.stream.AbstractPipeline.copyInto(AbstractPipeline.java:484)
17:08:21.444 [Thread-8] ERROR f.i.s.r.p.m.output.MavenErrorHandler - 	at java.base/java.util.stream.AbstractPipeline.wrapAndCopyInto(AbstractPipeline.java:474)
17:08:21.444 [Thread-8] ERROR f.i.s.r.p.m.output.MavenErrorHandler - 	at java.base/java.util.stream.ForEachOps$ForEachOp.evaluateSequential(ForEachOps.java:150)
17:08:21.444 [Thread-8] ERROR f.i.s.r.p.m.output.MavenErrorHandler - 	at java.base/java.util.stream.ForEachOps$ForEachOp$OfRef.evaluateSequential(ForEachOps.java:173)
17:08:21.444 [Thread-8] ERROR f.i.s.r.p.m.output.MavenErrorHandler - 	at java.base/java.util.stream.AbstractPipeline.evaluate(AbstractPipeline.java:234)
17:08:21.444 [Thread-8] ERROR f.i.s.r.p.m.output.MavenErrorHandler - 	at java.base/java.util.stream.ReferencePipeline.forEach(ReferencePipeline.java:497)
17:08:21.444 [Thread-8] ERROR f.i.s.r.p.m.output.MavenErrorHandler - 	at org.junit.jupiter.engine.descriptor.TestTemplateTestDescriptor.execute(TestTemplateTestDescriptor.java:107)
17:08:21.445 [Thread-8] ERROR f.i.s.r.p.m.output.MavenErrorHandler - 	at org.junit.jupiter.engine.descriptor.TestTemplateTestDescriptor.execute(TestTemplateTestDescriptor.java:42)
17:08:21.445 [Thread-8] ERROR f.i.s.r.p.m.output.MavenErrorHandler - 	at org.junit.platform.engine.support.hierarchical.NodeTestTask.lambda$executeRecursively$6(NodeTestTask.java:151)
17:08:21.445 [Thread-8] ERROR f.i.s.r.p.m.output.MavenErrorHandler - 	at org.junit.platform.engine.support.hierarchical.ThrowableCollector.execute(ThrowableCollector.java:73)
17:08:21.445 [Thread-8] ERROR f.i.s.r.p.m.output.MavenErrorHandler - 	at org.junit.platform.engine.support.hierarchical.NodeTestTask.lambda$executeRecursively$8(NodeTestTask.java:141)
17:08:21.445 [Thread-8] ERROR f.i.s.r.p.m.output.MavenErrorHandler - 	at org.junit.platform.engine.support.hierarchical.Node.around(Node.java:137)
17:08:21.445 [Thread-8] ERROR f.i.s.r.p.m.output.MavenErrorHandler - 	at org.junit.platform.engine.support.hierarchical.NodeTestTask.lambda$executeRecursively$9(NodeTestTask.java:139)
17:08:21.445 [Thread-8] ERROR f.i.s.r.p.m.output.MavenErrorHandler - 	at org.junit.platform.engine.support.hierarchical.ThrowableCollector.execute(ThrowableCollector.java:73)
17:08:21.445 [Thread-8] ERROR f.i.s.r.p.m.output.MavenErrorHandler - 	at org.junit.platform.engine.support.hierarchical.NodeTestTask.executeRecursively(NodeTestTask.java:138)
17:08:21.445 [Thread-8] ERROR f.i.s.r.p.m.output.MavenErrorHandler - 	at org.junit.platform.engine.support.hierarchical.NodeTestTask.execute(NodeTestTask.java:95)
17:08:21.445 [Thread-8] ERROR f.i.s.r.p.m.output.MavenErrorHandler - 	at java.base/java.util.ArrayList.forEach(ArrayList.java:1540)
17:08:21.445 [Thread-8] ERROR f.i.s.r.p.m.output.MavenErrorHandler - 	at org.junit.platform.engine.support.hierarchical.SameThreadHierarchicalTestExecutorService.invokeAll(SameThreadHierarchicalTestExecutorService.java:41)
17:08:21.446 [Thread-8] ERROR f.i.s.r.p.m.output.MavenErrorHandler - 	at org.junit.platform.engine.support.hierarchical.NodeTestTask.lambda$executeRecursively$6(NodeTestTask.java:155)
17:08:21.446 [Thread-8] ERROR f.i.s.r.p.m.output.MavenErrorHandler - 	at org.junit.platform.engine.support.hierarchical.ThrowableCollector.execute(ThrowableCollector.java:73)
17:08:21.446 [Thread-8] ERROR f.i.s.r.p.m.output.MavenErrorHandler - 	at org.junit.platform.engine.support.hierarchical.NodeTestTask.lambda$executeRecursively$8(NodeTestTask.java:141)
17:08:21.446 [Thread-8] ERROR f.i.s.r.p.m.output.MavenErrorHandler - 	at org.junit.platform.engine.support.hierarchical.Node.around(Node.java:137)
17:08:21.446 [Thread-8] ERROR f.i.s.r.p.m.output.MavenErrorHandler - 	at org.junit.platform.engine.support.hierarchical.NodeTestTask.lambda$executeRecursively$9(NodeTestTask.java:139)
17:08:21.446 [Thread-8] ERROR f.i.s.r.p.m.output.MavenErrorHandler - 	at org.junit.platform.engine.support.hierarchical.ThrowableCollector.execute(ThrowableCollector.java:73)
17:08:21.446 [Thread-8] ERROR f.i.s.r.p.m.output.MavenErrorHandler - 	at org.junit.platform.engine.support.hierarchical.NodeTestTask.executeRecursively(NodeTestTask.java:138)
17:08:21.446 [Thread-8] ERROR f.i.s.r.p.m.output.MavenErrorHandler - 	at org.junit.platform.engine.support.hierarchical.NodeTestTask.execute(NodeTestTask.java:95)
17:08:21.446 [Thread-8] ERROR f.i.s.r.p.m.output.MavenErrorHandler - 	at java.base/java.util.ArrayList.forEach(ArrayList.java:1540)
17:08:21.446 [Thread-8] ERROR f.i.s.r.p.m.output.MavenErrorHandler - 	at org.junit.platform.engine.support.hierarchical.SameThreadHierarchicalTestExecutorService.invokeAll(SameThreadHierarchicalTestExecutorService.java:41)
17:08:21.446 [Thread-8] ERROR f.i.s.r.p.m.output.MavenErrorHandler - 	at org.junit.platform.engine.support.hierarchical.NodeTestTask.lambda$executeRecursively$6(NodeTestTask.java:155)
17:08:21.446 [Thread-8] ERROR f.i.s.r.p.m.output.MavenErrorHandler - 	at org.junit.platform.engine.support.hierarchical.ThrowableCollector.execute(ThrowableCollector.java:73)
17:08:21.446 [Thread-8] ERROR f.i.s.r.p.m.output.MavenErrorHandler - 	at org.junit.platform.engine.support.hierarchical.NodeTestTask.lambda$executeRecursively$8(NodeTestTask.java:141)
17:08:21.446 [Thread-8] ERROR f.i.s.r.p.m.output.MavenErrorHandler - 	at org.junit.platform.engine.support.hierarchical.Node.around(Node.java:137)
17:08:21.446 [Thread-8] ERROR f.i.s.r.p.m.output.MavenErrorHandler - 	at org.junit.platform.engine.support.hierarchical.NodeTestTask.lambda$executeRecursively$9(NodeTestTask.java:139)
17:08:21.446 [Thread-8] ERROR f.i.s.r.p.m.output.MavenErrorHandler - 	at org.junit.platform.engine.support.hierarchical.ThrowableCollector.execute(ThrowableCollector.java:73)
17:08:21.446 [Thread-8] ERROR f.i.s.r.p.m.output.MavenErrorHandler - 	at org.junit.platform.engine.support.hierarchical.NodeTestTask.executeRecursively(NodeTestTask.java:138)
17:08:21.447 [Thread-8] ERROR f.i.s.r.p.m.output.MavenErrorHandler - 	at org.junit.platform.engine.support.hierarchical.NodeTestTask.execute(NodeTestTask.java:95)
17:08:21.447 [Thread-8] ERROR f.i.s.r.p.m.output.MavenErrorHandler - 	at org.junit.platform.engine.support.hierarchical.SameThreadHierarchicalTestExecutorService.submit(SameThreadHierarchicalTestExecutorService.java:35)
17:08:21.447 [Thread-8] ERROR f.i.s.r.p.m.output.MavenErrorHandler - 	at org.junit.platform.engine.support.hierarchical.HierarchicalTestExecutor.execute(HierarchicalTestExecutor.java:57)
17:08:21.447 [Thread-8] ERROR f.i.s.r.p.m.output.MavenErrorHandler - 	at org.junit.platform.engine.support.hierarchical.HierarchicalTestEngine.execute(HierarchicalTestEngine.java:54)
17:08:21.447 [Thread-8] ERROR f.i.s.r.p.m.output.MavenErrorHandler - 	at org.junit.platform.launcher.core.EngineExecutionOrchestrator.execute(EngineExecutionOrchestrator.java:107)
17:08:21.447 [Thread-8] ERROR f.i.s.r.p.m.output.MavenErrorHandler - 	at org.junit.platform.launcher.core.EngineExecutionOrchestrator.execute(EngineExecutionOrchestrator.java:88)
17:08:21.447 [Thread-8] ERROR f.i.s.r.p.m.output.MavenErrorHandler - 	at org.junit.platform.launcher.core.EngineExecutionOrchestrator.lambda$execute$0(EngineExecutionOrchestrator.java:54)
17:08:21.447 [Thread-8] ERROR f.i.s.r.p.m.output.MavenErrorHandler - 	at org.junit.platform.launcher.core.EngineExecutionOrchestrator.withInterceptedStreams(EngineExecutionOrchestrator.java:67)
17:08:21.447 [Thread-8] ERROR f.i.s.r.p.m.output.MavenErrorHandler - 	at org.junit.platform.launcher.core.EngineExecutionOrchestrator.execute(EngineExecutionOrchestrator.java:52)
17:08:21.447 [Thread-8] ERROR f.i.s.r.p.m.output.MavenErrorHandler - 	at org.junit.platform.launcher.core.DefaultLauncher.execute(DefaultLauncher.java:114)
17:08:21.447 [Thread-8] ERROR f.i.s.r.p.m.output.MavenErrorHandler - 	at org.junit.platform.launcher.core.DefaultLauncher.execute(DefaultLauncher.java:86)
17:08:21.447 [Thread-8] ERROR f.i.s.r.p.m.output.MavenErrorHandler - 	at org.junit.platform.launcher.core.DefaultLauncherSession$DelegatingLauncher.execute(DefaultLauncherSession.java:86)
17:08:21.447 [Thread-8] ERROR f.i.s.r.p.m.output.MavenErrorHandler - 	at org.apache.maven.surefire.junitplatform.LazyLauncher.execute(LazyLauncher.java:55)
17:08:21.447 [Thread-8] ERROR f.i.s.r.p.m.output.MavenErrorHandler - 	at org.apache.maven.surefire.junitplatform.JUnitPlatformProvider.execute(JUnitPlatformProvider.java:223)
17:08:21.447 [Thread-8] ERROR f.i.s.r.p.m.output.MavenErrorHandler - 	at org.apache.maven.surefire.junitplatform.JUnitPlatformProvider.invokeAllTests(JUnitPlatformProvider.java:175)
17:08:21.448 [Thread-8] ERROR f.i.s.r.p.m.output.MavenErrorHandler - 	at org.apache.maven.surefire.junitplatform.JUnitPlatformProvider.invoke(JUnitPlatformProvider.java:139)
17:08:21.448 [Thread-8] ERROR f.i.s.r.p.m.output.MavenErrorHandler - 	at org.apache.maven.surefire.booter.ForkedBooter.runSuitesInProcess(ForkedBooter.java:456)
17:08:21.448 [Thread-8] ERROR f.i.s.r.p.m.output.MavenErrorHandler - 	at org.apache.maven.surefire.booter.ForkedBooter.execute(ForkedBooter.java:169)
17:08:21.448 [Thread-8] ERROR f.i.s.r.p.m.output.MavenErrorHandler - 	at org.apache.maven.surefire.booter.ForkedBooter.run(ForkedBooter.java:595)
17:08:21.448 [Thread-8] ERROR f.i.s.r.p.m.output.MavenErrorHandler - 	at org.apache.maven.surefire.booter.ForkedBooter.main(ForkedBooter.java:581)
17:08:21.448 [Thread-8] ERROR f.i.s.r.p.m.output.MavenErrorHandler - 
17:08:21.651 [Thread-8] ERROR f.i.s.r.p.m.output.MavenErrorHandler - Apr 25, 2022 5:08:21 PM org.junit.jupiter.engine.descriptor.MethodBasedTestDescriptor lambda$invokeTestWatchers$3
17:08:21.652 [Thread-8] ERROR f.i.s.r.p.m.output.MavenErrorHandler - WARNING: Failed to invoke TestWatcher [spoon.test.GitHubIssue$UnresolvedBugExtension] for method [spoon.test.prettyprinter.TestSniperPrinter#testSniperDoesNotPrintTheDeletedAnnotation()] with display name [testSniperDoesNotPrintTheDeletedAnnotation()]
17:08:21.652 [Thread-8] ERROR f.i.s.r.p.m.output.MavenErrorHandler - org.opentest4j.AssertionFailedError: Method testSniperDoesNotPrintTheDeletedAnnotation must fail
17:08:21.652 [Thread-8] ERROR f.i.s.r.p.m.output.MavenErrorHandler - 	at org.junit.jupiter.api.AssertionUtils.fail(AssertionUtils.java:39)
17:08:21.652 [Thread-8] ERROR f.i.s.r.p.m.output.MavenErrorHandler - 	at org.junit.jupiter.api.Assertions.fail(Assertions.java:134)
17:08:21.652 [Thread-8] ERROR f.i.s.r.p.m.output.MavenErrorHandler - 	at spoon.test.GitHubIssue$UnresolvedBugExtension.testSuccessful(GitHubIssue.java:63)
17:08:21.652 [Thread-8] ERROR f.i.s.r.p.m.output.MavenErrorHandler - 	at org.junit.jupiter.engine.descriptor.TestMethodTestDescriptor.lambda$nodeFinished$15(TestMethodTestDescriptor.java:297)
17:08:21.652 [Thread-8] ERROR f.i.s.r.p.m.output.MavenErrorHandler - 	at org.junit.jupiter.engine.descriptor.MethodBasedTestDescriptor.lambda$invokeTestWatchers$3(MethodBasedTestDescriptor.java:134)
17:08:21.652 [Thread-8] ERROR f.i.s.r.p.m.output.MavenErrorHandler - 	at java.base/java.util.ArrayList.forEach(ArrayList.java:1540)
17:08:21.652 [Thread-8] ERROR f.i.s.r.p.m.output.MavenErrorHandler - 	at org.junit.jupiter.engine.descriptor.MethodBasedTestDescriptor.invokeTestWatchers(MethodBasedTestDescriptor.java:132)
17:08:21.652 [Thread-8] ERROR f.i.s.r.p.m.output.MavenErrorHandler - 	at org.junit.jupiter.engine.descriptor.TestMethodTestDescriptor.nodeFinished(TestMethodTestDescriptor.java:294)
17:08:21.652 [Thread-8] ERROR f.i.s.r.p.m.output.MavenErrorHandler - 	at org.junit.jupiter.engine.descriptor.TestMethodTestDescriptor.nodeFinished(TestMethodTestDescriptor.java:66)
17:08:21.652 [Thread-8] ERROR f.i.s.r.p.m.output.MavenErrorHandler - 	at org.junit.platform.engine.support.hierarchical.NodeTestTask.reportCompletion(NodeTestTask.java:188)
17:08:21.652 [Thread-8] ERROR f.i.s.r.p.m.output.MavenErrorHandler - 	at org.junit.platform.engine.support.hierarchical.NodeTestTask.execute(NodeTestTask.java:100)
17:08:21.652 [Thread-8] ERROR f.i.s.r.p.m.output.MavenErrorHandler - 	at java.base/java.util.ArrayList.forEach(ArrayList.java:1540)
17:08:21.652 [Thread-8] ERROR f.i.s.r.p.m.output.MavenErrorHandler - 	at org.junit.platform.engine.support.hierarchical.SameThreadHierarchicalTestExecutorService.invokeAll(SameThreadHierarchicalTestExecutorService.java:41)
17:08:21.652 [Thread-8] ERROR f.i.s.r.p.m.output.MavenErrorHandler - 	at org.junit.platform.engine.support.hierarchical.NodeTestTask.lambda$executeRecursively$6(NodeTestTask.java:155)
17:08:21.652 [Thread-8] ERROR f.i.s.r.p.m.output.MavenErrorHandler - 	at org.junit.platform.engine.support.hierarchical.ThrowableCollector.execute(ThrowableCollector.java:73)
17:08:21.652 [Thread-8] ERROR f.i.s.r.p.m.output.MavenErrorHandler - 	at org.junit.platform.engine.support.hierarchical.NodeTestTask.lambda$executeRecursively$8(NodeTestTask.java:141)
17:08:21.652 [Thread-8] ERROR f.i.s.r.p.m.output.MavenErrorHandler - 	at org.junit.platform.engine.support.hierarchical.Node.around(Node.java:137)
17:08:21.652 [Thread-8] ERROR f.i.s.r.p.m.output.MavenErrorHandler - 	at org.junit.platform.engine.support.hierarchical.NodeTestTask.lambda$executeRecursively$9(NodeTestTask.java:139)
17:08:21.652 [Thread-8] ERROR f.i.s.r.p.m.output.MavenErrorHandler - 	at org.junit.platform.engine.support.hierarchical.ThrowableCollector.execute(ThrowableCollector.java:73)
17:08:21.652 [Thread-8] ERROR f.i.s.r.p.m.output.MavenErrorHandler - 	at org.junit.platform.engine.support.hierarchical.NodeTestTask.executeRecursively(NodeTestTask.java:138)
17:08:21.652 [Thread-8] ERROR f.i.s.r.p.m.output.MavenErrorHandler - 	at org.junit.platform.engine.support.hierarchical.NodeTestTask.execute(NodeTestTask.java:95)
17:08:21.652 [Thread-8] ERROR f.i.s.r.p.m.output.MavenErrorHandler - 	at java.base/java.util.ArrayList.forEach(ArrayList.java:1540)
17:08:21.652 [Thread-8] ERROR f.i.s.r.p.m.output.MavenErrorHandler - 	at org.junit.platform.engine.support.hierarchical.SameThreadHierarchicalTestExecutorService.invokeAll(SameThreadHierarchicalTestExecutorService.java:41)
17:08:21.652 [Thread-8] ERROR f.i.s.r.p.m.output.MavenErrorHandler - 	at org.junit.platform.engine.support.hierarchical.NodeTestTask.lambda$executeRecursively$6(NodeTestTask.java:155)
17:08:21.652 [Thread-8] ERROR f.i.s.r.p.m.output.MavenErrorHandler - 	at org.junit.platform.engine.support.hierarchical.ThrowableCollector.execute(ThrowableCollector.java:73)
17:08:21.653 [Thread-8] ERROR f.i.s.r.p.m.output.MavenErrorHandler - 	at org.junit.platform.engine.support.hierarchical.NodeTestTask.lambda$executeRecursively$8(NodeTestTask.java:141)
17:08:21.653 [Thread-8] ERROR f.i.s.r.p.m.output.MavenErrorHandler - 	at org.junit.platform.engine.support.hierarchical.Node.around(Node.java:137)
17:08:21.653 [Thread-8] ERROR f.i.s.r.p.m.output.MavenErrorHandler - 	at org.junit.platform.engine.support.hierarchical.NodeTestTask.lambda$executeRecursively$9(NodeTestTask.java:139)
17:08:21.653 [Thread-8] ERROR f.i.s.r.p.m.output.MavenErrorHandler - 	at org.junit.platform.engine.support.hierarchical.ThrowableCollector.execute(ThrowableCollector.java:73)
17:08:21.653 [Thread-8] ERROR f.i.s.r.p.m.output.MavenErrorHandler - 	at org.junit.platform.engine.support.hierarchical.NodeTestTask.executeRecursively(NodeTestTask.java:138)
17:08:21.653 [Thread-8] ERROR f.i.s.r.p.m.output.MavenErrorHandler - 	at org.junit.platform.engine.support.hierarchical.NodeTestTask.execute(NodeTestTask.java:95)
17:08:21.653 [Thread-8] ERROR f.i.s.r.p.m.output.MavenErrorHandler - 	at org.junit.platform.engine.support.hierarchical.SameThreadHierarchicalTestExecutorService.submit(SameThreadHierarchicalTestExecutorService.java:35)
17:08:21.653 [Thread-8] ERROR f.i.s.r.p.m.output.MavenErrorHandler - 	at org.junit.platform.engine.support.hierarchical.HierarchicalTestExecutor.execute(HierarchicalTestExecutor.java:57)
17:08:21.653 [Thread-8] ERROR f.i.s.r.p.m.output.MavenErrorHandler - 	at org.junit.platform.engine.support.hierarchical.HierarchicalTestEngine.execute(HierarchicalTestEngine.java:54)
17:08:21.654 [Thread-8] ERROR f.i.s.r.p.m.output.MavenErrorHandler - 	at org.junit.platform.launcher.core.EngineExecutionOrchestrator.execute(EngineExecutionOrchestrator.java:107)
17:08:21.654 [Thread-8] ERROR f.i.s.r.p.m.output.MavenErrorHandler - 	at org.junit.platform.launcher.core.EngineExecutionOrchestrator.execute(EngineExecutionOrchestrator.java:88)
17:08:21.654 [Thread-8] ERROR f.i.s.r.p.m.output.MavenErrorHandler - 	at org.junit.platform.launcher.core.EngineExecutionOrchestrator.lambda$execute$0(EngineExecutionOrchestrator.java:54)
17:08:21.654 [Thread-8] ERROR f.i.s.r.p.m.output.MavenErrorHandler - 	at org.junit.platform.launcher.core.EngineExecutionOrchestrator.withInterceptedStreams(EngineExecutionOrchestrator.java:67)
17:08:21.654 [Thread-8] ERROR f.i.s.r.p.m.output.MavenErrorHandler - 	at org.junit.platform.launcher.core.EngineExecutionOrchestrator.execute(EngineExecutionOrchestrator.java:52)
17:08:21.654 [Thread-8] ERROR f.i.s.r.p.m.output.MavenErrorHandler - 	at org.junit.platform.launcher.core.DefaultLauncher.execute(DefaultLauncher.java:114)
17:08:21.654 [Thread-8] ERROR f.i.s.r.p.m.output.MavenErrorHandler - 	at org.junit.platform.launcher.core.DefaultLauncher.execute(DefaultLauncher.java:86)
17:08:21.654 [Thread-8] ERROR f.i.s.r.p.m.output.MavenErrorHandler - 	at org.junit.platform.launcher.core.DefaultLauncherSession$DelegatingLauncher.execute(DefaultLauncherSession.java:86)
17:08:21.654 [Thread-8] ERROR f.i.s.r.p.m.output.MavenErrorHandler - 	at org.apache.maven.surefire.junitplatform.LazyLauncher.execute(LazyLauncher.java:55)
17:08:21.654 [Thread-8] ERROR f.i.s.r.p.m.output.MavenErrorHandler - 	at org.apache.maven.surefire.junitplatform.JUnitPlatformProvider.execute(JUnitPlatformProvider.java:223)
17:08:21.654 [Thread-8] ERROR f.i.s.r.p.m.output.MavenErrorHandler - 	at org.apache.maven.surefire.junitplatform.JUnitPlatformProvider.invokeAllTests(JUnitPlatformProvider.java:175)
17:08:21.654 [Thread-8] ERROR f.i.s.r.p.m.output.MavenErrorHandler - 	at org.apache.maven.surefire.junitplatform.JUnitPlatformProvider.invoke(JUnitPlatformProvider.java:139)
17:08:21.654 [Thread-8] ERROR f.i.s.r.p.m.output.MavenErrorHandler - 	at org.apache.maven.surefire.booter.ForkedBooter.runSuitesInProcess(ForkedBooter.java:456)
17:08:21.654 [Thread-8] ERROR f.i.s.r.p.m.output.MavenErrorHandler - 	at org.apache.maven.surefire.booter.ForkedBooter.execute(ForkedBooter.java:169)
17:08:21.654 [Thread-8] ERROR f.i.s.r.p.m.output.MavenErrorHandler - 	at org.apache.maven.surefire.booter.ForkedBooter.run(ForkedBooter.java:595)
17:08:21.654 [Thread-8] ERROR f.i.s.r.p.m.output.MavenErrorHandler - 	at org.apache.maven.surefire.booter.ForkedBooter.main(ForkedBooter.java:581)
17:08:21.654 [Thread-8] ERROR f.i.s.r.p.m.output.MavenErrorHandler - 
17:09:00.217 [main] INFO  f.i.s.r.p.s.paths.ComputeSourceDir - 1 source dir was found:
17:09:00.218 [main] INFO  f.i.s.r.p.s.paths.ComputeSourceDir - /root/workspace/INRIA-spoon-master-4699_repo/src/main/java
17:09:00.260 [main] INFO  f.i.s.r.p.step.paths.ComputeTestDir - It seems the step is entering in a loop while searching the test dir. The following file has already been visited: /root/workspace/INRIA-spoon-master-4699_repo/pom.xml
17:09:00.260 [main] INFO  f.i.s.r.p.step.paths.ComputeTestDir - 1 test dir was found:
17:09:00.260 [main] INFO  f.i.s.r.p.step.paths.ComputeTestDir - /root/workspace/INRIA-spoon-master-4699_repo/src/test/java
17:09:00.514 [main] INFO  f.i.s.r.p.s.g.GatherTestInformation - ---Test results---
17:09:00.514 [main] INFO  f.i.s.r.p.s.g.GatherTestInformation -    Total tests: 2171
17:09:00.514 [main] INFO  f.i.s.r.p.s.g.GatherTestInformation -    Tests run: 2158
17:09:00.515 [main] INFO  f.i.s.r.p.s.g.GatherTestInformation -    Tests passing: 2158
17:09:00.515 [main] INFO  f.i.s.r.p.s.g.GatherTestInformation -    Failures: 0
17:09:00.515 [main] INFO  f.i.s.r.p.s.g.GatherTestInformation -    Errors: 0
17:09:00.515 [main] INFO  f.i.s.r.p.s.g.GatherTestInformation -    Skipped: 13
17:09:00.515 [main] INFO  f.i.s.r.p.s.g.GatherTestInformation - 
17:09:01.313 [main] INFO  f.i.s.r.p.i.ProjectInspector - ----------------------------------------------------------------------
17:09:01.313 [main] INFO  f.i.s.r.p.i.ProjectInspector - PIPELINE EXECUTION SUMMARY
17:09:01.313 [main] INFO  f.i.s.r.p.i.ProjectInspector - ----------------------------------------------------------------------
17:09:01.313 [main] INFO  f.i.s.r.p.i.ProjectInspector - CloneCheckoutGitPullRequest..........................SUCCESS [  14 s ]
17:09:01.313 [main] INFO  f.i.s.r.p.i.ProjectInspector - BuildProject.........................................SUCCESS [  52 s ]
17:09:01.313 [main] INFO  f.i.s.r.p.i.ProjectInspector - TestProject..........................................SUCCESS [ 198 s ]
17:09:01.313 [main] INFO  f.i.s.r.p.i.ProjectInspector - ComputeClasspath.....................................SUCCESS [   4 s ]
17:09:01.313 [main] INFO  f.i.s.r.p.i.ProjectInspector - ComputeSourceDir.....................................SUCCESS [   0 s ]
17:09:01.313 [main] INFO  f.i.s.r.p.i.ProjectInspector - ComputeTestDir.......................................SUCCESS [   0 s ]
17:09:01.313 [main] INFO  f.i.s.r.p.i.ProjectInspector - GatherTestInformation................................FAILURE [   0 s ]
17:09:01.313 [main] INFO  f.i.s.r.p.i.ProjectInspector - FlacocoLocalization..................................NOT RUN          
17:09:01.313 [main] INFO  f.i.s.r.p.i.ProjectInspector - PushFaultLocalizationSuggestions.....................NOT RUN          
17:09:01.314 [main] INFO  f.i.s.r.p.i.ProjectInspector - ----------------------------------------------------------------------
17:09:01.314 [main] INFO  f.i.s.r.p.i.ProjectInspector - PIPELINE FINDING: NOTFAILING
17:09:01.314 [main] INFO  f.i.s.r.p.i.ProjectInspector - ----------------------------------------------------------------------
17:09:01.314 [main] INFO  f.i.s.r.p.github.GithubMainProcess - Inspector is finished. The process will exit now.
