Execute pipeline with following supplementary args: --smtpPort 25 --listenerMode NOOP --launcherMode FAULT_LOCALIZATION  --gitrepourl https://github.com/INRIA/spoon --gitrepopullrequest 4699
java -cp /usr/local/openjdk-11/lib/tools.jar:repairnator-pipeline.jar -Dlogback.configurationFile=/root/logback.xml fr.inria.spirals.repairnator.pipeline.Launcher -d --runId null -o /var/log --ghOauth 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 --faultLocalization --flacocoThreshold 0.0 --flacocoTopK null --flacocoResultsRepository null --ghOauth  --smtpPort 25 --listenerMode NOOP --launcherMode FAULT_LOCALIZATION  --gitrepourl https://github.com/INRIA/spoon --gitrepopullrequest 4699

08:28:09.453 [main] INFO  f.i.s.r.p.g.GithubInitSerializerEngines - Initialize file serializer engines.
08:28:09.454 [main] INFO  f.i.s.r.p.g.GithubInitSerializerEngines - MongoDB won't be used for serialization.
08:28:09.454 [main] INFO  f.i.s.r.p.github.GithubInitNotifiers - The email notifier engine won't be used.
08:28:09.468 [main] INFO  f.i.s.r.p.i.ProjectInspector - ----------------------------------------------------------------------
08:28:09.468 [main] INFO  f.i.s.r.p.i.ProjectInspector - PIPELINE STEPS
08:28:09.468 [main] INFO  f.i.s.r.p.i.ProjectInspector - ----------------------------------------------------------------------
08:28:09.468 [main] INFO  f.i.s.r.p.i.ProjectInspector - CloneCheckoutGitPullRequest
08:28:09.469 [main] INFO  f.i.s.r.p.i.ProjectInspector - BuildProject
08:28:09.469 [main] INFO  f.i.s.r.p.i.ProjectInspector - TestProject
08:28:09.469 [main] INFO  f.i.s.r.p.i.ProjectInspector - ComputeClasspath
08:28:09.469 [main] INFO  f.i.s.r.p.i.ProjectInspector - ComputeSourceDir
08:28:09.469 [main] INFO  f.i.s.r.p.i.ProjectInspector - ComputeTestDir
08:28:09.469 [main] INFO  f.i.s.r.p.i.ProjectInspector - GatherTestInformation
08:28:09.469 [main] INFO  f.i.s.r.p.i.ProjectInspector - FlacocoLocalization
08:28:09.469 [main] INFO  f.i.s.r.p.i.ProjectInspector - PushFaultLocalizationSuggestions
08:28:09.469 [main] INFO  f.i.s.r.p.s.CloneCheckoutGitPullRequest - Cloning repository https://github.com/INRIA/spoon.git in the following directory: ./workspace/INRIA-spoon-master-4699_repo
08:29:15.222 [Thread-8] ERROR f.i.s.r.p.m.output.MavenErrorHandler - Apr 30, 2022 8:29:15 AM org.junit.jupiter.engine.discovery.MethodSelectorResolver resolve
08:29:15.222 [Thread-8] ERROR f.i.s.r.p.m.output.MavenErrorHandler - WARNING: Possible configuration error: method [public void spoon.test.prettyprinter.TestSniperPrinter.testNoChangeDiff(java.io.File) throws java.io.IOException] resulted in multiple TestDescriptors [org.junit.jupiter.engine.descriptor.TestTemplateTestDescriptor, org.junit.jupiter.engine.descriptor.TestMethodTestDescriptor]. This is typically the result of annotating a method with multiple competing annotations such as @Test, @RepeatedTest, @ParameterizedTest, @TestFactory, etc.
08:29:15.320 [Thread-8] ERROR f.i.s.r.p.m.output.MavenErrorHandler - Apr 30, 2022 8:29:15 AM org.junit.jupiter.engine.discovery.MethodSelectorResolver resolve
08:29:15.321 [Thread-8] ERROR f.i.s.r.p.m.output.MavenErrorHandler - WARNING: Possible configuration error: method [public void spoon.test.prettyprinter.TestSniperPrinter.testNoChangeDiff(java.io.File) throws java.io.IOException] resulted in multiple TestDescriptors [org.junit.jupiter.engine.descriptor.TestTemplateTestDescriptor, org.junit.jupiter.engine.descriptor.TestMethodTestDescriptor]. This is typically the result of annotating a method with multiple competing annotations such as @Test, @RepeatedTest, @ParameterizedTest, @TestFactory, etc.
08:31:50.490 [Thread-8] ERROR f.i.s.r.p.m.output.MavenErrorHandler - Apr 30, 2022 8:31:50 AM org.junit.jupiter.engine.descriptor.MethodBasedTestDescriptor lambda$invokeTestWatchers$3
08:31:50.490 [Thread-8] ERROR f.i.s.r.p.m.output.MavenErrorHandler - WARNING: Failed to invoke TestWatcher [spoon.test.GitHubIssue$UnresolvedBugExtension] for method [spoon.test.prettyprinter.TestSniperPrinter#testNoChangeDiff(java.io.File)] with display name [[2] src/test/java/spoon/test/prettyprinter/testclasses/difftest/ExceptionTest.java]
08:31:50.490 [Thread-8] ERROR f.i.s.r.p.m.output.MavenErrorHandler - org.opentest4j.AssertionFailedError: Method testNoChangeDiff must fail
08:31:50.490 [Thread-8] ERROR f.i.s.r.p.m.output.MavenErrorHandler - 	at org.junit.jupiter.api.AssertionUtils.fail(AssertionUtils.java:39)
08:31:50.490 [Thread-8] ERROR f.i.s.r.p.m.output.MavenErrorHandler - 	at org.junit.jupiter.api.Assertions.fail(Assertions.java:134)
08:31:50.490 [Thread-8] ERROR f.i.s.r.p.m.output.MavenErrorHandler - 	at spoon.test.GitHubIssue$UnresolvedBugExtension.testSuccessful(GitHubIssue.java:63)
08:31:50.490 [Thread-8] ERROR f.i.s.r.p.m.output.MavenErrorHandler - 	at org.junit.jupiter.engine.descriptor.TestMethodTestDescriptor.lambda$nodeFinished$15(TestMethodTestDescriptor.java:297)
08:31:50.490 [Thread-8] ERROR f.i.s.r.p.m.output.MavenErrorHandler - 	at org.junit.jupiter.engine.descriptor.MethodBasedTestDescriptor.lambda$invokeTestWatchers$3(MethodBasedTestDescriptor.java:134)
08:31:50.490 [Thread-8] ERROR f.i.s.r.p.m.output.MavenErrorHandler - 	at java.base/java.util.ArrayList.forEach(ArrayList.java:1540)
08:31:50.490 [Thread-8] ERROR f.i.s.r.p.m.output.MavenErrorHandler - 	at org.junit.jupiter.engine.descriptor.MethodBasedTestDescriptor.invokeTestWatchers(MethodBasedTestDescriptor.java:132)
08:31:50.490 [Thread-8] ERROR f.i.s.r.p.m.output.MavenErrorHandler - 	at org.junit.jupiter.engine.descriptor.TestMethodTestDescriptor.nodeFinished(TestMethodTestDescriptor.java:294)
08:31:50.490 [Thread-8] ERROR f.i.s.r.p.m.output.MavenErrorHandler - 	at org.junit.jupiter.engine.descriptor.TestMethodTestDescriptor.nodeFinished(TestMethodTestDescriptor.java:66)
08:31:50.491 [Thread-8] ERROR f.i.s.r.p.m.output.MavenErrorHandler - 	at org.junit.platform.engine.support.hierarchical.NodeTestTask.reportCompletion(NodeTestTask.java:188)
08:31:50.491 [Thread-8] ERROR f.i.s.r.p.m.output.MavenErrorHandler - 	at org.junit.platform.engine.support.hierarchical.NodeTestTask.execute(NodeTestTask.java:100)
08:31:50.491 [Thread-8] ERROR f.i.s.r.p.m.output.MavenErrorHandler - 	at org.junit.platform.engine.support.hierarchical.SameThreadHierarchicalTestExecutorService.submit(SameThreadHierarchicalTestExecutorService.java:35)
08:31:50.491 [Thread-8] ERROR f.i.s.r.p.m.output.MavenErrorHandler - 	at org.junit.platform.engine.support.hierarchical.NodeTestTask$DefaultDynamicTestExecutor.execute(NodeTestTask.java:226)
08:31:50.491 [Thread-8] ERROR f.i.s.r.p.m.output.MavenErrorHandler - 	at org.junit.platform.engine.support.hierarchical.NodeTestTask$DefaultDynamicTestExecutor.execute(NodeTestTask.java:204)
08:31:50.491 [Thread-8] ERROR f.i.s.r.p.m.output.MavenErrorHandler - 	at org.junit.jupiter.engine.descriptor.TestTemplateTestDescriptor.execute(TestTemplateTestDescriptor.java:139)
08:31:50.491 [Thread-8] ERROR f.i.s.r.p.m.output.MavenErrorHandler - 	at org.junit.jupiter.engine.descriptor.TestTemplateTestDescriptor.lambda$execute$2(TestTemplateTestDescriptor.java:107)
08:31:50.491 [Thread-8] ERROR f.i.s.r.p.m.output.MavenErrorHandler - 	at java.base/java.util.stream.ForEachOps$ForEachOp$OfRef.accept(ForEachOps.java:183)
08:31:50.491 [Thread-8] ERROR f.i.s.r.p.m.output.MavenErrorHandler - 	at java.base/java.util.stream.ReferencePipeline$3$1.accept(ReferencePipeline.java:195)
08:31:50.491 [Thread-8] ERROR f.i.s.r.p.m.output.MavenErrorHandler - 	at java.base/java.util.stream.ReferencePipeline$2$1.accept(ReferencePipeline.java:177)
08:31:50.491 [Thread-8] ERROR f.i.s.r.p.m.output.MavenErrorHandler - 	at java.base/java.util.stream.ReferencePipeline$3$1.accept(ReferencePipeline.java:195)
08:31:50.491 [Thread-8] ERROR f.i.s.r.p.m.output.MavenErrorHandler - 	at java.base/java.util.stream.ForEachOps$ForEachOp$OfRef.accept(ForEachOps.java:183)
08:31:50.491 [Thread-8] ERROR f.i.s.r.p.m.output.MavenErrorHandler - 	at java.base/java.util.stream.ReferencePipeline$3$1.accept(ReferencePipeline.java:195)
08:31:50.491 [Thread-8] ERROR f.i.s.r.p.m.output.MavenErrorHandler - 	at java.base/java.util.stream.ReferencePipeline$3$1.accept(ReferencePipeline.java:195)
08:31:50.491 [Thread-8] ERROR f.i.s.r.p.m.output.MavenErrorHandler - 	at java.base/java.util.stream.ReferencePipeline$3$1.accept(ReferencePipeline.java:195)
08:31:50.491 [Thread-8] ERROR f.i.s.r.p.m.output.MavenErrorHandler - 	at java.base/java.util.stream.ForEachOps$ForEachOp$OfRef.accept(ForEachOps.java:183)
08:31:50.491 [Thread-8] ERROR f.i.s.r.p.m.output.MavenErrorHandler - 	at java.base/java.util.stream.ReferencePipeline$3$1.accept(ReferencePipeline.java:195)
08:31:50.492 [Thread-8] ERROR f.i.s.r.p.m.output.MavenErrorHandler - 	at java.base/java.util.ArrayList$ArrayListSpliterator.forEachRemaining(ArrayList.java:1654)
08:31:50.492 [Thread-8] ERROR f.i.s.r.p.m.output.MavenErrorHandler - 	at java.base/java.util.stream.ReferencePipeline$Head.forEach(ReferencePipeline.java:658)
08:31:50.492 [Thread-8] ERROR f.i.s.r.p.m.output.MavenErrorHandler - 	at java.base/java.util.stream.ReferencePipeline$7$1.accept(ReferencePipeline.java:274)
08:31:50.492 [Thread-8] ERROR f.i.s.r.p.m.output.MavenErrorHandler - 	at java.base/java.util.stream.ReferencePipeline$3$1.accept(ReferencePipeline.java:195)
08:31:50.492 [Thread-8] ERROR f.i.s.r.p.m.output.MavenErrorHandler - 	at java.base/java.util.stream.ReferencePipeline$3$1.accept(ReferencePipeline.java:195)
08:31:50.492 [Thread-8] ERROR f.i.s.r.p.m.output.MavenErrorHandler - 	at java.base/java.util.Spliterators$ArraySpliterator.forEachRemaining(Spliterators.java:948)
08:31:50.492 [Thread-8] ERROR f.i.s.r.p.m.output.MavenErrorHandler - 	at java.base/java.util.stream.AbstractPipeline.copyInto(AbstractPipeline.java:484)
08:31:50.492 [Thread-8] ERROR f.i.s.r.p.m.output.MavenErrorHandler - 	at java.base/java.util.stream.AbstractPipeline.wrapAndCopyInto(AbstractPipeline.java:474)
08:31:50.492 [Thread-8] ERROR f.i.s.r.p.m.output.MavenErrorHandler - 	at java.base/java.util.stream.ForEachOps$ForEachOp.evaluateSequential(ForEachOps.java:150)
08:31:50.492 [Thread-8] ERROR f.i.s.r.p.m.output.MavenErrorHandler - 	at java.base/java.util.stream.ForEachOps$ForEachOp$OfRef.evaluateSequential(ForEachOps.java:173)
08:31:50.492 [Thread-8] ERROR f.i.s.r.p.m.output.MavenErrorHandler - 	at java.base/java.util.stream.AbstractPipeline.evaluate(AbstractPipeline.java:234)
08:31:50.492 [Thread-8] ERROR f.i.s.r.p.m.output.MavenErrorHandler - 	at java.base/java.util.stream.ReferencePipeline.forEach(ReferencePipeline.java:497)
08:31:50.492 [Thread-8] ERROR f.i.s.r.p.m.output.MavenErrorHandler - 	at java.base/java.util.stream.ReferencePipeline$7$1.accept(ReferencePipeline.java:274)
08:31:50.492 [Thread-8] ERROR f.i.s.r.p.m.output.MavenErrorHandler - 	at java.base/java.util.stream.ReferencePipeline$3$1.accept(ReferencePipeline.java:195)
08:31:50.492 [Thread-8] ERROR f.i.s.r.p.m.output.MavenErrorHandler - 	at java.base/java.util.stream.ReferencePipeline$3$1.accept(ReferencePipeline.java:195)
08:31:50.492 [Thread-8] ERROR f.i.s.r.p.m.output.MavenErrorHandler - 	at java.base/java.util.stream.ReferencePipeline$3$1.accept(ReferencePipeline.java:195)
08:31:50.492 [Thread-8] ERROR f.i.s.r.p.m.output.MavenErrorHandler - 	at java.base/java.util.ArrayList$ArrayListSpliterator.forEachRemaining(ArrayList.java:1654)
08:31:50.492 [Thread-8] ERROR f.i.s.r.p.m.output.MavenErrorHandler - 	at java.base/java.util.stream.AbstractPipeline.copyInto(AbstractPipeline.java:484)
08:31:50.492 [Thread-8] ERROR f.i.s.r.p.m.output.MavenErrorHandler - 	at java.base/java.util.stream.AbstractPipeline.wrapAndCopyInto(AbstractPipeline.java:474)
08:31:50.492 [Thread-8] ERROR f.i.s.r.p.m.output.MavenErrorHandler - 	at java.base/java.util.stream.ForEachOps$ForEachOp.evaluateSequential(ForEachOps.java:150)
08:31:50.492 [Thread-8] ERROR f.i.s.r.p.m.output.MavenErrorHandler - 	at java.base/java.util.stream.ForEachOps$ForEachOp$OfRef.evaluateSequential(ForEachOps.java:173)
08:31:50.492 [Thread-8] ERROR f.i.s.r.p.m.output.MavenErrorHandler - 	at java.base/java.util.stream.AbstractPipeline.evaluate(AbstractPipeline.java:234)
08:31:50.492 [Thread-8] ERROR f.i.s.r.p.m.output.MavenErrorHandler - 	at java.base/java.util.stream.ReferencePipeline.forEach(ReferencePipeline.java:497)
08:31:50.493 [Thread-8] ERROR f.i.s.r.p.m.output.MavenErrorHandler - 	at java.base/java.util.stream.ReferencePipeline$7$1.accept(ReferencePipeline.java:274)
08:31:50.493 [Thread-8] ERROR f.i.s.r.p.m.output.MavenErrorHandler - 	at java.base/java.util.ArrayList$ArrayListSpliterator.forEachRemaining(ArrayList.java:1654)
08:31:50.493 [Thread-8] ERROR f.i.s.r.p.m.output.MavenErrorHandler - 	at java.base/java.util.stream.AbstractPipeline.copyInto(AbstractPipeline.java:484)
08:31:50.493 [Thread-8] ERROR f.i.s.r.p.m.output.MavenErrorHandler - 	at java.base/java.util.stream.AbstractPipeline.wrapAndCopyInto(AbstractPipeline.java:474)
08:31:50.493 [Thread-8] ERROR f.i.s.r.p.m.output.MavenErrorHandler - 	at java.base/java.util.stream.ForEachOps$ForEachOp.evaluateSequential(ForEachOps.java:150)
08:31:50.493 [Thread-8] ERROR f.i.s.r.p.m.output.MavenErrorHandler - 	at java.base/java.util.stream.ForEachOps$ForEachOp$OfRef.evaluateSequential(ForEachOps.java:173)
08:31:50.493 [Thread-8] ERROR f.i.s.r.p.m.output.MavenErrorHandler - 	at java.base/java.util.stream.AbstractPipeline.evaluate(AbstractPipeline.java:234)
08:31:50.493 [Thread-8] ERROR f.i.s.r.p.m.output.MavenErrorHandler - 	at java.base/java.util.stream.ReferencePipeline.forEach(ReferencePipeline.java:497)
08:31:50.493 [Thread-8] ERROR f.i.s.r.p.m.output.MavenErrorHandler - 	at org.junit.jupiter.engine.descriptor.TestTemplateTestDescriptor.execute(TestTemplateTestDescriptor.java:107)
08:31:50.493 [Thread-8] ERROR f.i.s.r.p.m.output.MavenErrorHandler - 	at org.junit.jupiter.engine.descriptor.TestTemplateTestDescriptor.execute(TestTemplateTestDescriptor.java:42)
08:31:50.493 [Thread-8] ERROR f.i.s.r.p.m.output.MavenErrorHandler - 	at org.junit.platform.engine.support.hierarchical.NodeTestTask.lambda$executeRecursively$6(NodeTestTask.java:151)
08:31:50.493 [Thread-8] ERROR f.i.s.r.p.m.output.MavenErrorHandler - 	at org.junit.platform.engine.support.hierarchical.ThrowableCollector.execute(ThrowableCollector.java:73)
08:31:50.493 [Thread-8] ERROR f.i.s.r.p.m.output.MavenErrorHandler - 	at org.junit.platform.engine.support.hierarchical.NodeTestTask.lambda$executeRecursively$8(NodeTestTask.java:141)
08:31:50.493 [Thread-8] ERROR f.i.s.r.p.m.output.MavenErrorHandler - 	at org.junit.platform.engine.support.hierarchical.Node.around(Node.java:137)
08:31:50.493 [Thread-8] ERROR f.i.s.r.p.m.output.MavenErrorHandler - 	at org.junit.platform.engine.support.hierarchical.NodeTestTask.lambda$executeRecursively$9(NodeTestTask.java:139)
08:31:50.494 [Thread-8] ERROR f.i.s.r.p.m.output.MavenErrorHandler - 	at org.junit.platform.engine.support.hierarchical.ThrowableCollector.execute(ThrowableCollector.java:73)
08:31:50.494 [Thread-8] ERROR f.i.s.r.p.m.output.MavenErrorHandler - 	at org.junit.platform.engine.support.hierarchical.NodeTestTask.executeRecursively(NodeTestTask.java:138)
08:31:50.494 [Thread-8] ERROR f.i.s.r.p.m.output.MavenErrorHandler - 	at org.junit.platform.engine.support.hierarchical.NodeTestTask.execute(NodeTestTask.java:95)
08:31:50.494 [Thread-8] ERROR f.i.s.r.p.m.output.MavenErrorHandler - 	at java.base/java.util.ArrayList.forEach(ArrayList.java:1540)
08:31:50.494 [Thread-8] ERROR f.i.s.r.p.m.output.MavenErrorHandler - 	at org.junit.platform.engine.support.hierarchical.SameThreadHierarchicalTestExecutorService.invokeAll(SameThreadHierarchicalTestExecutorService.java:41)
08:31:50.494 [Thread-8] ERROR f.i.s.r.p.m.output.MavenErrorHandler - 	at org.junit.platform.engine.support.hierarchical.NodeTestTask.lambda$executeRecursively$6(NodeTestTask.java:155)
08:31:50.494 [Thread-8] ERROR f.i.s.r.p.m.output.MavenErrorHandler - 	at org.junit.platform.engine.support.hierarchical.ThrowableCollector.execute(ThrowableCollector.java:73)
08:31:50.494 [Thread-8] ERROR f.i.s.r.p.m.output.MavenErrorHandler - 	at org.junit.platform.engine.support.hierarchical.NodeTestTask.lambda$executeRecursively$8(NodeTestTask.java:141)
08:31:50.494 [Thread-8] ERROR f.i.s.r.p.m.output.MavenErrorHandler - 	at org.junit.platform.engine.support.hierarchical.Node.around(Node.java:137)
08:31:50.494 [Thread-8] ERROR f.i.s.r.p.m.output.MavenErrorHandler - 	at org.junit.platform.engine.support.hierarchical.NodeTestTask.lambda$executeRecursively$9(NodeTestTask.java:139)
08:31:50.494 [Thread-8] ERROR f.i.s.r.p.m.output.MavenErrorHandler - 	at org.junit.platform.engine.support.hierarchical.ThrowableCollector.execute(ThrowableCollector.java:73)
08:31:50.494 [Thread-8] ERROR f.i.s.r.p.m.output.MavenErrorHandler - 	at org.junit.platform.engine.support.hierarchical.NodeTestTask.executeRecursively(NodeTestTask.java:138)
08:31:50.494 [Thread-8] ERROR f.i.s.r.p.m.output.MavenErrorHandler - 	at org.junit.platform.engine.support.hierarchical.NodeTestTask.execute(NodeTestTask.java:95)
08:31:50.494 [Thread-8] ERROR f.i.s.r.p.m.output.MavenErrorHandler - 	at java.base/java.util.ArrayList.forEach(ArrayList.java:1540)
08:31:50.494 [Thread-8] ERROR f.i.s.r.p.m.output.MavenErrorHandler - 	at org.junit.platform.engine.support.hierarchical.SameThreadHierarchicalTestExecutorService.invokeAll(SameThreadHierarchicalTestExecutorService.java:41)
08:31:50.494 [Thread-8] ERROR f.i.s.r.p.m.output.MavenErrorHandler - 	at org.junit.platform.engine.support.hierarchical.NodeTestTask.lambda$executeRecursively$6(NodeTestTask.java:155)
08:31:50.494 [Thread-8] ERROR f.i.s.r.p.m.output.MavenErrorHandler - 	at org.junit.platform.engine.support.hierarchical.ThrowableCollector.execute(ThrowableCollector.java:73)
08:31:50.494 [Thread-8] ERROR f.i.s.r.p.m.output.MavenErrorHandler - 	at org.junit.platform.engine.support.hierarchical.NodeTestTask.lambda$executeRecursively$8(NodeTestTask.java:141)
08:31:50.494 [Thread-8] ERROR f.i.s.r.p.m.output.MavenErrorHandler - 	at org.junit.platform.engine.support.hierarchical.Node.around(Node.java:137)
08:31:50.494 [Thread-8] ERROR f.i.s.r.p.m.output.MavenErrorHandler - 	at org.junit.platform.engine.support.hierarchical.NodeTestTask.lambda$executeRecursively$9(NodeTestTask.java:139)
08:31:50.494 [Thread-8] ERROR f.i.s.r.p.m.output.MavenErrorHandler - 	at org.junit.platform.engine.support.hierarchical.ThrowableCollector.execute(ThrowableCollector.java:73)
08:31:50.494 [Thread-8] ERROR f.i.s.r.p.m.output.MavenErrorHandler - 	at org.junit.platform.engine.support.hierarchical.NodeTestTask.executeRecursively(NodeTestTask.java:138)
08:31:50.494 [Thread-8] ERROR f.i.s.r.p.m.output.MavenErrorHandler - 	at org.junit.platform.engine.support.hierarchical.NodeTestTask.execute(NodeTestTask.java:95)
08:31:50.494 [Thread-8] ERROR f.i.s.r.p.m.output.MavenErrorHandler - 	at org.junit.platform.engine.support.hierarchical.SameThreadHierarchicalTestExecutorService.submit(SameThreadHierarchicalTestExecutorService.java:35)
08:31:50.494 [Thread-8] ERROR f.i.s.r.p.m.output.MavenErrorHandler - 	at org.junit.platform.engine.support.hierarchical.HierarchicalTestExecutor.execute(HierarchicalTestExecutor.java:57)
08:31:50.494 [Thread-8] ERROR f.i.s.r.p.m.output.MavenErrorHandler - 	at org.junit.platform.engine.support.hierarchical.HierarchicalTestEngine.execute(HierarchicalTestEngine.java:54)
08:31:50.494 [Thread-8] ERROR f.i.s.r.p.m.output.MavenErrorHandler - 	at org.junit.platform.launcher.core.EngineExecutionOrchestrator.execute(EngineExecutionOrchestrator.java:107)
08:31:50.494 [Thread-8] ERROR f.i.s.r.p.m.output.MavenErrorHandler - 	at org.junit.platform.launcher.core.EngineExecutionOrchestrator.execute(EngineExecutionOrchestrator.java:88)
08:31:50.494 [Thread-8] ERROR f.i.s.r.p.m.output.MavenErrorHandler - 	at org.junit.platform.launcher.core.EngineExecutionOrchestrator.lambda$execute$0(EngineExecutionOrchestrator.java:54)
08:31:50.494 [Thread-8] ERROR f.i.s.r.p.m.output.MavenErrorHandler - 	at org.junit.platform.launcher.core.EngineExecutionOrchestrator.withInterceptedStreams(EngineExecutionOrchestrator.java:67)
08:31:50.494 [Thread-8] ERROR f.i.s.r.p.m.output.MavenErrorHandler - 	at org.junit.platform.launcher.core.EngineExecutionOrchestrator.execute(EngineExecutionOrchestrator.java:52)
08:31:50.494 [Thread-8] ERROR f.i.s.r.p.m.output.MavenErrorHandler - 	at org.junit.platform.launcher.core.DefaultLauncher.execute(DefaultLauncher.java:114)
08:31:50.494 [Thread-8] ERROR f.i.s.r.p.m.output.MavenErrorHandler - 	at org.junit.platform.launcher.core.DefaultLauncher.execute(DefaultLauncher.java:86)
08:31:50.495 [Thread-8] ERROR f.i.s.r.p.m.output.MavenErrorHandler - 	at org.junit.platform.launcher.core.DefaultLauncherSession$DelegatingLauncher.execute(DefaultLauncherSession.java:86)
08:31:50.495 [Thread-8] ERROR f.i.s.r.p.m.output.MavenErrorHandler - 	at org.apache.maven.surefire.junitplatform.LazyLauncher.execute(LazyLauncher.java:55)
08:31:50.495 [Thread-8] ERROR f.i.s.r.p.m.output.MavenErrorHandler - 	at org.apache.maven.surefire.junitplatform.JUnitPlatformProvider.execute(JUnitPlatformProvider.java:223)
08:31:50.495 [Thread-8] ERROR f.i.s.r.p.m.output.MavenErrorHandler - 	at org.apache.maven.surefire.junitplatform.JUnitPlatformProvider.invokeAllTests(JUnitPlatformProvider.java:175)
08:31:50.495 [Thread-8] ERROR f.i.s.r.p.m.output.MavenErrorHandler - 	at org.apache.maven.surefire.junitplatform.JUnitPlatformProvider.invoke(JUnitPlatformProvider.java:139)
08:31:50.495 [Thread-8] ERROR f.i.s.r.p.m.output.MavenErrorHandler - 	at org.apache.maven.surefire.booter.ForkedBooter.runSuitesInProcess(ForkedBooter.java:456)
08:31:50.495 [Thread-8] ERROR f.i.s.r.p.m.output.MavenErrorHandler - 	at org.apache.maven.surefire.booter.ForkedBooter.execute(ForkedBooter.java:169)
08:31:50.495 [Thread-8] ERROR f.i.s.r.p.m.output.MavenErrorHandler - 	at org.apache.maven.surefire.booter.ForkedBooter.run(ForkedBooter.java:595)
08:31:50.495 [Thread-8] ERROR f.i.s.r.p.m.output.MavenErrorHandler - 	at org.apache.maven.surefire.booter.ForkedBooter.main(ForkedBooter.java:581)
08:31:50.495 [Thread-8] ERROR f.i.s.r.p.m.output.MavenErrorHandler - 
08:31:50.698 [Thread-8] ERROR f.i.s.r.p.m.output.MavenErrorHandler - Apr 30, 2022 8:31:50 AM org.junit.jupiter.engine.descriptor.MethodBasedTestDescriptor lambda$invokeTestWatchers$3
08:31:50.698 [Thread-8] ERROR f.i.s.r.p.m.output.MavenErrorHandler - WARNING: Failed to invoke TestWatcher [spoon.test.GitHubIssue$UnresolvedBugExtension] for method [spoon.test.prettyprinter.TestSniperPrinter#testSniperDoesNotPrintTheDeletedAnnotation()] with display name [testSniperDoesNotPrintTheDeletedAnnotation()]
08:31:50.698 [Thread-8] ERROR f.i.s.r.p.m.output.MavenErrorHandler - org.opentest4j.AssertionFailedError: Method testSniperDoesNotPrintTheDeletedAnnotation must fail
08:31:50.698 [Thread-8] ERROR f.i.s.r.p.m.output.MavenErrorHandler - 	at org.junit.jupiter.api.AssertionUtils.fail(AssertionUtils.java:39)
08:31:50.698 [Thread-8] ERROR f.i.s.r.p.m.output.MavenErrorHandler - 	at org.junit.jupiter.api.Assertions.fail(Assertions.java:134)
08:31:50.698 [Thread-8] ERROR f.i.s.r.p.m.output.MavenErrorHandler - 	at spoon.test.GitHubIssue$UnresolvedBugExtension.testSuccessful(GitHubIssue.java:63)
08:31:50.699 [Thread-8] ERROR f.i.s.r.p.m.output.MavenErrorHandler - 	at org.junit.jupiter.engine.descriptor.TestMethodTestDescriptor.lambda$nodeFinished$15(TestMethodTestDescriptor.java:297)
08:31:50.699 [Thread-8] ERROR f.i.s.r.p.m.output.MavenErrorHandler - 	at org.junit.jupiter.engine.descriptor.MethodBasedTestDescriptor.lambda$invokeTestWatchers$3(MethodBasedTestDescriptor.java:134)
08:31:50.699 [Thread-8] ERROR f.i.s.r.p.m.output.MavenErrorHandler - 	at java.base/java.util.ArrayList.forEach(ArrayList.java:1540)
08:31:50.699 [Thread-8] ERROR f.i.s.r.p.m.output.MavenErrorHandler - 	at org.junit.jupiter.engine.descriptor.MethodBasedTestDescriptor.invokeTestWatchers(MethodBasedTestDescriptor.java:132)
08:31:50.699 [Thread-8] ERROR f.i.s.r.p.m.output.MavenErrorHandler - 	at org.junit.jupiter.engine.descriptor.TestMethodTestDescriptor.nodeFinished(TestMethodTestDescriptor.java:294)
08:31:50.699 [Thread-8] ERROR f.i.s.r.p.m.output.MavenErrorHandler - 	at org.junit.jupiter.engine.descriptor.TestMethodTestDescriptor.nodeFinished(TestMethodTestDescriptor.java:66)
08:31:50.699 [Thread-8] ERROR f.i.s.r.p.m.output.MavenErrorHandler - 	at org.junit.platform.engine.support.hierarchical.NodeTestTask.reportCompletion(NodeTestTask.java:188)
08:31:50.699 [Thread-8] ERROR f.i.s.r.p.m.output.MavenErrorHandler - 	at org.junit.platform.engine.support.hierarchical.NodeTestTask.execute(NodeTestTask.java:100)
08:31:50.699 [Thread-8] ERROR f.i.s.r.p.m.output.MavenErrorHandler - 	at java.base/java.util.ArrayList.forEach(ArrayList.java:1540)
08:31:50.699 [Thread-8] ERROR f.i.s.r.p.m.output.MavenErrorHandler - 	at org.junit.platform.engine.support.hierarchical.SameThreadHierarchicalTestExecutorService.invokeAll(SameThreadHierarchicalTestExecutorService.java:41)
08:31:50.699 [Thread-8] ERROR f.i.s.r.p.m.output.MavenErrorHandler - 	at org.junit.platform.engine.support.hierarchical.NodeTestTask.lambda$executeRecursively$6(NodeTestTask.java:155)
08:31:50.699 [Thread-8] ERROR f.i.s.r.p.m.output.MavenErrorHandler - 	at org.junit.platform.engine.support.hierarchical.ThrowableCollector.execute(ThrowableCollector.java:73)
08:31:50.699 [Thread-8] ERROR f.i.s.r.p.m.output.MavenErrorHandler - 	at org.junit.platform.engine.support.hierarchical.NodeTestTask.lambda$executeRecursively$8(NodeTestTask.java:141)
08:31:50.699 [Thread-8] ERROR f.i.s.r.p.m.output.MavenErrorHandler - 	at org.junit.platform.engine.support.hierarchical.Node.around(Node.java:137)
08:31:50.699 [Thread-8] ERROR f.i.s.r.p.m.output.MavenErrorHandler - 	at org.junit.platform.engine.support.hierarchical.NodeTestTask.lambda$executeRecursively$9(NodeTestTask.java:139)
08:31:50.699 [Thread-8] ERROR f.i.s.r.p.m.output.MavenErrorHandler - 	at org.junit.platform.engine.support.hierarchical.ThrowableCollector.execute(ThrowableCollector.java:73)
08:31:50.699 [Thread-8] ERROR f.i.s.r.p.m.output.MavenErrorHandler - 	at org.junit.platform.engine.support.hierarchical.NodeTestTask.executeRecursively(NodeTestTask.java:138)
08:31:50.699 [Thread-8] ERROR f.i.s.r.p.m.output.MavenErrorHandler - 	at org.junit.platform.engine.support.hierarchical.NodeTestTask.execute(NodeTestTask.java:95)
08:31:50.699 [Thread-8] ERROR f.i.s.r.p.m.output.MavenErrorHandler - 	at java.base/java.util.ArrayList.forEach(ArrayList.java:1540)
08:31:50.699 [Thread-8] ERROR f.i.s.r.p.m.output.MavenErrorHandler - 	at org.junit.platform.engine.support.hierarchical.SameThreadHierarchicalTestExecutorService.invokeAll(SameThreadHierarchicalTestExecutorService.java:41)
08:31:50.699 [Thread-8] ERROR f.i.s.r.p.m.output.MavenErrorHandler - 	at org.junit.platform.engine.support.hierarchical.NodeTestTask.lambda$executeRecursively$6(NodeTestTask.java:155)
08:31:50.699 [Thread-8] ERROR f.i.s.r.p.m.output.MavenErrorHandler - 	at org.junit.platform.engine.support.hierarchical.ThrowableCollector.execute(ThrowableCollector.java:73)
08:31:50.700 [Thread-8] ERROR f.i.s.r.p.m.output.MavenErrorHandler - 	at org.junit.platform.engine.support.hierarchical.NodeTestTask.lambda$executeRecursively$8(NodeTestTask.java:141)
08:31:50.700 [Thread-8] ERROR f.i.s.r.p.m.output.MavenErrorHandler - 	at org.junit.platform.engine.support.hierarchical.Node.around(Node.java:137)
08:31:50.700 [Thread-8] ERROR f.i.s.r.p.m.output.MavenErrorHandler - 	at org.junit.platform.engine.support.hierarchical.NodeTestTask.lambda$executeRecursively$9(NodeTestTask.java:139)
08:31:50.700 [Thread-8] ERROR f.i.s.r.p.m.output.MavenErrorHandler - 	at org.junit.platform.engine.support.hierarchical.ThrowableCollector.execute(ThrowableCollector.java:73)
08:31:50.700 [Thread-8] ERROR f.i.s.r.p.m.output.MavenErrorHandler - 	at org.junit.platform.engine.support.hierarchical.NodeTestTask.executeRecursively(NodeTestTask.java:138)
08:31:50.700 [Thread-8] ERROR f.i.s.r.p.m.output.MavenErrorHandler - 	at org.junit.platform.engine.support.hierarchical.NodeTestTask.execute(NodeTestTask.java:95)
08:31:50.700 [Thread-8] ERROR f.i.s.r.p.m.output.MavenErrorHandler - 	at org.junit.platform.engine.support.hierarchical.SameThreadHierarchicalTestExecutorService.submit(SameThreadHierarchicalTestExecutorService.java:35)
08:31:50.700 [Thread-8] ERROR f.i.s.r.p.m.output.MavenErrorHandler - 	at org.junit.platform.engine.support.hierarchical.HierarchicalTestExecutor.execute(HierarchicalTestExecutor.java:57)
08:31:50.700 [Thread-8] ERROR f.i.s.r.p.m.output.MavenErrorHandler - 	at org.junit.platform.engine.support.hierarchical.HierarchicalTestEngine.execute(HierarchicalTestEngine.java:54)
08:31:50.700 [Thread-8] ERROR f.i.s.r.p.m.output.MavenErrorHandler - 	at org.junit.platform.launcher.core.EngineExecutionOrchestrator.execute(EngineExecutionOrchestrator.java:107)
08:31:50.700 [Thread-8] ERROR f.i.s.r.p.m.output.MavenErrorHandler - 	at org.junit.platform.launcher.core.EngineExecutionOrchestrator.execute(EngineExecutionOrchestrator.java:88)
08:31:50.700 [Thread-8] ERROR f.i.s.r.p.m.output.MavenErrorHandler - 	at org.junit.platform.launcher.core.EngineExecutionOrchestrator.lambda$execute$0(EngineExecutionOrchestrator.java:54)
08:31:50.700 [Thread-8] ERROR f.i.s.r.p.m.output.MavenErrorHandler - 	at org.junit.platform.launcher.core.EngineExecutionOrchestrator.withInterceptedStreams(EngineExecutionOrchestrator.java:67)
08:31:50.701 [Thread-8] ERROR f.i.s.r.p.m.output.MavenErrorHandler - 	at org.junit.platform.launcher.core.EngineExecutionOrchestrator.execute(EngineExecutionOrchestrator.java:52)
08:31:50.701 [Thread-8] ERROR f.i.s.r.p.m.output.MavenErrorHandler - 	at org.junit.platform.launcher.core.DefaultLauncher.execute(DefaultLauncher.java:114)
08:31:50.701 [Thread-8] ERROR f.i.s.r.p.m.output.MavenErrorHandler - 	at org.junit.platform.launcher.core.DefaultLauncher.execute(DefaultLauncher.java:86)
08:31:50.701 [Thread-8] ERROR f.i.s.r.p.m.output.MavenErrorHandler - 	at org.junit.platform.launcher.core.DefaultLauncherSession$DelegatingLauncher.execute(DefaultLauncherSession.java:86)
08:31:50.701 [Thread-8] ERROR f.i.s.r.p.m.output.MavenErrorHandler - 	at org.apache.maven.surefire.junitplatform.LazyLauncher.execute(LazyLauncher.java:55)
08:31:50.701 [Thread-8] ERROR f.i.s.r.p.m.output.MavenErrorHandler - 	at org.apache.maven.surefire.junitplatform.JUnitPlatformProvider.execute(JUnitPlatformProvider.java:223)
08:31:50.701 [Thread-8] ERROR f.i.s.r.p.m.output.MavenErrorHandler - 	at org.apache.maven.surefire.junitplatform.JUnitPlatformProvider.invokeAllTests(JUnitPlatformProvider.java:175)
08:31:50.701 [Thread-8] ERROR f.i.s.r.p.m.output.MavenErrorHandler - 	at org.apache.maven.surefire.junitplatform.JUnitPlatformProvider.invoke(JUnitPlatformProvider.java:139)
08:31:50.701 [Thread-8] ERROR f.i.s.r.p.m.output.MavenErrorHandler - 	at org.apache.maven.surefire.booter.ForkedBooter.runSuitesInProcess(ForkedBooter.java:456)
08:31:50.701 [Thread-8] ERROR f.i.s.r.p.m.output.MavenErrorHandler - 	at org.apache.maven.surefire.booter.ForkedBooter.execute(ForkedBooter.java:169)
08:31:50.701 [Thread-8] ERROR f.i.s.r.p.m.output.MavenErrorHandler - 	at org.apache.maven.surefire.booter.ForkedBooter.run(ForkedBooter.java:595)
08:31:50.701 [Thread-8] ERROR f.i.s.r.p.m.output.MavenErrorHandler - 	at org.apache.maven.surefire.booter.ForkedBooter.main(ForkedBooter.java:581)
08:31:50.701 [Thread-8] ERROR f.i.s.r.p.m.output.MavenErrorHandler - 
08:32:28.812 [main] INFO  f.i.s.r.p.s.paths.ComputeSourceDir - 1 source dir was found:
08:32:28.812 [main] INFO  f.i.s.r.p.s.paths.ComputeSourceDir - /root/workspace/INRIA-spoon-master-4699_repo/src/main/java
08:32:28.854 [main] INFO  f.i.s.r.p.step.paths.ComputeTestDir - It seems the step is entering in a loop while searching the test dir. The following file has already been visited: /root/workspace/INRIA-spoon-master-4699_repo/pom.xml
08:32:28.855 [main] INFO  f.i.s.r.p.step.paths.ComputeTestDir - 1 test dir was found:
08:32:28.855 [main] INFO  f.i.s.r.p.step.paths.ComputeTestDir - /root/workspace/INRIA-spoon-master-4699_repo/src/test/java
08:32:29.114 [main] INFO  f.i.s.r.p.s.g.GatherTestInformation - ---Test results---
08:32:29.114 [main] INFO  f.i.s.r.p.s.g.GatherTestInformation -    Total tests: 2171
08:32:29.114 [main] INFO  f.i.s.r.p.s.g.GatherTestInformation -    Tests run: 2158
08:32:29.114 [main] INFO  f.i.s.r.p.s.g.GatherTestInformation -    Tests passing: 2158
08:32:29.114 [main] INFO  f.i.s.r.p.s.g.GatherTestInformation -    Failures: 0
08:32:29.115 [main] INFO  f.i.s.r.p.s.g.GatherTestInformation -    Errors: 0
08:32:29.115 [main] INFO  f.i.s.r.p.s.g.GatherTestInformation -    Skipped: 13
08:32:29.115 [main] INFO  f.i.s.r.p.s.g.GatherTestInformation - 
08:32:29.895 [main] INFO  f.i.s.r.p.i.ProjectInspector - ----------------------------------------------------------------------
08:32:29.895 [main] INFO  f.i.s.r.p.i.ProjectInspector - PIPELINE EXECUTION SUMMARY
08:32:29.895 [main] INFO  f.i.s.r.p.i.ProjectInspector - ----------------------------------------------------------------------
08:32:29.895 [main] INFO  f.i.s.r.p.i.ProjectInspector - CloneCheckoutGitPullRequest..........................SUCCESS [   9 s ]
08:32:29.895 [main] INFO  f.i.s.r.p.i.ProjectInspector - BuildProject.........................................SUCCESS [  51 s ]
08:32:29.895 [main] INFO  f.i.s.r.p.i.ProjectInspector - TestProject..........................................SUCCESS [ 195 s ]
08:32:29.895 [main] INFO  f.i.s.r.p.i.ProjectInspector - ComputeClasspath.....................................SUCCESS [   4 s ]
08:32:29.895 [main] INFO  f.i.s.r.p.i.ProjectInspector - ComputeSourceDir.....................................SUCCESS [   0 s ]
08:32:29.895 [main] INFO  f.i.s.r.p.i.ProjectInspector - ComputeTestDir.......................................SUCCESS [   0 s ]
08:32:29.895 [main] INFO  f.i.s.r.p.i.ProjectInspector - GatherTestInformation................................FAILURE [   0 s ]
08:32:29.895 [main] INFO  f.i.s.r.p.i.ProjectInspector - FlacocoLocalization..................................NOT RUN          
08:32:29.895 [main] INFO  f.i.s.r.p.i.ProjectInspector - PushFaultLocalizationSuggestions.....................NOT RUN          
08:32:29.895 [main] INFO  f.i.s.r.p.i.ProjectInspector - ----------------------------------------------------------------------
08:32:29.896 [main] INFO  f.i.s.r.p.i.ProjectInspector - PIPELINE FINDING: NOTFAILING
08:32:29.896 [main] INFO  f.i.s.r.p.i.ProjectInspector - ----------------------------------------------------------------------
08:32:29.896 [main] INFO  f.i.s.r.p.github.GithubMainProcess - Inspector is finished. The process will exit now.
