Execute pipeline with following supplementary args: --smtpPort 25 --listenerMode NOOP --launcherMode FAULT_LOCALIZATION  --gitrepourl https://github.com/INRIA/spoon --gitrepopullrequest 4699
java -cp /usr/local/openjdk-11/lib/tools.jar:repairnator-pipeline.jar -Dlogback.configurationFile=/root/logback.xml fr.inria.spirals.repairnator.pipeline.Launcher -d --runId null -o /var/log --ghOauth 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 --faultLocalization --flacocoThreshold 0.0 --flacocoTopK null --flacocoResultsRepository null --ghOauth  --smtpPort 25 --listenerMode NOOP --launcherMode FAULT_LOCALIZATION  --gitrepourl https://github.com/INRIA/spoon --gitrepopullrequest 4699

12:18:42.167 [main] INFO  f.i.s.r.p.g.GithubInitSerializerEngines - Initialize file serializer engines.
12:18:42.168 [main] INFO  f.i.s.r.p.g.GithubInitSerializerEngines - MongoDB won't be used for serialization.
12:18:42.168 [main] INFO  f.i.s.r.p.github.GithubInitNotifiers - The email notifier engine won't be used.
12:18:42.182 [main] INFO  f.i.s.r.p.i.ProjectInspector - ----------------------------------------------------------------------
12:18:42.182 [main] INFO  f.i.s.r.p.i.ProjectInspector - PIPELINE STEPS
12:18:42.182 [main] INFO  f.i.s.r.p.i.ProjectInspector - ----------------------------------------------------------------------
12:18:42.183 [main] INFO  f.i.s.r.p.i.ProjectInspector - CloneCheckoutGitPullRequest
12:18:42.183 [main] INFO  f.i.s.r.p.i.ProjectInspector - BuildProject
12:18:42.183 [main] INFO  f.i.s.r.p.i.ProjectInspector - TestProject
12:18:42.183 [main] INFO  f.i.s.r.p.i.ProjectInspector - ComputeClasspath
12:18:42.183 [main] INFO  f.i.s.r.p.i.ProjectInspector - ComputeSourceDir
12:18:42.183 [main] INFO  f.i.s.r.p.i.ProjectInspector - ComputeTestDir
12:18:42.183 [main] INFO  f.i.s.r.p.i.ProjectInspector - GatherTestInformation
12:18:42.183 [main] INFO  f.i.s.r.p.i.ProjectInspector - FlacocoLocalization
12:18:42.183 [main] INFO  f.i.s.r.p.i.ProjectInspector - PushFaultLocalizationSuggestions
12:18:42.183 [main] INFO  f.i.s.r.p.s.CloneCheckoutGitPullRequest - Cloning repository https://github.com/INRIA/spoon.git in the following directory: ./workspace/INRIA-spoon-master-4699_repo
12:19:53.111 [Thread-8] ERROR f.i.s.r.p.m.output.MavenErrorHandler - Apr 26, 2022 12:19:52 PM org.junit.jupiter.engine.discovery.MethodSelectorResolver resolve
12:19:53.112 [Thread-8] ERROR f.i.s.r.p.m.output.MavenErrorHandler - WARNING: Possible configuration error: method [public void spoon.test.prettyprinter.TestSniperPrinter.testNoChangeDiff(java.io.File) throws java.io.IOException] resulted in multiple TestDescriptors [org.junit.jupiter.engine.descriptor.TestTemplateTestDescriptor, org.junit.jupiter.engine.descriptor.TestMethodTestDescriptor]. This is typically the result of annotating a method with multiple competing annotations such as @Test, @RepeatedTest, @ParameterizedTest, @TestFactory, etc.
12:19:53.210 [Thread-8] ERROR f.i.s.r.p.m.output.MavenErrorHandler - Apr 26, 2022 12:19:53 PM org.junit.jupiter.engine.discovery.MethodSelectorResolver resolve
12:19:53.210 [Thread-8] ERROR f.i.s.r.p.m.output.MavenErrorHandler - WARNING: Possible configuration error: method [public void spoon.test.prettyprinter.TestSniperPrinter.testNoChangeDiff(java.io.File) throws java.io.IOException] resulted in multiple TestDescriptors [org.junit.jupiter.engine.descriptor.TestTemplateTestDescriptor, org.junit.jupiter.engine.descriptor.TestMethodTestDescriptor]. This is typically the result of annotating a method with multiple competing annotations such as @Test, @RepeatedTest, @ParameterizedTest, @TestFactory, etc.
12:22:37.206 [Thread-8] ERROR f.i.s.r.p.m.output.MavenErrorHandler - Apr 26, 2022 12:22:37 PM org.junit.jupiter.engine.descriptor.MethodBasedTestDescriptor lambda$invokeTestWatchers$3
12:22:37.206 [Thread-8] ERROR f.i.s.r.p.m.output.MavenErrorHandler - WARNING: Failed to invoke TestWatcher [spoon.test.GitHubIssue$UnresolvedBugExtension] for method [spoon.test.prettyprinter.TestSniperPrinter#testNoChangeDiff(java.io.File)] with display name [[2] src/test/java/spoon/test/prettyprinter/testclasses/difftest/ExceptionTest.java]
12:22:37.206 [Thread-8] ERROR f.i.s.r.p.m.output.MavenErrorHandler - org.opentest4j.AssertionFailedError: Method testNoChangeDiff must fail
12:22:37.206 [Thread-8] ERROR f.i.s.r.p.m.output.MavenErrorHandler - 	at org.junit.jupiter.api.AssertionUtils.fail(AssertionUtils.java:39)
12:22:37.206 [Thread-8] ERROR f.i.s.r.p.m.output.MavenErrorHandler - 	at org.junit.jupiter.api.Assertions.fail(Assertions.java:134)
12:22:37.206 [Thread-8] ERROR f.i.s.r.p.m.output.MavenErrorHandler - 	at spoon.test.GitHubIssue$UnresolvedBugExtension.testSuccessful(GitHubIssue.java:63)
12:22:37.206 [Thread-8] ERROR f.i.s.r.p.m.output.MavenErrorHandler - 	at org.junit.jupiter.engine.descriptor.TestMethodTestDescriptor.lambda$nodeFinished$15(TestMethodTestDescriptor.java:297)
12:22:37.206 [Thread-8] ERROR f.i.s.r.p.m.output.MavenErrorHandler - 	at org.junit.jupiter.engine.descriptor.MethodBasedTestDescriptor.lambda$invokeTestWatchers$3(MethodBasedTestDescriptor.java:134)
12:22:37.206 [Thread-8] ERROR f.i.s.r.p.m.output.MavenErrorHandler - 	at java.base/java.util.ArrayList.forEach(ArrayList.java:1540)
12:22:37.207 [Thread-8] ERROR f.i.s.r.p.m.output.MavenErrorHandler - 	at org.junit.jupiter.engine.descriptor.MethodBasedTestDescriptor.invokeTestWatchers(MethodBasedTestDescriptor.java:132)
12:22:37.207 [Thread-8] ERROR f.i.s.r.p.m.output.MavenErrorHandler - 	at org.junit.jupiter.engine.descriptor.TestMethodTestDescriptor.nodeFinished(TestMethodTestDescriptor.java:294)
12:22:37.207 [Thread-8] ERROR f.i.s.r.p.m.output.MavenErrorHandler - 	at org.junit.jupiter.engine.descriptor.TestMethodTestDescriptor.nodeFinished(TestMethodTestDescriptor.java:66)
12:22:37.207 [Thread-8] ERROR f.i.s.r.p.m.output.MavenErrorHandler - 	at org.junit.platform.engine.support.hierarchical.NodeTestTask.reportCompletion(NodeTestTask.java:188)
12:22:37.207 [Thread-8] ERROR f.i.s.r.p.m.output.MavenErrorHandler - 	at org.junit.platform.engine.support.hierarchical.NodeTestTask.execute(NodeTestTask.java:100)
12:22:37.207 [Thread-8] ERROR f.i.s.r.p.m.output.MavenErrorHandler - 	at org.junit.platform.engine.support.hierarchical.SameThreadHierarchicalTestExecutorService.submit(SameThreadHierarchicalTestExecutorService.java:35)
12:22:37.207 [Thread-8] ERROR f.i.s.r.p.m.output.MavenErrorHandler - 	at org.junit.platform.engine.support.hierarchical.NodeTestTask$DefaultDynamicTestExecutor.execute(NodeTestTask.java:226)
12:22:37.207 [Thread-8] ERROR f.i.s.r.p.m.output.MavenErrorHandler - 	at org.junit.platform.engine.support.hierarchical.NodeTestTask$DefaultDynamicTestExecutor.execute(NodeTestTask.java:204)
12:22:37.207 [Thread-8] ERROR f.i.s.r.p.m.output.MavenErrorHandler - 	at org.junit.jupiter.engine.descriptor.TestTemplateTestDescriptor.execute(TestTemplateTestDescriptor.java:139)
12:22:37.207 [Thread-8] ERROR f.i.s.r.p.m.output.MavenErrorHandler - 	at org.junit.jupiter.engine.descriptor.TestTemplateTestDescriptor.lambda$execute$2(TestTemplateTestDescriptor.java:107)
12:22:37.207 [Thread-8] ERROR f.i.s.r.p.m.output.MavenErrorHandler - 	at java.base/java.util.stream.ForEachOps$ForEachOp$OfRef.accept(ForEachOps.java:183)
12:22:37.207 [Thread-8] ERROR f.i.s.r.p.m.output.MavenErrorHandler - 	at java.base/java.util.stream.ReferencePipeline$3$1.accept(ReferencePipeline.java:195)
12:22:37.207 [Thread-8] ERROR f.i.s.r.p.m.output.MavenErrorHandler - 	at java.base/java.util.stream.ReferencePipeline$2$1.accept(ReferencePipeline.java:177)
12:22:37.207 [Thread-8] ERROR f.i.s.r.p.m.output.MavenErrorHandler - 	at java.base/java.util.stream.ReferencePipeline$3$1.accept(ReferencePipeline.java:195)
12:22:37.207 [Thread-8] ERROR f.i.s.r.p.m.output.MavenErrorHandler - 	at java.base/java.util.stream.ForEachOps$ForEachOp$OfRef.accept(ForEachOps.java:183)
12:22:37.208 [Thread-8] ERROR f.i.s.r.p.m.output.MavenErrorHandler - 	at java.base/java.util.stream.ReferencePipeline$3$1.accept(ReferencePipeline.java:195)
12:22:37.208 [Thread-8] ERROR f.i.s.r.p.m.output.MavenErrorHandler - 	at java.base/java.util.stream.ReferencePipeline$3$1.accept(ReferencePipeline.java:195)
12:22:37.208 [Thread-8] ERROR f.i.s.r.p.m.output.MavenErrorHandler - 	at java.base/java.util.stream.ReferencePipeline$3$1.accept(ReferencePipeline.java:195)
12:22:37.208 [Thread-8] ERROR f.i.s.r.p.m.output.MavenErrorHandler - 	at java.base/java.util.stream.ForEachOps$ForEachOp$OfRef.accept(ForEachOps.java:183)
12:22:37.208 [Thread-8] ERROR f.i.s.r.p.m.output.MavenErrorHandler - 	at java.base/java.util.stream.ReferencePipeline$3$1.accept(ReferencePipeline.java:195)
12:22:37.208 [Thread-8] ERROR f.i.s.r.p.m.output.MavenErrorHandler - 	at java.base/java.util.ArrayList$ArrayListSpliterator.forEachRemaining(ArrayList.java:1654)
12:22:37.208 [Thread-8] ERROR f.i.s.r.p.m.output.MavenErrorHandler - 	at java.base/java.util.stream.ReferencePipeline$Head.forEach(ReferencePipeline.java:658)
12:22:37.208 [Thread-8] ERROR f.i.s.r.p.m.output.MavenErrorHandler - 	at java.base/java.util.stream.ReferencePipeline$7$1.accept(ReferencePipeline.java:274)
12:22:37.208 [Thread-8] ERROR f.i.s.r.p.m.output.MavenErrorHandler - 	at java.base/java.util.stream.ReferencePipeline$3$1.accept(ReferencePipeline.java:195)
12:22:37.208 [Thread-8] ERROR f.i.s.r.p.m.output.MavenErrorHandler - 	at java.base/java.util.stream.ReferencePipeline$3$1.accept(ReferencePipeline.java:195)
12:22:37.208 [Thread-8] ERROR f.i.s.r.p.m.output.MavenErrorHandler - 	at java.base/java.util.Spliterators$ArraySpliterator.forEachRemaining(Spliterators.java:948)
12:22:37.208 [Thread-8] ERROR f.i.s.r.p.m.output.MavenErrorHandler - 	at java.base/java.util.stream.AbstractPipeline.copyInto(AbstractPipeline.java:484)
12:22:37.208 [Thread-8] ERROR f.i.s.r.p.m.output.MavenErrorHandler - 	at java.base/java.util.stream.AbstractPipeline.wrapAndCopyInto(AbstractPipeline.java:474)
12:22:37.208 [Thread-8] ERROR f.i.s.r.p.m.output.MavenErrorHandler - 	at java.base/java.util.stream.ForEachOps$ForEachOp.evaluateSequential(ForEachOps.java:150)
12:22:37.208 [Thread-8] ERROR f.i.s.r.p.m.output.MavenErrorHandler - 	at java.base/java.util.stream.ForEachOps$ForEachOp$OfRef.evaluateSequential(ForEachOps.java:173)
12:22:37.208 [Thread-8] ERROR f.i.s.r.p.m.output.MavenErrorHandler - 	at java.base/java.util.stream.AbstractPipeline.evaluate(AbstractPipeline.java:234)
12:22:37.209 [Thread-8] ERROR f.i.s.r.p.m.output.MavenErrorHandler - 	at java.base/java.util.stream.ReferencePipeline.forEach(ReferencePipeline.java:497)
12:22:37.209 [Thread-8] ERROR f.i.s.r.p.m.output.MavenErrorHandler - 	at java.base/java.util.stream.ReferencePipeline$7$1.accept(ReferencePipeline.java:274)
12:22:37.209 [Thread-8] ERROR f.i.s.r.p.m.output.MavenErrorHandler - 	at java.base/java.util.stream.ReferencePipeline$3$1.accept(ReferencePipeline.java:195)
12:22:37.209 [Thread-8] ERROR f.i.s.r.p.m.output.MavenErrorHandler - 	at java.base/java.util.stream.ReferencePipeline$3$1.accept(ReferencePipeline.java:195)
12:22:37.209 [Thread-8] ERROR f.i.s.r.p.m.output.MavenErrorHandler - 	at java.base/java.util.stream.ReferencePipeline$3$1.accept(ReferencePipeline.java:195)
12:22:37.209 [Thread-8] ERROR f.i.s.r.p.m.output.MavenErrorHandler - 	at java.base/java.util.ArrayList$ArrayListSpliterator.forEachRemaining(ArrayList.java:1654)
12:22:37.209 [Thread-8] ERROR f.i.s.r.p.m.output.MavenErrorHandler - 	at java.base/java.util.stream.AbstractPipeline.copyInto(AbstractPipeline.java:484)
12:22:37.209 [Thread-8] ERROR f.i.s.r.p.m.output.MavenErrorHandler - 	at java.base/java.util.stream.AbstractPipeline.wrapAndCopyInto(AbstractPipeline.java:474)
12:22:37.209 [Thread-8] ERROR f.i.s.r.p.m.output.MavenErrorHandler - 	at java.base/java.util.stream.ForEachOps$ForEachOp.evaluateSequential(ForEachOps.java:150)
12:22:37.209 [Thread-8] ERROR f.i.s.r.p.m.output.MavenErrorHandler - 	at java.base/java.util.stream.ForEachOps$ForEachOp$OfRef.evaluateSequential(ForEachOps.java:173)
12:22:37.209 [Thread-8] ERROR f.i.s.r.p.m.output.MavenErrorHandler - 	at java.base/java.util.stream.AbstractPipeline.evaluate(AbstractPipeline.java:234)
12:22:37.209 [Thread-8] ERROR f.i.s.r.p.m.output.MavenErrorHandler - 	at java.base/java.util.stream.ReferencePipeline.forEach(ReferencePipeline.java:497)
12:22:37.209 [Thread-8] ERROR f.i.s.r.p.m.output.MavenErrorHandler - 	at java.base/java.util.stream.ReferencePipeline$7$1.accept(ReferencePipeline.java:274)
12:22:37.209 [Thread-8] ERROR f.i.s.r.p.m.output.MavenErrorHandler - 	at java.base/java.util.ArrayList$ArrayListSpliterator.forEachRemaining(ArrayList.java:1654)
12:22:37.209 [Thread-8] ERROR f.i.s.r.p.m.output.MavenErrorHandler - 	at java.base/java.util.stream.AbstractPipeline.copyInto(AbstractPipeline.java:484)
12:22:37.209 [Thread-8] ERROR f.i.s.r.p.m.output.MavenErrorHandler - 	at java.base/java.util.stream.AbstractPipeline.wrapAndCopyInto(AbstractPipeline.java:474)
12:22:37.209 [Thread-8] ERROR f.i.s.r.p.m.output.MavenErrorHandler - 	at java.base/java.util.stream.ForEachOps$ForEachOp.evaluateSequential(ForEachOps.java:150)
12:22:37.209 [Thread-8] ERROR f.i.s.r.p.m.output.MavenErrorHandler - 	at java.base/java.util.stream.ForEachOps$ForEachOp$OfRef.evaluateSequential(ForEachOps.java:173)
12:22:37.209 [Thread-8] ERROR f.i.s.r.p.m.output.MavenErrorHandler - 	at java.base/java.util.stream.AbstractPipeline.evaluate(AbstractPipeline.java:234)
12:22:37.209 [Thread-8] ERROR f.i.s.r.p.m.output.MavenErrorHandler - 	at java.base/java.util.stream.ReferencePipeline.forEach(ReferencePipeline.java:497)
12:22:37.209 [Thread-8] ERROR f.i.s.r.p.m.output.MavenErrorHandler - 	at org.junit.jupiter.engine.descriptor.TestTemplateTestDescriptor.execute(TestTemplateTestDescriptor.java:107)
12:22:37.209 [Thread-8] ERROR f.i.s.r.p.m.output.MavenErrorHandler - 	at org.junit.jupiter.engine.descriptor.TestTemplateTestDescriptor.execute(TestTemplateTestDescriptor.java:42)
12:22:37.209 [Thread-8] ERROR f.i.s.r.p.m.output.MavenErrorHandler - 	at org.junit.platform.engine.support.hierarchical.NodeTestTask.lambda$executeRecursively$6(NodeTestTask.java:151)
12:22:37.209 [Thread-8] ERROR f.i.s.r.p.m.output.MavenErrorHandler - 	at org.junit.platform.engine.support.hierarchical.ThrowableCollector.execute(ThrowableCollector.java:73)
12:22:37.209 [Thread-8] ERROR f.i.s.r.p.m.output.MavenErrorHandler - 	at org.junit.platform.engine.support.hierarchical.NodeTestTask.lambda$executeRecursively$8(NodeTestTask.java:141)
12:22:37.209 [Thread-8] ERROR f.i.s.r.p.m.output.MavenErrorHandler - 	at org.junit.platform.engine.support.hierarchical.Node.around(Node.java:137)
12:22:37.209 [Thread-8] ERROR f.i.s.r.p.m.output.MavenErrorHandler - 	at org.junit.platform.engine.support.hierarchical.NodeTestTask.lambda$executeRecursively$9(NodeTestTask.java:139)
12:22:37.209 [Thread-8] ERROR f.i.s.r.p.m.output.MavenErrorHandler - 	at org.junit.platform.engine.support.hierarchical.ThrowableCollector.execute(ThrowableCollector.java:73)
12:22:37.209 [Thread-8] ERROR f.i.s.r.p.m.output.MavenErrorHandler - 	at org.junit.platform.engine.support.hierarchical.NodeTestTask.executeRecursively(NodeTestTask.java:138)
12:22:37.209 [Thread-8] ERROR f.i.s.r.p.m.output.MavenErrorHandler - 	at org.junit.platform.engine.support.hierarchical.NodeTestTask.execute(NodeTestTask.java:95)
12:22:37.210 [Thread-8] ERROR f.i.s.r.p.m.output.MavenErrorHandler - 	at java.base/java.util.ArrayList.forEach(ArrayList.java:1540)
12:22:37.210 [Thread-8] ERROR f.i.s.r.p.m.output.MavenErrorHandler - 	at org.junit.platform.engine.support.hierarchical.SameThreadHierarchicalTestExecutorService.invokeAll(SameThreadHierarchicalTestExecutorService.java:41)
12:22:37.210 [Thread-8] ERROR f.i.s.r.p.m.output.MavenErrorHandler - 	at org.junit.platform.engine.support.hierarchical.NodeTestTask.lambda$executeRecursively$6(NodeTestTask.java:155)
12:22:37.210 [Thread-8] ERROR f.i.s.r.p.m.output.MavenErrorHandler - 	at org.junit.platform.engine.support.hierarchical.ThrowableCollector.execute(ThrowableCollector.java:73)
12:22:37.210 [Thread-8] ERROR f.i.s.r.p.m.output.MavenErrorHandler - 	at org.junit.platform.engine.support.hierarchical.NodeTestTask.lambda$executeRecursively$8(NodeTestTask.java:141)
12:22:37.210 [Thread-8] ERROR f.i.s.r.p.m.output.MavenErrorHandler - 	at org.junit.platform.engine.support.hierarchical.Node.around(Node.java:137)
12:22:37.210 [Thread-8] ERROR f.i.s.r.p.m.output.MavenErrorHandler - 	at org.junit.platform.engine.support.hierarchical.NodeTestTask.lambda$executeRecursively$9(NodeTestTask.java:139)
12:22:37.210 [Thread-8] ERROR f.i.s.r.p.m.output.MavenErrorHandler - 	at org.junit.platform.engine.support.hierarchical.ThrowableCollector.execute(ThrowableCollector.java:73)
12:22:37.210 [Thread-8] ERROR f.i.s.r.p.m.output.MavenErrorHandler - 	at org.junit.platform.engine.support.hierarchical.NodeTestTask.executeRecursively(NodeTestTask.java:138)
12:22:37.210 [Thread-8] ERROR f.i.s.r.p.m.output.MavenErrorHandler - 	at org.junit.platform.engine.support.hierarchical.NodeTestTask.execute(NodeTestTask.java:95)
12:22:37.210 [Thread-8] ERROR f.i.s.r.p.m.output.MavenErrorHandler - 	at java.base/java.util.ArrayList.forEach(ArrayList.java:1540)
12:22:37.210 [Thread-8] ERROR f.i.s.r.p.m.output.MavenErrorHandler - 	at org.junit.platform.engine.support.hierarchical.SameThreadHierarchicalTestExecutorService.invokeAll(SameThreadHierarchicalTestExecutorService.java:41)
12:22:37.210 [Thread-8] ERROR f.i.s.r.p.m.output.MavenErrorHandler - 	at org.junit.platform.engine.support.hierarchical.NodeTestTask.lambda$executeRecursively$6(NodeTestTask.java:155)
12:22:37.210 [Thread-8] ERROR f.i.s.r.p.m.output.MavenErrorHandler - 	at org.junit.platform.engine.support.hierarchical.ThrowableCollector.execute(ThrowableCollector.java:73)
12:22:37.210 [Thread-8] ERROR f.i.s.r.p.m.output.MavenErrorHandler - 	at org.junit.platform.engine.support.hierarchical.NodeTestTask.lambda$executeRecursively$8(NodeTestTask.java:141)
12:22:37.210 [Thread-8] ERROR f.i.s.r.p.m.output.MavenErrorHandler - 	at org.junit.platform.engine.support.hierarchical.Node.around(Node.java:137)
12:22:37.210 [Thread-8] ERROR f.i.s.r.p.m.output.MavenErrorHandler - 	at org.junit.platform.engine.support.hierarchical.NodeTestTask.lambda$executeRecursively$9(NodeTestTask.java:139)
12:22:37.210 [Thread-8] ERROR f.i.s.r.p.m.output.MavenErrorHandler - 	at org.junit.platform.engine.support.hierarchical.ThrowableCollector.execute(ThrowableCollector.java:73)
12:22:37.210 [Thread-8] ERROR f.i.s.r.p.m.output.MavenErrorHandler - 	at org.junit.platform.engine.support.hierarchical.NodeTestTask.executeRecursively(NodeTestTask.java:138)
12:22:37.210 [Thread-8] ERROR f.i.s.r.p.m.output.MavenErrorHandler - 	at org.junit.platform.engine.support.hierarchical.NodeTestTask.execute(NodeTestTask.java:95)
12:22:37.210 [Thread-8] ERROR f.i.s.r.p.m.output.MavenErrorHandler - 	at org.junit.platform.engine.support.hierarchical.SameThreadHierarchicalTestExecutorService.submit(SameThreadHierarchicalTestExecutorService.java:35)
12:22:37.211 [Thread-8] ERROR f.i.s.r.p.m.output.MavenErrorHandler - 	at org.junit.platform.engine.support.hierarchical.HierarchicalTestExecutor.execute(HierarchicalTestExecutor.java:57)
12:22:37.211 [Thread-8] ERROR f.i.s.r.p.m.output.MavenErrorHandler - 	at org.junit.platform.engine.support.hierarchical.HierarchicalTestEngine.execute(HierarchicalTestEngine.java:54)
12:22:37.211 [Thread-8] ERROR f.i.s.r.p.m.output.MavenErrorHandler - 	at org.junit.platform.launcher.core.EngineExecutionOrchestrator.execute(EngineExecutionOrchestrator.java:107)
12:22:37.211 [Thread-8] ERROR f.i.s.r.p.m.output.MavenErrorHandler - 	at org.junit.platform.launcher.core.EngineExecutionOrchestrator.execute(EngineExecutionOrchestrator.java:88)
12:22:37.211 [Thread-8] ERROR f.i.s.r.p.m.output.MavenErrorHandler - 	at org.junit.platform.launcher.core.EngineExecutionOrchestrator.lambda$execute$0(EngineExecutionOrchestrator.java:54)
12:22:37.211 [Thread-8] ERROR f.i.s.r.p.m.output.MavenErrorHandler - 	at org.junit.platform.launcher.core.EngineExecutionOrchestrator.withInterceptedStreams(EngineExecutionOrchestrator.java:67)
12:22:37.211 [Thread-8] ERROR f.i.s.r.p.m.output.MavenErrorHandler - 	at org.junit.platform.launcher.core.EngineExecutionOrchestrator.execute(EngineExecutionOrchestrator.java:52)
12:22:37.211 [Thread-8] ERROR f.i.s.r.p.m.output.MavenErrorHandler - 	at org.junit.platform.launcher.core.DefaultLauncher.execute(DefaultLauncher.java:114)
12:22:37.211 [Thread-8] ERROR f.i.s.r.p.m.output.MavenErrorHandler - 	at org.junit.platform.launcher.core.DefaultLauncher.execute(DefaultLauncher.java:86)
12:22:37.211 [Thread-8] ERROR f.i.s.r.p.m.output.MavenErrorHandler - 	at org.junit.platform.launcher.core.DefaultLauncherSession$DelegatingLauncher.execute(DefaultLauncherSession.java:86)
12:22:37.211 [Thread-8] ERROR f.i.s.r.p.m.output.MavenErrorHandler - 	at org.apache.maven.surefire.junitplatform.LazyLauncher.execute(LazyLauncher.java:55)
12:22:37.211 [Thread-8] ERROR f.i.s.r.p.m.output.MavenErrorHandler - 	at org.apache.maven.surefire.junitplatform.JUnitPlatformProvider.execute(JUnitPlatformProvider.java:223)
12:22:37.211 [Thread-8] ERROR f.i.s.r.p.m.output.MavenErrorHandler - 	at org.apache.maven.surefire.junitplatform.JUnitPlatformProvider.invokeAllTests(JUnitPlatformProvider.java:175)
12:22:37.211 [Thread-8] ERROR f.i.s.r.p.m.output.MavenErrorHandler - 	at org.apache.maven.surefire.junitplatform.JUnitPlatformProvider.invoke(JUnitPlatformProvider.java:139)
12:22:37.211 [Thread-8] ERROR f.i.s.r.p.m.output.MavenErrorHandler - 	at org.apache.maven.surefire.booter.ForkedBooter.runSuitesInProcess(ForkedBooter.java:456)
12:22:37.211 [Thread-8] ERROR f.i.s.r.p.m.output.MavenErrorHandler - 	at org.apache.maven.surefire.booter.ForkedBooter.execute(ForkedBooter.java:169)
12:22:37.211 [Thread-8] ERROR f.i.s.r.p.m.output.MavenErrorHandler - 	at org.apache.maven.surefire.booter.ForkedBooter.run(ForkedBooter.java:595)
12:22:37.211 [Thread-8] ERROR f.i.s.r.p.m.output.MavenErrorHandler - 	at org.apache.maven.surefire.booter.ForkedBooter.main(ForkedBooter.java:581)
12:22:37.211 [Thread-8] ERROR f.i.s.r.p.m.output.MavenErrorHandler - 
12:22:37.408 [Thread-8] ERROR f.i.s.r.p.m.output.MavenErrorHandler - Apr 26, 2022 12:22:37 PM org.junit.jupiter.engine.descriptor.MethodBasedTestDescriptor lambda$invokeTestWatchers$3
12:22:37.408 [Thread-8] ERROR f.i.s.r.p.m.output.MavenErrorHandler - WARNING: Failed to invoke TestWatcher [spoon.test.GitHubIssue$UnresolvedBugExtension] for method [spoon.test.prettyprinter.TestSniperPrinter#testSniperDoesNotPrintTheDeletedAnnotation()] with display name [testSniperDoesNotPrintTheDeletedAnnotation()]
12:22:37.408 [Thread-8] ERROR f.i.s.r.p.m.output.MavenErrorHandler - org.opentest4j.AssertionFailedError: Method testSniperDoesNotPrintTheDeletedAnnotation must fail
12:22:37.408 [Thread-8] ERROR f.i.s.r.p.m.output.MavenErrorHandler - 	at org.junit.jupiter.api.AssertionUtils.fail(AssertionUtils.java:39)
12:22:37.408 [Thread-8] ERROR f.i.s.r.p.m.output.MavenErrorHandler - 	at org.junit.jupiter.api.Assertions.fail(Assertions.java:134)
12:22:37.408 [Thread-8] ERROR f.i.s.r.p.m.output.MavenErrorHandler - 	at spoon.test.GitHubIssue$UnresolvedBugExtension.testSuccessful(GitHubIssue.java:63)
12:22:37.408 [Thread-8] ERROR f.i.s.r.p.m.output.MavenErrorHandler - 	at org.junit.jupiter.engine.descriptor.TestMethodTestDescriptor.lambda$nodeFinished$15(TestMethodTestDescriptor.java:297)
12:22:37.408 [Thread-8] ERROR f.i.s.r.p.m.output.MavenErrorHandler - 	at org.junit.jupiter.engine.descriptor.MethodBasedTestDescriptor.lambda$invokeTestWatchers$3(MethodBasedTestDescriptor.java:134)
12:22:37.408 [Thread-8] ERROR f.i.s.r.p.m.output.MavenErrorHandler - 	at java.base/java.util.ArrayList.forEach(ArrayList.java:1540)
12:22:37.409 [Thread-8] ERROR f.i.s.r.p.m.output.MavenErrorHandler - 	at org.junit.jupiter.engine.descriptor.MethodBasedTestDescriptor.invokeTestWatchers(MethodBasedTestDescriptor.java:132)
12:22:37.409 [Thread-8] ERROR f.i.s.r.p.m.output.MavenErrorHandler - 	at org.junit.jupiter.engine.descriptor.TestMethodTestDescriptor.nodeFinished(TestMethodTestDescriptor.java:294)
12:22:37.409 [Thread-8] ERROR f.i.s.r.p.m.output.MavenErrorHandler - 	at org.junit.jupiter.engine.descriptor.TestMethodTestDescriptor.nodeFinished(TestMethodTestDescriptor.java:66)
12:22:37.409 [Thread-8] ERROR f.i.s.r.p.m.output.MavenErrorHandler - 	at org.junit.platform.engine.support.hierarchical.NodeTestTask.reportCompletion(NodeTestTask.java:188)
12:22:37.409 [Thread-8] ERROR f.i.s.r.p.m.output.MavenErrorHandler - 	at org.junit.platform.engine.support.hierarchical.NodeTestTask.execute(NodeTestTask.java:100)
12:22:37.409 [Thread-8] ERROR f.i.s.r.p.m.output.MavenErrorHandler - 	at java.base/java.util.ArrayList.forEach(ArrayList.java:1540)
12:22:37.409 [Thread-8] ERROR f.i.s.r.p.m.output.MavenErrorHandler - 	at org.junit.platform.engine.support.hierarchical.SameThreadHierarchicalTestExecutorService.invokeAll(SameThreadHierarchicalTestExecutorService.java:41)
12:22:37.409 [Thread-8] ERROR f.i.s.r.p.m.output.MavenErrorHandler - 	at org.junit.platform.engine.support.hierarchical.NodeTestTask.lambda$executeRecursively$6(NodeTestTask.java:155)
12:22:37.409 [Thread-8] ERROR f.i.s.r.p.m.output.MavenErrorHandler - 	at org.junit.platform.engine.support.hierarchical.ThrowableCollector.execute(ThrowableCollector.java:73)
12:22:37.409 [Thread-8] ERROR f.i.s.r.p.m.output.MavenErrorHandler - 	at org.junit.platform.engine.support.hierarchical.NodeTestTask.lambda$executeRecursively$8(NodeTestTask.java:141)
12:22:37.409 [Thread-8] ERROR f.i.s.r.p.m.output.MavenErrorHandler - 	at org.junit.platform.engine.support.hierarchical.Node.around(Node.java:137)
12:22:37.409 [Thread-8] ERROR f.i.s.r.p.m.output.MavenErrorHandler - 	at org.junit.platform.engine.support.hierarchical.NodeTestTask.lambda$executeRecursively$9(NodeTestTask.java:139)
12:22:37.409 [Thread-8] ERROR f.i.s.r.p.m.output.MavenErrorHandler - 	at org.junit.platform.engine.support.hierarchical.ThrowableCollector.execute(ThrowableCollector.java:73)
12:22:37.409 [Thread-8] ERROR f.i.s.r.p.m.output.MavenErrorHandler - 	at org.junit.platform.engine.support.hierarchical.NodeTestTask.executeRecursively(NodeTestTask.java:138)
12:22:37.409 [Thread-8] ERROR f.i.s.r.p.m.output.MavenErrorHandler - 	at org.junit.platform.engine.support.hierarchical.NodeTestTask.execute(NodeTestTask.java:95)
12:22:37.409 [Thread-8] ERROR f.i.s.r.p.m.output.MavenErrorHandler - 	at java.base/java.util.ArrayList.forEach(ArrayList.java:1540)
12:22:37.409 [Thread-8] ERROR f.i.s.r.p.m.output.MavenErrorHandler - 	at org.junit.platform.engine.support.hierarchical.SameThreadHierarchicalTestExecutorService.invokeAll(SameThreadHierarchicalTestExecutorService.java:41)
12:22:37.409 [Thread-8] ERROR f.i.s.r.p.m.output.MavenErrorHandler - 	at org.junit.platform.engine.support.hierarchical.NodeTestTask.lambda$executeRecursively$6(NodeTestTask.java:155)
12:22:37.409 [Thread-8] ERROR f.i.s.r.p.m.output.MavenErrorHandler - 	at org.junit.platform.engine.support.hierarchical.ThrowableCollector.execute(ThrowableCollector.java:73)
12:22:37.409 [Thread-8] ERROR f.i.s.r.p.m.output.MavenErrorHandler - 	at org.junit.platform.engine.support.hierarchical.NodeTestTask.lambda$executeRecursively$8(NodeTestTask.java:141)
12:22:37.410 [Thread-8] ERROR f.i.s.r.p.m.output.MavenErrorHandler - 	at org.junit.platform.engine.support.hierarchical.Node.around(Node.java:137)
12:22:37.410 [Thread-8] ERROR f.i.s.r.p.m.output.MavenErrorHandler - 	at org.junit.platform.engine.support.hierarchical.NodeTestTask.lambda$executeRecursively$9(NodeTestTask.java:139)
12:22:37.410 [Thread-8] ERROR f.i.s.r.p.m.output.MavenErrorHandler - 	at org.junit.platform.engine.support.hierarchical.ThrowableCollector.execute(ThrowableCollector.java:73)
12:22:37.410 [Thread-8] ERROR f.i.s.r.p.m.output.MavenErrorHandler - 	at org.junit.platform.engine.support.hierarchical.NodeTestTask.executeRecursively(NodeTestTask.java:138)
12:22:37.410 [Thread-8] ERROR f.i.s.r.p.m.output.MavenErrorHandler - 	at org.junit.platform.engine.support.hierarchical.NodeTestTask.execute(NodeTestTask.java:95)
12:22:37.410 [Thread-8] ERROR f.i.s.r.p.m.output.MavenErrorHandler - 	at org.junit.platform.engine.support.hierarchical.SameThreadHierarchicalTestExecutorService.submit(SameThreadHierarchicalTestExecutorService.java:35)
12:22:37.410 [Thread-8] ERROR f.i.s.r.p.m.output.MavenErrorHandler - 	at org.junit.platform.engine.support.hierarchical.HierarchicalTestExecutor.execute(HierarchicalTestExecutor.java:57)
12:22:37.410 [Thread-8] ERROR f.i.s.r.p.m.output.MavenErrorHandler - 	at org.junit.platform.engine.support.hierarchical.HierarchicalTestEngine.execute(HierarchicalTestEngine.java:54)
12:22:37.410 [Thread-8] ERROR f.i.s.r.p.m.output.MavenErrorHandler - 	at org.junit.platform.launcher.core.EngineExecutionOrchestrator.execute(EngineExecutionOrchestrator.java:107)
12:22:37.410 [Thread-8] ERROR f.i.s.r.p.m.output.MavenErrorHandler - 	at org.junit.platform.launcher.core.EngineExecutionOrchestrator.execute(EngineExecutionOrchestrator.java:88)
12:22:37.410 [Thread-8] ERROR f.i.s.r.p.m.output.MavenErrorHandler - 	at org.junit.platform.launcher.core.EngineExecutionOrchestrator.lambda$execute$0(EngineExecutionOrchestrator.java:54)
12:22:37.410 [Thread-8] ERROR f.i.s.r.p.m.output.MavenErrorHandler - 	at org.junit.platform.launcher.core.EngineExecutionOrchestrator.withInterceptedStreams(EngineExecutionOrchestrator.java:67)
12:22:37.410 [Thread-8] ERROR f.i.s.r.p.m.output.MavenErrorHandler - 	at org.junit.platform.launcher.core.EngineExecutionOrchestrator.execute(EngineExecutionOrchestrator.java:52)
12:22:37.410 [Thread-8] ERROR f.i.s.r.p.m.output.MavenErrorHandler - 	at org.junit.platform.launcher.core.DefaultLauncher.execute(DefaultLauncher.java:114)
12:22:37.410 [Thread-8] ERROR f.i.s.r.p.m.output.MavenErrorHandler - 	at org.junit.platform.launcher.core.DefaultLauncher.execute(DefaultLauncher.java:86)
12:22:37.410 [Thread-8] ERROR f.i.s.r.p.m.output.MavenErrorHandler - 	at org.junit.platform.launcher.core.DefaultLauncherSession$DelegatingLauncher.execute(DefaultLauncherSession.java:86)
12:22:37.410 [Thread-8] ERROR f.i.s.r.p.m.output.MavenErrorHandler - 	at org.apache.maven.surefire.junitplatform.LazyLauncher.execute(LazyLauncher.java:55)
12:22:37.410 [Thread-8] ERROR f.i.s.r.p.m.output.MavenErrorHandler - 	at org.apache.maven.surefire.junitplatform.JUnitPlatformProvider.execute(JUnitPlatformProvider.java:223)
12:22:37.410 [Thread-8] ERROR f.i.s.r.p.m.output.MavenErrorHandler - 	at org.apache.maven.surefire.junitplatform.JUnitPlatformProvider.invokeAllTests(JUnitPlatformProvider.java:175)
12:22:37.410 [Thread-8] ERROR f.i.s.r.p.m.output.MavenErrorHandler - 	at org.apache.maven.surefire.junitplatform.JUnitPlatformProvider.invoke(JUnitPlatformProvider.java:139)
12:22:37.410 [Thread-8] ERROR f.i.s.r.p.m.output.MavenErrorHandler - 	at org.apache.maven.surefire.booter.ForkedBooter.runSuitesInProcess(ForkedBooter.java:456)
12:22:37.410 [Thread-8] ERROR f.i.s.r.p.m.output.MavenErrorHandler - 	at org.apache.maven.surefire.booter.ForkedBooter.execute(ForkedBooter.java:169)
12:22:37.410 [Thread-8] ERROR f.i.s.r.p.m.output.MavenErrorHandler - 	at org.apache.maven.surefire.booter.ForkedBooter.run(ForkedBooter.java:595)
12:22:37.410 [Thread-8] ERROR f.i.s.r.p.m.output.MavenErrorHandler - 	at org.apache.maven.surefire.booter.ForkedBooter.main(ForkedBooter.java:581)
12:22:37.410 [Thread-8] ERROR f.i.s.r.p.m.output.MavenErrorHandler - 
12:23:16.798 [main] INFO  f.i.s.r.p.s.paths.ComputeSourceDir - 1 source dir was found:
12:23:16.798 [main] INFO  f.i.s.r.p.s.paths.ComputeSourceDir - /root/workspace/INRIA-spoon-master-4699_repo/src/main/java
12:23:16.841 [main] INFO  f.i.s.r.p.step.paths.ComputeTestDir - It seems the step is entering in a loop while searching the test dir. The following file has already been visited: /root/workspace/INRIA-spoon-master-4699_repo/pom.xml
12:23:16.841 [main] INFO  f.i.s.r.p.step.paths.ComputeTestDir - 1 test dir was found:
12:23:16.841 [main] INFO  f.i.s.r.p.step.paths.ComputeTestDir - /root/workspace/INRIA-spoon-master-4699_repo/src/test/java
12:23:17.111 [main] INFO  f.i.s.r.p.s.g.GatherTestInformation - ---Test results---
12:23:17.111 [main] INFO  f.i.s.r.p.s.g.GatherTestInformation -    Total tests: 2171
12:23:17.111 [main] INFO  f.i.s.r.p.s.g.GatherTestInformation -    Tests run: 2158
12:23:17.111 [main] INFO  f.i.s.r.p.s.g.GatherTestInformation -    Tests passing: 2158
12:23:17.111 [main] INFO  f.i.s.r.p.s.g.GatherTestInformation -    Failures: 0
12:23:17.111 [main] INFO  f.i.s.r.p.s.g.GatherTestInformation -    Errors: 0
12:23:17.111 [main] INFO  f.i.s.r.p.s.g.GatherTestInformation -    Skipped: 13
12:23:17.111 [main] INFO  f.i.s.r.p.s.g.GatherTestInformation - 
12:23:17.847 [main] INFO  f.i.s.r.p.i.ProjectInspector - ----------------------------------------------------------------------
12:23:17.848 [main] INFO  f.i.s.r.p.i.ProjectInspector - PIPELINE EXECUTION SUMMARY
12:23:17.848 [main] INFO  f.i.s.r.p.i.ProjectInspector - ----------------------------------------------------------------------
12:23:17.848 [main] INFO  f.i.s.r.p.i.ProjectInspector - CloneCheckoutGitPullRequest..........................SUCCESS [  10 s ]
12:23:17.848 [main] INFO  f.i.s.r.p.i.ProjectInspector - BuildProject.........................................SUCCESS [  55 s ]
12:23:17.848 [main] INFO  f.i.s.r.p.i.ProjectInspector - TestProject..........................................SUCCESS [ 205 s ]
12:23:17.848 [main] INFO  f.i.s.r.p.i.ProjectInspector - ComputeClasspath.....................................SUCCESS [   4 s ]
12:23:17.848 [main] INFO  f.i.s.r.p.i.ProjectInspector - ComputeSourceDir.....................................SUCCESS [   0 s ]
12:23:17.848 [main] INFO  f.i.s.r.p.i.ProjectInspector - ComputeTestDir.......................................SUCCESS [   0 s ]
12:23:17.848 [main] INFO  f.i.s.r.p.i.ProjectInspector - GatherTestInformation................................FAILURE [   0 s ]
12:23:17.848 [main] INFO  f.i.s.r.p.i.ProjectInspector - FlacocoLocalization..................................NOT RUN          
12:23:17.848 [main] INFO  f.i.s.r.p.i.ProjectInspector - PushFaultLocalizationSuggestions.....................NOT RUN          
12:23:17.848 [main] INFO  f.i.s.r.p.i.ProjectInspector - ----------------------------------------------------------------------
12:23:17.848 [main] INFO  f.i.s.r.p.i.ProjectInspector - PIPELINE FINDING: NOTFAILING
12:23:17.848 [main] INFO  f.i.s.r.p.i.ProjectInspector - ----------------------------------------------------------------------
12:23:17.848 [main] INFO  f.i.s.r.p.github.GithubMainProcess - Inspector is finished. The process will exit now.
