Execute pipeline with following supplementary args: --smtpPort 25 --listenerMode NOOP --launcherMode FAULT_LOCALIZATION  --gitrepourl https://github.com/apache/rocketmq --gitrepopullrequest 4195
java -cp /usr/local/openjdk-11/lib/tools.jar:repairnator-pipeline.jar -Dlogback.configurationFile=/root/logback.xml fr.inria.spirals.repairnator.pipeline.Launcher -d --runId null -o /var/log --ghOauth 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 --faultLocalization --flacocoThreshold 0.0 --flacocoTopK null --flacocoResultsRepository flacocobot/2022-flacocobot-experiment --ghOauth  --smtpPort 25 --listenerMode NOOP --launcherMode FAULT_LOCALIZATION  --gitrepourl https://github.com/apache/rocketmq --gitrepopullrequest 4195

11:19:04.926 [main] INFO  f.i.s.r.p.g.GithubInitSerializerEngines - Initialize file serializer engines.
11:19:04.928 [main] INFO  f.i.s.r.p.g.GithubInitSerializerEngines - MongoDB won't be used for serialization.
11:19:04.928 [main] INFO  f.i.s.r.p.github.GithubInitNotifiers - The email notifier engine won't be used.
11:19:04.946 [main] INFO  f.i.s.r.p.i.ProjectInspector - ----------------------------------------------------------------------
11:19:04.946 [main] INFO  f.i.s.r.p.i.ProjectInspector - PIPELINE STEPS
11:19:04.946 [main] INFO  f.i.s.r.p.i.ProjectInspector - ----------------------------------------------------------------------
11:19:04.946 [main] INFO  f.i.s.r.p.i.ProjectInspector - CloneCheckoutGitPullRequest
11:19:04.946 [main] INFO  f.i.s.r.p.i.ProjectInspector - BuildProject
11:19:04.946 [main] INFO  f.i.s.r.p.i.ProjectInspector - TestProject
11:19:04.946 [main] INFO  f.i.s.r.p.i.ProjectInspector - ComputeClasspath
11:19:04.946 [main] INFO  f.i.s.r.p.i.ProjectInspector - ComputeSourceDir
11:19:04.946 [main] INFO  f.i.s.r.p.i.ProjectInspector - ComputeTestDir
11:19:04.946 [main] INFO  f.i.s.r.p.i.ProjectInspector - GatherTestInformation
11:19:04.946 [main] INFO  f.i.s.r.p.i.ProjectInspector - FlacocoLocalization
11:19:04.946 [main] INFO  f.i.s.r.p.i.ProjectInspector - PushFaultLocalizationSuggestionsOnGitHubRepository
11:19:04.946 [main] INFO  f.i.s.r.p.s.CloneCheckoutGitPullRequest - Cloning repository https://github.com/apache/rocketmq.git in the following directory: ./workspace/apache-rocketmq-master-4195_repo
11:19:35.911 [Thread-4] ERROR f.i.s.r.p.m.o.MavenFilterOutputHandler - [ERROR] Failed to execute goal on project rocketmq-namesrv: Could not resolve dependencies for project org.apache.rocketmq:rocketmq-namesrv:jar:5.0.0-BETA-SNAPSHOT: Could not find artifact io.openmessaging.storage:dledger:jar:0.2.5-statemachine in central (https://repo.maven.apache.org/maven2) -> [Help 1]
11:19:35.923 [Thread-4] ERROR f.i.s.r.p.m.o.MavenFilterOutputHandler - [ERROR] 
11:19:35.924 [Thread-4] ERROR f.i.s.r.p.m.o.MavenFilterOutputHandler - [ERROR] Re-run Maven using the -X switch to enable full debug logging.
11:19:35.924 [Thread-4] ERROR f.i.s.r.p.m.o.MavenFilterOutputHandler - [ERROR] 
11:19:35.924 [Thread-4] ERROR f.i.s.r.p.m.o.MavenFilterOutputHandler - [ERROR] For more information about the errors and possible solutions, please read the following articles:
11:19:35.924 [Thread-4] ERROR f.i.s.r.p.m.o.MavenFilterOutputHandler - [ERROR] [Help 1] http://cwiki.apache.org/confluence/display/MAVEN/DependencyResolutionException
11:19:35.924 [Thread-4] ERROR f.i.s.r.p.m.o.MavenFilterOutputHandler - [ERROR] 
11:19:35.924 [Thread-4] ERROR f.i.s.r.p.m.o.MavenFilterOutputHandler - [ERROR] After correcting the problems, you can resume the build with the command
11:19:35.924 [Thread-4] ERROR f.i.s.r.p.m.o.MavenFilterOutputHandler - [ERROR]   mvn <goals> -rf :rocketmq-namesrv
11:19:36.605 [main] ERROR f.i.s.r.process.step.BuildProject - Repository apache/rocketmq cannot be built.
11:19:36.606 [main] INFO  f.i.s.r.process.step.BuildProject - 
11:19:37.001 [main] INFO  f.i.s.r.p.i.ProjectInspector - ----------------------------------------------------------------------
11:19:37.001 [main] INFO  f.i.s.r.p.i.ProjectInspector - PIPELINE EXECUTION SUMMARY
11:19:37.002 [main] INFO  f.i.s.r.p.i.ProjectInspector - ----------------------------------------------------------------------
11:19:37.002 [main] INFO  f.i.s.r.p.i.ProjectInspector - CloneCheckoutGitPullRequest...........................SUCCESS [  7 s ]
11:19:37.002 [main] INFO  f.i.s.r.p.i.ProjectInspector - BuildProject..........................................FAILURE [ 24 s ]
11:19:37.002 [main] INFO  f.i.s.r.p.i.ProjectInspector - TestProject...........................................NOT RUN         
11:19:37.002 [main] INFO  f.i.s.r.p.i.ProjectInspector - ComputeClasspath......................................NOT RUN         
11:19:37.002 [main] INFO  f.i.s.r.p.i.ProjectInspector - ComputeSourceDir......................................NOT RUN         
11:19:37.002 [main] INFO  f.i.s.r.p.i.ProjectInspector - ComputeTestDir........................................NOT RUN         
11:19:37.002 [main] INFO  f.i.s.r.p.i.ProjectInspector - GatherTestInformation.................................NOT RUN         
11:19:37.002 [main] INFO  f.i.s.r.p.i.ProjectInspector - FlacocoLocalization...................................NOT RUN         
11:19:37.002 [main] INFO  f.i.s.r.p.i.ProjectInspector - PushFaultLocalizationSuggestionsOnGitHubRepository....NOT RUN         
11:19:37.003 [main] INFO  f.i.s.r.p.i.ProjectInspector - ----------------------------------------------------------------------
11:19:37.004 [main] INFO  f.i.s.r.p.i.ProjectInspector - PIPELINE FINDING: NOTBUILDABLE
11:19:37.004 [main] INFO  f.i.s.r.p.i.ProjectInspector - ----------------------------------------------------------------------
11:19:37.004 [main] INFO  f.i.s.r.p.github.GithubMainProcess - Inspector is finished. The process will exit now.
