Execute pipeline with following supplementary args: --smtpPort 25 --listenerMode NOOP --launcherMode FAULT_LOCALIZATION  --gitrepourl https://github.com/apache/rocketmq --gitrepopullrequest 4100
java -cp /usr/local/openjdk-11/lib/tools.jar:repairnator-pipeline.jar -Dlogback.configurationFile=/root/logback.xml fr.inria.spirals.repairnator.pipeline.Launcher -d --runId null -o /var/log --ghOauth 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 --faultLocalization --flacocoThreshold 0.0 --flacocoTopK null --flacocoResultsRepository flacocobot/2022-flacocobot-experiment --ghOauth  --smtpPort 25 --listenerMode NOOP --launcherMode FAULT_LOCALIZATION  --gitrepourl https://github.com/apache/rocketmq --gitrepopullrequest 4100

16:21:45.235 [main] INFO  f.i.s.r.p.g.GithubInitSerializerEngines - Initialize file serializer engines.
16:21:45.237 [main] INFO  f.i.s.r.p.g.GithubInitSerializerEngines - MongoDB won't be used for serialization.
16:21:45.237 [main] INFO  f.i.s.r.p.github.GithubInitNotifiers - The email notifier engine won't be used.
16:21:45.256 [main] INFO  f.i.s.r.p.i.ProjectInspector - ----------------------------------------------------------------------
16:21:45.256 [main] INFO  f.i.s.r.p.i.ProjectInspector - PIPELINE STEPS
16:21:45.256 [main] INFO  f.i.s.r.p.i.ProjectInspector - ----------------------------------------------------------------------
16:21:45.256 [main] INFO  f.i.s.r.p.i.ProjectInspector - CloneCheckoutGitPullRequest
16:21:45.256 [main] INFO  f.i.s.r.p.i.ProjectInspector - BuildProject
16:21:45.256 [main] INFO  f.i.s.r.p.i.ProjectInspector - TestProject
16:21:45.256 [main] INFO  f.i.s.r.p.i.ProjectInspector - ComputeClasspath
16:21:45.256 [main] INFO  f.i.s.r.p.i.ProjectInspector - ComputeSourceDir
16:21:45.256 [main] INFO  f.i.s.r.p.i.ProjectInspector - ComputeTestDir
16:21:45.256 [main] INFO  f.i.s.r.p.i.ProjectInspector - GatherTestInformation
16:21:45.256 [main] INFO  f.i.s.r.p.i.ProjectInspector - FlacocoLocalization
16:21:45.256 [main] INFO  f.i.s.r.p.i.ProjectInspector - PushFaultLocalizationSuggestionsOnGitHubRepository
16:21:45.256 [main] INFO  f.i.s.r.p.s.CloneCheckoutGitPullRequest - Cloning repository https://github.com/apache/rocketmq.git in the following directory: ./workspace/apache-rocketmq-master-4100_repo
16:22:12.887 [Thread-4] ERROR f.i.s.r.p.m.o.MavenFilterOutputHandler - [ERROR] COMPILATION ERROR : 
16:22:12.888 [Thread-4] ERROR f.i.s.r.p.m.o.MavenFilterOutputHandler - [ERROR] /root/workspace/apache-rocketmq-master-4100_repo/test/src/main/java/org/apache/rocketmq/test/util/StatUtil.java:[32,24] package javax.annotation does not exist
16:22:12.888 [Thread-4] ERROR f.i.s.r.p.m.o.MavenFilterOutputHandler - [ERROR] /root/workspace/apache-rocketmq-master-4100_repo/test/src/main/java/org/apache/rocketmq/test/util/StatUtil.java:[39,2] cannot find symbol
16:22:12.890 [Thread-4] ERROR f.i.s.r.p.m.o.MavenFilterOutputHandler - [ERROR] Failed to execute goal org.apache.maven.plugins:maven-compiler-plugin:3.5.1:compile (default-compile) on project rocketmq-test: Compilation failure: Compilation failure: 
16:22:12.891 [Thread-4] ERROR f.i.s.r.p.m.o.MavenFilterOutputHandler - [ERROR] /root/workspace/apache-rocketmq-master-4100_repo/test/src/main/java/org/apache/rocketmq/test/util/StatUtil.java:[32,24] package javax.annotation does not exist
16:22:12.891 [Thread-4] ERROR f.i.s.r.p.m.o.MavenFilterOutputHandler - [ERROR] /root/workspace/apache-rocketmq-master-4100_repo/test/src/main/java/org/apache/rocketmq/test/util/StatUtil.java:[39,2] cannot find symbol
16:22:12.891 [Thread-4] ERROR f.i.s.r.p.m.o.MavenFilterOutputHandler - [ERROR]   symbol: class Generated
16:22:12.891 [Thread-4] ERROR f.i.s.r.p.m.o.MavenFilterOutputHandler - [ERROR] -> [Help 1]
16:22:12.894 [Thread-4] ERROR f.i.s.r.p.m.o.MavenFilterOutputHandler - [ERROR] 
16:22:12.894 [Thread-4] ERROR f.i.s.r.p.m.o.MavenFilterOutputHandler - [ERROR] Re-run Maven using the -X switch to enable full debug logging.
16:22:12.894 [Thread-4] ERROR f.i.s.r.p.m.o.MavenFilterOutputHandler - [ERROR] 
16:22:12.894 [Thread-4] ERROR f.i.s.r.p.m.o.MavenFilterOutputHandler - [ERROR] For more information about the errors and possible solutions, please read the following articles:
16:22:12.894 [Thread-4] ERROR f.i.s.r.p.m.o.MavenFilterOutputHandler - [ERROR] [Help 1] http://cwiki.apache.org/confluence/display/MAVEN/MojoFailureException
16:22:12.894 [Thread-4] ERROR f.i.s.r.p.m.o.MavenFilterOutputHandler - [ERROR] 
16:22:12.894 [Thread-4] ERROR f.i.s.r.p.m.o.MavenFilterOutputHandler - [ERROR] After correcting the problems, you can resume the build with the command
16:22:12.894 [Thread-4] ERROR f.i.s.r.p.m.o.MavenFilterOutputHandler - [ERROR]   mvn <goals> -rf :rocketmq-test
16:22:13.781 [main] ERROR f.i.s.r.process.step.BuildProject - Repository apache/rocketmq cannot be built.
16:22:13.781 [main] INFO  f.i.s.r.process.step.BuildProject - 
16:22:14.014 [main] INFO  f.i.s.r.p.i.ProjectInspector - ----------------------------------------------------------------------
16:22:14.014 [main] INFO  f.i.s.r.p.i.ProjectInspector - PIPELINE EXECUTION SUMMARY
16:22:14.014 [main] INFO  f.i.s.r.p.i.ProjectInspector - ----------------------------------------------------------------------
16:22:14.014 [main] INFO  f.i.s.r.p.i.ProjectInspector - CloneCheckoutGitPullRequest...........................SUCCESS [  7 s ]
16:22:14.014 [main] INFO  f.i.s.r.p.i.ProjectInspector - BuildProject..........................................FAILURE [ 21 s ]
16:22:14.014 [main] INFO  f.i.s.r.p.i.ProjectInspector - TestProject...........................................NOT RUN         
16:22:14.014 [main] INFO  f.i.s.r.p.i.ProjectInspector - ComputeClasspath......................................NOT RUN         
16:22:14.014 [main] INFO  f.i.s.r.p.i.ProjectInspector - ComputeSourceDir......................................NOT RUN         
16:22:14.014 [main] INFO  f.i.s.r.p.i.ProjectInspector - ComputeTestDir........................................NOT RUN         
16:22:14.014 [main] INFO  f.i.s.r.p.i.ProjectInspector - GatherTestInformation.................................NOT RUN         
16:22:14.014 [main] INFO  f.i.s.r.p.i.ProjectInspector - FlacocoLocalization...................................NOT RUN         
16:22:14.015 [main] INFO  f.i.s.r.p.i.ProjectInspector - PushFaultLocalizationSuggestionsOnGitHubRepository....NOT RUN         
16:22:14.015 [main] INFO  f.i.s.r.p.i.ProjectInspector - ----------------------------------------------------------------------
16:22:14.015 [main] INFO  f.i.s.r.p.i.ProjectInspector - PIPELINE FINDING: NOTBUILDABLE
16:22:14.015 [main] INFO  f.i.s.r.p.i.ProjectInspector - ----------------------------------------------------------------------
16:22:14.015 [main] INFO  f.i.s.r.p.github.GithubMainProcess - Inspector is finished. The process will exit now.
