Execute pipeline with following supplementary args: --smtpPort 25 --listenerMode NOOP --launcherMode FAULT_LOCALIZATION  --gitrepourl https://github.com/apache/rocketmq --gitrepopullrequest 4225
java -cp /usr/local/openjdk-11/lib/tools.jar:repairnator-pipeline.jar -Dlogback.configurationFile=/root/logback.xml fr.inria.spirals.repairnator.pipeline.Launcher -d --runId null -o /var/log --ghOauth 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 --faultLocalization --flacocoThreshold 0.0 --flacocoTopK null --flacocoResultsRepository flacocobot/2022-flacocobot-experiment --ghOauth  --smtpPort 25 --listenerMode NOOP --launcherMode FAULT_LOCALIZATION  --gitrepourl https://github.com/apache/rocketmq --gitrepopullrequest 4225

05:22:29.711 [main] INFO  f.i.s.r.p.g.GithubInitSerializerEngines - Initialize file serializer engines.
05:22:29.713 [main] INFO  f.i.s.r.p.g.GithubInitSerializerEngines - MongoDB won't be used for serialization.
05:22:29.713 [main] INFO  f.i.s.r.p.github.GithubInitNotifiers - The email notifier engine won't be used.
05:22:29.728 [main] INFO  f.i.s.r.p.i.ProjectInspector - ----------------------------------------------------------------------
05:22:29.728 [main] INFO  f.i.s.r.p.i.ProjectInspector - PIPELINE STEPS
05:22:29.728 [main] INFO  f.i.s.r.p.i.ProjectInspector - ----------------------------------------------------------------------
05:22:29.728 [main] INFO  f.i.s.r.p.i.ProjectInspector - CloneCheckoutGitPullRequest
05:22:29.728 [main] INFO  f.i.s.r.p.i.ProjectInspector - BuildProject
05:22:29.728 [main] INFO  f.i.s.r.p.i.ProjectInspector - TestProject
05:22:29.728 [main] INFO  f.i.s.r.p.i.ProjectInspector - ComputeClasspath
05:22:29.728 [main] INFO  f.i.s.r.p.i.ProjectInspector - ComputeSourceDir
05:22:29.728 [main] INFO  f.i.s.r.p.i.ProjectInspector - ComputeTestDir
05:22:29.728 [main] INFO  f.i.s.r.p.i.ProjectInspector - GatherTestInformation
05:22:29.728 [main] INFO  f.i.s.r.p.i.ProjectInspector - FlacocoLocalization
05:22:29.728 [main] INFO  f.i.s.r.p.i.ProjectInspector - PushFaultLocalizationSuggestionsOnGitHubRepository
05:22:29.729 [main] INFO  f.i.s.r.p.s.CloneCheckoutGitPullRequest - Cloning repository https://github.com/apache/rocketmq.git in the following directory: ./workspace/apache-rocketmq-master-4225_repo
05:22:52.447 [Thread-4] ERROR f.i.s.r.p.m.o.MavenFilterOutputHandler - [ERROR] Failed to execute goal on project rocketmq-acl: Could not resolve dependencies for project org.apache.rocketmq:rocketmq-acl:jar:5.0.0-BETA-SNAPSHOT: Could not find artifact org.apache.rocketmq:rocketmq-proto:jar:2.0.0-SNAPSHOT in apache.snapshots (https://repository.apache.org/snapshots) -> [Help 1]
05:22:52.458 [Thread-4] ERROR f.i.s.r.p.m.o.MavenFilterOutputHandler - [ERROR] 
05:22:52.458 [Thread-4] ERROR f.i.s.r.p.m.o.MavenFilterOutputHandler - [ERROR] Re-run Maven using the -X switch to enable full debug logging.
05:22:52.458 [Thread-4] ERROR f.i.s.r.p.m.o.MavenFilterOutputHandler - [ERROR] 
05:22:52.459 [Thread-4] ERROR f.i.s.r.p.m.o.MavenFilterOutputHandler - [ERROR] For more information about the errors and possible solutions, please read the following articles:
05:22:52.459 [Thread-4] ERROR f.i.s.r.p.m.o.MavenFilterOutputHandler - [ERROR] [Help 1] http://cwiki.apache.org/confluence/display/MAVEN/DependencyResolutionException
05:22:52.459 [Thread-4] ERROR f.i.s.r.p.m.o.MavenFilterOutputHandler - [ERROR] 
05:22:52.459 [Thread-4] ERROR f.i.s.r.p.m.o.MavenFilterOutputHandler - [ERROR] After correcting the problems, you can resume the build with the command
05:22:52.459 [Thread-4] ERROR f.i.s.r.p.m.o.MavenFilterOutputHandler - [ERROR]   mvn <goals> -rf :rocketmq-acl
05:22:53.475 [main] ERROR f.i.s.r.process.step.BuildProject - Repository apache/rocketmq cannot be built.
05:22:53.476 [main] INFO  f.i.s.r.process.step.BuildProject - 
05:22:53.672 [main] INFO  f.i.s.r.p.i.ProjectInspector - ----------------------------------------------------------------------
05:22:53.672 [main] INFO  f.i.s.r.p.i.ProjectInspector - PIPELINE EXECUTION SUMMARY
05:22:53.672 [main] INFO  f.i.s.r.p.i.ProjectInspector - ----------------------------------------------------------------------
05:22:53.672 [main] INFO  f.i.s.r.p.i.ProjectInspector - CloneCheckoutGitPullRequest...........................SUCCESS [  6 s ]
05:22:53.672 [main] INFO  f.i.s.r.p.i.ProjectInspector - BuildProject..........................................FAILURE [ 17 s ]
05:22:53.672 [main] INFO  f.i.s.r.p.i.ProjectInspector - TestProject...........................................NOT RUN         
05:22:53.672 [main] INFO  f.i.s.r.p.i.ProjectInspector - ComputeClasspath......................................NOT RUN         
05:22:53.673 [main] INFO  f.i.s.r.p.i.ProjectInspector - ComputeSourceDir......................................NOT RUN         
05:22:53.673 [main] INFO  f.i.s.r.p.i.ProjectInspector - ComputeTestDir........................................NOT RUN         
05:22:53.673 [main] INFO  f.i.s.r.p.i.ProjectInspector - GatherTestInformation.................................NOT RUN         
05:22:53.673 [main] INFO  f.i.s.r.p.i.ProjectInspector - FlacocoLocalization...................................NOT RUN         
05:22:53.673 [main] INFO  f.i.s.r.p.i.ProjectInspector - PushFaultLocalizationSuggestionsOnGitHubRepository....NOT RUN         
05:22:53.673 [main] INFO  f.i.s.r.p.i.ProjectInspector - ----------------------------------------------------------------------
05:22:53.673 [main] INFO  f.i.s.r.p.i.ProjectInspector - PIPELINE FINDING: NOTBUILDABLE
05:22:53.673 [main] INFO  f.i.s.r.p.i.ProjectInspector - ----------------------------------------------------------------------
05:22:53.673 [main] INFO  f.i.s.r.p.github.GithubMainProcess - Inspector is finished. The process will exit now.
