Execute pipeline with following supplementary args: --smtpPort 25 --listenerMode NOOP --launcherMode FAULT_LOCALIZATION  --gitrepourl https://github.com/apache/rocketmq --gitrepopullrequest 4225
java -cp /usr/local/openjdk-11/lib/tools.jar:repairnator-pipeline.jar -Dlogback.configurationFile=/root/logback.xml fr.inria.spirals.repairnator.pipeline.Launcher -d --runId null -o /var/log --ghOauth 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 --faultLocalization --flacocoThreshold 0.0 --flacocoTopK null --flacocoResultsRepository flacocobot/2022-flacocobot-experiment --ghOauth  --smtpPort 25 --listenerMode NOOP --launcherMode FAULT_LOCALIZATION  --gitrepourl https://github.com/apache/rocketmq --gitrepopullrequest 4225

07:36:05.456 [main] INFO  f.i.s.r.p.g.GithubInitSerializerEngines - Initialize file serializer engines.
07:36:05.457 [main] INFO  f.i.s.r.p.g.GithubInitSerializerEngines - MongoDB won't be used for serialization.
07:36:05.457 [main] INFO  f.i.s.r.p.github.GithubInitNotifiers - The email notifier engine won't be used.
07:36:05.471 [main] INFO  f.i.s.r.p.i.ProjectInspector - ----------------------------------------------------------------------
07:36:05.471 [main] INFO  f.i.s.r.p.i.ProjectInspector - PIPELINE STEPS
07:36:05.471 [main] INFO  f.i.s.r.p.i.ProjectInspector - ----------------------------------------------------------------------
07:36:05.471 [main] INFO  f.i.s.r.p.i.ProjectInspector - CloneCheckoutGitPullRequest
07:36:05.471 [main] INFO  f.i.s.r.p.i.ProjectInspector - BuildProject
07:36:05.471 [main] INFO  f.i.s.r.p.i.ProjectInspector - TestProject
07:36:05.471 [main] INFO  f.i.s.r.p.i.ProjectInspector - ComputeClasspath
07:36:05.471 [main] INFO  f.i.s.r.p.i.ProjectInspector - ComputeSourceDir
07:36:05.471 [main] INFO  f.i.s.r.p.i.ProjectInspector - ComputeTestDir
07:36:05.471 [main] INFO  f.i.s.r.p.i.ProjectInspector - GatherTestInformation
07:36:05.471 [main] INFO  f.i.s.r.p.i.ProjectInspector - FlacocoLocalization
07:36:05.471 [main] INFO  f.i.s.r.p.i.ProjectInspector - PushFaultLocalizationSuggestionsOnGitHubRepository
07:36:05.471 [main] INFO  f.i.s.r.p.s.CloneCheckoutGitPullRequest - Cloning repository https://github.com/apache/rocketmq.git in the following directory: ./workspace/apache-rocketmq-master-4225_repo
07:36:24.187 [Thread-4] ERROR f.i.s.r.p.m.o.MavenFilterOutputHandler - [ERROR] Failed to execute goal on project rocketmq-acl: Could not resolve dependencies for project org.apache.rocketmq:rocketmq-acl:jar:5.0.0-BETA-SNAPSHOT: Could not find artifact org.apache.rocketmq:rocketmq-proto:jar:2.0.0-SNAPSHOT in apache.snapshots (https://repository.apache.org/snapshots) -> [Help 1]
07:36:24.196 [Thread-4] ERROR f.i.s.r.p.m.o.MavenFilterOutputHandler - [ERROR] 
07:36:24.196 [Thread-4] ERROR f.i.s.r.p.m.o.MavenFilterOutputHandler - [ERROR] Re-run Maven using the -X switch to enable full debug logging.
07:36:24.196 [Thread-4] ERROR f.i.s.r.p.m.o.MavenFilterOutputHandler - [ERROR] 
07:36:24.196 [Thread-4] ERROR f.i.s.r.p.m.o.MavenFilterOutputHandler - [ERROR] For more information about the errors and possible solutions, please read the following articles:
07:36:24.196 [Thread-4] ERROR f.i.s.r.p.m.o.MavenFilterOutputHandler - [ERROR] [Help 1] http://cwiki.apache.org/confluence/display/MAVEN/DependencyResolutionException
07:36:24.196 [Thread-4] ERROR f.i.s.r.p.m.o.MavenFilterOutputHandler - [ERROR] 
07:36:24.196 [Thread-4] ERROR f.i.s.r.p.m.o.MavenFilterOutputHandler - [ERROR] After correcting the problems, you can resume the build with the command
07:36:24.196 [Thread-4] ERROR f.i.s.r.p.m.o.MavenFilterOutputHandler - [ERROR]   mvn <goals> -rf :rocketmq-acl
07:36:24.424 [main] ERROR f.i.s.r.process.step.BuildProject - Repository apache/rocketmq cannot be built.
07:36:24.426 [main] INFO  f.i.s.r.process.step.BuildProject - 
07:36:24.625 [main] INFO  f.i.s.r.p.i.ProjectInspector - ----------------------------------------------------------------------
07:36:24.625 [main] INFO  f.i.s.r.p.i.ProjectInspector - PIPELINE EXECUTION SUMMARY
07:36:24.625 [main] INFO  f.i.s.r.p.i.ProjectInspector - ----------------------------------------------------------------------
07:36:24.625 [main] INFO  f.i.s.r.p.i.ProjectInspector - CloneCheckoutGitPullRequest...........................SUCCESS [  6 s ]
07:36:24.625 [main] INFO  f.i.s.r.p.i.ProjectInspector - BuildProject..........................................FAILURE [ 12 s ]
07:36:24.625 [main] INFO  f.i.s.r.p.i.ProjectInspector - TestProject...........................................NOT RUN         
07:36:24.625 [main] INFO  f.i.s.r.p.i.ProjectInspector - ComputeClasspath......................................NOT RUN         
07:36:24.625 [main] INFO  f.i.s.r.p.i.ProjectInspector - ComputeSourceDir......................................NOT RUN         
07:36:24.625 [main] INFO  f.i.s.r.p.i.ProjectInspector - ComputeTestDir........................................NOT RUN         
07:36:24.626 [main] INFO  f.i.s.r.p.i.ProjectInspector - GatherTestInformation.................................NOT RUN         
07:36:24.626 [main] INFO  f.i.s.r.p.i.ProjectInspector - FlacocoLocalization...................................NOT RUN         
07:36:24.626 [main] INFO  f.i.s.r.p.i.ProjectInspector - PushFaultLocalizationSuggestionsOnGitHubRepository....NOT RUN         
07:36:24.626 [main] INFO  f.i.s.r.p.i.ProjectInspector - ----------------------------------------------------------------------
07:36:24.626 [main] INFO  f.i.s.r.p.i.ProjectInspector - PIPELINE FINDING: NOTBUILDABLE
07:36:24.626 [main] INFO  f.i.s.r.p.i.ProjectInspector - ----------------------------------------------------------------------
07:36:24.626 [main] INFO  f.i.s.r.p.github.GithubMainProcess - Inspector is finished. The process will exit now.
