Execute pipeline with following supplementary args: --smtpPort 25 --listenerMode NOOP --launcherMode FAULT_LOCALIZATION  --gitrepourl https://github.com/apache/rocketmq --gitrepopullrequest 4212
java -cp /usr/local/openjdk-11/lib/tools.jar:repairnator-pipeline.jar -Dlogback.configurationFile=/root/logback.xml fr.inria.spirals.repairnator.pipeline.Launcher -d --runId null -o /var/log --ghOauth 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 --faultLocalization --flacocoThreshold 0.0 --flacocoTopK null --flacocoResultsRepository flacocobot/2022-flacocobot-experiment --ghOauth  --smtpPort 25 --listenerMode NOOP --launcherMode FAULT_LOCALIZATION  --gitrepourl https://github.com/apache/rocketmq --gitrepopullrequest 4212

07:27:00.355 [main] INFO  f.i.s.r.p.g.GithubInitSerializerEngines - Initialize file serializer engines.
07:27:00.357 [main] INFO  f.i.s.r.p.g.GithubInitSerializerEngines - MongoDB won't be used for serialization.
07:27:00.357 [main] INFO  f.i.s.r.p.github.GithubInitNotifiers - The email notifier engine won't be used.
07:27:00.369 [main] INFO  f.i.s.r.p.i.ProjectInspector - ----------------------------------------------------------------------
07:27:00.369 [main] INFO  f.i.s.r.p.i.ProjectInspector - PIPELINE STEPS
07:27:00.369 [main] INFO  f.i.s.r.p.i.ProjectInspector - ----------------------------------------------------------------------
07:27:00.369 [main] INFO  f.i.s.r.p.i.ProjectInspector - CloneCheckoutGitPullRequest
07:27:00.369 [main] INFO  f.i.s.r.p.i.ProjectInspector - BuildProject
07:27:00.369 [main] INFO  f.i.s.r.p.i.ProjectInspector - TestProject
07:27:00.369 [main] INFO  f.i.s.r.p.i.ProjectInspector - ComputeClasspath
07:27:00.369 [main] INFO  f.i.s.r.p.i.ProjectInspector - ComputeSourceDir
07:27:00.369 [main] INFO  f.i.s.r.p.i.ProjectInspector - ComputeTestDir
07:27:00.369 [main] INFO  f.i.s.r.p.i.ProjectInspector - GatherTestInformation
07:27:00.369 [main] INFO  f.i.s.r.p.i.ProjectInspector - FlacocoLocalization
07:27:00.370 [main] INFO  f.i.s.r.p.i.ProjectInspector - PushFaultLocalizationSuggestionsOnGitHubRepository
07:27:00.370 [main] INFO  f.i.s.r.p.s.CloneCheckoutGitPullRequest - Cloning repository https://github.com/apache/rocketmq.git in the following directory: ./workspace/apache-rocketmq-master-4212_repo
07:27:19.611 [Thread-4] ERROR f.i.s.r.p.m.o.MavenFilterOutputHandler - [ERROR] COMPILATION ERROR : 
07:27:19.612 [Thread-4] ERROR f.i.s.r.p.m.o.MavenFilterOutputHandler - [ERROR] /root/workspace/apache-rocketmq-master-4212_repo/test/src/main/java/org/apache/rocketmq/test/util/StatUtil.java:[32,24] cannot find symbol
07:27:19.612 [Thread-4] ERROR f.i.s.r.p.m.o.MavenFilterOutputHandler - [ERROR] /root/workspace/apache-rocketmq-master-4212_repo/test/src/main/java/org/apache/rocketmq/test/util/StatUtil.java:[39,2] cannot find symbol
07:27:19.614 [Thread-4] ERROR f.i.s.r.p.m.o.MavenFilterOutputHandler - [ERROR] Failed to execute goal org.apache.maven.plugins:maven-compiler-plugin:3.5.1:compile (default-compile) on project rocketmq-test: Compilation failure: Compilation failure: 
07:27:19.614 [Thread-4] ERROR f.i.s.r.p.m.o.MavenFilterOutputHandler - [ERROR] /root/workspace/apache-rocketmq-master-4212_repo/test/src/main/java/org/apache/rocketmq/test/util/StatUtil.java:[32,24] cannot find symbol
07:27:19.614 [Thread-4] ERROR f.i.s.r.p.m.o.MavenFilterOutputHandler - [ERROR]   symbol:   class Generated
07:27:19.614 [Thread-4] ERROR f.i.s.r.p.m.o.MavenFilterOutputHandler - [ERROR]   location: package javax.annotation
07:27:19.614 [Thread-4] ERROR f.i.s.r.p.m.o.MavenFilterOutputHandler - [ERROR] /root/workspace/apache-rocketmq-master-4212_repo/test/src/main/java/org/apache/rocketmq/test/util/StatUtil.java:[39,2] cannot find symbol
07:27:19.614 [Thread-4] ERROR f.i.s.r.p.m.o.MavenFilterOutputHandler - [ERROR]   symbol: class Generated
07:27:19.614 [Thread-4] ERROR f.i.s.r.p.m.o.MavenFilterOutputHandler - [ERROR] -> [Help 1]
07:27:19.617 [Thread-4] ERROR f.i.s.r.p.m.o.MavenFilterOutputHandler - [ERROR] 
07:27:19.617 [Thread-4] ERROR f.i.s.r.p.m.o.MavenFilterOutputHandler - [ERROR] Re-run Maven using the -X switch to enable full debug logging.
07:27:19.617 [Thread-4] ERROR f.i.s.r.p.m.o.MavenFilterOutputHandler - [ERROR] 
07:27:19.617 [Thread-4] ERROR f.i.s.r.p.m.o.MavenFilterOutputHandler - [ERROR] For more information about the errors and possible solutions, please read the following articles:
07:27:19.617 [Thread-4] ERROR f.i.s.r.p.m.o.MavenFilterOutputHandler - [ERROR] [Help 1] http://cwiki.apache.org/confluence/display/MAVEN/MojoFailureException
07:27:19.617 [Thread-4] ERROR f.i.s.r.p.m.o.MavenFilterOutputHandler - [ERROR] 
07:27:19.617 [Thread-4] ERROR f.i.s.r.p.m.o.MavenFilterOutputHandler - [ERROR] After correcting the problems, you can resume the build with the command
07:27:19.618 [Thread-4] ERROR f.i.s.r.p.m.o.MavenFilterOutputHandler - [ERROR]   mvn <goals> -rf :rocketmq-test
07:27:19.910 [main] ERROR f.i.s.r.process.step.BuildProject - Repository apache/rocketmq cannot be built.
07:27:19.911 [main] INFO  f.i.s.r.process.step.BuildProject - 
07:27:20.126 [main] INFO  f.i.s.r.p.i.ProjectInspector - ----------------------------------------------------------------------
07:27:20.126 [main] INFO  f.i.s.r.p.i.ProjectInspector - PIPELINE EXECUTION SUMMARY
07:27:20.126 [main] INFO  f.i.s.r.p.i.ProjectInspector - ----------------------------------------------------------------------
07:27:20.126 [main] INFO  f.i.s.r.p.i.ProjectInspector - CloneCheckoutGitPullRequest...........................SUCCESS [  6 s ]
07:27:20.126 [main] INFO  f.i.s.r.p.i.ProjectInspector - BuildProject..........................................FAILURE [ 13 s ]
07:27:20.126 [main] INFO  f.i.s.r.p.i.ProjectInspector - TestProject...........................................NOT RUN         
07:27:20.126 [main] INFO  f.i.s.r.p.i.ProjectInspector - ComputeClasspath......................................NOT RUN         
07:27:20.126 [main] INFO  f.i.s.r.p.i.ProjectInspector - ComputeSourceDir......................................NOT RUN         
07:27:20.126 [main] INFO  f.i.s.r.p.i.ProjectInspector - ComputeTestDir........................................NOT RUN         
07:27:20.126 [main] INFO  f.i.s.r.p.i.ProjectInspector - GatherTestInformation.................................NOT RUN         
07:27:20.126 [main] INFO  f.i.s.r.p.i.ProjectInspector - FlacocoLocalization...................................NOT RUN         
07:27:20.126 [main] INFO  f.i.s.r.p.i.ProjectInspector - PushFaultLocalizationSuggestionsOnGitHubRepository....NOT RUN         
07:27:20.127 [main] INFO  f.i.s.r.p.i.ProjectInspector - ----------------------------------------------------------------------
07:27:20.127 [main] INFO  f.i.s.r.p.i.ProjectInspector - PIPELINE FINDING: NOTBUILDABLE
07:27:20.127 [main] INFO  f.i.s.r.p.i.ProjectInspector - ----------------------------------------------------------------------
07:27:20.127 [main] INFO  f.i.s.r.p.github.GithubMainProcess - Inspector is finished. The process will exit now.
