Execute pipeline with following supplementary args: --smtpPort 25 --listenerMode NOOP --launcherMode FAULT_LOCALIZATION  --gitrepourl https://github.com/apache/rocketmq --gitrepopullrequest 4205
java -cp /usr/local/openjdk-11/lib/tools.jar:repairnator-pipeline.jar -Dlogback.configurationFile=/root/logback.xml fr.inria.spirals.repairnator.pipeline.Launcher -d --runId null -o /var/log --ghOauth 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 --faultLocalization --flacocoThreshold 0.0 --flacocoTopK null --flacocoResultsRepository flacocobot/2022-flacocobot-experiment --ghOauth  --smtpPort 25 --listenerMode NOOP --launcherMode FAULT_LOCALIZATION  --gitrepourl https://github.com/apache/rocketmq --gitrepopullrequest 4205

10:44:43.415 [main] INFO  f.i.s.r.p.g.GithubInitSerializerEngines - Initialize file serializer engines.
10:44:43.417 [main] INFO  f.i.s.r.p.g.GithubInitSerializerEngines - MongoDB won't be used for serialization.
10:44:43.417 [main] INFO  f.i.s.r.p.github.GithubInitNotifiers - The email notifier engine won't be used.
10:44:43.431 [main] INFO  f.i.s.r.p.i.ProjectInspector - ----------------------------------------------------------------------
10:44:43.431 [main] INFO  f.i.s.r.p.i.ProjectInspector - PIPELINE STEPS
10:44:43.431 [main] INFO  f.i.s.r.p.i.ProjectInspector - ----------------------------------------------------------------------
10:44:43.431 [main] INFO  f.i.s.r.p.i.ProjectInspector - CloneCheckoutGitPullRequest
10:44:43.431 [main] INFO  f.i.s.r.p.i.ProjectInspector - BuildProject
10:44:43.431 [main] INFO  f.i.s.r.p.i.ProjectInspector - TestProject
10:44:43.431 [main] INFO  f.i.s.r.p.i.ProjectInspector - ComputeClasspath
10:44:43.431 [main] INFO  f.i.s.r.p.i.ProjectInspector - ComputeSourceDir
10:44:43.431 [main] INFO  f.i.s.r.p.i.ProjectInspector - ComputeTestDir
10:44:43.431 [main] INFO  f.i.s.r.p.i.ProjectInspector - GatherTestInformation
10:44:43.431 [main] INFO  f.i.s.r.p.i.ProjectInspector - FlacocoLocalization
10:44:43.432 [main] INFO  f.i.s.r.p.i.ProjectInspector - PushFaultLocalizationSuggestionsOnGitHubRepository
10:44:43.432 [main] INFO  f.i.s.r.p.s.CloneCheckoutGitPullRequest - Cloning repository https://github.com/apache/rocketmq.git in the following directory: ./workspace/apache-rocketmq-master-4205_repo
10:45:03.300 [Thread-4] ERROR f.i.s.r.p.m.o.MavenFilterOutputHandler - [ERROR] COMPILATION ERROR : 
10:45:03.300 [Thread-4] ERROR f.i.s.r.p.m.o.MavenFilterOutputHandler - [ERROR] /root/workspace/apache-rocketmq-master-4205_repo/test/src/main/java/org/apache/rocketmq/test/util/StatUtil.java:[32,24] cannot find symbol
10:45:03.300 [Thread-4] ERROR f.i.s.r.p.m.o.MavenFilterOutputHandler - [ERROR] /root/workspace/apache-rocketmq-master-4205_repo/test/src/main/java/org/apache/rocketmq/test/util/StatUtil.java:[39,2] cannot find symbol
10:45:03.302 [Thread-4] ERROR f.i.s.r.p.m.o.MavenFilterOutputHandler - [ERROR] Failed to execute goal org.apache.maven.plugins:maven-compiler-plugin:3.5.1:compile (default-compile) on project rocketmq-test: Compilation failure: Compilation failure: 
10:45:03.302 [Thread-4] ERROR f.i.s.r.p.m.o.MavenFilterOutputHandler - [ERROR] /root/workspace/apache-rocketmq-master-4205_repo/test/src/main/java/org/apache/rocketmq/test/util/StatUtil.java:[32,24] cannot find symbol
10:45:03.302 [Thread-4] ERROR f.i.s.r.p.m.o.MavenFilterOutputHandler - [ERROR]   symbol:   class Generated
10:45:03.302 [Thread-4] ERROR f.i.s.r.p.m.o.MavenFilterOutputHandler - [ERROR]   location: package javax.annotation
10:45:03.302 [Thread-4] ERROR f.i.s.r.p.m.o.MavenFilterOutputHandler - [ERROR] /root/workspace/apache-rocketmq-master-4205_repo/test/src/main/java/org/apache/rocketmq/test/util/StatUtil.java:[39,2] cannot find symbol
10:45:03.302 [Thread-4] ERROR f.i.s.r.p.m.o.MavenFilterOutputHandler - [ERROR]   symbol: class Generated
10:45:03.302 [Thread-4] ERROR f.i.s.r.p.m.o.MavenFilterOutputHandler - [ERROR] -> [Help 1]
10:45:03.305 [Thread-4] ERROR f.i.s.r.p.m.o.MavenFilterOutputHandler - [ERROR] 
10:45:03.305 [Thread-4] ERROR f.i.s.r.p.m.o.MavenFilterOutputHandler - [ERROR] Re-run Maven using the -X switch to enable full debug logging.
10:45:03.305 [Thread-4] ERROR f.i.s.r.p.m.o.MavenFilterOutputHandler - [ERROR] 
10:45:03.305 [Thread-4] ERROR f.i.s.r.p.m.o.MavenFilterOutputHandler - [ERROR] For more information about the errors and possible solutions, please read the following articles:
10:45:03.306 [Thread-4] ERROR f.i.s.r.p.m.o.MavenFilterOutputHandler - [ERROR] [Help 1] http://cwiki.apache.org/confluence/display/MAVEN/MojoFailureException
10:45:03.306 [Thread-4] ERROR f.i.s.r.p.m.o.MavenFilterOutputHandler - [ERROR] 
10:45:03.306 [Thread-4] ERROR f.i.s.r.p.m.o.MavenFilterOutputHandler - [ERROR] After correcting the problems, you can resume the build with the command
10:45:03.306 [Thread-4] ERROR f.i.s.r.p.m.o.MavenFilterOutputHandler - [ERROR]   mvn <goals> -rf :rocketmq-test
10:45:04.391 [main] ERROR f.i.s.r.process.step.BuildProject - Repository apache/rocketmq cannot be built.
10:45:04.393 [main] INFO  f.i.s.r.process.step.BuildProject - 
10:45:04.577 [main] INFO  f.i.s.r.p.i.ProjectInspector - ----------------------------------------------------------------------
10:45:04.577 [main] INFO  f.i.s.r.p.i.ProjectInspector - PIPELINE EXECUTION SUMMARY
10:45:04.577 [main] INFO  f.i.s.r.p.i.ProjectInspector - ----------------------------------------------------------------------
10:45:04.578 [main] INFO  f.i.s.r.p.i.ProjectInspector - CloneCheckoutGitPullRequest...........................SUCCESS [  6 s ]
10:45:04.578 [main] INFO  f.i.s.r.p.i.ProjectInspector - BuildProject..........................................FAILURE [ 14 s ]
10:45:04.578 [main] INFO  f.i.s.r.p.i.ProjectInspector - TestProject...........................................NOT RUN         
10:45:04.578 [main] INFO  f.i.s.r.p.i.ProjectInspector - ComputeClasspath......................................NOT RUN         
10:45:04.578 [main] INFO  f.i.s.r.p.i.ProjectInspector - ComputeSourceDir......................................NOT RUN         
10:45:04.578 [main] INFO  f.i.s.r.p.i.ProjectInspector - ComputeTestDir........................................NOT RUN         
10:45:04.578 [main] INFO  f.i.s.r.p.i.ProjectInspector - GatherTestInformation.................................NOT RUN         
10:45:04.578 [main] INFO  f.i.s.r.p.i.ProjectInspector - FlacocoLocalization...................................NOT RUN         
10:45:04.578 [main] INFO  f.i.s.r.p.i.ProjectInspector - PushFaultLocalizationSuggestionsOnGitHubRepository....NOT RUN         
10:45:04.578 [main] INFO  f.i.s.r.p.i.ProjectInspector - ----------------------------------------------------------------------
10:45:04.578 [main] INFO  f.i.s.r.p.i.ProjectInspector - PIPELINE FINDING: NOTBUILDABLE
10:45:04.578 [main] INFO  f.i.s.r.p.i.ProjectInspector - ----------------------------------------------------------------------
10:45:04.578 [main] INFO  f.i.s.r.p.github.GithubMainProcess - Inspector is finished. The process will exit now.
