Execute pipeline with following supplementary args: --smtpPort 25 --listenerMode NOOP --launcherMode FAULT_LOCALIZATION  --gitrepourl https://github.com/apache/shardingsphere --gitrepopullrequest 16603
java -cp /usr/local/openjdk-11/lib/tools.jar:repairnator-pipeline.jar -Dlogback.configurationFile=/root/logback.xml fr.inria.spirals.repairnator.pipeline.Launcher -d --runId null -o /var/log --ghOauth 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 --faultLocalization --flacocoThreshold 0.0 --flacocoTopK null --flacocoResultsRepository flacocobot/2022-flacocobot-experiment --ghOauth  --smtpPort 25 --listenerMode NOOP --launcherMode FAULT_LOCALIZATION  --gitrepourl https://github.com/apache/shardingsphere --gitrepopullrequest 16603

10:26:17.257 [main] INFO  f.i.s.r.p.g.GithubInitSerializerEngines - Initialize file serializer engines.
10:26:17.259 [main] INFO  f.i.s.r.p.g.GithubInitSerializerEngines - MongoDB won't be used for serialization.
10:26:17.259 [main] INFO  f.i.s.r.p.github.GithubInitNotifiers - The email notifier engine won't be used.
10:26:17.274 [main] INFO  f.i.s.r.p.i.ProjectInspector - ----------------------------------------------------------------------
10:26:17.274 [main] INFO  f.i.s.r.p.i.ProjectInspector - PIPELINE STEPS
10:26:17.274 [main] INFO  f.i.s.r.p.i.ProjectInspector - ----------------------------------------------------------------------
10:26:17.274 [main] INFO  f.i.s.r.p.i.ProjectInspector - CloneCheckoutGitPullRequest
10:26:17.274 [main] INFO  f.i.s.r.p.i.ProjectInspector - BuildProject
10:26:17.274 [main] INFO  f.i.s.r.p.i.ProjectInspector - TestProject
10:26:17.274 [main] INFO  f.i.s.r.p.i.ProjectInspector - ComputeClasspath
10:26:17.274 [main] INFO  f.i.s.r.p.i.ProjectInspector - ComputeSourceDir
10:26:17.274 [main] INFO  f.i.s.r.p.i.ProjectInspector - ComputeTestDir
10:26:17.274 [main] INFO  f.i.s.r.p.i.ProjectInspector - GatherTestInformation
10:26:17.274 [main] INFO  f.i.s.r.p.i.ProjectInspector - FlacocoLocalization
10:26:17.274 [main] INFO  f.i.s.r.p.i.ProjectInspector - PushFaultLocalizationSuggestionsOnGitHubRepository
10:26:17.274 [main] INFO  f.i.s.r.p.s.CloneCheckoutGitPullRequest - Cloning repository https://github.com/apache/shardingsphere.git in the following directory: ./workspace/apache-shardingsphere-master-16603_repo
10:31:32.738 [Thread-4] ERROR f.i.s.r.p.m.o.MavenFilterOutputHandler - [ERROR] COMPILATION ERROR : 
10:31:32.739 [Thread-4] ERROR f.i.s.r.p.m.o.MavenFilterOutputHandler - [ERROR] /root/workspace/apache-shardingsphere-master-16603_repo/shardingsphere-kernel/shardingsphere-transaction/shardingsphere-transaction-type/shardingsphere-transaction-xa/shardingsphere-transaction-xa-core/src/test/java/org/apache/shardingsphere/transaction/xa/jta/connection/dialect/MySQLXAConnectionWrapperTest.java:[20,37] package com.mysql.jdbc.jdbc2.optional does not exist
10:31:32.771 [Thread-4] ERROR f.i.s.r.p.m.o.MavenFilterOutputHandler - [ERROR] Failed to execute goal org.apache.maven.plugins:maven-compiler-plugin:3.8.0:testCompile (default-testCompile) on project shardingsphere-transaction-xa-core: Compilation failure
10:31:32.771 [Thread-4] ERROR f.i.s.r.p.m.o.MavenFilterOutputHandler - [ERROR] /root/workspace/apache-shardingsphere-master-16603_repo/shardingsphere-kernel/shardingsphere-transaction/shardingsphere-transaction-type/shardingsphere-transaction-xa/shardingsphere-transaction-xa-core/src/test/java/org/apache/shardingsphere/transaction/xa/jta/connection/dialect/MySQLXAConnectionWrapperTest.java:[20,37] package com.mysql.jdbc.jdbc2.optional does not exist
10:31:32.771 [Thread-4] ERROR f.i.s.r.p.m.o.MavenFilterOutputHandler - [ERROR] -> [Help 1]
10:31:32.777 [Thread-4] ERROR f.i.s.r.p.m.o.MavenFilterOutputHandler - [ERROR] 
10:31:32.777 [Thread-4] ERROR f.i.s.r.p.m.o.MavenFilterOutputHandler - [ERROR] Re-run Maven using the -X switch to enable full debug logging.
10:31:32.777 [Thread-4] ERROR f.i.s.r.p.m.o.MavenFilterOutputHandler - [ERROR] 
10:31:32.777 [Thread-4] ERROR f.i.s.r.p.m.o.MavenFilterOutputHandler - [ERROR] For more information about the errors and possible solutions, please read the following articles:
10:31:32.777 [Thread-4] ERROR f.i.s.r.p.m.o.MavenFilterOutputHandler - [ERROR] [Help 1] http://cwiki.apache.org/confluence/display/MAVEN/MojoFailureException
10:31:32.777 [Thread-4] ERROR f.i.s.r.p.m.o.MavenFilterOutputHandler - [ERROR] 
10:31:32.777 [Thread-4] ERROR f.i.s.r.p.m.o.MavenFilterOutputHandler - [ERROR] After correcting the problems, you can resume the build with the command
10:31:32.777 [Thread-4] ERROR f.i.s.r.p.m.o.MavenFilterOutputHandler - [ERROR]   mvn <goals> -rf :shardingsphere-transaction-xa-core
10:31:33.672 [main] ERROR f.i.s.r.process.step.BuildProject - Repository apache/shardingsphere cannot be built.
10:31:33.672 [main] INFO  f.i.s.r.process.step.BuildProject - 
10:31:35.833 [main] INFO  f.i.s.r.p.i.ProjectInspector - ----------------------------------------------------------------------
10:31:35.833 [main] INFO  f.i.s.r.p.i.ProjectInspector - PIPELINE EXECUTION SUMMARY
10:31:35.833 [main] INFO  f.i.s.r.p.i.ProjectInspector - ----------------------------------------------------------------------
10:31:35.833 [main] INFO  f.i.s.r.p.i.ProjectInspector - CloneCheckoutGitPullRequest..........................SUCCESS [  32 s ]
10:31:35.833 [main] INFO  f.i.s.r.p.i.ProjectInspector - BuildProject.........................................FAILURE [ 284 s ]
10:31:35.833 [main] INFO  f.i.s.r.p.i.ProjectInspector - TestProject..........................................NOT RUN          
10:31:35.833 [main] INFO  f.i.s.r.p.i.ProjectInspector - ComputeClasspath.....................................NOT RUN          
10:31:35.833 [main] INFO  f.i.s.r.p.i.ProjectInspector - ComputeSourceDir.....................................NOT RUN          
10:31:35.833 [main] INFO  f.i.s.r.p.i.ProjectInspector - ComputeTestDir.......................................NOT RUN          
10:31:35.833 [main] INFO  f.i.s.r.p.i.ProjectInspector - GatherTestInformation................................NOT RUN          
10:31:35.833 [main] INFO  f.i.s.r.p.i.ProjectInspector - FlacocoLocalization..................................NOT RUN          
10:31:35.833 [main] INFO  f.i.s.r.p.i.ProjectInspector - PushFaultLocalizationSuggestionsOnGitHubRepository...NOT RUN          
10:31:35.834 [main] INFO  f.i.s.r.p.i.ProjectInspector - ----------------------------------------------------------------------
10:31:35.834 [main] INFO  f.i.s.r.p.i.ProjectInspector - PIPELINE FINDING: NOTBUILDABLE
10:31:35.834 [main] INFO  f.i.s.r.p.i.ProjectInspector - ----------------------------------------------------------------------
10:31:35.834 [main] INFO  f.i.s.r.p.github.GithubMainProcess - Inspector is finished. The process will exit now.
