Execute pipeline with following supplementary args: --smtpPort 25 --listenerMode NOOP --launcherMode FAULT_LOCALIZATION  --gitrepourl https://github.com/debezium/debezium --gitrepopullrequest 3425
java -cp /usr/local/openjdk-11/lib/tools.jar:repairnator-pipeline.jar -Dlogback.configurationFile=/root/logback.xml fr.inria.spirals.repairnator.pipeline.Launcher -d --runId null -o /var/log --ghOauth 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 --faultLocalization --flacocoThreshold 0.0 --flacocoTopK null --flacocoResultsRepository flacocobot/2022-flacocobot-experiment --ghOauth  --smtpPort 25 --listenerMode NOOP --launcherMode FAULT_LOCALIZATION  --gitrepourl https://github.com/debezium/debezium --gitrepopullrequest 3425

23:45:15.356 [main] INFO  f.i.s.r.p.g.GithubInitSerializerEngines - Initialize file serializer engines.
23:45:15.357 [main] INFO  f.i.s.r.p.g.GithubInitSerializerEngines - MongoDB won't be used for serialization.
23:45:15.357 [main] INFO  f.i.s.r.p.github.GithubInitNotifiers - The email notifier engine won't be used.
23:45:15.371 [main] INFO  f.i.s.r.p.i.ProjectInspector - ----------------------------------------------------------------------
23:45:15.371 [main] INFO  f.i.s.r.p.i.ProjectInspector - PIPELINE STEPS
23:45:15.371 [main] INFO  f.i.s.r.p.i.ProjectInspector - ----------------------------------------------------------------------
23:45:15.371 [main] INFO  f.i.s.r.p.i.ProjectInspector - CloneCheckoutGitPullRequest
23:45:15.371 [main] INFO  f.i.s.r.p.i.ProjectInspector - BuildProject
23:45:15.371 [main] INFO  f.i.s.r.p.i.ProjectInspector - TestProject
23:45:15.371 [main] INFO  f.i.s.r.p.i.ProjectInspector - ComputeClasspath
23:45:15.371 [main] INFO  f.i.s.r.p.i.ProjectInspector - ComputeSourceDir
23:45:15.371 [main] INFO  f.i.s.r.p.i.ProjectInspector - ComputeTestDir
23:45:15.371 [main] INFO  f.i.s.r.p.i.ProjectInspector - GatherTestInformation
23:45:15.371 [main] INFO  f.i.s.r.p.i.ProjectInspector - FlacocoLocalization
23:45:15.371 [main] INFO  f.i.s.r.p.i.ProjectInspector - PushFaultLocalizationSuggestionsOnGitHubRepository
23:45:15.371 [main] INFO  f.i.s.r.p.s.CloneCheckoutGitPullRequest - Cloning repository https://github.com/debezium/debezium.git in the following directory: ./workspace/debezium-debezium-master-3425_repo
23:56:29.331 [Thread-4] ERROR f.i.s.r.p.m.o.MavenFilterOutputHandler - [ERROR] Failed to execute goal org.apache.maven.plugins:maven-compiler-plugin:3.8.1:testCompile (default-testCompile) on project debezium-api: Fatal error compiling: error: release version 17 not supported -> [Help 1]
23:56:29.337 [Thread-4] ERROR f.i.s.r.p.m.o.MavenFilterOutputHandler - [ERROR] 
23:56:29.338 [Thread-4] ERROR f.i.s.r.p.m.o.MavenFilterOutputHandler - [ERROR] Re-run Maven using the -X switch to enable full debug logging.
23:56:29.338 [Thread-4] ERROR f.i.s.r.p.m.o.MavenFilterOutputHandler - [ERROR] 
23:56:29.338 [Thread-4] ERROR f.i.s.r.p.m.o.MavenFilterOutputHandler - [ERROR] For more information about the errors and possible solutions, please read the following articles:
23:56:29.338 [Thread-4] ERROR f.i.s.r.p.m.o.MavenFilterOutputHandler - [ERROR] [Help 1] http://cwiki.apache.org/confluence/display/MAVEN/MojoExecutionException
23:56:29.338 [Thread-4] ERROR f.i.s.r.p.m.o.MavenFilterOutputHandler - [ERROR] 
23:56:29.338 [Thread-4] ERROR f.i.s.r.p.m.o.MavenFilterOutputHandler - [ERROR] After correcting the problems, you can resume the build with the command
23:56:29.338 [Thread-4] ERROR f.i.s.r.p.m.o.MavenFilterOutputHandler - [ERROR]   mvn <goals> -rf :debezium-api
23:56:30.360 [main] ERROR f.i.s.r.process.step.BuildProject - Repository debezium/debezium cannot be built.
23:56:30.361 [main] INFO  f.i.s.r.process.step.BuildProject - 
23:56:30.592 [main] INFO  f.i.s.r.p.i.ProjectInspector - ----------------------------------------------------------------------
23:56:30.592 [main] INFO  f.i.s.r.p.i.ProjectInspector - PIPELINE EXECUTION SUMMARY
23:56:30.592 [main] INFO  f.i.s.r.p.i.ProjectInspector - ----------------------------------------------------------------------
23:56:30.592 [main] INFO  f.i.s.r.p.i.ProjectInspector - CloneCheckoutGitPullRequest..........................SUCCESS [   9 s ]
23:56:30.592 [main] INFO  f.i.s.r.p.i.ProjectInspector - BuildProject.........................................FAILURE [ 665 s ]
23:56:30.592 [main] INFO  f.i.s.r.p.i.ProjectInspector - TestProject..........................................NOT RUN          
23:56:30.592 [main] INFO  f.i.s.r.p.i.ProjectInspector - ComputeClasspath.....................................NOT RUN          
23:56:30.592 [main] INFO  f.i.s.r.p.i.ProjectInspector - ComputeSourceDir.....................................NOT RUN          
23:56:30.593 [main] INFO  f.i.s.r.p.i.ProjectInspector - ComputeTestDir.......................................NOT RUN          
23:56:30.593 [main] INFO  f.i.s.r.p.i.ProjectInspector - GatherTestInformation................................NOT RUN          
23:56:30.593 [main] INFO  f.i.s.r.p.i.ProjectInspector - FlacocoLocalization..................................NOT RUN          
23:56:30.593 [main] INFO  f.i.s.r.p.i.ProjectInspector - PushFaultLocalizationSuggestionsOnGitHubRepository...NOT RUN          
23:56:30.593 [main] INFO  f.i.s.r.p.i.ProjectInspector - ----------------------------------------------------------------------
23:56:30.593 [main] INFO  f.i.s.r.p.i.ProjectInspector - PIPELINE FINDING: NOTBUILDABLE
23:56:30.593 [main] INFO  f.i.s.r.p.i.ProjectInspector - ----------------------------------------------------------------------
23:56:30.593 [main] INFO  f.i.s.r.p.github.GithubMainProcess - Inspector is finished. The process will exit now.
