Execute pipeline with following supplementary args: --smtpPort 25 --listenerMode NOOP --launcherMode FAULT_LOCALIZATION  --gitrepourl https://github.com/debezium/debezium --gitrepopullrequest 3425
java -cp /usr/local/openjdk-11/lib/tools.jar:repairnator-pipeline.jar -Dlogback.configurationFile=/root/logback.xml fr.inria.spirals.repairnator.pipeline.Launcher -d --runId null -o /var/log --ghOauth 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 --faultLocalization --flacocoThreshold 0.0 --flacocoTopK null --flacocoResultsRepository flacocobot/2022-flacocobot-experiment --ghOauth  --smtpPort 25 --listenerMode NOOP --launcherMode FAULT_LOCALIZATION  --gitrepourl https://github.com/debezium/debezium --gitrepopullrequest 3425

21:31:32.036 [main] INFO  f.i.s.r.p.g.GithubInitSerializerEngines - Initialize file serializer engines.
21:31:32.038 [main] INFO  f.i.s.r.p.g.GithubInitSerializerEngines - MongoDB won't be used for serialization.
21:31:32.038 [main] INFO  f.i.s.r.p.github.GithubInitNotifiers - The email notifier engine won't be used.
21:31:32.063 [main] INFO  f.i.s.r.p.i.ProjectInspector - ----------------------------------------------------------------------
21:31:32.063 [main] INFO  f.i.s.r.p.i.ProjectInspector - PIPELINE STEPS
21:31:32.064 [main] INFO  f.i.s.r.p.i.ProjectInspector - ----------------------------------------------------------------------
21:31:32.064 [main] INFO  f.i.s.r.p.i.ProjectInspector - CloneCheckoutGitPullRequest
21:31:32.064 [main] INFO  f.i.s.r.p.i.ProjectInspector - BuildProject
21:31:32.064 [main] INFO  f.i.s.r.p.i.ProjectInspector - TestProject
21:31:32.064 [main] INFO  f.i.s.r.p.i.ProjectInspector - ComputeClasspath
21:31:32.064 [main] INFO  f.i.s.r.p.i.ProjectInspector - ComputeSourceDir
21:31:32.064 [main] INFO  f.i.s.r.p.i.ProjectInspector - ComputeTestDir
21:31:32.064 [main] INFO  f.i.s.r.p.i.ProjectInspector - GatherTestInformation
21:31:32.064 [main] INFO  f.i.s.r.p.i.ProjectInspector - FlacocoLocalization
21:31:32.064 [main] INFO  f.i.s.r.p.i.ProjectInspector - PushFaultLocalizationSuggestionsOnGitHubRepository
21:31:32.064 [main] INFO  f.i.s.r.p.s.CloneCheckoutGitPullRequest - Cloning repository https://github.com/debezium/debezium.git in the following directory: ./workspace/debezium-debezium-master-3425_repo
21:43:09.736 [Thread-4] ERROR f.i.s.r.p.m.o.MavenFilterOutputHandler - [ERROR] Failed to execute goal org.apache.maven.plugins:maven-compiler-plugin:3.8.1:testCompile (default-testCompile) on project debezium-api: Fatal error compiling: error: release version 17 not supported -> [Help 1]
21:43:09.742 [Thread-4] ERROR f.i.s.r.p.m.o.MavenFilterOutputHandler - [ERROR] 
21:43:09.742 [Thread-4] ERROR f.i.s.r.p.m.o.MavenFilterOutputHandler - [ERROR] Re-run Maven using the -X switch to enable full debug logging.
21:43:09.742 [Thread-4] ERROR f.i.s.r.p.m.o.MavenFilterOutputHandler - [ERROR] 
21:43:09.743 [Thread-4] ERROR f.i.s.r.p.m.o.MavenFilterOutputHandler - [ERROR] For more information about the errors and possible solutions, please read the following articles:
21:43:09.743 [Thread-4] ERROR f.i.s.r.p.m.o.MavenFilterOutputHandler - [ERROR] [Help 1] http://cwiki.apache.org/confluence/display/MAVEN/MojoExecutionException
21:43:09.743 [Thread-4] ERROR f.i.s.r.p.m.o.MavenFilterOutputHandler - [ERROR] 
21:43:09.743 [Thread-4] ERROR f.i.s.r.p.m.o.MavenFilterOutputHandler - [ERROR] After correcting the problems, you can resume the build with the command
21:43:09.743 [Thread-4] ERROR f.i.s.r.p.m.o.MavenFilterOutputHandler - [ERROR]   mvn <goals> -rf :debezium-api
21:43:10.493 [main] ERROR f.i.s.r.process.step.BuildProject - Repository debezium/debezium cannot be built.
21:43:10.495 [main] INFO  f.i.s.r.process.step.BuildProject - 
21:43:10.752 [main] INFO  f.i.s.r.p.i.ProjectInspector - ----------------------------------------------------------------------
21:43:10.753 [main] INFO  f.i.s.r.p.i.ProjectInspector - PIPELINE EXECUTION SUMMARY
21:43:10.753 [main] INFO  f.i.s.r.p.i.ProjectInspector - ----------------------------------------------------------------------
21:43:10.753 [main] INFO  f.i.s.r.p.i.ProjectInspector - CloneCheckoutGitPullRequest..........................SUCCESS [  12 s ]
21:43:10.753 [main] INFO  f.i.s.r.p.i.ProjectInspector - BuildProject.........................................FAILURE [ 686 s ]
21:43:10.753 [main] INFO  f.i.s.r.p.i.ProjectInspector - TestProject..........................................NOT RUN          
21:43:10.753 [main] INFO  f.i.s.r.p.i.ProjectInspector - ComputeClasspath.....................................NOT RUN          
21:43:10.753 [main] INFO  f.i.s.r.p.i.ProjectInspector - ComputeSourceDir.....................................NOT RUN          
21:43:10.753 [main] INFO  f.i.s.r.p.i.ProjectInspector - ComputeTestDir.......................................NOT RUN          
21:43:10.753 [main] INFO  f.i.s.r.p.i.ProjectInspector - GatherTestInformation................................NOT RUN          
21:43:10.753 [main] INFO  f.i.s.r.p.i.ProjectInspector - FlacocoLocalization..................................NOT RUN          
21:43:10.753 [main] INFO  f.i.s.r.p.i.ProjectInspector - PushFaultLocalizationSuggestionsOnGitHubRepository...NOT RUN          
21:43:10.754 [main] INFO  f.i.s.r.p.i.ProjectInspector - ----------------------------------------------------------------------
21:43:10.754 [main] INFO  f.i.s.r.p.i.ProjectInspector - PIPELINE FINDING: NOTBUILDABLE
21:43:10.754 [main] INFO  f.i.s.r.p.i.ProjectInspector - ----------------------------------------------------------------------
21:43:10.754 [main] INFO  f.i.s.r.p.github.GithubMainProcess - Inspector is finished. The process will exit now.
