Execute pipeline with following supplementary args: --smtpPort 25 --listenerMode NOOP --launcherMode FAULT_LOCALIZATION  --gitrepourl https://github.com/debezium/debezium --gitrepopullrequest 3386
java -cp /usr/local/openjdk-11/lib/tools.jar:repairnator-pipeline.jar -Dlogback.configurationFile=/root/logback.xml fr.inria.spirals.repairnator.pipeline.Launcher -d --runId null -o /var/log --ghOauth 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 --faultLocalization --flacocoThreshold 0.0 --flacocoTopK null --flacocoResultsRepository flacocobot/2022-flacocobot-experiment --ghOauth  --smtpPort 25 --listenerMode NOOP --launcherMode FAULT_LOCALIZATION  --gitrepourl https://github.com/debezium/debezium --gitrepopullrequest 3386

15:15:22.512 [main] INFO  f.i.s.r.p.g.GithubInitSerializerEngines - Initialize file serializer engines.
15:15:22.513 [main] INFO  f.i.s.r.p.g.GithubInitSerializerEngines - MongoDB won't be used for serialization.
15:15:22.513 [main] INFO  f.i.s.r.p.github.GithubInitNotifiers - The email notifier engine won't be used.
15:15:22.527 [main] INFO  f.i.s.r.p.i.ProjectInspector - ----------------------------------------------------------------------
15:15:22.527 [main] INFO  f.i.s.r.p.i.ProjectInspector - PIPELINE STEPS
15:15:22.527 [main] INFO  f.i.s.r.p.i.ProjectInspector - ----------------------------------------------------------------------
15:15:22.527 [main] INFO  f.i.s.r.p.i.ProjectInspector - CloneCheckoutGitPullRequest
15:15:22.527 [main] INFO  f.i.s.r.p.i.ProjectInspector - BuildProject
15:15:22.528 [main] INFO  f.i.s.r.p.i.ProjectInspector - TestProject
15:15:22.528 [main] INFO  f.i.s.r.p.i.ProjectInspector - ComputeClasspath
15:15:22.528 [main] INFO  f.i.s.r.p.i.ProjectInspector - ComputeSourceDir
15:15:22.528 [main] INFO  f.i.s.r.p.i.ProjectInspector - ComputeTestDir
15:15:22.528 [main] INFO  f.i.s.r.p.i.ProjectInspector - GatherTestInformation
15:15:22.528 [main] INFO  f.i.s.r.p.i.ProjectInspector - FlacocoLocalization
15:15:22.528 [main] INFO  f.i.s.r.p.i.ProjectInspector - PushFaultLocalizationSuggestionsOnGitHubRepository
15:15:22.528 [main] INFO  f.i.s.r.p.s.CloneCheckoutGitPullRequest - Cloning repository https://github.com/debezium/debezium.git in the following directory: ./workspace/debezium-debezium-master-3386_repo
15:26:25.537 [Thread-4] ERROR f.i.s.r.p.m.o.MavenFilterOutputHandler - [ERROR] Failed to execute goal org.apache.maven.plugins:maven-compiler-plugin:3.8.1:testCompile (default-testCompile) on project debezium-api: Fatal error compiling: error: release version 17 not supported -> [Help 1]
15:26:25.545 [Thread-4] ERROR f.i.s.r.p.m.o.MavenFilterOutputHandler - [ERROR] 
15:26:25.546 [Thread-4] ERROR f.i.s.r.p.m.o.MavenFilterOutputHandler - [ERROR] Re-run Maven using the -X switch to enable full debug logging.
15:26:25.546 [Thread-4] ERROR f.i.s.r.p.m.o.MavenFilterOutputHandler - [ERROR] 
15:26:25.546 [Thread-4] ERROR f.i.s.r.p.m.o.MavenFilterOutputHandler - [ERROR] For more information about the errors and possible solutions, please read the following articles:
15:26:25.546 [Thread-4] ERROR f.i.s.r.p.m.o.MavenFilterOutputHandler - [ERROR] [Help 1] http://cwiki.apache.org/confluence/display/MAVEN/MojoExecutionException
15:26:25.546 [Thread-4] ERROR f.i.s.r.p.m.o.MavenFilterOutputHandler - [ERROR] 
15:26:25.546 [Thread-4] ERROR f.i.s.r.p.m.o.MavenFilterOutputHandler - [ERROR] After correcting the problems, you can resume the build with the command
15:26:25.546 [Thread-4] ERROR f.i.s.r.p.m.o.MavenFilterOutputHandler - [ERROR]   mvn <goals> -rf :debezium-api
15:26:26.142 [main] ERROR f.i.s.r.process.step.BuildProject - Repository debezium/debezium cannot be built.
15:26:26.144 [main] INFO  f.i.s.r.process.step.BuildProject - 
15:26:26.362 [main] INFO  f.i.s.r.p.i.ProjectInspector - ----------------------------------------------------------------------
15:26:26.362 [main] INFO  f.i.s.r.p.i.ProjectInspector - PIPELINE EXECUTION SUMMARY
15:26:26.362 [main] INFO  f.i.s.r.p.i.ProjectInspector - ----------------------------------------------------------------------
15:26:26.362 [main] INFO  f.i.s.r.p.i.ProjectInspector - CloneCheckoutGitPullRequest..........................SUCCESS [  21 s ]
15:26:26.362 [main] INFO  f.i.s.r.p.i.ProjectInspector - BuildProject.........................................FAILURE [ 642 s ]
15:26:26.362 [main] INFO  f.i.s.r.p.i.ProjectInspector - TestProject..........................................NOT RUN          
15:26:26.362 [main] INFO  f.i.s.r.p.i.ProjectInspector - ComputeClasspath.....................................NOT RUN          
15:26:26.362 [main] INFO  f.i.s.r.p.i.ProjectInspector - ComputeSourceDir.....................................NOT RUN          
15:26:26.362 [main] INFO  f.i.s.r.p.i.ProjectInspector - ComputeTestDir.......................................NOT RUN          
15:26:26.362 [main] INFO  f.i.s.r.p.i.ProjectInspector - GatherTestInformation................................NOT RUN          
15:26:26.362 [main] INFO  f.i.s.r.p.i.ProjectInspector - FlacocoLocalization..................................NOT RUN          
15:26:26.362 [main] INFO  f.i.s.r.p.i.ProjectInspector - PushFaultLocalizationSuggestionsOnGitHubRepository...NOT RUN          
15:26:26.362 [main] INFO  f.i.s.r.p.i.ProjectInspector - ----------------------------------------------------------------------
15:26:26.363 [main] INFO  f.i.s.r.p.i.ProjectInspector - PIPELINE FINDING: NOTBUILDABLE
15:26:26.363 [main] INFO  f.i.s.r.p.i.ProjectInspector - ----------------------------------------------------------------------
15:26:26.363 [main] INFO  f.i.s.r.p.github.GithubMainProcess - Inspector is finished. The process will exit now.
