Execute pipeline with following supplementary args: --smtpPort 25 --listenerMode NOOP --launcherMode FAULT_LOCALIZATION  --gitrepourl https://github.com/apache/pinot --gitrepopullrequest 8813
java -cp /usr/local/openjdk-11/lib/tools.jar:repairnator-pipeline.jar -Dlogback.configurationFile=/root/logback.xml fr.inria.spirals.repairnator.pipeline.Launcher -d --runId null -o /var/log --ghOauth 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 --faultLocalization --flacocoThreshold 0.0 --flacocoTopK null --flacocoResultsRepository flacocobot/2022-flacocobot-experiment --ghOauth  --smtpPort 25 --listenerMode NOOP --launcherMode FAULT_LOCALIZATION  --gitrepourl https://github.com/apache/pinot --gitrepopullrequest 8813

11:57:36.581 [main] INFO  f.i.s.r.p.g.GithubInitSerializerEngines - Initialize file serializer engines.
11:57:36.582 [main] INFO  f.i.s.r.p.g.GithubInitSerializerEngines - MongoDB won't be used for serialization.
11:57:36.582 [main] INFO  f.i.s.r.p.github.GithubInitNotifiers - The email notifier engine won't be used.
11:57:36.596 [main] INFO  f.i.s.r.p.i.ProjectInspector - ----------------------------------------------------------------------
11:57:36.596 [main] INFO  f.i.s.r.p.i.ProjectInspector - PIPELINE STEPS
11:57:36.596 [main] INFO  f.i.s.r.p.i.ProjectInspector - ----------------------------------------------------------------------
11:57:36.596 [main] INFO  f.i.s.r.p.i.ProjectInspector - CloneCheckoutGitPullRequest
11:57:36.596 [main] INFO  f.i.s.r.p.i.ProjectInspector - BuildProject
11:57:36.596 [main] INFO  f.i.s.r.p.i.ProjectInspector - TestProject
11:57:36.596 [main] INFO  f.i.s.r.p.i.ProjectInspector - ComputeClasspath
11:57:36.596 [main] INFO  f.i.s.r.p.i.ProjectInspector - ComputeSourceDir
11:57:36.596 [main] INFO  f.i.s.r.p.i.ProjectInspector - ComputeTestDir
11:57:36.596 [main] INFO  f.i.s.r.p.i.ProjectInspector - GatherTestInformation
11:57:36.596 [main] INFO  f.i.s.r.p.i.ProjectInspector - FlacocoLocalization
11:57:36.596 [main] INFO  f.i.s.r.p.i.ProjectInspector - PushFaultLocalizationSuggestionsOnGitHubRepository
11:57:36.597 [main] INFO  f.i.s.r.p.s.CloneCheckoutGitPullRequest - Cloning repository https://github.com/apache/pinot.git in the following directory: ./workspace/apache-pinot-master-8813_repo
11:58:56.621 [Thread-5] ERROR f.i.s.r.p.m.output.MavenErrorHandler - Warning: Lookahead adequacy checking not being performed since option LOOKAHEAD is more than 1.  Set option FORCE_LA_CHECK to true to force checking.
12:00:12.109 [Thread-4] ERROR f.i.s.r.p.m.o.MavenFilterOutputHandler - [ERROR] Failed to execute goal com.diffplug.spotless:spotless-maven-plugin:2.9.0:check (default) on project pinot-broker: The following files had format violations:
12:00:12.109 [Thread-4] ERROR f.i.s.r.p.m.o.MavenFilterOutputHandler - [ERROR]     src/main/java/org/apache/pinot/broker/requesthandler/BaseBrokerRequestHandler.java
12:00:12.109 [Thread-4] ERROR f.i.s.r.p.m.o.MavenFilterOutputHandler - [ERROR]         @@ -87,7 +87,6 @@
12:00:12.109 [Thread-4] ERROR f.i.s.r.p.m.o.MavenFilterOutputHandler - [ERROR]          import·org.apache.pinot.spi.utils.BytesUtils;
12:00:12.109 [Thread-4] ERROR f.i.s.r.p.m.o.MavenFilterOutputHandler - [ERROR]          import·org.apache.pinot.spi.utils.CommonConstants;
12:00:12.109 [Thread-4] ERROR f.i.s.r.p.m.o.MavenFilterOutputHandler - [ERROR]          import·org.apache.pinot.spi.utils.CommonConstants.Broker;
12:00:12.109 [Thread-4] ERROR f.i.s.r.p.m.o.MavenFilterOutputHandler - [ERROR]         -import·org.apache.pinot.spi.utils.JsonUtils;
12:00:12.109 [Thread-4] ERROR f.i.s.r.p.m.o.MavenFilterOutputHandler - [ERROR]          import·org.apache.pinot.spi.utils.builder.TableNameBuilder;
12:00:12.109 [Thread-4] ERROR f.i.s.r.p.m.o.MavenFilterOutputHandler - [ERROR]          import·org.apache.pinot.sql.FilterKind;
12:00:12.109 [Thread-4] ERROR f.i.s.r.p.m.o.MavenFilterOutputHandler - [ERROR]          import·org.apache.pinot.sql.parsers.CalciteSqlCompiler;
12:00:12.109 [Thread-4] ERROR f.i.s.r.p.m.o.MavenFilterOutputHandler - [ERROR] Run 'mvn spotless:apply' to fix these violations.
12:00:12.109 [Thread-4] ERROR f.i.s.r.p.m.o.MavenFilterOutputHandler - [ERROR] -> [Help 1]
12:00:12.114 [Thread-4] ERROR f.i.s.r.p.m.o.MavenFilterOutputHandler - [ERROR] 
12:00:12.114 [Thread-4] ERROR f.i.s.r.p.m.o.MavenFilterOutputHandler - [ERROR] Re-run Maven using the -X switch to enable full debug logging.
12:00:12.114 [Thread-4] ERROR f.i.s.r.p.m.o.MavenFilterOutputHandler - [ERROR] 
12:00:12.114 [Thread-4] ERROR f.i.s.r.p.m.o.MavenFilterOutputHandler - [ERROR] For more information about the errors and possible solutions, please read the following articles:
12:00:12.114 [Thread-4] ERROR f.i.s.r.p.m.o.MavenFilterOutputHandler - [ERROR] [Help 1] http://cwiki.apache.org/confluence/display/MAVEN/MojoExecutionException
12:00:12.114 [Thread-4] ERROR f.i.s.r.p.m.o.MavenFilterOutputHandler - [ERROR] 
12:00:12.114 [Thread-4] ERROR f.i.s.r.p.m.o.MavenFilterOutputHandler - [ERROR] After correcting the problems, you can resume the build with the command
12:00:12.115 [Thread-4] ERROR f.i.s.r.p.m.o.MavenFilterOutputHandler - [ERROR]   mvn <goals> -rf :pinot-broker
12:00:12.391 [main] ERROR f.i.s.r.process.step.BuildProject - Repository apache/pinot cannot be built.
12:00:12.392 [main] INFO  f.i.s.r.process.step.BuildProject - 
12:00:13.839 [main] INFO  f.i.s.r.p.i.ProjectInspector - ----------------------------------------------------------------------
12:00:13.839 [main] INFO  f.i.s.r.p.i.ProjectInspector - PIPELINE EXECUTION SUMMARY
12:00:13.840 [main] INFO  f.i.s.r.p.i.ProjectInspector - ----------------------------------------------------------------------
12:00:13.840 [main] INFO  f.i.s.r.p.i.ProjectInspector - CloneCheckoutGitPullRequest..........................SUCCESS [  51 s ]
12:00:13.840 [main] INFO  f.i.s.r.p.i.ProjectInspector - BuildProject.........................................FAILURE [ 104 s ]
12:00:13.840 [main] INFO  f.i.s.r.p.i.ProjectInspector - TestProject..........................................NOT RUN          
12:00:13.840 [main] INFO  f.i.s.r.p.i.ProjectInspector - ComputeClasspath.....................................NOT RUN          
12:00:13.840 [main] INFO  f.i.s.r.p.i.ProjectInspector - ComputeSourceDir.....................................NOT RUN          
12:00:13.840 [main] INFO  f.i.s.r.p.i.ProjectInspector - ComputeTestDir.......................................NOT RUN          
12:00:13.840 [main] INFO  f.i.s.r.p.i.ProjectInspector - GatherTestInformation................................NOT RUN          
12:00:13.840 [main] INFO  f.i.s.r.p.i.ProjectInspector - FlacocoLocalization..................................NOT RUN          
12:00:13.840 [main] INFO  f.i.s.r.p.i.ProjectInspector - PushFaultLocalizationSuggestionsOnGitHubRepository...NOT RUN          
12:00:13.840 [main] INFO  f.i.s.r.p.i.ProjectInspector - ----------------------------------------------------------------------
12:00:13.840 [main] INFO  f.i.s.r.p.i.ProjectInspector - PIPELINE FINDING: NOTBUILDABLE
12:00:13.840 [main] INFO  f.i.s.r.p.i.ProjectInspector - ----------------------------------------------------------------------
12:00:13.840 [main] INFO  f.i.s.r.p.github.GithubMainProcess - Inspector is finished. The process will exit now.
