Execute pipeline with following supplementary args: --smtpPort 25 --listenerMode NOOP --launcherMode FAULT_LOCALIZATION  --gitrepourl https://github.com/apache/pinot --gitrepopullrequest 8972
java -cp /usr/local/openjdk-11/lib/tools.jar:repairnator-pipeline.jar -Dlogback.configurationFile=/root/logback.xml fr.inria.spirals.repairnator.pipeline.Launcher -d --runId null -o /var/log --ghOauth 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 --faultLocalization --flacocoThreshold 0.0 --flacocoTopK null --flacocoResultsRepository flacocobot/2022-flacocobot-experiment --ghOauth  --smtpPort 25 --listenerMode NOOP --launcherMode FAULT_LOCALIZATION  --gitrepourl https://github.com/apache/pinot --gitrepopullrequest 8972

09:56:25.742 [main] INFO  f.i.s.r.p.g.GithubInitSerializerEngines - Initialize file serializer engines.
09:56:25.745 [main] INFO  f.i.s.r.p.g.GithubInitSerializerEngines - MongoDB won't be used for serialization.
09:56:25.745 [main] INFO  f.i.s.r.p.github.GithubInitNotifiers - The email notifier engine won't be used.
09:56:25.767 [main] INFO  f.i.s.r.p.i.ProjectInspector - ----------------------------------------------------------------------
09:56:25.767 [main] INFO  f.i.s.r.p.i.ProjectInspector - PIPELINE STEPS
09:56:25.767 [main] INFO  f.i.s.r.p.i.ProjectInspector - ----------------------------------------------------------------------
09:56:25.767 [main] INFO  f.i.s.r.p.i.ProjectInspector - CloneCheckoutGitPullRequest
09:56:25.767 [main] INFO  f.i.s.r.p.i.ProjectInspector - BuildProject
09:56:25.767 [main] INFO  f.i.s.r.p.i.ProjectInspector - TestProject
09:56:25.767 [main] INFO  f.i.s.r.p.i.ProjectInspector - ComputeClasspath
09:56:25.767 [main] INFO  f.i.s.r.p.i.ProjectInspector - ComputeSourceDir
09:56:25.767 [main] INFO  f.i.s.r.p.i.ProjectInspector - ComputeTestDir
09:56:25.767 [main] INFO  f.i.s.r.p.i.ProjectInspector - GatherTestInformation
09:56:25.767 [main] INFO  f.i.s.r.p.i.ProjectInspector - FlacocoLocalization
09:56:25.767 [main] INFO  f.i.s.r.p.i.ProjectInspector - PushFaultLocalizationSuggestionsOnGitHubRepository
09:56:25.767 [main] INFO  f.i.s.r.p.s.CloneCheckoutGitPullRequest - Cloning repository https://github.com/apache/pinot.git in the following directory: ./workspace/apache-pinot-master-8972_repo
09:57:27.620 [Thread-5] ERROR f.i.s.r.p.m.output.MavenErrorHandler - Warning: Lookahead adequacy checking not being performed since option LOOKAHEAD is more than 1.  Set option FORCE_LA_CHECK to true to force checking.
10:00:22.737 [Thread-4] ERROR f.i.s.r.p.m.o.MavenFilterOutputHandler - [ERROR] Failed to execute goal com.diffplug.spotless:spotless-maven-plugin:2.9.0:check (default) on project pinot-protobuf: The following files had format violations:
10:00:22.737 [Thread-4] ERROR f.i.s.r.p.m.o.MavenFilterOutputHandler - [ERROR]     src/main/java/org/apache/pinot/plugin/inputformat/protobuf/ProtoBufMessageDecoder.java
10:00:22.737 [Thread-4] ERROR f.i.s.r.p.m.o.MavenFilterOutputHandler - [ERROR]         @@ -20,7 +20,6 @@
10:00:22.737 [Thread-4] ERROR f.i.s.r.p.m.o.MavenFilterOutputHandler - [ERROR]          
10:00:22.737 [Thread-4] ERROR f.i.s.r.p.m.o.MavenFilterOutputHandler - [ERROR]          import·com.github.os72.protobuf.dynamic.DynamicSchema;
10:00:22.737 [Thread-4] ERROR f.i.s.r.p.m.o.MavenFilterOutputHandler - [ERROR]          import·com.google.common.base.Preconditions;
10:00:22.737 [Thread-4] ERROR f.i.s.r.p.m.o.MavenFilterOutputHandler - [ERROR]         -import·com.google.protobuf.DescriptorProtos;
10:00:22.737 [Thread-4] ERROR f.i.s.r.p.m.o.MavenFilterOutputHandler - [ERROR]          import·com.google.protobuf.Descriptors;
10:00:22.737 [Thread-4] ERROR f.i.s.r.p.m.o.MavenFilterOutputHandler - [ERROR]          import·com.google.protobuf.DynamicMessage;
10:00:22.738 [Thread-4] ERROR f.i.s.r.p.m.o.MavenFilterOutputHandler - [ERROR]          import·com.google.protobuf.Message;
10:00:22.738 [Thread-4] ERROR f.i.s.r.p.m.o.MavenFilterOutputHandler - [ERROR] Run 'mvn spotless:apply' to fix these violations.
10:00:22.738 [Thread-4] ERROR f.i.s.r.p.m.o.MavenFilterOutputHandler - [ERROR] -> [Help 1]
10:00:22.741 [Thread-4] ERROR f.i.s.r.p.m.o.MavenFilterOutputHandler - [ERROR] 
10:00:22.741 [Thread-4] ERROR f.i.s.r.p.m.o.MavenFilterOutputHandler - [ERROR] Re-run Maven using the -X switch to enable full debug logging.
10:00:22.741 [Thread-4] ERROR f.i.s.r.p.m.o.MavenFilterOutputHandler - [ERROR] 
10:00:22.741 [Thread-4] ERROR f.i.s.r.p.m.o.MavenFilterOutputHandler - [ERROR] For more information about the errors and possible solutions, please read the following articles:
10:00:22.742 [Thread-4] ERROR f.i.s.r.p.m.o.MavenFilterOutputHandler - [ERROR] [Help 1] http://cwiki.apache.org/confluence/display/MAVEN/MojoExecutionException
10:00:22.742 [Thread-4] ERROR f.i.s.r.p.m.o.MavenFilterOutputHandler - [ERROR] 
10:00:22.742 [Thread-4] ERROR f.i.s.r.p.m.o.MavenFilterOutputHandler - [ERROR] After correcting the problems, you can resume the build with the command
10:00:22.742 [Thread-4] ERROR f.i.s.r.p.m.o.MavenFilterOutputHandler - [ERROR]   mvn <goals> -rf :pinot-protobuf
10:00:23.027 [main] ERROR f.i.s.r.process.step.BuildProject - Repository apache/pinot cannot be built.
10:00:23.027 [main] INFO  f.i.s.r.process.step.BuildProject - 
10:00:25.189 [main] INFO  f.i.s.r.p.i.ProjectInspector - ----------------------------------------------------------------------
10:00:25.189 [main] INFO  f.i.s.r.p.i.ProjectInspector - PIPELINE EXECUTION SUMMARY
10:00:25.190 [main] INFO  f.i.s.r.p.i.ProjectInspector - ----------------------------------------------------------------------
10:00:25.190 [main] INFO  f.i.s.r.p.i.ProjectInspector - CloneCheckoutGitPullRequest..........................SUCCESS [  25 s ]
10:00:25.190 [main] INFO  f.i.s.r.p.i.ProjectInspector - BuildProject.........................................FAILURE [ 212 s ]
10:00:25.190 [main] INFO  f.i.s.r.p.i.ProjectInspector - TestProject..........................................NOT RUN          
10:00:25.190 [main] INFO  f.i.s.r.p.i.ProjectInspector - ComputeClasspath.....................................NOT RUN          
10:00:25.190 [main] INFO  f.i.s.r.p.i.ProjectInspector - ComputeSourceDir.....................................NOT RUN          
10:00:25.190 [main] INFO  f.i.s.r.p.i.ProjectInspector - ComputeTestDir.......................................NOT RUN          
10:00:25.190 [main] INFO  f.i.s.r.p.i.ProjectInspector - GatherTestInformation................................NOT RUN          
10:00:25.190 [main] INFO  f.i.s.r.p.i.ProjectInspector - FlacocoLocalization..................................NOT RUN          
10:00:25.190 [main] INFO  f.i.s.r.p.i.ProjectInspector - PushFaultLocalizationSuggestionsOnGitHubRepository...NOT RUN          
10:00:25.191 [main] INFO  f.i.s.r.p.i.ProjectInspector - ----------------------------------------------------------------------
10:00:25.191 [main] INFO  f.i.s.r.p.i.ProjectInspector - PIPELINE FINDING: NOTBUILDABLE
10:00:25.191 [main] INFO  f.i.s.r.p.i.ProjectInspector - ----------------------------------------------------------------------
10:00:25.191 [main] INFO  f.i.s.r.p.github.GithubMainProcess - Inspector is finished. The process will exit now.
