Execute pipeline with following supplementary args: --smtpPort 25 --listenerMode NOOP --launcherMode FAULT_LOCALIZATION  --gitrepourl https://github.com/apache/pinot --gitrepopullrequest 8828
java -cp /usr/local/openjdk-11/lib/tools.jar:repairnator-pipeline.jar -Dlogback.configurationFile=/root/logback.xml fr.inria.spirals.repairnator.pipeline.Launcher -d --runId null -o /var/log --ghOauth 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 --faultLocalization --flacocoThreshold 0.0 --flacocoTopK null --flacocoResultsRepository flacocobot/2022-flacocobot-experiment --ghOauth  --smtpPort 25 --listenerMode NOOP --launcherMode FAULT_LOCALIZATION  --gitrepourl https://github.com/apache/pinot --gitrepopullrequest 8828

13:05:02.362 [main] INFO  f.i.s.r.p.g.GithubInitSerializerEngines - Initialize file serializer engines.
13:05:02.364 [main] INFO  f.i.s.r.p.g.GithubInitSerializerEngines - MongoDB won't be used for serialization.
13:05:02.364 [main] INFO  f.i.s.r.p.github.GithubInitNotifiers - The email notifier engine won't be used.
13:05:02.380 [main] INFO  f.i.s.r.p.i.ProjectInspector - ----------------------------------------------------------------------
13:05:02.380 [main] INFO  f.i.s.r.p.i.ProjectInspector - PIPELINE STEPS
13:05:02.380 [main] INFO  f.i.s.r.p.i.ProjectInspector - ----------------------------------------------------------------------
13:05:02.380 [main] INFO  f.i.s.r.p.i.ProjectInspector - CloneCheckoutGitPullRequest
13:05:02.380 [main] INFO  f.i.s.r.p.i.ProjectInspector - BuildProject
13:05:02.380 [main] INFO  f.i.s.r.p.i.ProjectInspector - TestProject
13:05:02.380 [main] INFO  f.i.s.r.p.i.ProjectInspector - ComputeClasspath
13:05:02.380 [main] INFO  f.i.s.r.p.i.ProjectInspector - ComputeSourceDir
13:05:02.380 [main] INFO  f.i.s.r.p.i.ProjectInspector - ComputeTestDir
13:05:02.380 [main] INFO  f.i.s.r.p.i.ProjectInspector - GatherTestInformation
13:05:02.380 [main] INFO  f.i.s.r.p.i.ProjectInspector - FlacocoLocalization
13:05:02.380 [main] INFO  f.i.s.r.p.i.ProjectInspector - PushFaultLocalizationSuggestionsOnGitHubRepository
13:05:02.380 [main] INFO  f.i.s.r.p.s.CloneCheckoutGitPullRequest - Cloning repository https://github.com/apache/pinot.git in the following directory: ./workspace/apache-pinot-master-8828_repo
13:05:32.956 [Thread-4] ERROR f.i.s.r.p.m.o.MavenFilterOutputHandler - [ERROR] COMPILATION ERROR : 
13:05:32.956 [Thread-4] ERROR f.i.s.r.p.m.o.MavenFilterOutputHandler - [ERROR] /root/workspace/apache-pinot-master-8828_repo/pinot-spi/src/main/java/org/apache/pinot/spi/utils/CommonConstants.java:[564,96] error: ';' expected
13:05:32.960 [Thread-4] ERROR f.i.s.r.p.m.o.MavenFilterOutputHandler - [ERROR] Failed to execute goal org.apache.maven.plugins:maven-compiler-plugin:3.8.0:compile (default-compile) on project pinot-spi: Compilation failure
13:05:32.961 [Thread-4] ERROR f.i.s.r.p.m.o.MavenFilterOutputHandler - [ERROR] /root/workspace/apache-pinot-master-8828_repo/pinot-spi/src/main/java/org/apache/pinot/spi/utils/CommonConstants.java:[564,96] error: ';' expected
13:05:32.961 [Thread-4] ERROR f.i.s.r.p.m.o.MavenFilterOutputHandler - [ERROR] -> [Help 1]
13:05:32.964 [Thread-4] ERROR f.i.s.r.p.m.o.MavenFilterOutputHandler - [ERROR] 
13:05:32.964 [Thread-4] ERROR f.i.s.r.p.m.o.MavenFilterOutputHandler - [ERROR] Re-run Maven using the -X switch to enable full debug logging.
13:05:32.964 [Thread-4] ERROR f.i.s.r.p.m.o.MavenFilterOutputHandler - [ERROR] 
13:05:32.964 [Thread-4] ERROR f.i.s.r.p.m.o.MavenFilterOutputHandler - [ERROR] For more information about the errors and possible solutions, please read the following articles:
13:05:32.964 [Thread-4] ERROR f.i.s.r.p.m.o.MavenFilterOutputHandler - [ERROR] [Help 1] http://cwiki.apache.org/confluence/display/MAVEN/MojoFailureException
13:05:32.964 [Thread-4] ERROR f.i.s.r.p.m.o.MavenFilterOutputHandler - [ERROR] 
13:05:32.964 [Thread-4] ERROR f.i.s.r.p.m.o.MavenFilterOutputHandler - [ERROR] After correcting the problems, you can resume the build with the command
13:05:32.964 [Thread-4] ERROR f.i.s.r.p.m.o.MavenFilterOutputHandler - [ERROR]   mvn <goals> -rf :pinot-spi
13:05:33.264 [main] ERROR f.i.s.r.process.step.BuildProject - Repository apache/pinot cannot be built.
13:05:33.266 [main] INFO  f.i.s.r.process.step.BuildProject - 
13:05:33.564 [main] INFO  f.i.s.r.p.i.ProjectInspector - ----------------------------------------------------------------------
13:05:33.564 [main] INFO  f.i.s.r.p.i.ProjectInspector - PIPELINE EXECUTION SUMMARY
13:05:33.564 [main] INFO  f.i.s.r.p.i.ProjectInspector - ----------------------------------------------------------------------
13:05:33.564 [main] INFO  f.i.s.r.p.i.ProjectInspector - CloneCheckoutGitPullRequest...........................SUCCESS [ 20 s ]
13:05:33.564 [main] INFO  f.i.s.r.p.i.ProjectInspector - BuildProject..........................................FAILURE [ 10 s ]
13:05:33.564 [main] INFO  f.i.s.r.p.i.ProjectInspector - TestProject...........................................NOT RUN         
13:05:33.565 [main] INFO  f.i.s.r.p.i.ProjectInspector - ComputeClasspath......................................NOT RUN         
13:05:33.565 [main] INFO  f.i.s.r.p.i.ProjectInspector - ComputeSourceDir......................................NOT RUN         
13:05:33.565 [main] INFO  f.i.s.r.p.i.ProjectInspector - ComputeTestDir........................................NOT RUN         
13:05:33.565 [main] INFO  f.i.s.r.p.i.ProjectInspector - GatherTestInformation.................................NOT RUN         
13:05:33.565 [main] INFO  f.i.s.r.p.i.ProjectInspector - FlacocoLocalization...................................NOT RUN         
13:05:33.565 [main] INFO  f.i.s.r.p.i.ProjectInspector - PushFaultLocalizationSuggestionsOnGitHubRepository....NOT RUN         
13:05:33.565 [main] INFO  f.i.s.r.p.i.ProjectInspector - ----------------------------------------------------------------------
13:05:33.565 [main] INFO  f.i.s.r.p.i.ProjectInspector - PIPELINE FINDING: NOTBUILDABLE
13:05:33.565 [main] INFO  f.i.s.r.p.i.ProjectInspector - ----------------------------------------------------------------------
13:05:33.565 [main] INFO  f.i.s.r.p.github.GithubMainProcess - Inspector is finished. The process will exit now.
