Execute pipeline with following supplementary args: --smtpPort 25 --listenerMode NOOP --launcherMode FAULT_LOCALIZATION  --gitrepourl https://github.com/apache/pinot --gitrepopullrequest 8884
java -cp /usr/local/openjdk-11/lib/tools.jar:repairnator-pipeline.jar -Dlogback.configurationFile=/root/logback.xml fr.inria.spirals.repairnator.pipeline.Launcher -d --runId null -o /var/log --ghOauth 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 --faultLocalization --flacocoThreshold 0.0 --flacocoTopK null --flacocoResultsRepository flacocobot/2022-flacocobot-experiment --ghOauth  --smtpPort 25 --listenerMode NOOP --launcherMode FAULT_LOCALIZATION  --gitrepourl https://github.com/apache/pinot --gitrepopullrequest 8884

09:57:07.317 [main] INFO  f.i.s.r.p.g.GithubInitSerializerEngines - Initialize file serializer engines.
09:57:07.319 [main] INFO  f.i.s.r.p.g.GithubInitSerializerEngines - MongoDB won't be used for serialization.
09:57:07.320 [main] INFO  f.i.s.r.p.github.GithubInitNotifiers - The email notifier engine won't be used.
09:57:07.345 [main] INFO  f.i.s.r.p.i.ProjectInspector - ----------------------------------------------------------------------
09:57:07.345 [main] INFO  f.i.s.r.p.i.ProjectInspector - PIPELINE STEPS
09:57:07.345 [main] INFO  f.i.s.r.p.i.ProjectInspector - ----------------------------------------------------------------------
09:57:07.345 [main] INFO  f.i.s.r.p.i.ProjectInspector - CloneCheckoutGitPullRequest
09:57:07.345 [main] INFO  f.i.s.r.p.i.ProjectInspector - BuildProject
09:57:07.345 [main] INFO  f.i.s.r.p.i.ProjectInspector - TestProject
09:57:07.345 [main] INFO  f.i.s.r.p.i.ProjectInspector - ComputeClasspath
09:57:07.345 [main] INFO  f.i.s.r.p.i.ProjectInspector - ComputeSourceDir
09:57:07.345 [main] INFO  f.i.s.r.p.i.ProjectInspector - ComputeTestDir
09:57:07.345 [main] INFO  f.i.s.r.p.i.ProjectInspector - GatherTestInformation
09:57:07.345 [main] INFO  f.i.s.r.p.i.ProjectInspector - FlacocoLocalization
09:57:07.345 [main] INFO  f.i.s.r.p.i.ProjectInspector - PushFaultLocalizationSuggestionsOnGitHubRepository
09:57:07.345 [main] INFO  f.i.s.r.p.s.CloneCheckoutGitPullRequest - Cloning repository https://github.com/apache/pinot.git in the following directory: ./workspace/apache-pinot-master-8884_repo
09:59:16.297 [Thread-5] ERROR f.i.s.r.p.m.output.MavenErrorHandler - Warning: Lookahead adequacy checking not being performed since option LOOKAHEAD is more than 1.  Set option FORCE_LA_CHECK to true to force checking.
10:01:32.018 [Thread-4] ERROR f.i.s.r.p.m.o.MavenFilterOutputHandler - [ERROR] COMPILATION ERROR : 
10:01:32.018 [Thread-4] ERROR f.i.s.r.p.m.o.MavenFilterOutputHandler - [ERROR] /root/workspace/apache-pinot-master-8884_repo/pinot-core/src/main/java/org/apache/pinot/core/query/pruner/SegmentPrunerService.java:[138,19] error: ';' expected
10:01:32.018 [Thread-4] ERROR f.i.s.r.p.m.o.MavenFilterOutputHandler - [ERROR] Failed to execute goal org.apache.maven.plugins:maven-compiler-plugin:3.8.0:compile (default-compile) on project pinot-core: Compilation failure
10:01:32.018 [Thread-4] ERROR f.i.s.r.p.m.o.MavenFilterOutputHandler - [ERROR] /root/workspace/apache-pinot-master-8884_repo/pinot-core/src/main/java/org/apache/pinot/core/query/pruner/SegmentPrunerService.java:[138,19] error: ';' expected
10:01:32.018 [Thread-4] ERROR f.i.s.r.p.m.o.MavenFilterOutputHandler - [ERROR] -> [Help 1]
10:01:32.044 [Thread-4] ERROR f.i.s.r.p.m.o.MavenFilterOutputHandler - [ERROR] 
10:01:32.045 [Thread-4] ERROR f.i.s.r.p.m.o.MavenFilterOutputHandler - [ERROR] Re-run Maven using the -X switch to enable full debug logging.
10:01:32.045 [Thread-4] ERROR f.i.s.r.p.m.o.MavenFilterOutputHandler - [ERROR] 
10:01:32.046 [Thread-4] ERROR f.i.s.r.p.m.o.MavenFilterOutputHandler - [ERROR] For more information about the errors and possible solutions, please read the following articles:
10:01:32.047 [Thread-4] ERROR f.i.s.r.p.m.o.MavenFilterOutputHandler - [ERROR] [Help 1] http://cwiki.apache.org/confluence/display/MAVEN/MojoFailureException
10:01:32.047 [Thread-4] ERROR f.i.s.r.p.m.o.MavenFilterOutputHandler - [ERROR] 
10:01:32.048 [Thread-4] ERROR f.i.s.r.p.m.o.MavenFilterOutputHandler - [ERROR] After correcting the problems, you can resume the build with the command
10:01:32.049 [Thread-4] ERROR f.i.s.r.p.m.o.MavenFilterOutputHandler - [ERROR]   mvn <goals> -rf :pinot-core
10:01:32.546 [main] ERROR f.i.s.r.process.step.BuildProject - Repository apache/pinot cannot be built.
10:01:32.547 [main] INFO  f.i.s.r.process.step.BuildProject - 
10:01:33.981 [main] INFO  f.i.s.r.p.i.ProjectInspector - ----------------------------------------------------------------------
10:01:33.981 [main] INFO  f.i.s.r.p.i.ProjectInspector - PIPELINE EXECUTION SUMMARY
10:01:33.982 [main] INFO  f.i.s.r.p.i.ProjectInspector - ----------------------------------------------------------------------
10:01:33.982 [main] INFO  f.i.s.r.p.i.ProjectInspector - CloneCheckoutGitPullRequest..........................SUCCESS [  31 s ]
10:01:33.983 [main] INFO  f.i.s.r.p.i.ProjectInspector - BuildProject.........................................FAILURE [ 233 s ]
10:01:33.983 [main] INFO  f.i.s.r.p.i.ProjectInspector - TestProject..........................................NOT RUN          
10:01:33.983 [main] INFO  f.i.s.r.p.i.ProjectInspector - ComputeClasspath.....................................NOT RUN          
10:01:33.983 [main] INFO  f.i.s.r.p.i.ProjectInspector - ComputeSourceDir.....................................NOT RUN          
10:01:33.984 [main] INFO  f.i.s.r.p.i.ProjectInspector - ComputeTestDir.......................................NOT RUN          
10:01:33.985 [main] INFO  f.i.s.r.p.i.ProjectInspector - GatherTestInformation................................NOT RUN          
10:01:33.985 [main] INFO  f.i.s.r.p.i.ProjectInspector - FlacocoLocalization..................................NOT RUN          
10:01:33.985 [main] INFO  f.i.s.r.p.i.ProjectInspector - PushFaultLocalizationSuggestionsOnGitHubRepository...NOT RUN          
10:01:33.985 [main] INFO  f.i.s.r.p.i.ProjectInspector - ----------------------------------------------------------------------
10:01:33.986 [main] INFO  f.i.s.r.p.i.ProjectInspector - PIPELINE FINDING: NOTBUILDABLE
10:01:33.986 [main] INFO  f.i.s.r.p.i.ProjectInspector - ----------------------------------------------------------------------
10:01:33.986 [main] INFO  f.i.s.r.p.github.GithubMainProcess - Inspector is finished. The process will exit now.
