Execute pipeline with following supplementary args: --smtpPort 25 --listenerMode NOOP --launcherMode FAULT_LOCALIZATION  --gitrepourl https://github.com/apache/pinot --gitrepopullrequest 8967
java -cp /usr/local/openjdk-11/lib/tools.jar:repairnator-pipeline.jar -Dlogback.configurationFile=/root/logback.xml fr.inria.spirals.repairnator.pipeline.Launcher -d --runId null -o /var/log --ghOauth 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 --faultLocalization --flacocoThreshold 0.0 --flacocoTopK null --flacocoResultsRepository flacocobot/2022-flacocobot-experiment --ghOauth  --smtpPort 25 --listenerMode NOOP --launcherMode FAULT_LOCALIZATION  --gitrepourl https://github.com/apache/pinot --gitrepopullrequest 8967

00:03:17.839 [main] INFO  f.i.s.r.p.g.GithubInitSerializerEngines - Initialize file serializer engines.
00:03:17.841 [main] INFO  f.i.s.r.p.g.GithubInitSerializerEngines - MongoDB won't be used for serialization.
00:03:17.841 [main] INFO  f.i.s.r.p.github.GithubInitNotifiers - The email notifier engine won't be used.
00:03:17.873 [main] INFO  f.i.s.r.p.i.ProjectInspector - ----------------------------------------------------------------------
00:03:17.873 [main] INFO  f.i.s.r.p.i.ProjectInspector - PIPELINE STEPS
00:03:17.873 [main] INFO  f.i.s.r.p.i.ProjectInspector - ----------------------------------------------------------------------
00:03:17.873 [main] INFO  f.i.s.r.p.i.ProjectInspector - CloneCheckoutGitPullRequest
00:03:17.873 [main] INFO  f.i.s.r.p.i.ProjectInspector - BuildProject
00:03:17.874 [main] INFO  f.i.s.r.p.i.ProjectInspector - TestProject
00:03:17.874 [main] INFO  f.i.s.r.p.i.ProjectInspector - ComputeClasspath
00:03:17.874 [main] INFO  f.i.s.r.p.i.ProjectInspector - ComputeSourceDir
00:03:17.874 [main] INFO  f.i.s.r.p.i.ProjectInspector - ComputeTestDir
00:03:17.874 [main] INFO  f.i.s.r.p.i.ProjectInspector - GatherTestInformation
00:03:17.874 [main] INFO  f.i.s.r.p.i.ProjectInspector - FlacocoLocalization
00:03:17.874 [main] INFO  f.i.s.r.p.i.ProjectInspector - PushFaultLocalizationSuggestionsOnGitHubRepository
00:03:17.875 [main] INFO  f.i.s.r.p.s.CloneCheckoutGitPullRequest - Cloning repository https://github.com/apache/pinot.git in the following directory: ./workspace/apache-pinot-master-8967_repo
00:05:10.494 [Thread-5] ERROR f.i.s.r.p.m.output.MavenErrorHandler - Warning: Lookahead adequacy checking not being performed since option LOOKAHEAD is more than 1.  Set option FORCE_LA_CHECK to true to force checking.
00:08:08.854 [Thread-4] ERROR f.i.s.r.p.m.o.MavenFilterOutputHandler - [ERROR] Failed to execute goal com.diffplug.spotless:spotless-maven-plugin:2.9.0:check (default) on project pinot-query-runtime: The following files had format violations:
00:08:08.855 [Thread-4] ERROR f.i.s.r.p.m.o.MavenFilterOutputHandler - [ERROR]     src/main/java/org/apache/pinot/query/runtime/operator/TransformOperator.java
00:08:08.855 [Thread-4] ERROR f.i.s.r.p.m.o.MavenFilterOutputHandler - [ERROR]         @@ -19,18 +19,13 @@
00:08:08.856 [Thread-4] ERROR f.i.s.r.p.m.o.MavenFilterOutputHandler - [ERROR]          package·org.apache.pinot.query.runtime.operator;
00:08:08.856 [Thread-4] ERROR f.i.s.r.p.m.o.MavenFilterOutputHandler - [ERROR]          
00:08:08.857 [Thread-4] ERROR f.i.s.r.p.m.o.MavenFilterOutputHandler - [ERROR]          import·java.util.ArrayList;
00:08:08.857 [Thread-4] ERROR f.i.s.r.p.m.o.MavenFilterOutputHandler - [ERROR]         -import·java.util.Collections;
00:08:08.858 [Thread-4] ERROR f.i.s.r.p.m.o.MavenFilterOutputHandler - [ERROR]         -import·java.util.HashMap;
00:08:08.866 [Thread-4] ERROR f.i.s.r.p.m.o.MavenFilterOutputHandler - [ERROR]          import·java.util.List;
00:08:08.866 [Thread-4] ERROR f.i.s.r.p.m.o.MavenFilterOutputHandler - [ERROR]          import·javax.annotation.Nullable;
00:08:08.867 [Thread-4] ERROR f.i.s.r.p.m.o.MavenFilterOutputHandler - [ERROR]          import·org.apache.pinot.common.utils.DataSchema;
00:08:08.867 [Thread-4] ERROR f.i.s.r.p.m.o.MavenFilterOutputHandler - [ERROR]          import·org.apache.pinot.core.common.Operator;
00:08:08.867 [Thread-4] ERROR f.i.s.r.p.m.o.MavenFilterOutputHandler - [ERROR]          import·org.apache.pinot.core.common.datablock.BaseDataBlock;
00:08:08.867 [Thread-4] ERROR f.i.s.r.p.m.o.MavenFilterOutputHandler - [ERROR]          import·org.apache.pinot.core.operator.BaseOperator;
00:08:08.867 [Thread-4] ERROR f.i.s.r.p.m.o.MavenFilterOutputHandler - [ERROR]         -import·org.apache.pinot.core.query.selection.SelectionOperatorUtils;
00:08:08.867 [Thread-4] ERROR f.i.s.r.p.m.o.MavenFilterOutputHandler - [ERROR]          import·org.apache.pinot.query.planner.logical.RexExpression;
00:08:08.867 [Thread-4] ERROR f.i.s.r.p.m.o.MavenFilterOutputHandler - [ERROR]         -import·org.apache.pinot.query.planner.partitioning.KeySelector;
00:08:08.867 [Thread-4] ERROR f.i.s.r.p.m.o.MavenFilterOutputHandler - [ERROR]         -import·org.apache.pinot.query.planner.stage.JoinNode;
00:08:08.867 [Thread-4] ERROR f.i.s.r.p.m.o.MavenFilterOutputHandler - [ERROR]          import·org.apache.pinot.query.runtime.blocks.TransferableBlock;
00:08:08.867 [Thread-4] ERROR f.i.s.r.p.m.o.MavenFilterOutputHandler - [ERROR]          import·org.apache.pinot.query.runtime.blocks.TransferableBlockUtils;
00:08:08.867 [Thread-4] ERROR f.i.s.r.p.m.o.MavenFilterOutputHandler - [ERROR]          
00:08:08.867 [Thread-4] ERROR f.i.s.r.p.m.o.MavenFilterOutputHandler - [ERROR] Run 'mvn spotless:apply' to fix these violations.
00:08:08.867 [Thread-4] ERROR f.i.s.r.p.m.o.MavenFilterOutputHandler - [ERROR] -> [Help 1]
00:08:08.868 [Thread-4] ERROR f.i.s.r.p.m.o.MavenFilterOutputHandler - [ERROR] 
00:08:08.868 [Thread-4] ERROR f.i.s.r.p.m.o.MavenFilterOutputHandler - [ERROR] Re-run Maven using the -X switch to enable full debug logging.
00:08:08.868 [Thread-4] ERROR f.i.s.r.p.m.o.MavenFilterOutputHandler - [ERROR] 
00:08:08.868 [Thread-4] ERROR f.i.s.r.p.m.o.MavenFilterOutputHandler - [ERROR] For more information about the errors and possible solutions, please read the following articles:
00:08:08.868 [Thread-4] ERROR f.i.s.r.p.m.o.MavenFilterOutputHandler - [ERROR] [Help 1] http://cwiki.apache.org/confluence/display/MAVEN/MojoExecutionException
00:08:08.868 [Thread-4] ERROR f.i.s.r.p.m.o.MavenFilterOutputHandler - [ERROR] 
00:08:08.868 [Thread-4] ERROR f.i.s.r.p.m.o.MavenFilterOutputHandler - [ERROR] After correcting the problems, you can resume the build with the command
00:08:08.868 [Thread-4] ERROR f.i.s.r.p.m.o.MavenFilterOutputHandler - [ERROR]   mvn <goals> -rf :pinot-query-runtime
00:08:09.174 [main] ERROR f.i.s.r.process.step.BuildProject - Repository apache/pinot cannot be built.
00:08:09.174 [main] INFO  f.i.s.r.process.step.BuildProject - 
00:08:10.808 [main] INFO  f.i.s.r.p.i.ProjectInspector - ----------------------------------------------------------------------
00:08:10.808 [main] INFO  f.i.s.r.p.i.ProjectInspector - PIPELINE EXECUTION SUMMARY
00:08:10.808 [main] INFO  f.i.s.r.p.i.ProjectInspector - ----------------------------------------------------------------------
00:08:10.808 [main] INFO  f.i.s.r.p.i.ProjectInspector - CloneCheckoutGitPullRequest..........................SUCCESS [  29 s ]
00:08:10.809 [main] INFO  f.i.s.r.p.i.ProjectInspector - BuildProject.........................................FAILURE [ 261 s ]
00:08:10.809 [main] INFO  f.i.s.r.p.i.ProjectInspector - TestProject..........................................NOT RUN          
00:08:10.809 [main] INFO  f.i.s.r.p.i.ProjectInspector - ComputeClasspath.....................................NOT RUN          
00:08:10.809 [main] INFO  f.i.s.r.p.i.ProjectInspector - ComputeSourceDir.....................................NOT RUN          
00:08:10.809 [main] INFO  f.i.s.r.p.i.ProjectInspector - ComputeTestDir.......................................NOT RUN          
00:08:10.809 [main] INFO  f.i.s.r.p.i.ProjectInspector - GatherTestInformation................................NOT RUN          
00:08:10.809 [main] INFO  f.i.s.r.p.i.ProjectInspector - FlacocoLocalization..................................NOT RUN          
00:08:10.809 [main] INFO  f.i.s.r.p.i.ProjectInspector - PushFaultLocalizationSuggestionsOnGitHubRepository...NOT RUN          
00:08:10.809 [main] INFO  f.i.s.r.p.i.ProjectInspector - ----------------------------------------------------------------------
00:08:10.809 [main] INFO  f.i.s.r.p.i.ProjectInspector - PIPELINE FINDING: NOTBUILDABLE
00:08:10.810 [main] INFO  f.i.s.r.p.i.ProjectInspector - ----------------------------------------------------------------------
00:08:10.810 [main] INFO  f.i.s.r.p.github.GithubMainProcess - Inspector is finished. The process will exit now.
