Execute pipeline with following supplementary args: --smtpPort 25 --listenerMode NOOP --launcherMode FAULT_LOCALIZATION  --gitrepourl https://github.com/debezium/debezium --gitrepopullrequest 3545
java -cp /usr/local/openjdk-11/lib/tools.jar:repairnator-pipeline.jar -Dlogback.configurationFile=/root/logback.xml fr.inria.spirals.repairnator.pipeline.Launcher -d --runId null -o /var/log --ghOauth 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 --faultLocalization --flacocoThreshold 0.0 --flacocoTopK null --flacocoResultsRepository flacocobot/2022-flacocobot-experiment --ghOauth  --smtpPort 25 --listenerMode NOOP --launcherMode FAULT_LOCALIZATION  --gitrepourl https://github.com/debezium/debezium --gitrepopullrequest 3545

11:24:33.519 [main] INFO  f.i.s.r.p.g.GithubInitSerializerEngines - Initialize file serializer engines.
11:24:33.521 [main] INFO  f.i.s.r.p.g.GithubInitSerializerEngines - MongoDB won't be used for serialization.
11:24:33.521 [main] INFO  f.i.s.r.p.github.GithubInitNotifiers - The email notifier engine won't be used.
11:24:33.535 [main] INFO  f.i.s.r.p.i.ProjectInspector - ----------------------------------------------------------------------
11:24:33.535 [main] INFO  f.i.s.r.p.i.ProjectInspector - PIPELINE STEPS
11:24:33.535 [main] INFO  f.i.s.r.p.i.ProjectInspector - ----------------------------------------------------------------------
11:24:33.535 [main] INFO  f.i.s.r.p.i.ProjectInspector - CloneCheckoutGitPullRequest
11:24:33.535 [main] INFO  f.i.s.r.p.i.ProjectInspector - BuildProject
11:24:33.535 [main] INFO  f.i.s.r.p.i.ProjectInspector - TestProject
11:24:33.535 [main] INFO  f.i.s.r.p.i.ProjectInspector - ComputeClasspath
11:24:33.536 [main] INFO  f.i.s.r.p.i.ProjectInspector - ComputeSourceDir
11:24:33.536 [main] INFO  f.i.s.r.p.i.ProjectInspector - ComputeTestDir
11:24:33.536 [main] INFO  f.i.s.r.p.i.ProjectInspector - GatherTestInformation
11:24:33.536 [main] INFO  f.i.s.r.p.i.ProjectInspector - FlacocoLocalization
11:24:33.536 [main] INFO  f.i.s.r.p.i.ProjectInspector - PushFaultLocalizationSuggestionsOnGitHubRepository
11:24:33.536 [main] INFO  f.i.s.r.p.s.CloneCheckoutGitPullRequest - Cloning repository https://github.com/debezium/debezium.git in the following directory: ./workspace/debezium-debezium-master-3545_repo
11:29:06.286 [Thread-4] ERROR f.i.s.r.p.m.o.MavenFilterOutputHandler - [ERROR] Failed to execute goal org.apache.maven.plugins:maven-compiler-plugin:3.8.1:testCompile (default-testCompile) on project debezium-api: Fatal error compiling: error: release version 17 not supported -> [Help 1]
11:29:06.295 [Thread-4] ERROR f.i.s.r.p.m.o.MavenFilterOutputHandler - [ERROR] 
11:29:06.295 [Thread-4] ERROR f.i.s.r.p.m.o.MavenFilterOutputHandler - [ERROR] Re-run Maven using the -X switch to enable full debug logging.
11:29:06.295 [Thread-4] ERROR f.i.s.r.p.m.o.MavenFilterOutputHandler - [ERROR] 
11:29:06.295 [Thread-4] ERROR f.i.s.r.p.m.o.MavenFilterOutputHandler - [ERROR] For more information about the errors and possible solutions, please read the following articles:
11:29:06.295 [Thread-4] ERROR f.i.s.r.p.m.o.MavenFilterOutputHandler - [ERROR] [Help 1] http://cwiki.apache.org/confluence/display/MAVEN/MojoExecutionException
11:29:06.295 [Thread-4] ERROR f.i.s.r.p.m.o.MavenFilterOutputHandler - [ERROR] 
11:29:06.295 [Thread-4] ERROR f.i.s.r.p.m.o.MavenFilterOutputHandler - [ERROR] After correcting the problems, you can resume the build with the command
11:29:06.295 [Thread-4] ERROR f.i.s.r.p.m.o.MavenFilterOutputHandler - [ERROR]   mvn <goals> -rf :debezium-api
11:29:07.250 [main] ERROR f.i.s.r.process.step.BuildProject - Repository debezium/debezium cannot be built.
11:29:07.251 [main] INFO  f.i.s.r.process.step.BuildProject - 
11:29:07.542 [main] INFO  f.i.s.r.p.i.ProjectInspector - ----------------------------------------------------------------------
11:29:07.542 [main] INFO  f.i.s.r.p.i.ProjectInspector - PIPELINE EXECUTION SUMMARY
11:29:07.542 [main] INFO  f.i.s.r.p.i.ProjectInspector - ----------------------------------------------------------------------
11:29:07.543 [main] INFO  f.i.s.r.p.i.ProjectInspector - CloneCheckoutGitPullRequest..........................SUCCESS [  10 s ]
11:29:07.543 [main] INFO  f.i.s.r.p.i.ProjectInspector - BuildProject.........................................FAILURE [ 263 s ]
11:29:07.543 [main] INFO  f.i.s.r.p.i.ProjectInspector - TestProject..........................................NOT RUN          
11:29:07.543 [main] INFO  f.i.s.r.p.i.ProjectInspector - ComputeClasspath.....................................NOT RUN          
11:29:07.543 [main] INFO  f.i.s.r.p.i.ProjectInspector - ComputeSourceDir.....................................NOT RUN          
11:29:07.543 [main] INFO  f.i.s.r.p.i.ProjectInspector - ComputeTestDir.......................................NOT RUN          
11:29:07.543 [main] INFO  f.i.s.r.p.i.ProjectInspector - GatherTestInformation................................NOT RUN          
11:29:07.543 [main] INFO  f.i.s.r.p.i.ProjectInspector - FlacocoLocalization..................................NOT RUN          
11:29:07.543 [main] INFO  f.i.s.r.p.i.ProjectInspector - PushFaultLocalizationSuggestionsOnGitHubRepository...NOT RUN          
11:29:07.543 [main] INFO  f.i.s.r.p.i.ProjectInspector - ----------------------------------------------------------------------
11:29:07.543 [main] INFO  f.i.s.r.p.i.ProjectInspector - PIPELINE FINDING: NOTBUILDABLE
11:29:07.543 [main] INFO  f.i.s.r.p.i.ProjectInspector - ----------------------------------------------------------------------
11:29:07.543 [main] INFO  f.i.s.r.p.github.GithubMainProcess - Inspector is finished. The process will exit now.
