Execute pipeline with following supplementary args: --smtpPort 25 --listenerMode NOOP --launcherMode FAULT_LOCALIZATION  --gitrepourl https://github.com/debezium/debezium --gitrepopullrequest 3545
java -cp /usr/local/openjdk-11/lib/tools.jar:repairnator-pipeline.jar -Dlogback.configurationFile=/root/logback.xml fr.inria.spirals.repairnator.pipeline.Launcher -d --runId null -o /var/log --ghOauth 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 --faultLocalization --flacocoThreshold 0.0 --flacocoTopK null --flacocoResultsRepository flacocobot/2022-flacocobot-experiment --ghOauth  --smtpPort 25 --listenerMode NOOP --launcherMode FAULT_LOCALIZATION  --gitrepourl https://github.com/debezium/debezium --gitrepopullrequest 3545

17:30:25.300 [main] INFO  f.i.s.r.p.g.GithubInitSerializerEngines - Initialize file serializer engines.
17:30:25.301 [main] INFO  f.i.s.r.p.g.GithubInitSerializerEngines - MongoDB won't be used for serialization.
17:30:25.301 [main] INFO  f.i.s.r.p.github.GithubInitNotifiers - The email notifier engine won't be used.
17:30:25.347 [main] INFO  f.i.s.r.p.i.ProjectInspector - ----------------------------------------------------------------------
17:30:25.348 [main] INFO  f.i.s.r.p.i.ProjectInspector - PIPELINE STEPS
17:30:25.348 [main] INFO  f.i.s.r.p.i.ProjectInspector - ----------------------------------------------------------------------
17:30:25.348 [main] INFO  f.i.s.r.p.i.ProjectInspector - CloneCheckoutGitPullRequest
17:30:25.348 [main] INFO  f.i.s.r.p.i.ProjectInspector - BuildProject
17:30:25.348 [main] INFO  f.i.s.r.p.i.ProjectInspector - TestProject
17:30:25.348 [main] INFO  f.i.s.r.p.i.ProjectInspector - ComputeClasspath
17:30:25.348 [main] INFO  f.i.s.r.p.i.ProjectInspector - ComputeSourceDir
17:30:25.348 [main] INFO  f.i.s.r.p.i.ProjectInspector - ComputeTestDir
17:30:25.348 [main] INFO  f.i.s.r.p.i.ProjectInspector - GatherTestInformation
17:30:25.348 [main] INFO  f.i.s.r.p.i.ProjectInspector - FlacocoLocalization
17:30:25.348 [main] INFO  f.i.s.r.p.i.ProjectInspector - PushFaultLocalizationSuggestionsOnGitHubRepository
17:30:25.348 [main] INFO  f.i.s.r.p.s.CloneCheckoutGitPullRequest - Cloning repository https://github.com/debezium/debezium.git in the following directory: ./workspace/debezium-debezium-master-3545_repo
17:35:18.674 [Thread-4] ERROR f.i.s.r.p.m.o.MavenFilterOutputHandler - [ERROR] Failed to execute goal org.apache.maven.plugins:maven-compiler-plugin:3.8.1:testCompile (default-testCompile) on project debezium-api: Fatal error compiling: error: release version 17 not supported -> [Help 1]
17:35:18.703 [Thread-4] ERROR f.i.s.r.p.m.o.MavenFilterOutputHandler - [ERROR] 
17:35:18.704 [Thread-4] ERROR f.i.s.r.p.m.o.MavenFilterOutputHandler - [ERROR] Re-run Maven using the -X switch to enable full debug logging.
17:35:18.704 [Thread-4] ERROR f.i.s.r.p.m.o.MavenFilterOutputHandler - [ERROR] 
17:35:18.705 [Thread-4] ERROR f.i.s.r.p.m.o.MavenFilterOutputHandler - [ERROR] For more information about the errors and possible solutions, please read the following articles:
17:35:18.706 [Thread-4] ERROR f.i.s.r.p.m.o.MavenFilterOutputHandler - [ERROR] [Help 1] http://cwiki.apache.org/confluence/display/MAVEN/MojoExecutionException
17:35:18.706 [Thread-4] ERROR f.i.s.r.p.m.o.MavenFilterOutputHandler - [ERROR] 
17:35:18.706 [Thread-4] ERROR f.i.s.r.p.m.o.MavenFilterOutputHandler - [ERROR] After correcting the problems, you can resume the build with the command
17:35:18.707 [Thread-4] ERROR f.i.s.r.p.m.o.MavenFilterOutputHandler - [ERROR]   mvn <goals> -rf :debezium-api
17:35:19.658 [main] ERROR f.i.s.r.process.step.BuildProject - Repository debezium/debezium cannot be built.
17:35:19.658 [main] INFO  f.i.s.r.process.step.BuildProject - 
17:35:19.949 [main] INFO  f.i.s.r.p.i.ProjectInspector - ----------------------------------------------------------------------
17:35:19.949 [main] INFO  f.i.s.r.p.i.ProjectInspector - PIPELINE EXECUTION SUMMARY
17:35:19.949 [main] INFO  f.i.s.r.p.i.ProjectInspector - ----------------------------------------------------------------------
17:35:19.949 [main] INFO  f.i.s.r.p.i.ProjectInspector - CloneCheckoutGitPullRequest..........................SUCCESS [  13 s ]
17:35:19.949 [main] INFO  f.i.s.r.p.i.ProjectInspector - BuildProject.........................................FAILURE [ 281 s ]
17:35:19.949 [main] INFO  f.i.s.r.p.i.ProjectInspector - TestProject..........................................NOT RUN          
17:35:19.949 [main] INFO  f.i.s.r.p.i.ProjectInspector - ComputeClasspath.....................................NOT RUN          
17:35:19.949 [main] INFO  f.i.s.r.p.i.ProjectInspector - ComputeSourceDir.....................................NOT RUN          
17:35:19.949 [main] INFO  f.i.s.r.p.i.ProjectInspector - ComputeTestDir.......................................NOT RUN          
17:35:19.949 [main] INFO  f.i.s.r.p.i.ProjectInspector - GatherTestInformation................................NOT RUN          
17:35:19.949 [main] INFO  f.i.s.r.p.i.ProjectInspector - FlacocoLocalization..................................NOT RUN          
17:35:19.949 [main] INFO  f.i.s.r.p.i.ProjectInspector - PushFaultLocalizationSuggestionsOnGitHubRepository...NOT RUN          
17:35:19.950 [main] INFO  f.i.s.r.p.i.ProjectInspector - ----------------------------------------------------------------------
17:35:19.950 [main] INFO  f.i.s.r.p.i.ProjectInspector - PIPELINE FINDING: NOTBUILDABLE
17:35:19.950 [main] INFO  f.i.s.r.p.i.ProjectInspector - ----------------------------------------------------------------------
17:35:19.950 [main] INFO  f.i.s.r.p.github.GithubMainProcess - Inspector is finished. The process will exit now.
