Execute pipeline with following supplementary args: --smtpPort 25 --listenerMode NOOP --launcherMode FAULT_LOCALIZATION  --gitrepourl https://github.com/debezium/debezium --gitrepopullrequest 3657
java -cp /usr/local/openjdk-11/lib/tools.jar:repairnator-pipeline.jar -Dlogback.configurationFile=/root/logback.xml fr.inria.spirals.repairnator.pipeline.Launcher -d --runId null -o /var/log --ghOauth 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 --faultLocalization --flacocoThreshold 0.0 --flacocoTopK null --flacocoResultsRepository flacocobot/2022-flacocobot-experiment --ghOauth  --smtpPort 25 --listenerMode NOOP --launcherMode FAULT_LOCALIZATION  --gitrepourl https://github.com/debezium/debezium --gitrepopullrequest 3657

19:44:18.623 [main] INFO  f.i.s.r.p.g.GithubInitSerializerEngines - Initialize file serializer engines.
19:44:18.625 [main] INFO  f.i.s.r.p.g.GithubInitSerializerEngines - MongoDB won't be used for serialization.
19:44:18.625 [main] INFO  f.i.s.r.p.github.GithubInitNotifiers - The email notifier engine won't be used.
19:44:18.641 [main] INFO  f.i.s.r.p.i.ProjectInspector - ----------------------------------------------------------------------
19:44:18.642 [main] INFO  f.i.s.r.p.i.ProjectInspector - PIPELINE STEPS
19:44:18.642 [main] INFO  f.i.s.r.p.i.ProjectInspector - ----------------------------------------------------------------------
19:44:18.642 [main] INFO  f.i.s.r.p.i.ProjectInspector - CloneCheckoutGitPullRequest
19:44:18.642 [main] INFO  f.i.s.r.p.i.ProjectInspector - BuildProject
19:44:18.642 [main] INFO  f.i.s.r.p.i.ProjectInspector - TestProject
19:44:18.642 [main] INFO  f.i.s.r.p.i.ProjectInspector - ComputeClasspath
19:44:18.642 [main] INFO  f.i.s.r.p.i.ProjectInspector - ComputeSourceDir
19:44:18.642 [main] INFO  f.i.s.r.p.i.ProjectInspector - ComputeTestDir
19:44:18.642 [main] INFO  f.i.s.r.p.i.ProjectInspector - GatherTestInformation
19:44:18.642 [main] INFO  f.i.s.r.p.i.ProjectInspector - FlacocoLocalization
19:44:18.642 [main] INFO  f.i.s.r.p.i.ProjectInspector - PushFaultLocalizationSuggestionsOnGitHubRepository
19:44:18.642 [main] INFO  f.i.s.r.p.s.CloneCheckoutGitPullRequest - Cloning repository https://github.com/debezium/debezium.git in the following directory: ./workspace/debezium-debezium-master-3657_repo
19:49:01.705 [Thread-4] ERROR f.i.s.r.p.m.o.MavenFilterOutputHandler - [ERROR] Failed to execute goal org.apache.maven.plugins:maven-compiler-plugin:3.8.1:testCompile (default-testCompile) on project debezium-api: Fatal error compiling: error: release version 17 not supported -> [Help 1]
19:49:01.717 [Thread-4] ERROR f.i.s.r.p.m.o.MavenFilterOutputHandler - [ERROR] 
19:49:01.717 [Thread-4] ERROR f.i.s.r.p.m.o.MavenFilterOutputHandler - [ERROR] Re-run Maven using the -X switch to enable full debug logging.
19:49:01.717 [Thread-4] ERROR f.i.s.r.p.m.o.MavenFilterOutputHandler - [ERROR] 
19:49:01.717 [Thread-4] ERROR f.i.s.r.p.m.o.MavenFilterOutputHandler - [ERROR] For more information about the errors and possible solutions, please read the following articles:
19:49:01.717 [Thread-4] ERROR f.i.s.r.p.m.o.MavenFilterOutputHandler - [ERROR] [Help 1] http://cwiki.apache.org/confluence/display/MAVEN/MojoExecutionException
19:49:01.718 [Thread-4] ERROR f.i.s.r.p.m.o.MavenFilterOutputHandler - [ERROR] 
19:49:01.719 [Thread-4] ERROR f.i.s.r.p.m.o.MavenFilterOutputHandler - [ERROR] After correcting the problems, you can resume the build with the command
19:49:01.719 [Thread-4] ERROR f.i.s.r.p.m.o.MavenFilterOutputHandler - [ERROR]   mvn <goals> -rf :debezium-api
19:49:02.278 [main] ERROR f.i.s.r.process.step.BuildProject - Repository debezium/debezium cannot be built.
19:49:02.278 [main] INFO  f.i.s.r.process.step.BuildProject - 
19:49:02.690 [main] INFO  f.i.s.r.p.i.ProjectInspector - ----------------------------------------------------------------------
19:49:02.690 [main] INFO  f.i.s.r.p.i.ProjectInspector - PIPELINE EXECUTION SUMMARY
19:49:02.690 [main] INFO  f.i.s.r.p.i.ProjectInspector - ----------------------------------------------------------------------
19:49:02.690 [main] INFO  f.i.s.r.p.i.ProjectInspector - CloneCheckoutGitPullRequest..........................SUCCESS [  11 s ]
19:49:02.690 [main] INFO  f.i.s.r.p.i.ProjectInspector - BuildProject.........................................FAILURE [ 272 s ]
19:49:02.690 [main] INFO  f.i.s.r.p.i.ProjectInspector - TestProject..........................................NOT RUN          
19:49:02.690 [main] INFO  f.i.s.r.p.i.ProjectInspector - ComputeClasspath.....................................NOT RUN          
19:49:02.690 [main] INFO  f.i.s.r.p.i.ProjectInspector - ComputeSourceDir.....................................NOT RUN          
19:49:02.690 [main] INFO  f.i.s.r.p.i.ProjectInspector - ComputeTestDir.......................................NOT RUN          
19:49:02.690 [main] INFO  f.i.s.r.p.i.ProjectInspector - GatherTestInformation................................NOT RUN          
19:49:02.690 [main] INFO  f.i.s.r.p.i.ProjectInspector - FlacocoLocalization..................................NOT RUN          
19:49:02.690 [main] INFO  f.i.s.r.p.i.ProjectInspector - PushFaultLocalizationSuggestionsOnGitHubRepository...NOT RUN          
19:49:02.691 [main] INFO  f.i.s.r.p.i.ProjectInspector - ----------------------------------------------------------------------
19:49:02.691 [main] INFO  f.i.s.r.p.i.ProjectInspector - PIPELINE FINDING: NOTBUILDABLE
19:49:02.691 [main] INFO  f.i.s.r.p.i.ProjectInspector - ----------------------------------------------------------------------
19:49:02.691 [main] INFO  f.i.s.r.p.github.GithubMainProcess - Inspector is finished. The process will exit now.
