Execute pipeline with following supplementary args: --smtpPort 25 --listenerMode NOOP --launcherMode FAULT_LOCALIZATION  --gitrepourl https://github.com/debezium/debezium --gitrepopullrequest 3545
java -cp /usr/local/openjdk-11/lib/tools.jar:repairnator-pipeline.jar -Dlogback.configurationFile=/root/logback.xml fr.inria.spirals.repairnator.pipeline.Launcher -d --runId null -o /var/log --ghOauth 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 --faultLocalization --flacocoThreshold 0.0 --flacocoTopK null --flacocoResultsRepository flacocobot/2022-flacocobot-experiment --ghOauth  --smtpPort 25 --listenerMode NOOP --launcherMode FAULT_LOCALIZATION  --gitrepourl https://github.com/debezium/debezium --gitrepopullrequest 3545

17:02:28.612 [main] INFO  f.i.s.r.p.g.GithubInitSerializerEngines - Initialize file serializer engines.
17:02:28.614 [main] INFO  f.i.s.r.p.g.GithubInitSerializerEngines - MongoDB won't be used for serialization.
17:02:28.614 [main] INFO  f.i.s.r.p.github.GithubInitNotifiers - The email notifier engine won't be used.
17:02:28.631 [main] INFO  f.i.s.r.p.i.ProjectInspector - ----------------------------------------------------------------------
17:02:28.632 [main] INFO  f.i.s.r.p.i.ProjectInspector - PIPELINE STEPS
17:02:28.632 [main] INFO  f.i.s.r.p.i.ProjectInspector - ----------------------------------------------------------------------
17:02:28.632 [main] INFO  f.i.s.r.p.i.ProjectInspector - CloneCheckoutGitPullRequest
17:02:28.632 [main] INFO  f.i.s.r.p.i.ProjectInspector - BuildProject
17:02:28.632 [main] INFO  f.i.s.r.p.i.ProjectInspector - TestProject
17:02:28.632 [main] INFO  f.i.s.r.p.i.ProjectInspector - ComputeClasspath
17:02:28.632 [main] INFO  f.i.s.r.p.i.ProjectInspector - ComputeSourceDir
17:02:28.632 [main] INFO  f.i.s.r.p.i.ProjectInspector - ComputeTestDir
17:02:28.632 [main] INFO  f.i.s.r.p.i.ProjectInspector - GatherTestInformation
17:02:28.632 [main] INFO  f.i.s.r.p.i.ProjectInspector - FlacocoLocalization
17:02:28.632 [main] INFO  f.i.s.r.p.i.ProjectInspector - PushFaultLocalizationSuggestionsOnGitHubRepository
17:02:28.632 [main] INFO  f.i.s.r.p.s.CloneCheckoutGitPullRequest - Cloning repository https://github.com/debezium/debezium.git in the following directory: ./workspace/debezium-debezium-master-3545_repo
17:06:59.863 [Thread-4] ERROR f.i.s.r.p.m.o.MavenFilterOutputHandler - [ERROR] Failed to execute goal org.apache.maven.plugins:maven-compiler-plugin:3.8.1:testCompile (default-testCompile) on project debezium-api: Fatal error compiling: error: release version 17 not supported -> [Help 1]
17:06:59.870 [Thread-4] ERROR f.i.s.r.p.m.o.MavenFilterOutputHandler - [ERROR] 
17:06:59.870 [Thread-4] ERROR f.i.s.r.p.m.o.MavenFilterOutputHandler - [ERROR] Re-run Maven using the -X switch to enable full debug logging.
17:06:59.870 [Thread-4] ERROR f.i.s.r.p.m.o.MavenFilterOutputHandler - [ERROR] 
17:06:59.870 [Thread-4] ERROR f.i.s.r.p.m.o.MavenFilterOutputHandler - [ERROR] For more information about the errors and possible solutions, please read the following articles:
17:06:59.871 [Thread-4] ERROR f.i.s.r.p.m.o.MavenFilterOutputHandler - [ERROR] [Help 1] http://cwiki.apache.org/confluence/display/MAVEN/MojoExecutionException
17:06:59.871 [Thread-4] ERROR f.i.s.r.p.m.o.MavenFilterOutputHandler - [ERROR] 
17:06:59.871 [Thread-4] ERROR f.i.s.r.p.m.o.MavenFilterOutputHandler - [ERROR] After correcting the problems, you can resume the build with the command
17:06:59.871 [Thread-4] ERROR f.i.s.r.p.m.o.MavenFilterOutputHandler - [ERROR]   mvn <goals> -rf :debezium-api
17:07:00.723 [main] ERROR f.i.s.r.process.step.BuildProject - Repository debezium/debezium cannot be built.
17:07:00.723 [main] INFO  f.i.s.r.process.step.BuildProject - 
17:07:00.949 [main] INFO  f.i.s.r.p.i.ProjectInspector - ----------------------------------------------------------------------
17:07:00.949 [main] INFO  f.i.s.r.p.i.ProjectInspector - PIPELINE EXECUTION SUMMARY
17:07:00.949 [main] INFO  f.i.s.r.p.i.ProjectInspector - ----------------------------------------------------------------------
17:07:00.949 [main] INFO  f.i.s.r.p.i.ProjectInspector - CloneCheckoutGitPullRequest..........................SUCCESS [  11 s ]
17:07:00.949 [main] INFO  f.i.s.r.p.i.ProjectInspector - BuildProject.........................................FAILURE [ 261 s ]
17:07:00.949 [main] INFO  f.i.s.r.p.i.ProjectInspector - TestProject..........................................NOT RUN          
17:07:00.949 [main] INFO  f.i.s.r.p.i.ProjectInspector - ComputeClasspath.....................................NOT RUN          
17:07:00.949 [main] INFO  f.i.s.r.p.i.ProjectInspector - ComputeSourceDir.....................................NOT RUN          
17:07:00.950 [main] INFO  f.i.s.r.p.i.ProjectInspector - ComputeTestDir.......................................NOT RUN          
17:07:00.950 [main] INFO  f.i.s.r.p.i.ProjectInspector - GatherTestInformation................................NOT RUN          
17:07:00.950 [main] INFO  f.i.s.r.p.i.ProjectInspector - FlacocoLocalization..................................NOT RUN          
17:07:00.950 [main] INFO  f.i.s.r.p.i.ProjectInspector - PushFaultLocalizationSuggestionsOnGitHubRepository...NOT RUN          
17:07:00.950 [main] INFO  f.i.s.r.p.i.ProjectInspector - ----------------------------------------------------------------------
17:07:00.950 [main] INFO  f.i.s.r.p.i.ProjectInspector - PIPELINE FINDING: NOTBUILDABLE
17:07:00.950 [main] INFO  f.i.s.r.p.i.ProjectInspector - ----------------------------------------------------------------------
17:07:00.950 [main] INFO  f.i.s.r.p.github.GithubMainProcess - Inspector is finished. The process will exit now.
