Execute pipeline with following supplementary args: --smtpPort 25 --listenerMode NOOP --launcherMode FAULT_LOCALIZATION  --gitrepourl https://github.com/debezium/debezium --gitrepopullrequest 3545
java -cp /usr/local/openjdk-11/lib/tools.jar:repairnator-pipeline.jar -Dlogback.configurationFile=/root/logback.xml fr.inria.spirals.repairnator.pipeline.Launcher -d --runId null -o /var/log --ghOauth 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 --faultLocalization --flacocoThreshold 0.0 --flacocoTopK null --flacocoResultsRepository flacocobot/2022-flacocobot-experiment --ghOauth  --smtpPort 25 --listenerMode NOOP --launcherMode FAULT_LOCALIZATION  --gitrepourl https://github.com/debezium/debezium --gitrepopullrequest 3545

10:49:46.515 [main] INFO  f.i.s.r.p.g.GithubInitSerializerEngines - Initialize file serializer engines.
10:49:46.516 [main] INFO  f.i.s.r.p.g.GithubInitSerializerEngines - MongoDB won't be used for serialization.
10:49:46.516 [main] INFO  f.i.s.r.p.github.GithubInitNotifiers - The email notifier engine won't be used.
10:49:46.531 [main] INFO  f.i.s.r.p.i.ProjectInspector - ----------------------------------------------------------------------
10:49:46.531 [main] INFO  f.i.s.r.p.i.ProjectInspector - PIPELINE STEPS
10:49:46.531 [main] INFO  f.i.s.r.p.i.ProjectInspector - ----------------------------------------------------------------------
10:49:46.531 [main] INFO  f.i.s.r.p.i.ProjectInspector - CloneCheckoutGitPullRequest
10:49:46.531 [main] INFO  f.i.s.r.p.i.ProjectInspector - BuildProject
10:49:46.531 [main] INFO  f.i.s.r.p.i.ProjectInspector - TestProject
10:49:46.531 [main] INFO  f.i.s.r.p.i.ProjectInspector - ComputeClasspath
10:49:46.531 [main] INFO  f.i.s.r.p.i.ProjectInspector - ComputeSourceDir
10:49:46.531 [main] INFO  f.i.s.r.p.i.ProjectInspector - ComputeTestDir
10:49:46.531 [main] INFO  f.i.s.r.p.i.ProjectInspector - GatherTestInformation
10:49:46.531 [main] INFO  f.i.s.r.p.i.ProjectInspector - FlacocoLocalization
10:49:46.531 [main] INFO  f.i.s.r.p.i.ProjectInspector - PushFaultLocalizationSuggestionsOnGitHubRepository
10:49:46.531 [main] INFO  f.i.s.r.p.s.CloneCheckoutGitPullRequest - Cloning repository https://github.com/debezium/debezium.git in the following directory: ./workspace/debezium-debezium-master-3545_repo
10:54:32.529 [Thread-4] ERROR f.i.s.r.p.m.o.MavenFilterOutputHandler - [ERROR] Failed to execute goal org.apache.maven.plugins:maven-compiler-plugin:3.8.1:testCompile (default-testCompile) on project debezium-api: Fatal error compiling: error: release version 17 not supported -> [Help 1]
10:54:32.536 [Thread-4] ERROR f.i.s.r.p.m.o.MavenFilterOutputHandler - [ERROR] 
10:54:32.536 [Thread-4] ERROR f.i.s.r.p.m.o.MavenFilterOutputHandler - [ERROR] Re-run Maven using the -X switch to enable full debug logging.
10:54:32.536 [Thread-4] ERROR f.i.s.r.p.m.o.MavenFilterOutputHandler - [ERROR] 
10:54:32.536 [Thread-4] ERROR f.i.s.r.p.m.o.MavenFilterOutputHandler - [ERROR] For more information about the errors and possible solutions, please read the following articles:
10:54:32.536 [Thread-4] ERROR f.i.s.r.p.m.o.MavenFilterOutputHandler - [ERROR] [Help 1] http://cwiki.apache.org/confluence/display/MAVEN/MojoExecutionException
10:54:32.536 [Thread-4] ERROR f.i.s.r.p.m.o.MavenFilterOutputHandler - [ERROR] 
10:54:32.536 [Thread-4] ERROR f.i.s.r.p.m.o.MavenFilterOutputHandler - [ERROR] After correcting the problems, you can resume the build with the command
10:54:32.536 [Thread-4] ERROR f.i.s.r.p.m.o.MavenFilterOutputHandler - [ERROR]   mvn <goals> -rf :debezium-api
10:54:32.675 [main] ERROR f.i.s.r.process.step.BuildProject - Repository debezium/debezium cannot be built.
10:54:32.677 [main] INFO  f.i.s.r.process.step.BuildProject - 
10:54:32.949 [main] INFO  f.i.s.r.p.i.ProjectInspector - ----------------------------------------------------------------------
10:54:32.949 [main] INFO  f.i.s.r.p.i.ProjectInspector - PIPELINE EXECUTION SUMMARY
10:54:32.949 [main] INFO  f.i.s.r.p.i.ProjectInspector - ----------------------------------------------------------------------
10:54:32.949 [main] INFO  f.i.s.r.p.i.ProjectInspector - CloneCheckoutGitPullRequest..........................SUCCESS [  10 s ]
10:54:32.949 [main] INFO  f.i.s.r.p.i.ProjectInspector - BuildProject.........................................FAILURE [ 276 s ]
10:54:32.949 [main] INFO  f.i.s.r.p.i.ProjectInspector - TestProject..........................................NOT RUN          
10:54:32.950 [main] INFO  f.i.s.r.p.i.ProjectInspector - ComputeClasspath.....................................NOT RUN          
10:54:32.950 [main] INFO  f.i.s.r.p.i.ProjectInspector - ComputeSourceDir.....................................NOT RUN          
10:54:32.950 [main] INFO  f.i.s.r.p.i.ProjectInspector - ComputeTestDir.......................................NOT RUN          
10:54:32.950 [main] INFO  f.i.s.r.p.i.ProjectInspector - GatherTestInformation................................NOT RUN          
10:54:32.950 [main] INFO  f.i.s.r.p.i.ProjectInspector - FlacocoLocalization..................................NOT RUN          
10:54:32.950 [main] INFO  f.i.s.r.p.i.ProjectInspector - PushFaultLocalizationSuggestionsOnGitHubRepository...NOT RUN          
10:54:32.950 [main] INFO  f.i.s.r.p.i.ProjectInspector - ----------------------------------------------------------------------
10:54:32.950 [main] INFO  f.i.s.r.p.i.ProjectInspector - PIPELINE FINDING: NOTBUILDABLE
10:54:32.950 [main] INFO  f.i.s.r.p.i.ProjectInspector - ----------------------------------------------------------------------
10:54:32.950 [main] INFO  f.i.s.r.p.github.GithubMainProcess - Inspector is finished. The process will exit now.
