Execute pipeline with following supplementary args: --smtpPort 25 --listenerMode NOOP --launcherMode FAULT_LOCALIZATION  --gitrepourl https://github.com/debezium/debezium --gitrepopullrequest 3545
java -cp /usr/local/openjdk-11/lib/tools.jar:repairnator-pipeline.jar -Dlogback.configurationFile=/root/logback.xml fr.inria.spirals.repairnator.pipeline.Launcher -d --runId null -o /var/log --ghOauth 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 --faultLocalization --flacocoThreshold 0.0 --flacocoTopK null --flacocoResultsRepository flacocobot/2022-flacocobot-experiment --ghOauth  --smtpPort 25 --listenerMode NOOP --launcherMode FAULT_LOCALIZATION  --gitrepourl https://github.com/debezium/debezium --gitrepopullrequest 3545

14:57:18.472 [main] INFO  f.i.s.r.p.g.GithubInitSerializerEngines - Initialize file serializer engines.
14:57:18.474 [main] INFO  f.i.s.r.p.g.GithubInitSerializerEngines - MongoDB won't be used for serialization.
14:57:18.474 [main] INFO  f.i.s.r.p.github.GithubInitNotifiers - The email notifier engine won't be used.
14:57:18.495 [main] INFO  f.i.s.r.p.i.ProjectInspector - ----------------------------------------------------------------------
14:57:18.495 [main] INFO  f.i.s.r.p.i.ProjectInspector - PIPELINE STEPS
14:57:18.495 [main] INFO  f.i.s.r.p.i.ProjectInspector - ----------------------------------------------------------------------
14:57:18.495 [main] INFO  f.i.s.r.p.i.ProjectInspector - CloneCheckoutGitPullRequest
14:57:18.495 [main] INFO  f.i.s.r.p.i.ProjectInspector - BuildProject
14:57:18.495 [main] INFO  f.i.s.r.p.i.ProjectInspector - TestProject
14:57:18.495 [main] INFO  f.i.s.r.p.i.ProjectInspector - ComputeClasspath
14:57:18.495 [main] INFO  f.i.s.r.p.i.ProjectInspector - ComputeSourceDir
14:57:18.495 [main] INFO  f.i.s.r.p.i.ProjectInspector - ComputeTestDir
14:57:18.495 [main] INFO  f.i.s.r.p.i.ProjectInspector - GatherTestInformation
14:57:18.496 [main] INFO  f.i.s.r.p.i.ProjectInspector - FlacocoLocalization
14:57:18.496 [main] INFO  f.i.s.r.p.i.ProjectInspector - PushFaultLocalizationSuggestionsOnGitHubRepository
14:57:18.496 [main] INFO  f.i.s.r.p.s.CloneCheckoutGitPullRequest - Cloning repository https://github.com/debezium/debezium.git in the following directory: ./workspace/debezium-debezium-master-3545_repo
15:02:03.404 [Thread-4] ERROR f.i.s.r.p.m.o.MavenFilterOutputHandler - [ERROR] Failed to execute goal org.apache.maven.plugins:maven-compiler-plugin:3.8.1:testCompile (default-testCompile) on project debezium-api: Fatal error compiling: error: release version 17 not supported -> [Help 1]
15:02:03.419 [Thread-4] ERROR f.i.s.r.p.m.o.MavenFilterOutputHandler - [ERROR] 
15:02:03.419 [Thread-4] ERROR f.i.s.r.p.m.o.MavenFilterOutputHandler - [ERROR] Re-run Maven using the -X switch to enable full debug logging.
15:02:03.419 [Thread-4] ERROR f.i.s.r.p.m.o.MavenFilterOutputHandler - [ERROR] 
15:02:03.419 [Thread-4] ERROR f.i.s.r.p.m.o.MavenFilterOutputHandler - [ERROR] For more information about the errors and possible solutions, please read the following articles:
15:02:03.419 [Thread-4] ERROR f.i.s.r.p.m.o.MavenFilterOutputHandler - [ERROR] [Help 1] http://cwiki.apache.org/confluence/display/MAVEN/MojoExecutionException
15:02:03.420 [Thread-4] ERROR f.i.s.r.p.m.o.MavenFilterOutputHandler - [ERROR] 
15:02:03.420 [Thread-4] ERROR f.i.s.r.p.m.o.MavenFilterOutputHandler - [ERROR] After correcting the problems, you can resume the build with the command
15:02:03.420 [Thread-4] ERROR f.i.s.r.p.m.o.MavenFilterOutputHandler - [ERROR]   mvn <goals> -rf :debezium-api
15:02:04.007 [main] ERROR f.i.s.r.process.step.BuildProject - Repository debezium/debezium cannot be built.
15:02:04.007 [main] INFO  f.i.s.r.process.step.BuildProject - 
15:02:04.440 [main] INFO  f.i.s.r.p.i.ProjectInspector - ----------------------------------------------------------------------
15:02:04.440 [main] INFO  f.i.s.r.p.i.ProjectInspector - PIPELINE EXECUTION SUMMARY
15:02:04.440 [main] INFO  f.i.s.r.p.i.ProjectInspector - ----------------------------------------------------------------------
15:02:04.440 [main] INFO  f.i.s.r.p.i.ProjectInspector - CloneCheckoutGitPullRequest..........................SUCCESS [  14 s ]
15:02:04.441 [main] INFO  f.i.s.r.p.i.ProjectInspector - BuildProject.........................................FAILURE [ 271 s ]
15:02:04.441 [main] INFO  f.i.s.r.p.i.ProjectInspector - TestProject..........................................NOT RUN          
15:02:04.441 [main] INFO  f.i.s.r.p.i.ProjectInspector - ComputeClasspath.....................................NOT RUN          
15:02:04.441 [main] INFO  f.i.s.r.p.i.ProjectInspector - ComputeSourceDir.....................................NOT RUN          
15:02:04.441 [main] INFO  f.i.s.r.p.i.ProjectInspector - ComputeTestDir.......................................NOT RUN          
15:02:04.441 [main] INFO  f.i.s.r.p.i.ProjectInspector - GatherTestInformation................................NOT RUN          
15:02:04.441 [main] INFO  f.i.s.r.p.i.ProjectInspector - FlacocoLocalization..................................NOT RUN          
15:02:04.441 [main] INFO  f.i.s.r.p.i.ProjectInspector - PushFaultLocalizationSuggestionsOnGitHubRepository...NOT RUN          
15:02:04.442 [main] INFO  f.i.s.r.p.i.ProjectInspector - ----------------------------------------------------------------------
15:02:04.442 [main] INFO  f.i.s.r.p.i.ProjectInspector - PIPELINE FINDING: NOTBUILDABLE
15:02:04.442 [main] INFO  f.i.s.r.p.i.ProjectInspector - ----------------------------------------------------------------------
15:02:04.442 [main] INFO  f.i.s.r.p.github.GithubMainProcess - Inspector is finished. The process will exit now.
