Execute pipeline with following supplementary args: --smtpPort 25 --listenerMode NOOP --launcherMode FAULT_LOCALIZATION  --gitrepourl https://github.com/debezium/debezium --gitrepopullrequest 3602
java -cp /usr/local/openjdk-11/lib/tools.jar:repairnator-pipeline.jar -Dlogback.configurationFile=/root/logback.xml fr.inria.spirals.repairnator.pipeline.Launcher -d --runId null -o /var/log --ghOauth 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 --faultLocalization --flacocoThreshold 0.0 --flacocoTopK null --flacocoResultsRepository flacocobot/2022-flacocobot-experiment --ghOauth  --smtpPort 25 --listenerMode NOOP --launcherMode FAULT_LOCALIZATION  --gitrepourl https://github.com/debezium/debezium --gitrepopullrequest 3602

18:49:34.094 [main] INFO  f.i.s.r.p.g.GithubInitSerializerEngines - Initialize file serializer engines.
18:49:34.096 [main] INFO  f.i.s.r.p.g.GithubInitSerializerEngines - MongoDB won't be used for serialization.
18:49:34.096 [main] INFO  f.i.s.r.p.github.GithubInitNotifiers - The email notifier engine won't be used.
18:49:34.115 [main] INFO  f.i.s.r.p.i.ProjectInspector - ----------------------------------------------------------------------
18:49:34.115 [main] INFO  f.i.s.r.p.i.ProjectInspector - PIPELINE STEPS
18:49:34.115 [main] INFO  f.i.s.r.p.i.ProjectInspector - ----------------------------------------------------------------------
18:49:34.115 [main] INFO  f.i.s.r.p.i.ProjectInspector - CloneCheckoutGitPullRequest
18:49:34.115 [main] INFO  f.i.s.r.p.i.ProjectInspector - BuildProject
18:49:34.115 [main] INFO  f.i.s.r.p.i.ProjectInspector - TestProject
18:49:34.115 [main] INFO  f.i.s.r.p.i.ProjectInspector - ComputeClasspath
18:49:34.115 [main] INFO  f.i.s.r.p.i.ProjectInspector - ComputeSourceDir
18:49:34.115 [main] INFO  f.i.s.r.p.i.ProjectInspector - ComputeTestDir
18:49:34.115 [main] INFO  f.i.s.r.p.i.ProjectInspector - GatherTestInformation
18:49:34.115 [main] INFO  f.i.s.r.p.i.ProjectInspector - FlacocoLocalization
18:49:34.115 [main] INFO  f.i.s.r.p.i.ProjectInspector - PushFaultLocalizationSuggestionsOnGitHubRepository
18:49:34.116 [main] INFO  f.i.s.r.p.s.CloneCheckoutGitPullRequest - Cloning repository https://github.com/debezium/debezium.git in the following directory: ./workspace/debezium-debezium-master-3602_repo
18:54:23.821 [Thread-4] ERROR f.i.s.r.p.m.o.MavenFilterOutputHandler - [ERROR] Failed to execute goal org.apache.maven.plugins:maven-compiler-plugin:3.8.1:testCompile (default-testCompile) on project debezium-api: Fatal error compiling: error: release version 17 not supported -> [Help 1]
18:54:23.858 [Thread-4] ERROR f.i.s.r.p.m.o.MavenFilterOutputHandler - [ERROR] 
18:54:23.858 [Thread-4] ERROR f.i.s.r.p.m.o.MavenFilterOutputHandler - [ERROR] Re-run Maven using the -X switch to enable full debug logging.
18:54:23.858 [Thread-4] ERROR f.i.s.r.p.m.o.MavenFilterOutputHandler - [ERROR] 
18:54:23.858 [Thread-4] ERROR f.i.s.r.p.m.o.MavenFilterOutputHandler - [ERROR] For more information about the errors and possible solutions, please read the following articles:
18:54:23.858 [Thread-4] ERROR f.i.s.r.p.m.o.MavenFilterOutputHandler - [ERROR] [Help 1] http://cwiki.apache.org/confluence/display/MAVEN/MojoExecutionException
18:54:23.858 [Thread-4] ERROR f.i.s.r.p.m.o.MavenFilterOutputHandler - [ERROR] 
18:54:23.858 [Thread-4] ERROR f.i.s.r.p.m.o.MavenFilterOutputHandler - [ERROR] After correcting the problems, you can resume the build with the command
18:54:23.858 [Thread-4] ERROR f.i.s.r.p.m.o.MavenFilterOutputHandler - [ERROR]   mvn <goals> -rf :debezium-api
18:54:24.668 [main] ERROR f.i.s.r.process.step.BuildProject - Repository debezium/debezium cannot be built.
18:54:24.669 [main] INFO  f.i.s.r.process.step.BuildProject - 
18:54:25.102 [main] INFO  f.i.s.r.p.i.ProjectInspector - ----------------------------------------------------------------------
18:54:25.102 [main] INFO  f.i.s.r.p.i.ProjectInspector - PIPELINE EXECUTION SUMMARY
18:54:25.102 [main] INFO  f.i.s.r.p.i.ProjectInspector - ----------------------------------------------------------------------
18:54:25.102 [main] INFO  f.i.s.r.p.i.ProjectInspector - CloneCheckoutGitPullRequest..........................SUCCESS [  12 s ]
18:54:25.102 [main] INFO  f.i.s.r.p.i.ProjectInspector - BuildProject.........................................FAILURE [ 278 s ]
18:54:25.102 [main] INFO  f.i.s.r.p.i.ProjectInspector - TestProject..........................................NOT RUN          
18:54:25.102 [main] INFO  f.i.s.r.p.i.ProjectInspector - ComputeClasspath.....................................NOT RUN          
18:54:25.102 [main] INFO  f.i.s.r.p.i.ProjectInspector - ComputeSourceDir.....................................NOT RUN          
18:54:25.102 [main] INFO  f.i.s.r.p.i.ProjectInspector - ComputeTestDir.......................................NOT RUN          
18:54:25.102 [main] INFO  f.i.s.r.p.i.ProjectInspector - GatherTestInformation................................NOT RUN          
18:54:25.102 [main] INFO  f.i.s.r.p.i.ProjectInspector - FlacocoLocalization..................................NOT RUN          
18:54:25.102 [main] INFO  f.i.s.r.p.i.ProjectInspector - PushFaultLocalizationSuggestionsOnGitHubRepository...NOT RUN          
18:54:25.103 [main] INFO  f.i.s.r.p.i.ProjectInspector - ----------------------------------------------------------------------
18:54:25.103 [main] INFO  f.i.s.r.p.i.ProjectInspector - PIPELINE FINDING: NOTBUILDABLE
18:54:25.103 [main] INFO  f.i.s.r.p.i.ProjectInspector - ----------------------------------------------------------------------
18:54:25.103 [main] INFO  f.i.s.r.p.github.GithubMainProcess - Inspector is finished. The process will exit now.
