Execute pipeline with following supplementary args: --smtpPort 25 --listenerMode NOOP --launcherMode FAULT_LOCALIZATION  --gitrepourl https://github.com/debezium/debezium --gitrepopullrequest 3545
java -cp /usr/local/openjdk-11/lib/tools.jar:repairnator-pipeline.jar -Dlogback.configurationFile=/root/logback.xml fr.inria.spirals.repairnator.pipeline.Launcher -d --runId null -o /var/log --ghOauth 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 --faultLocalization --flacocoThreshold 0.0 --flacocoTopK null --flacocoResultsRepository flacocobot/2022-flacocobot-experiment --ghOauth  --smtpPort 25 --listenerMode NOOP --launcherMode FAULT_LOCALIZATION  --gitrepourl https://github.com/debezium/debezium --gitrepopullrequest 3545

17:46:22.973 [main] INFO  f.i.s.r.p.g.GithubInitSerializerEngines - Initialize file serializer engines.
17:46:22.976 [main] INFO  f.i.s.r.p.g.GithubInitSerializerEngines - MongoDB won't be used for serialization.
17:46:22.977 [main] INFO  f.i.s.r.p.github.GithubInitNotifiers - The email notifier engine won't be used.
17:46:23.006 [main] INFO  f.i.s.r.p.i.ProjectInspector - ----------------------------------------------------------------------
17:46:23.006 [main] INFO  f.i.s.r.p.i.ProjectInspector - PIPELINE STEPS
17:46:23.007 [main] INFO  f.i.s.r.p.i.ProjectInspector - ----------------------------------------------------------------------
17:46:23.008 [main] INFO  f.i.s.r.p.i.ProjectInspector - CloneCheckoutGitPullRequest
17:46:23.009 [main] INFO  f.i.s.r.p.i.ProjectInspector - BuildProject
17:46:23.010 [main] INFO  f.i.s.r.p.i.ProjectInspector - TestProject
17:46:23.010 [main] INFO  f.i.s.r.p.i.ProjectInspector - ComputeClasspath
17:46:23.010 [main] INFO  f.i.s.r.p.i.ProjectInspector - ComputeSourceDir
17:46:23.010 [main] INFO  f.i.s.r.p.i.ProjectInspector - ComputeTestDir
17:46:23.010 [main] INFO  f.i.s.r.p.i.ProjectInspector - GatherTestInformation
17:46:23.010 [main] INFO  f.i.s.r.p.i.ProjectInspector - FlacocoLocalization
17:46:23.010 [main] INFO  f.i.s.r.p.i.ProjectInspector - PushFaultLocalizationSuggestionsOnGitHubRepository
17:46:23.011 [main] INFO  f.i.s.r.p.s.CloneCheckoutGitPullRequest - Cloning repository https://github.com/debezium/debezium.git in the following directory: ./workspace/debezium-debezium-master-3545_repo
17:51:28.819 [Thread-4] ERROR f.i.s.r.p.m.o.MavenFilterOutputHandler - [ERROR] Failed to execute goal org.apache.maven.plugins:maven-compiler-plugin:3.8.1:testCompile (default-testCompile) on project debezium-api: Fatal error compiling: error: release version 17 not supported -> [Help 1]
17:51:28.826 [Thread-4] ERROR f.i.s.r.p.m.o.MavenFilterOutputHandler - [ERROR] 
17:51:28.826 [Thread-4] ERROR f.i.s.r.p.m.o.MavenFilterOutputHandler - [ERROR] Re-run Maven using the -X switch to enable full debug logging.
17:51:28.826 [Thread-4] ERROR f.i.s.r.p.m.o.MavenFilterOutputHandler - [ERROR] 
17:51:28.826 [Thread-4] ERROR f.i.s.r.p.m.o.MavenFilterOutputHandler - [ERROR] For more information about the errors and possible solutions, please read the following articles:
17:51:28.826 [Thread-4] ERROR f.i.s.r.p.m.o.MavenFilterOutputHandler - [ERROR] [Help 1] http://cwiki.apache.org/confluence/display/MAVEN/MojoExecutionException
17:51:28.827 [Thread-4] ERROR f.i.s.r.p.m.o.MavenFilterOutputHandler - [ERROR] 
17:51:28.827 [Thread-4] ERROR f.i.s.r.p.m.o.MavenFilterOutputHandler - [ERROR] After correcting the problems, you can resume the build with the command
17:51:28.827 [Thread-4] ERROR f.i.s.r.p.m.o.MavenFilterOutputHandler - [ERROR]   mvn <goals> -rf :debezium-api
17:51:29.606 [main] ERROR f.i.s.r.process.step.BuildProject - Repository debezium/debezium cannot be built.
17:51:29.608 [main] INFO  f.i.s.r.process.step.BuildProject - 
17:51:30.190 [main] INFO  f.i.s.r.p.i.ProjectInspector - ----------------------------------------------------------------------
17:51:30.190 [main] INFO  f.i.s.r.p.i.ProjectInspector - PIPELINE EXECUTION SUMMARY
17:51:30.190 [main] INFO  f.i.s.r.p.i.ProjectInspector - ----------------------------------------------------------------------
17:51:30.190 [main] INFO  f.i.s.r.p.i.ProjectInspector - CloneCheckoutGitPullRequest..........................SUCCESS [  12 s ]
17:51:30.190 [main] INFO  f.i.s.r.p.i.ProjectInspector - BuildProject.........................................FAILURE [ 294 s ]
17:51:30.191 [main] INFO  f.i.s.r.p.i.ProjectInspector - TestProject..........................................NOT RUN          
17:51:30.191 [main] INFO  f.i.s.r.p.i.ProjectInspector - ComputeClasspath.....................................NOT RUN          
17:51:30.191 [main] INFO  f.i.s.r.p.i.ProjectInspector - ComputeSourceDir.....................................NOT RUN          
17:51:30.191 [main] INFO  f.i.s.r.p.i.ProjectInspector - ComputeTestDir.......................................NOT RUN          
17:51:30.191 [main] INFO  f.i.s.r.p.i.ProjectInspector - GatherTestInformation................................NOT RUN          
17:51:30.191 [main] INFO  f.i.s.r.p.i.ProjectInspector - FlacocoLocalization..................................NOT RUN          
17:51:30.191 [main] INFO  f.i.s.r.p.i.ProjectInspector - PushFaultLocalizationSuggestionsOnGitHubRepository...NOT RUN          
17:51:30.192 [main] INFO  f.i.s.r.p.i.ProjectInspector - ----------------------------------------------------------------------
17:51:30.192 [main] INFO  f.i.s.r.p.i.ProjectInspector - PIPELINE FINDING: NOTBUILDABLE
17:51:30.192 [main] INFO  f.i.s.r.p.i.ProjectInspector - ----------------------------------------------------------------------
17:51:30.192 [main] INFO  f.i.s.r.p.github.GithubMainProcess - Inspector is finished. The process will exit now.
