Execute pipeline with following supplementary args: --smtpPort 25 --listenerMode NOOP --launcherMode FAULT_LOCALIZATION  --gitrepourl https://github.com/debezium/debezium --gitrepopullrequest 3605
java -cp /usr/local/openjdk-11/lib/tools.jar:repairnator-pipeline.jar -Dlogback.configurationFile=/root/logback.xml fr.inria.spirals.repairnator.pipeline.Launcher -d --runId null -o /var/log --ghOauth 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 --faultLocalization --flacocoThreshold 0.0 --flacocoTopK null --flacocoResultsRepository flacocobot/2022-flacocobot-experiment --ghOauth  --smtpPort 25 --listenerMode NOOP --launcherMode FAULT_LOCALIZATION  --gitrepourl https://github.com/debezium/debezium --gitrepopullrequest 3605

09:05:15.706 [main] INFO  f.i.s.r.p.g.GithubInitSerializerEngines - Initialize file serializer engines.
09:05:15.708 [main] INFO  f.i.s.r.p.g.GithubInitSerializerEngines - MongoDB won't be used for serialization.
09:05:15.709 [main] INFO  f.i.s.r.p.github.GithubInitNotifiers - The email notifier engine won't be used.
09:05:15.733 [main] INFO  f.i.s.r.p.i.ProjectInspector - ----------------------------------------------------------------------
09:05:15.733 [main] INFO  f.i.s.r.p.i.ProjectInspector - PIPELINE STEPS
09:05:15.733 [main] INFO  f.i.s.r.p.i.ProjectInspector - ----------------------------------------------------------------------
09:05:15.733 [main] INFO  f.i.s.r.p.i.ProjectInspector - CloneCheckoutGitPullRequest
09:05:15.733 [main] INFO  f.i.s.r.p.i.ProjectInspector - BuildProject
09:05:15.733 [main] INFO  f.i.s.r.p.i.ProjectInspector - TestProject
09:05:15.733 [main] INFO  f.i.s.r.p.i.ProjectInspector - ComputeClasspath
09:05:15.733 [main] INFO  f.i.s.r.p.i.ProjectInspector - ComputeSourceDir
09:05:15.733 [main] INFO  f.i.s.r.p.i.ProjectInspector - ComputeTestDir
09:05:15.733 [main] INFO  f.i.s.r.p.i.ProjectInspector - GatherTestInformation
09:05:15.733 [main] INFO  f.i.s.r.p.i.ProjectInspector - FlacocoLocalization
09:05:15.734 [main] INFO  f.i.s.r.p.i.ProjectInspector - PushFaultLocalizationSuggestionsOnGitHubRepository
09:05:15.734 [main] INFO  f.i.s.r.p.s.CloneCheckoutGitPullRequest - Cloning repository https://github.com/debezium/debezium.git in the following directory: ./workspace/debezium-debezium-master-3605_repo
09:10:07.584 [Thread-4] ERROR f.i.s.r.p.m.o.MavenFilterOutputHandler - [ERROR] Failed to execute goal org.apache.maven.plugins:maven-compiler-plugin:3.8.1:testCompile (default-testCompile) on project debezium-api: Fatal error compiling: error: release version 17 not supported -> [Help 1]
09:10:07.591 [Thread-4] ERROR f.i.s.r.p.m.o.MavenFilterOutputHandler - [ERROR] 
09:10:07.591 [Thread-4] ERROR f.i.s.r.p.m.o.MavenFilterOutputHandler - [ERROR] Re-run Maven using the -X switch to enable full debug logging.
09:10:07.591 [Thread-4] ERROR f.i.s.r.p.m.o.MavenFilterOutputHandler - [ERROR] 
09:10:07.591 [Thread-4] ERROR f.i.s.r.p.m.o.MavenFilterOutputHandler - [ERROR] For more information about the errors and possible solutions, please read the following articles:
09:10:07.591 [Thread-4] ERROR f.i.s.r.p.m.o.MavenFilterOutputHandler - [ERROR] [Help 1] http://cwiki.apache.org/confluence/display/MAVEN/MojoExecutionException
09:10:07.591 [Thread-4] ERROR f.i.s.r.p.m.o.MavenFilterOutputHandler - [ERROR] 
09:10:07.591 [Thread-4] ERROR f.i.s.r.p.m.o.MavenFilterOutputHandler - [ERROR] After correcting the problems, you can resume the build with the command
09:10:07.591 [Thread-4] ERROR f.i.s.r.p.m.o.MavenFilterOutputHandler - [ERROR]   mvn <goals> -rf :debezium-api
09:10:07.846 [main] ERROR f.i.s.r.process.step.BuildProject - Repository debezium/debezium cannot be built.
09:10:07.848 [main] INFO  f.i.s.r.process.step.BuildProject - 
09:10:08.145 [main] INFO  f.i.s.r.p.i.ProjectInspector - ----------------------------------------------------------------------
09:10:08.145 [main] INFO  f.i.s.r.p.i.ProjectInspector - PIPELINE EXECUTION SUMMARY
09:10:08.145 [main] INFO  f.i.s.r.p.i.ProjectInspector - ----------------------------------------------------------------------
09:10:08.145 [main] INFO  f.i.s.r.p.i.ProjectInspector - CloneCheckoutGitPullRequest..........................SUCCESS [  12 s ]
09:10:08.145 [main] INFO  f.i.s.r.p.i.ProjectInspector - BuildProject.........................................FAILURE [ 280 s ]
09:10:08.145 [main] INFO  f.i.s.r.p.i.ProjectInspector - TestProject..........................................NOT RUN          
09:10:08.145 [main] INFO  f.i.s.r.p.i.ProjectInspector - ComputeClasspath.....................................NOT RUN          
09:10:08.145 [main] INFO  f.i.s.r.p.i.ProjectInspector - ComputeSourceDir.....................................NOT RUN          
09:10:08.145 [main] INFO  f.i.s.r.p.i.ProjectInspector - ComputeTestDir.......................................NOT RUN          
09:10:08.145 [main] INFO  f.i.s.r.p.i.ProjectInspector - GatherTestInformation................................NOT RUN          
09:10:08.145 [main] INFO  f.i.s.r.p.i.ProjectInspector - FlacocoLocalization..................................NOT RUN          
09:10:08.146 [main] INFO  f.i.s.r.p.i.ProjectInspector - PushFaultLocalizationSuggestionsOnGitHubRepository...NOT RUN          
09:10:08.146 [main] INFO  f.i.s.r.p.i.ProjectInspector - ----------------------------------------------------------------------
09:10:08.146 [main] INFO  f.i.s.r.p.i.ProjectInspector - PIPELINE FINDING: NOTBUILDABLE
09:10:08.146 [main] INFO  f.i.s.r.p.i.ProjectInspector - ----------------------------------------------------------------------
09:10:08.146 [main] INFO  f.i.s.r.p.github.GithubMainProcess - Inspector is finished. The process will exit now.
