Execute pipeline with following supplementary args: --smtpPort 25 --listenerMode NOOP --launcherMode FAULT_LOCALIZATION  --gitrepourl https://github.com/debezium/debezium --gitrepopullrequest 3545
java -cp /usr/local/openjdk-11/lib/tools.jar:repairnator-pipeline.jar -Dlogback.configurationFile=/root/logback.xml fr.inria.spirals.repairnator.pipeline.Launcher -d --runId null -o /var/log --ghOauth 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 --faultLocalization --flacocoThreshold 0.0 --flacocoTopK null --flacocoResultsRepository flacocobot/2022-flacocobot-experiment --ghOauth  --smtpPort 25 --listenerMode NOOP --launcherMode FAULT_LOCALIZATION  --gitrepourl https://github.com/debezium/debezium --gitrepopullrequest 3545

16:24:56.936 [main] INFO  f.i.s.r.p.g.GithubInitSerializerEngines - Initialize file serializer engines.
16:24:56.938 [main] INFO  f.i.s.r.p.g.GithubInitSerializerEngines - MongoDB won't be used for serialization.
16:24:56.938 [main] INFO  f.i.s.r.p.github.GithubInitNotifiers - The email notifier engine won't be used.
16:24:56.950 [main] INFO  f.i.s.r.p.i.ProjectInspector - ----------------------------------------------------------------------
16:24:56.950 [main] INFO  f.i.s.r.p.i.ProjectInspector - PIPELINE STEPS
16:24:56.950 [main] INFO  f.i.s.r.p.i.ProjectInspector - ----------------------------------------------------------------------
16:24:56.950 [main] INFO  f.i.s.r.p.i.ProjectInspector - CloneCheckoutGitPullRequest
16:24:56.950 [main] INFO  f.i.s.r.p.i.ProjectInspector - BuildProject
16:24:56.950 [main] INFO  f.i.s.r.p.i.ProjectInspector - TestProject
16:24:56.950 [main] INFO  f.i.s.r.p.i.ProjectInspector - ComputeClasspath
16:24:56.951 [main] INFO  f.i.s.r.p.i.ProjectInspector - ComputeSourceDir
16:24:56.951 [main] INFO  f.i.s.r.p.i.ProjectInspector - ComputeTestDir
16:24:56.951 [main] INFO  f.i.s.r.p.i.ProjectInspector - GatherTestInformation
16:24:56.951 [main] INFO  f.i.s.r.p.i.ProjectInspector - FlacocoLocalization
16:24:56.951 [main] INFO  f.i.s.r.p.i.ProjectInspector - PushFaultLocalizationSuggestionsOnGitHubRepository
16:24:56.951 [main] INFO  f.i.s.r.p.s.CloneCheckoutGitPullRequest - Cloning repository https://github.com/debezium/debezium.git in the following directory: ./workspace/debezium-debezium-master-3545_repo
16:29:45.283 [Thread-4] ERROR f.i.s.r.p.m.o.MavenFilterOutputHandler - [ERROR] Failed to execute goal org.apache.maven.plugins:maven-compiler-plugin:3.8.1:testCompile (default-testCompile) on project debezium-api: Fatal error compiling: error: release version 17 not supported -> [Help 1]
16:29:45.289 [Thread-4] ERROR f.i.s.r.p.m.o.MavenFilterOutputHandler - [ERROR] 
16:29:45.289 [Thread-4] ERROR f.i.s.r.p.m.o.MavenFilterOutputHandler - [ERROR] Re-run Maven using the -X switch to enable full debug logging.
16:29:45.290 [Thread-4] ERROR f.i.s.r.p.m.o.MavenFilterOutputHandler - [ERROR] 
16:29:45.290 [Thread-4] ERROR f.i.s.r.p.m.o.MavenFilterOutputHandler - [ERROR] For more information about the errors and possible solutions, please read the following articles:
16:29:45.290 [Thread-4] ERROR f.i.s.r.p.m.o.MavenFilterOutputHandler - [ERROR] [Help 1] http://cwiki.apache.org/confluence/display/MAVEN/MojoExecutionException
16:29:45.290 [Thread-4] ERROR f.i.s.r.p.m.o.MavenFilterOutputHandler - [ERROR] 
16:29:45.290 [Thread-4] ERROR f.i.s.r.p.m.o.MavenFilterOutputHandler - [ERROR] After correcting the problems, you can resume the build with the command
16:29:45.290 [Thread-4] ERROR f.i.s.r.p.m.o.MavenFilterOutputHandler - [ERROR]   mvn <goals> -rf :debezium-api
16:29:46.252 [main] ERROR f.i.s.r.process.step.BuildProject - Repository debezium/debezium cannot be built.
16:29:46.254 [main] INFO  f.i.s.r.process.step.BuildProject - 
16:29:46.484 [main] INFO  f.i.s.r.p.i.ProjectInspector - ----------------------------------------------------------------------
16:29:46.484 [main] INFO  f.i.s.r.p.i.ProjectInspector - PIPELINE EXECUTION SUMMARY
16:29:46.484 [main] INFO  f.i.s.r.p.i.ProjectInspector - ----------------------------------------------------------------------
16:29:46.484 [main] INFO  f.i.s.r.p.i.ProjectInspector - CloneCheckoutGitPullRequest..........................SUCCESS [  12 s ]
16:29:46.484 [main] INFO  f.i.s.r.p.i.ProjectInspector - BuildProject.........................................FAILURE [ 277 s ]
16:29:46.484 [main] INFO  f.i.s.r.p.i.ProjectInspector - TestProject..........................................NOT RUN          
16:29:46.484 [main] INFO  f.i.s.r.p.i.ProjectInspector - ComputeClasspath.....................................NOT RUN          
16:29:46.484 [main] INFO  f.i.s.r.p.i.ProjectInspector - ComputeSourceDir.....................................NOT RUN          
16:29:46.484 [main] INFO  f.i.s.r.p.i.ProjectInspector - ComputeTestDir.......................................NOT RUN          
16:29:46.484 [main] INFO  f.i.s.r.p.i.ProjectInspector - GatherTestInformation................................NOT RUN          
16:29:46.484 [main] INFO  f.i.s.r.p.i.ProjectInspector - FlacocoLocalization..................................NOT RUN          
16:29:46.484 [main] INFO  f.i.s.r.p.i.ProjectInspector - PushFaultLocalizationSuggestionsOnGitHubRepository...NOT RUN          
16:29:46.485 [main] INFO  f.i.s.r.p.i.ProjectInspector - ----------------------------------------------------------------------
16:29:46.485 [main] INFO  f.i.s.r.p.i.ProjectInspector - PIPELINE FINDING: NOTBUILDABLE
16:29:46.485 [main] INFO  f.i.s.r.p.i.ProjectInspector - ----------------------------------------------------------------------
16:29:46.485 [main] INFO  f.i.s.r.p.github.GithubMainProcess - Inspector is finished. The process will exit now.
