Execute pipeline with following supplementary args: --smtpPort 25 --listenerMode NOOP --launcherMode FAULT_LOCALIZATION  --gitrepourl https://github.com/debezium/debezium --gitrepopullrequest 3662
java -cp /usr/local/openjdk-11/lib/tools.jar:repairnator-pipeline.jar -Dlogback.configurationFile=/root/logback.xml fr.inria.spirals.repairnator.pipeline.Launcher -d --runId null -o /var/log --ghOauth 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 --faultLocalization --flacocoThreshold 0.0 --flacocoTopK null --flacocoResultsRepository flacocobot/2022-flacocobot-experiment --ghOauth  --smtpPort 25 --listenerMode NOOP --launcherMode FAULT_LOCALIZATION  --gitrepourl https://github.com/debezium/debezium --gitrepopullrequest 3662

07:53:09.274 [main] INFO  f.i.s.r.p.g.GithubInitSerializerEngines - Initialize file serializer engines.
07:53:09.276 [main] INFO  f.i.s.r.p.g.GithubInitSerializerEngines - MongoDB won't be used for serialization.
07:53:09.276 [main] INFO  f.i.s.r.p.github.GithubInitNotifiers - The email notifier engine won't be used.
07:53:09.298 [main] INFO  f.i.s.r.p.i.ProjectInspector - ----------------------------------------------------------------------
07:53:09.298 [main] INFO  f.i.s.r.p.i.ProjectInspector - PIPELINE STEPS
07:53:09.298 [main] INFO  f.i.s.r.p.i.ProjectInspector - ----------------------------------------------------------------------
07:53:09.298 [main] INFO  f.i.s.r.p.i.ProjectInspector - CloneCheckoutGitPullRequest
07:53:09.298 [main] INFO  f.i.s.r.p.i.ProjectInspector - BuildProject
07:53:09.298 [main] INFO  f.i.s.r.p.i.ProjectInspector - TestProject
07:53:09.299 [main] INFO  f.i.s.r.p.i.ProjectInspector - ComputeClasspath
07:53:09.299 [main] INFO  f.i.s.r.p.i.ProjectInspector - ComputeSourceDir
07:53:09.299 [main] INFO  f.i.s.r.p.i.ProjectInspector - ComputeTestDir
07:53:09.299 [main] INFO  f.i.s.r.p.i.ProjectInspector - GatherTestInformation
07:53:09.299 [main] INFO  f.i.s.r.p.i.ProjectInspector - FlacocoLocalization
07:53:09.299 [main] INFO  f.i.s.r.p.i.ProjectInspector - PushFaultLocalizationSuggestionsOnGitHubRepository
07:53:09.299 [main] INFO  f.i.s.r.p.s.CloneCheckoutGitPullRequest - Cloning repository https://github.com/debezium/debezium.git in the following directory: ./workspace/debezium-debezium-master-3662_repo
07:57:48.154 [Thread-4] ERROR f.i.s.r.p.m.o.MavenFilterOutputHandler - [ERROR] Failed to execute goal org.apache.maven.plugins:maven-compiler-plugin:3.8.1:testCompile (default-testCompile) on project debezium-api: Fatal error compiling: error: release version 17 not supported -> [Help 1]
07:57:48.225 [Thread-4] ERROR f.i.s.r.p.m.o.MavenFilterOutputHandler - [ERROR] 
07:57:48.225 [Thread-4] ERROR f.i.s.r.p.m.o.MavenFilterOutputHandler - [ERROR] Re-run Maven using the -X switch to enable full debug logging.
07:57:48.225 [Thread-4] ERROR f.i.s.r.p.m.o.MavenFilterOutputHandler - [ERROR] 
07:57:48.225 [Thread-4] ERROR f.i.s.r.p.m.o.MavenFilterOutputHandler - [ERROR] For more information about the errors and possible solutions, please read the following articles:
07:57:48.225 [Thread-4] ERROR f.i.s.r.p.m.o.MavenFilterOutputHandler - [ERROR] [Help 1] http://cwiki.apache.org/confluence/display/MAVEN/MojoExecutionException
07:57:48.225 [Thread-4] ERROR f.i.s.r.p.m.o.MavenFilterOutputHandler - [ERROR] 
07:57:48.225 [Thread-4] ERROR f.i.s.r.p.m.o.MavenFilterOutputHandler - [ERROR] After correcting the problems, you can resume the build with the command
07:57:48.225 [Thread-4] ERROR f.i.s.r.p.m.o.MavenFilterOutputHandler - [ERROR]   mvn <goals> -rf :debezium-api
07:57:49.378 [main] ERROR f.i.s.r.process.step.BuildProject - Repository debezium/debezium cannot be built.
07:57:49.379 [main] INFO  f.i.s.r.process.step.BuildProject - 
07:57:49.741 [main] INFO  f.i.s.r.p.i.ProjectInspector - ----------------------------------------------------------------------
07:57:49.741 [main] INFO  f.i.s.r.p.i.ProjectInspector - PIPELINE EXECUTION SUMMARY
07:57:49.741 [main] INFO  f.i.s.r.p.i.ProjectInspector - ----------------------------------------------------------------------
07:57:49.741 [main] INFO  f.i.s.r.p.i.ProjectInspector - CloneCheckoutGitPullRequest..........................SUCCESS [  13 s ]
07:57:49.741 [main] INFO  f.i.s.r.p.i.ProjectInspector - BuildProject.........................................FAILURE [ 267 s ]
07:57:49.742 [main] INFO  f.i.s.r.p.i.ProjectInspector - TestProject..........................................NOT RUN          
07:57:49.742 [main] INFO  f.i.s.r.p.i.ProjectInspector - ComputeClasspath.....................................NOT RUN          
07:57:49.742 [main] INFO  f.i.s.r.p.i.ProjectInspector - ComputeSourceDir.....................................NOT RUN          
07:57:49.742 [main] INFO  f.i.s.r.p.i.ProjectInspector - ComputeTestDir.......................................NOT RUN          
07:57:49.742 [main] INFO  f.i.s.r.p.i.ProjectInspector - GatherTestInformation................................NOT RUN          
07:57:49.742 [main] INFO  f.i.s.r.p.i.ProjectInspector - FlacocoLocalization..................................NOT RUN          
07:57:49.742 [main] INFO  f.i.s.r.p.i.ProjectInspector - PushFaultLocalizationSuggestionsOnGitHubRepository...NOT RUN          
07:57:49.742 [main] INFO  f.i.s.r.p.i.ProjectInspector - ----------------------------------------------------------------------
07:57:49.742 [main] INFO  f.i.s.r.p.i.ProjectInspector - PIPELINE FINDING: NOTBUILDABLE
07:57:49.742 [main] INFO  f.i.s.r.p.i.ProjectInspector - ----------------------------------------------------------------------
07:57:49.742 [main] INFO  f.i.s.r.p.github.GithubMainProcess - Inspector is finished. The process will exit now.
