Execute pipeline with following supplementary args: --smtpPort 25 --listenerMode NOOP --launcherMode FAULT_LOCALIZATION  --gitrepourl https://github.com/debezium/debezium --gitrepopullrequest 3610
java -cp /usr/local/openjdk-11/lib/tools.jar:repairnator-pipeline.jar -Dlogback.configurationFile=/root/logback.xml fr.inria.spirals.repairnator.pipeline.Launcher -d --runId null -o /var/log --ghOauth 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 --faultLocalization --flacocoThreshold 0.0 --flacocoTopK null --flacocoResultsRepository flacocobot/2022-flacocobot-experiment --ghOauth  --smtpPort 25 --listenerMode NOOP --launcherMode FAULT_LOCALIZATION  --gitrepourl https://github.com/debezium/debezium --gitrepopullrequest 3610

12:42:08.665 [main] INFO  f.i.s.r.p.g.GithubInitSerializerEngines - Initialize file serializer engines.
12:42:08.667 [main] INFO  f.i.s.r.p.g.GithubInitSerializerEngines - MongoDB won't be used for serialization.
12:42:08.667 [main] INFO  f.i.s.r.p.github.GithubInitNotifiers - The email notifier engine won't be used.
12:42:08.683 [main] INFO  f.i.s.r.p.i.ProjectInspector - ----------------------------------------------------------------------
12:42:08.683 [main] INFO  f.i.s.r.p.i.ProjectInspector - PIPELINE STEPS
12:42:08.683 [main] INFO  f.i.s.r.p.i.ProjectInspector - ----------------------------------------------------------------------
12:42:08.684 [main] INFO  f.i.s.r.p.i.ProjectInspector - CloneCheckoutGitPullRequest
12:42:08.684 [main] INFO  f.i.s.r.p.i.ProjectInspector - BuildProject
12:42:08.684 [main] INFO  f.i.s.r.p.i.ProjectInspector - TestProject
12:42:08.684 [main] INFO  f.i.s.r.p.i.ProjectInspector - ComputeClasspath
12:42:08.684 [main] INFO  f.i.s.r.p.i.ProjectInspector - ComputeSourceDir
12:42:08.684 [main] INFO  f.i.s.r.p.i.ProjectInspector - ComputeTestDir
12:42:08.684 [main] INFO  f.i.s.r.p.i.ProjectInspector - GatherTestInformation
12:42:08.684 [main] INFO  f.i.s.r.p.i.ProjectInspector - FlacocoLocalization
12:42:08.684 [main] INFO  f.i.s.r.p.i.ProjectInspector - PushFaultLocalizationSuggestionsOnGitHubRepository
12:42:08.684 [main] INFO  f.i.s.r.p.s.CloneCheckoutGitPullRequest - Cloning repository https://github.com/debezium/debezium.git in the following directory: ./workspace/debezium-debezium-master-3610_repo
12:44:48.789 [Thread-4] ERROR f.i.s.r.p.m.o.MavenFilterOutputHandler - [ERROR] [ERROR] Some problems were encountered while processing the POMs:
12:44:48.790 [Thread-4] ERROR f.i.s.r.p.m.o.MavenFilterOutputHandler - [ERROR] The build could not read 1 project -> [Help 1]
12:44:48.791 [Thread-4] ERROR f.i.s.r.p.m.o.MavenFilterOutputHandler - [ERROR]   
12:44:48.792 [Thread-4] ERROR f.i.s.r.p.m.o.MavenFilterOutputHandler - [ERROR]   The project io.debezium:debezium-storage:2.0.0-SNAPSHOT (/root/workspace/debezium-debezium-master-3610_repo/debezium-storage/pom.xml) has 1 error
12:44:48.792 [Thread-4] ERROR f.i.s.r.p.m.o.MavenFilterOutputHandler - [ERROR]     Non-resolvable parent POM for io.debezium:debezium-storage:2.0.0-SNAPSHOT: Could not find artifact io.debezium:debezium-parent:pom:2.0.0-SNAPSHOT and 'parent.relativePath' points at wrong local POM @ line 3, column 13 -> [Help 2]
12:44:48.799 [Thread-4] ERROR f.i.s.r.p.m.o.MavenFilterOutputHandler - [ERROR] 
12:44:48.800 [Thread-4] ERROR f.i.s.r.p.m.o.MavenFilterOutputHandler - [ERROR] Re-run Maven using the -X switch to enable full debug logging.
12:44:48.800 [Thread-4] ERROR f.i.s.r.p.m.o.MavenFilterOutputHandler - [ERROR] 
12:44:48.800 [Thread-4] ERROR f.i.s.r.p.m.o.MavenFilterOutputHandler - [ERROR] For more information about the errors and possible solutions, please read the following articles:
12:44:48.800 [Thread-4] ERROR f.i.s.r.p.m.o.MavenFilterOutputHandler - [ERROR] [Help 1] http://cwiki.apache.org/confluence/display/MAVEN/ProjectBuildingException
12:44:48.800 [Thread-4] ERROR f.i.s.r.p.m.o.MavenFilterOutputHandler - [ERROR] [Help 2] http://cwiki.apache.org/confluence/display/MAVEN/UnresolvableModelException
12:44:49.011 [main] ERROR f.i.s.r.process.step.BuildProject - Repository debezium/debezium cannot be built.
12:44:49.012 [main] INFO  f.i.s.r.process.step.BuildProject - 
12:44:49.143 [main] INFO  f.i.s.r.p.i.ProjectInspector - ----------------------------------------------------------------------
12:44:49.143 [main] INFO  f.i.s.r.p.i.ProjectInspector - PIPELINE EXECUTION SUMMARY
12:44:49.143 [main] INFO  f.i.s.r.p.i.ProjectInspector - ----------------------------------------------------------------------
12:44:49.143 [main] INFO  f.i.s.r.p.i.ProjectInspector - CloneCheckoutGitPullRequest..........................SUCCESS [  11 s ]
12:44:49.143 [main] INFO  f.i.s.r.p.i.ProjectInspector - BuildProject.........................................FAILURE [ 149 s ]
12:44:49.143 [main] INFO  f.i.s.r.p.i.ProjectInspector - TestProject..........................................NOT RUN          
12:44:49.144 [main] INFO  f.i.s.r.p.i.ProjectInspector - ComputeClasspath.....................................NOT RUN          
12:44:49.144 [main] INFO  f.i.s.r.p.i.ProjectInspector - ComputeSourceDir.....................................NOT RUN          
12:44:49.144 [main] INFO  f.i.s.r.p.i.ProjectInspector - ComputeTestDir.......................................NOT RUN          
12:44:49.144 [main] INFO  f.i.s.r.p.i.ProjectInspector - GatherTestInformation................................NOT RUN          
12:44:49.144 [main] INFO  f.i.s.r.p.i.ProjectInspector - FlacocoLocalization..................................NOT RUN          
12:44:49.144 [main] INFO  f.i.s.r.p.i.ProjectInspector - PushFaultLocalizationSuggestionsOnGitHubRepository...NOT RUN          
12:44:49.144 [main] INFO  f.i.s.r.p.i.ProjectInspector - ----------------------------------------------------------------------
12:44:49.144 [main] INFO  f.i.s.r.p.i.ProjectInspector - PIPELINE FINDING: NOTBUILDABLE
12:44:49.144 [main] INFO  f.i.s.r.p.i.ProjectInspector - ----------------------------------------------------------------------
12:44:49.144 [main] INFO  f.i.s.r.p.github.GithubMainProcess - Inspector is finished. The process will exit now.
