Execute pipeline with following supplementary args: --smtpPort 25 --listenerMode NOOP --launcherMode FAULT_LOCALIZATION  --gitrepourl https://github.com/debezium/debezium --gitrepopullrequest 3567
java -cp /usr/local/openjdk-11/lib/tools.jar:repairnator-pipeline.jar -Dlogback.configurationFile=/root/logback.xml fr.inria.spirals.repairnator.pipeline.Launcher -d --runId null -o /var/log --ghOauth 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 --faultLocalization --flacocoThreshold 0.0 --flacocoTopK null --flacocoResultsRepository flacocobot/2022-flacocobot-experiment --ghOauth  --smtpPort 25 --listenerMode NOOP --launcherMode FAULT_LOCALIZATION  --gitrepourl https://github.com/debezium/debezium --gitrepopullrequest 3567

14:07:23.868 [main] INFO  f.i.s.r.p.g.GithubInitSerializerEngines - Initialize file serializer engines.
14:07:23.870 [main] INFO  f.i.s.r.p.g.GithubInitSerializerEngines - MongoDB won't be used for serialization.
14:07:23.870 [main] INFO  f.i.s.r.p.github.GithubInitNotifiers - The email notifier engine won't be used.
14:07:23.886 [main] INFO  f.i.s.r.p.i.ProjectInspector - ----------------------------------------------------------------------
14:07:23.886 [main] INFO  f.i.s.r.p.i.ProjectInspector - PIPELINE STEPS
14:07:23.886 [main] INFO  f.i.s.r.p.i.ProjectInspector - ----------------------------------------------------------------------
14:07:23.886 [main] INFO  f.i.s.r.p.i.ProjectInspector - CloneCheckoutGitPullRequest
14:07:23.886 [main] INFO  f.i.s.r.p.i.ProjectInspector - BuildProject
14:07:23.886 [main] INFO  f.i.s.r.p.i.ProjectInspector - TestProject
14:07:23.886 [main] INFO  f.i.s.r.p.i.ProjectInspector - ComputeClasspath
14:07:23.886 [main] INFO  f.i.s.r.p.i.ProjectInspector - ComputeSourceDir
14:07:23.886 [main] INFO  f.i.s.r.p.i.ProjectInspector - ComputeTestDir
14:07:23.886 [main] INFO  f.i.s.r.p.i.ProjectInspector - GatherTestInformation
14:07:23.886 [main] INFO  f.i.s.r.p.i.ProjectInspector - FlacocoLocalization
14:07:23.886 [main] INFO  f.i.s.r.p.i.ProjectInspector - PushFaultLocalizationSuggestionsOnGitHubRepository
14:07:23.886 [main] INFO  f.i.s.r.p.s.CloneCheckoutGitPullRequest - Cloning repository https://github.com/debezium/debezium.git in the following directory: ./workspace/debezium-debezium-master-3567_repo
14:12:18.468 [Thread-4] ERROR f.i.s.r.p.m.o.MavenFilterOutputHandler - [ERROR] Failed to execute goal org.apache.maven.plugins:maven-compiler-plugin:3.8.1:testCompile (default-testCompile) on project debezium-api: Fatal error compiling: error: release version 17 not supported -> [Help 1]
14:12:18.475 [Thread-4] ERROR f.i.s.r.p.m.o.MavenFilterOutputHandler - [ERROR] 
14:12:18.475 [Thread-4] ERROR f.i.s.r.p.m.o.MavenFilterOutputHandler - [ERROR] Re-run Maven using the -X switch to enable full debug logging.
14:12:18.475 [Thread-4] ERROR f.i.s.r.p.m.o.MavenFilterOutputHandler - [ERROR] 
14:12:18.475 [Thread-4] ERROR f.i.s.r.p.m.o.MavenFilterOutputHandler - [ERROR] For more information about the errors and possible solutions, please read the following articles:
14:12:18.475 [Thread-4] ERROR f.i.s.r.p.m.o.MavenFilterOutputHandler - [ERROR] [Help 1] http://cwiki.apache.org/confluence/display/MAVEN/MojoExecutionException
14:12:18.475 [Thread-4] ERROR f.i.s.r.p.m.o.MavenFilterOutputHandler - [ERROR] 
14:12:18.475 [Thread-4] ERROR f.i.s.r.p.m.o.MavenFilterOutputHandler - [ERROR] After correcting the problems, you can resume the build with the command
14:12:18.475 [Thread-4] ERROR f.i.s.r.p.m.o.MavenFilterOutputHandler - [ERROR]   mvn <goals> -rf :debezium-api
14:12:19.305 [main] ERROR f.i.s.r.process.step.BuildProject - Repository debezium/debezium cannot be built.
14:12:19.307 [main] INFO  f.i.s.r.process.step.BuildProject - 
14:12:19.529 [main] INFO  f.i.s.r.p.i.ProjectInspector - ----------------------------------------------------------------------
14:12:19.529 [main] INFO  f.i.s.r.p.i.ProjectInspector - PIPELINE EXECUTION SUMMARY
14:12:19.529 [main] INFO  f.i.s.r.p.i.ProjectInspector - ----------------------------------------------------------------------
14:12:19.529 [main] INFO  f.i.s.r.p.i.ProjectInspector - CloneCheckoutGitPullRequest..........................SUCCESS [  11 s ]
14:12:19.529 [main] INFO  f.i.s.r.p.i.ProjectInspector - BuildProject.........................................FAILURE [ 284 s ]
14:12:19.529 [main] INFO  f.i.s.r.p.i.ProjectInspector - TestProject..........................................NOT RUN          
14:12:19.529 [main] INFO  f.i.s.r.p.i.ProjectInspector - ComputeClasspath.....................................NOT RUN          
14:12:19.529 [main] INFO  f.i.s.r.p.i.ProjectInspector - ComputeSourceDir.....................................NOT RUN          
14:12:19.529 [main] INFO  f.i.s.r.p.i.ProjectInspector - ComputeTestDir.......................................NOT RUN          
14:12:19.529 [main] INFO  f.i.s.r.p.i.ProjectInspector - GatherTestInformation................................NOT RUN          
14:12:19.529 [main] INFO  f.i.s.r.p.i.ProjectInspector - FlacocoLocalization..................................NOT RUN          
14:12:19.529 [main] INFO  f.i.s.r.p.i.ProjectInspector - PushFaultLocalizationSuggestionsOnGitHubRepository...NOT RUN          
14:12:19.529 [main] INFO  f.i.s.r.p.i.ProjectInspector - ----------------------------------------------------------------------
14:12:19.530 [main] INFO  f.i.s.r.p.i.ProjectInspector - PIPELINE FINDING: NOTBUILDABLE
14:12:19.530 [main] INFO  f.i.s.r.p.i.ProjectInspector - ----------------------------------------------------------------------
14:12:19.530 [main] INFO  f.i.s.r.p.github.GithubMainProcess - Inspector is finished. The process will exit now.
