Execute pipeline with following supplementary args: --smtpPort 25 --listenerMode NOOP --launcherMode FAULT_LOCALIZATION  --gitrepourl https://github.com/debezium/debezium --gitrepopullrequest 3600
java -cp /usr/local/openjdk-11/lib/tools.jar:repairnator-pipeline.jar -Dlogback.configurationFile=/root/logback.xml fr.inria.spirals.repairnator.pipeline.Launcher -d --runId null -o /var/log --ghOauth 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 --faultLocalization --flacocoThreshold 0.0 --flacocoTopK null --flacocoResultsRepository flacocobot/2022-flacocobot-experiment --ghOauth  --smtpPort 25 --listenerMode NOOP --launcherMode FAULT_LOCALIZATION  --gitrepourl https://github.com/debezium/debezium --gitrepopullrequest 3600

05:40:43.200 [main] INFO  f.i.s.r.p.g.GithubInitSerializerEngines - Initialize file serializer engines.
05:40:43.202 [main] INFO  f.i.s.r.p.g.GithubInitSerializerEngines - MongoDB won't be used for serialization.
05:40:43.202 [main] INFO  f.i.s.r.p.github.GithubInitNotifiers - The email notifier engine won't be used.
05:40:43.216 [main] INFO  f.i.s.r.p.i.ProjectInspector - ----------------------------------------------------------------------
05:40:43.217 [main] INFO  f.i.s.r.p.i.ProjectInspector - PIPELINE STEPS
05:40:43.217 [main] INFO  f.i.s.r.p.i.ProjectInspector - ----------------------------------------------------------------------
05:40:43.217 [main] INFO  f.i.s.r.p.i.ProjectInspector - CloneCheckoutGitPullRequest
05:40:43.217 [main] INFO  f.i.s.r.p.i.ProjectInspector - BuildProject
05:40:43.217 [main] INFO  f.i.s.r.p.i.ProjectInspector - TestProject
05:40:43.217 [main] INFO  f.i.s.r.p.i.ProjectInspector - ComputeClasspath
05:40:43.217 [main] INFO  f.i.s.r.p.i.ProjectInspector - ComputeSourceDir
05:40:43.217 [main] INFO  f.i.s.r.p.i.ProjectInspector - ComputeTestDir
05:40:43.217 [main] INFO  f.i.s.r.p.i.ProjectInspector - GatherTestInformation
05:40:43.217 [main] INFO  f.i.s.r.p.i.ProjectInspector - FlacocoLocalization
05:40:43.217 [main] INFO  f.i.s.r.p.i.ProjectInspector - PushFaultLocalizationSuggestionsOnGitHubRepository
05:40:43.217 [main] INFO  f.i.s.r.p.s.CloneCheckoutGitPullRequest - Cloning repository https://github.com/debezium/debezium.git in the following directory: ./workspace/debezium-debezium-master-3600_repo
05:45:24.520 [Thread-4] ERROR f.i.s.r.p.m.o.MavenFilterOutputHandler - [ERROR] Failed to execute goal org.apache.maven.plugins:maven-compiler-plugin:3.8.1:testCompile (default-testCompile) on project debezium-api: Fatal error compiling: error: release version 17 not supported -> [Help 1]
05:45:24.526 [Thread-4] ERROR f.i.s.r.p.m.o.MavenFilterOutputHandler - [ERROR] 
05:45:24.526 [Thread-4] ERROR f.i.s.r.p.m.o.MavenFilterOutputHandler - [ERROR] Re-run Maven using the -X switch to enable full debug logging.
05:45:24.526 [Thread-4] ERROR f.i.s.r.p.m.o.MavenFilterOutputHandler - [ERROR] 
05:45:24.527 [Thread-4] ERROR f.i.s.r.p.m.o.MavenFilterOutputHandler - [ERROR] For more information about the errors and possible solutions, please read the following articles:
05:45:24.527 [Thread-4] ERROR f.i.s.r.p.m.o.MavenFilterOutputHandler - [ERROR] [Help 1] http://cwiki.apache.org/confluence/display/MAVEN/MojoExecutionException
05:45:24.527 [Thread-4] ERROR f.i.s.r.p.m.o.MavenFilterOutputHandler - [ERROR] 
05:45:24.527 [Thread-4] ERROR f.i.s.r.p.m.o.MavenFilterOutputHandler - [ERROR] After correcting the problems, you can resume the build with the command
05:45:24.527 [Thread-4] ERROR f.i.s.r.p.m.o.MavenFilterOutputHandler - [ERROR]   mvn <goals> -rf :debezium-api
05:45:25.082 [main] ERROR f.i.s.r.process.step.BuildProject - Repository debezium/debezium cannot be built.
05:45:25.083 [main] INFO  f.i.s.r.process.step.BuildProject - 
05:45:25.343 [main] INFO  f.i.s.r.p.i.ProjectInspector - ----------------------------------------------------------------------
05:45:25.343 [main] INFO  f.i.s.r.p.i.ProjectInspector - PIPELINE EXECUTION SUMMARY
05:45:25.343 [main] INFO  f.i.s.r.p.i.ProjectInspector - ----------------------------------------------------------------------
05:45:25.343 [main] INFO  f.i.s.r.p.i.ProjectInspector - CloneCheckoutGitPullRequest..........................SUCCESS [  10 s ]
05:45:25.343 [main] INFO  f.i.s.r.p.i.ProjectInspector - BuildProject.........................................FAILURE [ 271 s ]
05:45:25.343 [main] INFO  f.i.s.r.p.i.ProjectInspector - TestProject..........................................NOT RUN          
05:45:25.343 [main] INFO  f.i.s.r.p.i.ProjectInspector - ComputeClasspath.....................................NOT RUN          
05:45:25.343 [main] INFO  f.i.s.r.p.i.ProjectInspector - ComputeSourceDir.....................................NOT RUN          
05:45:25.343 [main] INFO  f.i.s.r.p.i.ProjectInspector - ComputeTestDir.......................................NOT RUN          
05:45:25.343 [main] INFO  f.i.s.r.p.i.ProjectInspector - GatherTestInformation................................NOT RUN          
05:45:25.343 [main] INFO  f.i.s.r.p.i.ProjectInspector - FlacocoLocalization..................................NOT RUN          
05:45:25.343 [main] INFO  f.i.s.r.p.i.ProjectInspector - PushFaultLocalizationSuggestionsOnGitHubRepository...NOT RUN          
05:45:25.344 [main] INFO  f.i.s.r.p.i.ProjectInspector - ----------------------------------------------------------------------
05:45:25.344 [main] INFO  f.i.s.r.p.i.ProjectInspector - PIPELINE FINDING: NOTBUILDABLE
05:45:25.344 [main] INFO  f.i.s.r.p.i.ProjectInspector - ----------------------------------------------------------------------
05:45:25.344 [main] INFO  f.i.s.r.p.github.GithubMainProcess - Inspector is finished. The process will exit now.
