Execute pipeline with following supplementary args: --smtpPort 25 --listenerMode NOOP --launcherMode FAULT_LOCALIZATION  --gitrepourl https://github.com/debezium/debezium --gitrepopullrequest 3545
java -cp /usr/local/openjdk-11/lib/tools.jar:repairnator-pipeline.jar -Dlogback.configurationFile=/root/logback.xml fr.inria.spirals.repairnator.pipeline.Launcher -d --runId null -o /var/log --ghOauth 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 --faultLocalization --flacocoThreshold 0.0 --flacocoTopK null --flacocoResultsRepository flacocobot/2022-flacocobot-experiment --ghOauth  --smtpPort 25 --listenerMode NOOP --launcherMode FAULT_LOCALIZATION  --gitrepourl https://github.com/debezium/debezium --gitrepopullrequest 3545

08:56:33.739 [main] INFO  f.i.s.r.p.g.GithubInitSerializerEngines - Initialize file serializer engines.
08:56:33.740 [main] INFO  f.i.s.r.p.g.GithubInitSerializerEngines - MongoDB won't be used for serialization.
08:56:33.740 [main] INFO  f.i.s.r.p.github.GithubInitNotifiers - The email notifier engine won't be used.
08:56:33.755 [main] INFO  f.i.s.r.p.i.ProjectInspector - ----------------------------------------------------------------------
08:56:33.755 [main] INFO  f.i.s.r.p.i.ProjectInspector - PIPELINE STEPS
08:56:33.755 [main] INFO  f.i.s.r.p.i.ProjectInspector - ----------------------------------------------------------------------
08:56:33.755 [main] INFO  f.i.s.r.p.i.ProjectInspector - CloneCheckoutGitPullRequest
08:56:33.755 [main] INFO  f.i.s.r.p.i.ProjectInspector - BuildProject
08:56:33.755 [main] INFO  f.i.s.r.p.i.ProjectInspector - TestProject
08:56:33.755 [main] INFO  f.i.s.r.p.i.ProjectInspector - ComputeClasspath
08:56:33.755 [main] INFO  f.i.s.r.p.i.ProjectInspector - ComputeSourceDir
08:56:33.755 [main] INFO  f.i.s.r.p.i.ProjectInspector - ComputeTestDir
08:56:33.755 [main] INFO  f.i.s.r.p.i.ProjectInspector - GatherTestInformation
08:56:33.755 [main] INFO  f.i.s.r.p.i.ProjectInspector - FlacocoLocalization
08:56:33.755 [main] INFO  f.i.s.r.p.i.ProjectInspector - PushFaultLocalizationSuggestionsOnGitHubRepository
08:56:33.755 [main] INFO  f.i.s.r.p.s.CloneCheckoutGitPullRequest - Cloning repository https://github.com/debezium/debezium.git in the following directory: ./workspace/debezium-debezium-master-3545_repo
09:01:28.248 [Thread-4] ERROR f.i.s.r.p.m.o.MavenFilterOutputHandler - [ERROR] Failed to execute goal org.apache.maven.plugins:maven-compiler-plugin:3.8.1:testCompile (default-testCompile) on project debezium-api: Fatal error compiling: error: release version 17 not supported -> [Help 1]
09:01:28.255 [Thread-4] ERROR f.i.s.r.p.m.o.MavenFilterOutputHandler - [ERROR] 
09:01:28.255 [Thread-4] ERROR f.i.s.r.p.m.o.MavenFilterOutputHandler - [ERROR] Re-run Maven using the -X switch to enable full debug logging.
09:01:28.255 [Thread-4] ERROR f.i.s.r.p.m.o.MavenFilterOutputHandler - [ERROR] 
09:01:28.255 [Thread-4] ERROR f.i.s.r.p.m.o.MavenFilterOutputHandler - [ERROR] For more information about the errors and possible solutions, please read the following articles:
09:01:28.255 [Thread-4] ERROR f.i.s.r.p.m.o.MavenFilterOutputHandler - [ERROR] [Help 1] http://cwiki.apache.org/confluence/display/MAVEN/MojoExecutionException
09:01:28.255 [Thread-4] ERROR f.i.s.r.p.m.o.MavenFilterOutputHandler - [ERROR] 
09:01:28.255 [Thread-4] ERROR f.i.s.r.p.m.o.MavenFilterOutputHandler - [ERROR] After correcting the problems, you can resume the build with the command
09:01:28.255 [Thread-4] ERROR f.i.s.r.p.m.o.MavenFilterOutputHandler - [ERROR]   mvn <goals> -rf :debezium-api
09:01:29.134 [main] ERROR f.i.s.r.process.step.BuildProject - Repository debezium/debezium cannot be built.
09:01:29.136 [main] INFO  f.i.s.r.process.step.BuildProject - 
09:01:29.385 [main] INFO  f.i.s.r.p.i.ProjectInspector - ----------------------------------------------------------------------
09:01:29.386 [main] INFO  f.i.s.r.p.i.ProjectInspector - PIPELINE EXECUTION SUMMARY
09:01:29.386 [main] INFO  f.i.s.r.p.i.ProjectInspector - ----------------------------------------------------------------------
09:01:29.386 [main] INFO  f.i.s.r.p.i.ProjectInspector - CloneCheckoutGitPullRequest..........................SUCCESS [  10 s ]
09:01:29.386 [main] INFO  f.i.s.r.p.i.ProjectInspector - BuildProject.........................................FAILURE [ 285 s ]
09:01:29.386 [main] INFO  f.i.s.r.p.i.ProjectInspector - TestProject..........................................NOT RUN          
09:01:29.386 [main] INFO  f.i.s.r.p.i.ProjectInspector - ComputeClasspath.....................................NOT RUN          
09:01:29.386 [main] INFO  f.i.s.r.p.i.ProjectInspector - ComputeSourceDir.....................................NOT RUN          
09:01:29.386 [main] INFO  f.i.s.r.p.i.ProjectInspector - ComputeTestDir.......................................NOT RUN          
09:01:29.386 [main] INFO  f.i.s.r.p.i.ProjectInspector - GatherTestInformation................................NOT RUN          
09:01:29.386 [main] INFO  f.i.s.r.p.i.ProjectInspector - FlacocoLocalization..................................NOT RUN          
09:01:29.386 [main] INFO  f.i.s.r.p.i.ProjectInspector - PushFaultLocalizationSuggestionsOnGitHubRepository...NOT RUN          
09:01:29.386 [main] INFO  f.i.s.r.p.i.ProjectInspector - ----------------------------------------------------------------------
09:01:29.386 [main] INFO  f.i.s.r.p.i.ProjectInspector - PIPELINE FINDING: NOTBUILDABLE
09:01:29.387 [main] INFO  f.i.s.r.p.i.ProjectInspector - ----------------------------------------------------------------------
09:01:29.387 [main] INFO  f.i.s.r.p.github.GithubMainProcess - Inspector is finished. The process will exit now.
