Execute pipeline with following supplementary args: --smtpPort 25 --listenerMode NOOP --launcherMode FAULT_LOCALIZATION  --gitrepourl https://github.com/debezium/debezium --gitrepopullrequest 3657
java -cp /usr/local/openjdk-11/lib/tools.jar:repairnator-pipeline.jar -Dlogback.configurationFile=/root/logback.xml fr.inria.spirals.repairnator.pipeline.Launcher -d --runId null -o /var/log --ghOauth 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 --faultLocalization --flacocoThreshold 0.0 --flacocoTopK null --flacocoResultsRepository flacocobot/2022-flacocobot-experiment --ghOauth  --smtpPort 25 --listenerMode NOOP --launcherMode FAULT_LOCALIZATION  --gitrepourl https://github.com/debezium/debezium --gitrepopullrequest 3657

00:56:47.694 [main] INFO  f.i.s.r.p.g.GithubInitSerializerEngines - Initialize file serializer engines.
00:56:47.695 [main] INFO  f.i.s.r.p.g.GithubInitSerializerEngines - MongoDB won't be used for serialization.
00:56:47.695 [main] INFO  f.i.s.r.p.github.GithubInitNotifiers - The email notifier engine won't be used.
00:56:47.709 [main] INFO  f.i.s.r.p.i.ProjectInspector - ----------------------------------------------------------------------
00:56:47.709 [main] INFO  f.i.s.r.p.i.ProjectInspector - PIPELINE STEPS
00:56:47.709 [main] INFO  f.i.s.r.p.i.ProjectInspector - ----------------------------------------------------------------------
00:56:47.709 [main] INFO  f.i.s.r.p.i.ProjectInspector - CloneCheckoutGitPullRequest
00:56:47.709 [main] INFO  f.i.s.r.p.i.ProjectInspector - BuildProject
00:56:47.709 [main] INFO  f.i.s.r.p.i.ProjectInspector - TestProject
00:56:47.709 [main] INFO  f.i.s.r.p.i.ProjectInspector - ComputeClasspath
00:56:47.709 [main] INFO  f.i.s.r.p.i.ProjectInspector - ComputeSourceDir
00:56:47.709 [main] INFO  f.i.s.r.p.i.ProjectInspector - ComputeTestDir
00:56:47.709 [main] INFO  f.i.s.r.p.i.ProjectInspector - GatherTestInformation
00:56:47.709 [main] INFO  f.i.s.r.p.i.ProjectInspector - FlacocoLocalization
00:56:47.709 [main] INFO  f.i.s.r.p.i.ProjectInspector - PushFaultLocalizationSuggestionsOnGitHubRepository
00:56:47.709 [main] INFO  f.i.s.r.p.s.CloneCheckoutGitPullRequest - Cloning repository https://github.com/debezium/debezium.git in the following directory: ./workspace/debezium-debezium-master-3657_repo
01:01:29.628 [Thread-4] ERROR f.i.s.r.p.m.o.MavenFilterOutputHandler - [ERROR] Failed to execute goal org.apache.maven.plugins:maven-compiler-plugin:3.8.1:testCompile (default-testCompile) on project debezium-api: Fatal error compiling: error: release version 17 not supported -> [Help 1]
01:01:29.638 [Thread-4] ERROR f.i.s.r.p.m.o.MavenFilterOutputHandler - [ERROR] 
01:01:29.638 [Thread-4] ERROR f.i.s.r.p.m.o.MavenFilterOutputHandler - [ERROR] Re-run Maven using the -X switch to enable full debug logging.
01:01:29.638 [Thread-4] ERROR f.i.s.r.p.m.o.MavenFilterOutputHandler - [ERROR] 
01:01:29.639 [Thread-4] ERROR f.i.s.r.p.m.o.MavenFilterOutputHandler - [ERROR] For more information about the errors and possible solutions, please read the following articles:
01:01:29.639 [Thread-4] ERROR f.i.s.r.p.m.o.MavenFilterOutputHandler - [ERROR] [Help 1] http://cwiki.apache.org/confluence/display/MAVEN/MojoExecutionException
01:01:29.639 [Thread-4] ERROR f.i.s.r.p.m.o.MavenFilterOutputHandler - [ERROR] 
01:01:29.639 [Thread-4] ERROR f.i.s.r.p.m.o.MavenFilterOutputHandler - [ERROR] After correcting the problems, you can resume the build with the command
01:01:29.639 [Thread-4] ERROR f.i.s.r.p.m.o.MavenFilterOutputHandler - [ERROR]   mvn <goals> -rf :debezium-api
01:01:30.253 [main] ERROR f.i.s.r.process.step.BuildProject - Repository debezium/debezium cannot be built.
01:01:30.254 [main] INFO  f.i.s.r.process.step.BuildProject - 
01:01:30.515 [main] INFO  f.i.s.r.p.i.ProjectInspector - ----------------------------------------------------------------------
01:01:30.515 [main] INFO  f.i.s.r.p.i.ProjectInspector - PIPELINE EXECUTION SUMMARY
01:01:30.515 [main] INFO  f.i.s.r.p.i.ProjectInspector - ----------------------------------------------------------------------
01:01:30.515 [main] INFO  f.i.s.r.p.i.ProjectInspector - CloneCheckoutGitPullRequest..........................SUCCESS [  11 s ]
01:01:30.515 [main] INFO  f.i.s.r.p.i.ProjectInspector - BuildProject.........................................FAILURE [ 271 s ]
01:01:30.515 [main] INFO  f.i.s.r.p.i.ProjectInspector - TestProject..........................................NOT RUN          
01:01:30.515 [main] INFO  f.i.s.r.p.i.ProjectInspector - ComputeClasspath.....................................NOT RUN          
01:01:30.515 [main] INFO  f.i.s.r.p.i.ProjectInspector - ComputeSourceDir.....................................NOT RUN          
01:01:30.515 [main] INFO  f.i.s.r.p.i.ProjectInspector - ComputeTestDir.......................................NOT RUN          
01:01:30.515 [main] INFO  f.i.s.r.p.i.ProjectInspector - GatherTestInformation................................NOT RUN          
01:01:30.515 [main] INFO  f.i.s.r.p.i.ProjectInspector - FlacocoLocalization..................................NOT RUN          
01:01:30.515 [main] INFO  f.i.s.r.p.i.ProjectInspector - PushFaultLocalizationSuggestionsOnGitHubRepository...NOT RUN          
01:01:30.516 [main] INFO  f.i.s.r.p.i.ProjectInspector - ----------------------------------------------------------------------
01:01:30.516 [main] INFO  f.i.s.r.p.i.ProjectInspector - PIPELINE FINDING: NOTBUILDABLE
01:01:30.516 [main] INFO  f.i.s.r.p.i.ProjectInspector - ----------------------------------------------------------------------
01:01:30.516 [main] INFO  f.i.s.r.p.github.GithubMainProcess - Inspector is finished. The process will exit now.
