Execute pipeline with following supplementary args: --smtpPort 25 --listenerMode NOOP --launcherMode FAULT_LOCALIZATION  --gitrepourl https://github.com/debezium/debezium --gitrepopullrequest 3572
java -cp /usr/local/openjdk-11/lib/tools.jar:repairnator-pipeline.jar -Dlogback.configurationFile=/root/logback.xml fr.inria.spirals.repairnator.pipeline.Launcher -d --runId null -o /var/log --ghOauth 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 --faultLocalization --flacocoThreshold 0.0 --flacocoTopK null --flacocoResultsRepository flacocobot/2022-flacocobot-experiment --ghOauth  --smtpPort 25 --listenerMode NOOP --launcherMode FAULT_LOCALIZATION  --gitrepourl https://github.com/debezium/debezium --gitrepopullrequest 3572

13:06:30.825 [main] INFO  f.i.s.r.p.g.GithubInitSerializerEngines - Initialize file serializer engines.
13:06:30.828 [main] INFO  f.i.s.r.p.g.GithubInitSerializerEngines - MongoDB won't be used for serialization.
13:06:30.828 [main] INFO  f.i.s.r.p.github.GithubInitNotifiers - The email notifier engine won't be used.
13:06:30.846 [main] INFO  f.i.s.r.p.i.ProjectInspector - ----------------------------------------------------------------------
13:06:30.846 [main] INFO  f.i.s.r.p.i.ProjectInspector - PIPELINE STEPS
13:06:30.846 [main] INFO  f.i.s.r.p.i.ProjectInspector - ----------------------------------------------------------------------
13:06:30.846 [main] INFO  f.i.s.r.p.i.ProjectInspector - CloneCheckoutGitPullRequest
13:06:30.846 [main] INFO  f.i.s.r.p.i.ProjectInspector - BuildProject
13:06:30.847 [main] INFO  f.i.s.r.p.i.ProjectInspector - TestProject
13:06:30.847 [main] INFO  f.i.s.r.p.i.ProjectInspector - ComputeClasspath
13:06:30.847 [main] INFO  f.i.s.r.p.i.ProjectInspector - ComputeSourceDir
13:06:30.847 [main] INFO  f.i.s.r.p.i.ProjectInspector - ComputeTestDir
13:06:30.847 [main] INFO  f.i.s.r.p.i.ProjectInspector - GatherTestInformation
13:06:30.847 [main] INFO  f.i.s.r.p.i.ProjectInspector - FlacocoLocalization
13:06:30.847 [main] INFO  f.i.s.r.p.i.ProjectInspector - PushFaultLocalizationSuggestionsOnGitHubRepository
13:06:30.847 [main] INFO  f.i.s.r.p.s.CloneCheckoutGitPullRequest - Cloning repository https://github.com/debezium/debezium.git in the following directory: ./workspace/debezium-debezium-master-3572_repo
13:11:30.574 [Thread-4] ERROR f.i.s.r.p.m.o.MavenFilterOutputHandler - [ERROR] Failed to execute goal org.apache.maven.plugins:maven-compiler-plugin:3.8.1:testCompile (default-testCompile) on project debezium-api: Fatal error compiling: error: release version 17 not supported -> [Help 1]
13:11:30.590 [Thread-4] ERROR f.i.s.r.p.m.o.MavenFilterOutputHandler - [ERROR] 
13:11:30.590 [Thread-4] ERROR f.i.s.r.p.m.o.MavenFilterOutputHandler - [ERROR] Re-run Maven using the -X switch to enable full debug logging.
13:11:30.594 [Thread-4] ERROR f.i.s.r.p.m.o.MavenFilterOutputHandler - [ERROR] 
13:11:30.602 [Thread-4] ERROR f.i.s.r.p.m.o.MavenFilterOutputHandler - [ERROR] For more information about the errors and possible solutions, please read the following articles:
13:11:30.605 [Thread-4] ERROR f.i.s.r.p.m.o.MavenFilterOutputHandler - [ERROR] [Help 1] http://cwiki.apache.org/confluence/display/MAVEN/MojoExecutionException
13:11:30.605 [Thread-4] ERROR f.i.s.r.p.m.o.MavenFilterOutputHandler - [ERROR] 
13:11:30.605 [Thread-4] ERROR f.i.s.r.p.m.o.MavenFilterOutputHandler - [ERROR] After correcting the problems, you can resume the build with the command
13:11:30.606 [Thread-4] ERROR f.i.s.r.p.m.o.MavenFilterOutputHandler - [ERROR]   mvn <goals> -rf :debezium-api
13:11:30.973 [main] ERROR f.i.s.r.process.step.BuildProject - Repository debezium/debezium cannot be built.
13:11:30.975 [main] INFO  f.i.s.r.process.step.BuildProject - 
13:11:31.662 [main] INFO  f.i.s.r.p.i.ProjectInspector - ----------------------------------------------------------------------
13:11:31.662 [main] INFO  f.i.s.r.p.i.ProjectInspector - PIPELINE EXECUTION SUMMARY
13:11:31.662 [main] INFO  f.i.s.r.p.i.ProjectInspector - ----------------------------------------------------------------------
13:11:31.662 [main] INFO  f.i.s.r.p.i.ProjectInspector - CloneCheckoutGitPullRequest..........................SUCCESS [  11 s ]
13:11:31.662 [main] INFO  f.i.s.r.p.i.ProjectInspector - BuildProject.........................................FAILURE [ 289 s ]
13:11:31.662 [main] INFO  f.i.s.r.p.i.ProjectInspector - TestProject..........................................NOT RUN          
13:11:31.662 [main] INFO  f.i.s.r.p.i.ProjectInspector - ComputeClasspath.....................................NOT RUN          
13:11:31.662 [main] INFO  f.i.s.r.p.i.ProjectInspector - ComputeSourceDir.....................................NOT RUN          
13:11:31.662 [main] INFO  f.i.s.r.p.i.ProjectInspector - ComputeTestDir.......................................NOT RUN          
13:11:31.662 [main] INFO  f.i.s.r.p.i.ProjectInspector - GatherTestInformation................................NOT RUN          
13:11:31.663 [main] INFO  f.i.s.r.p.i.ProjectInspector - FlacocoLocalization..................................NOT RUN          
13:11:31.663 [main] INFO  f.i.s.r.p.i.ProjectInspector - PushFaultLocalizationSuggestionsOnGitHubRepository...NOT RUN          
13:11:31.663 [main] INFO  f.i.s.r.p.i.ProjectInspector - ----------------------------------------------------------------------
13:11:31.667 [main] INFO  f.i.s.r.p.i.ProjectInspector - PIPELINE FINDING: NOTBUILDABLE
13:11:31.668 [main] INFO  f.i.s.r.p.i.ProjectInspector - ----------------------------------------------------------------------
13:11:31.668 [main] INFO  f.i.s.r.p.github.GithubMainProcess - Inspector is finished. The process will exit now.
