Execute pipeline with following supplementary args: --smtpPort 25 --listenerMode NOOP --launcherMode FAULT_LOCALIZATION  --gitrepourl https://github.com/debezium/debezium --gitrepopullrequest 3610
java -cp /usr/local/openjdk-11/lib/tools.jar:repairnator-pipeline.jar -Dlogback.configurationFile=/root/logback.xml fr.inria.spirals.repairnator.pipeline.Launcher -d --runId null -o /var/log --ghOauth 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 --faultLocalization --flacocoThreshold 0.0 --flacocoTopK null --flacocoResultsRepository flacocobot/2022-flacocobot-experiment --ghOauth  --smtpPort 25 --listenerMode NOOP --launcherMode FAULT_LOCALIZATION  --gitrepourl https://github.com/debezium/debezium --gitrepopullrequest 3610

16:44:53.191 [main] INFO  f.i.s.r.p.g.GithubInitSerializerEngines - Initialize file serializer engines.
16:44:53.193 [main] INFO  f.i.s.r.p.g.GithubInitSerializerEngines - MongoDB won't be used for serialization.
16:44:53.193 [main] INFO  f.i.s.r.p.github.GithubInitNotifiers - The email notifier engine won't be used.
16:44:53.209 [main] INFO  f.i.s.r.p.i.ProjectInspector - ----------------------------------------------------------------------
16:44:53.209 [main] INFO  f.i.s.r.p.i.ProjectInspector - PIPELINE STEPS
16:44:53.209 [main] INFO  f.i.s.r.p.i.ProjectInspector - ----------------------------------------------------------------------
16:44:53.209 [main] INFO  f.i.s.r.p.i.ProjectInspector - CloneCheckoutGitPullRequest
16:44:53.209 [main] INFO  f.i.s.r.p.i.ProjectInspector - BuildProject
16:44:53.209 [main] INFO  f.i.s.r.p.i.ProjectInspector - TestProject
16:44:53.210 [main] INFO  f.i.s.r.p.i.ProjectInspector - ComputeClasspath
16:44:53.210 [main] INFO  f.i.s.r.p.i.ProjectInspector - ComputeSourceDir
16:44:53.210 [main] INFO  f.i.s.r.p.i.ProjectInspector - ComputeTestDir
16:44:53.210 [main] INFO  f.i.s.r.p.i.ProjectInspector - GatherTestInformation
16:44:53.210 [main] INFO  f.i.s.r.p.i.ProjectInspector - FlacocoLocalization
16:44:53.210 [main] INFO  f.i.s.r.p.i.ProjectInspector - PushFaultLocalizationSuggestionsOnGitHubRepository
16:44:53.210 [main] INFO  f.i.s.r.p.s.CloneCheckoutGitPullRequest - Cloning repository https://github.com/debezium/debezium.git in the following directory: ./workspace/debezium-debezium-master-3610_repo
16:49:31.254 [Thread-4] ERROR f.i.s.r.p.m.o.MavenFilterOutputHandler - [ERROR] Failed to execute goal org.apache.maven.plugins:maven-compiler-plugin:3.8.1:testCompile (default-testCompile) on project debezium-api: Fatal error compiling: error: release version 17 not supported -> [Help 1]
16:49:31.262 [Thread-4] ERROR f.i.s.r.p.m.o.MavenFilterOutputHandler - [ERROR] 
16:49:31.262 [Thread-4] ERROR f.i.s.r.p.m.o.MavenFilterOutputHandler - [ERROR] Re-run Maven using the -X switch to enable full debug logging.
16:49:31.263 [Thread-4] ERROR f.i.s.r.p.m.o.MavenFilterOutputHandler - [ERROR] 
16:49:31.263 [Thread-4] ERROR f.i.s.r.p.m.o.MavenFilterOutputHandler - [ERROR] For more information about the errors and possible solutions, please read the following articles:
16:49:31.263 [Thread-4] ERROR f.i.s.r.p.m.o.MavenFilterOutputHandler - [ERROR] [Help 1] http://cwiki.apache.org/confluence/display/MAVEN/MojoExecutionException
16:49:31.263 [Thread-4] ERROR f.i.s.r.p.m.o.MavenFilterOutputHandler - [ERROR] 
16:49:31.263 [Thread-4] ERROR f.i.s.r.p.m.o.MavenFilterOutputHandler - [ERROR] After correcting the problems, you can resume the build with the command
16:49:31.263 [Thread-4] ERROR f.i.s.r.p.m.o.MavenFilterOutputHandler - [ERROR]   mvn <goals> -rf :debezium-api
16:49:32.112 [main] ERROR f.i.s.r.process.step.BuildProject - Repository debezium/debezium cannot be built.
16:49:32.113 [main] INFO  f.i.s.r.process.step.BuildProject - 
16:49:32.458 [main] INFO  f.i.s.r.p.i.ProjectInspector - ----------------------------------------------------------------------
16:49:32.459 [main] INFO  f.i.s.r.p.i.ProjectInspector - PIPELINE EXECUTION SUMMARY
16:49:32.459 [main] INFO  f.i.s.r.p.i.ProjectInspector - ----------------------------------------------------------------------
16:49:32.459 [main] INFO  f.i.s.r.p.i.ProjectInspector - CloneCheckoutGitPullRequest..........................SUCCESS [  12 s ]
16:49:32.459 [main] INFO  f.i.s.r.p.i.ProjectInspector - BuildProject.........................................FAILURE [ 266 s ]
16:49:32.459 [main] INFO  f.i.s.r.p.i.ProjectInspector - TestProject..........................................NOT RUN          
16:49:32.459 [main] INFO  f.i.s.r.p.i.ProjectInspector - ComputeClasspath.....................................NOT RUN          
16:49:32.459 [main] INFO  f.i.s.r.p.i.ProjectInspector - ComputeSourceDir.....................................NOT RUN          
16:49:32.459 [main] INFO  f.i.s.r.p.i.ProjectInspector - ComputeTestDir.......................................NOT RUN          
16:49:32.459 [main] INFO  f.i.s.r.p.i.ProjectInspector - GatherTestInformation................................NOT RUN          
16:49:32.459 [main] INFO  f.i.s.r.p.i.ProjectInspector - FlacocoLocalization..................................NOT RUN          
16:49:32.459 [main] INFO  f.i.s.r.p.i.ProjectInspector - PushFaultLocalizationSuggestionsOnGitHubRepository...NOT RUN          
16:49:32.460 [main] INFO  f.i.s.r.p.i.ProjectInspector - ----------------------------------------------------------------------
16:49:32.460 [main] INFO  f.i.s.r.p.i.ProjectInspector - PIPELINE FINDING: NOTBUILDABLE
16:49:32.460 [main] INFO  f.i.s.r.p.i.ProjectInspector - ----------------------------------------------------------------------
16:49:32.460 [main] INFO  f.i.s.r.p.github.GithubMainProcess - Inspector is finished. The process will exit now.
