Execute pipeline with following supplementary args: --smtpPort 25 --listenerMode NOOP --launcherMode FAULT_LOCALIZATION  --gitrepourl https://github.com/debezium/debezium --gitrepopullrequest 3598
java -cp /usr/local/openjdk-11/lib/tools.jar:repairnator-pipeline.jar -Dlogback.configurationFile=/root/logback.xml fr.inria.spirals.repairnator.pipeline.Launcher -d --runId null -o /var/log --ghOauth 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 --faultLocalization --flacocoThreshold 0.0 --flacocoTopK null --flacocoResultsRepository flacocobot/2022-flacocobot-experiment --ghOauth  --smtpPort 25 --listenerMode NOOP --launcherMode FAULT_LOCALIZATION  --gitrepourl https://github.com/debezium/debezium --gitrepopullrequest 3598

02:23:52.375 [main] INFO  f.i.s.r.p.g.GithubInitSerializerEngines - Initialize file serializer engines.
02:23:52.376 [main] INFO  f.i.s.r.p.g.GithubInitSerializerEngines - MongoDB won't be used for serialization.
02:23:52.376 [main] INFO  f.i.s.r.p.github.GithubInitNotifiers - The email notifier engine won't be used.
02:23:52.391 [main] INFO  f.i.s.r.p.i.ProjectInspector - ----------------------------------------------------------------------
02:23:52.391 [main] INFO  f.i.s.r.p.i.ProjectInspector - PIPELINE STEPS
02:23:52.391 [main] INFO  f.i.s.r.p.i.ProjectInspector - ----------------------------------------------------------------------
02:23:52.391 [main] INFO  f.i.s.r.p.i.ProjectInspector - CloneCheckoutGitPullRequest
02:23:52.391 [main] INFO  f.i.s.r.p.i.ProjectInspector - BuildProject
02:23:52.391 [main] INFO  f.i.s.r.p.i.ProjectInspector - TestProject
02:23:52.391 [main] INFO  f.i.s.r.p.i.ProjectInspector - ComputeClasspath
02:23:52.391 [main] INFO  f.i.s.r.p.i.ProjectInspector - ComputeSourceDir
02:23:52.391 [main] INFO  f.i.s.r.p.i.ProjectInspector - ComputeTestDir
02:23:52.391 [main] INFO  f.i.s.r.p.i.ProjectInspector - GatherTestInformation
02:23:52.391 [main] INFO  f.i.s.r.p.i.ProjectInspector - FlacocoLocalization
02:23:52.391 [main] INFO  f.i.s.r.p.i.ProjectInspector - PushFaultLocalizationSuggestionsOnGitHubRepository
02:23:52.391 [main] INFO  f.i.s.r.p.s.CloneCheckoutGitPullRequest - Cloning repository https://github.com/debezium/debezium.git in the following directory: ./workspace/debezium-debezium-master-3598_repo
02:28:38.844 [Thread-4] ERROR f.i.s.r.p.m.o.MavenFilterOutputHandler - [ERROR] Failed to execute goal org.apache.maven.plugins:maven-compiler-plugin:3.8.1:testCompile (default-testCompile) on project debezium-api: Fatal error compiling: error: release version 17 not supported -> [Help 1]
02:28:38.851 [Thread-4] ERROR f.i.s.r.p.m.o.MavenFilterOutputHandler - [ERROR] 
02:28:38.851 [Thread-4] ERROR f.i.s.r.p.m.o.MavenFilterOutputHandler - [ERROR] Re-run Maven using the -X switch to enable full debug logging.
02:28:38.851 [Thread-4] ERROR f.i.s.r.p.m.o.MavenFilterOutputHandler - [ERROR] 
02:28:38.851 [Thread-4] ERROR f.i.s.r.p.m.o.MavenFilterOutputHandler - [ERROR] For more information about the errors and possible solutions, please read the following articles:
02:28:38.851 [Thread-4] ERROR f.i.s.r.p.m.o.MavenFilterOutputHandler - [ERROR] [Help 1] http://cwiki.apache.org/confluence/display/MAVEN/MojoExecutionException
02:28:38.851 [Thread-4] ERROR f.i.s.r.p.m.o.MavenFilterOutputHandler - [ERROR] 
02:28:38.851 [Thread-4] ERROR f.i.s.r.p.m.o.MavenFilterOutputHandler - [ERROR] After correcting the problems, you can resume the build with the command
02:28:38.851 [Thread-4] ERROR f.i.s.r.p.m.o.MavenFilterOutputHandler - [ERROR]   mvn <goals> -rf :debezium-api
02:28:39.093 [main] ERROR f.i.s.r.process.step.BuildProject - Repository debezium/debezium cannot be built.
02:28:39.094 [main] INFO  f.i.s.r.process.step.BuildProject - 
02:28:39.364 [main] INFO  f.i.s.r.p.i.ProjectInspector - ----------------------------------------------------------------------
02:28:39.364 [main] INFO  f.i.s.r.p.i.ProjectInspector - PIPELINE EXECUTION SUMMARY
02:28:39.364 [main] INFO  f.i.s.r.p.i.ProjectInspector - ----------------------------------------------------------------------
02:28:39.364 [main] INFO  f.i.s.r.p.i.ProjectInspector - CloneCheckoutGitPullRequest..........................SUCCESS [  10 s ]
02:28:39.364 [main] INFO  f.i.s.r.p.i.ProjectInspector - BuildProject.........................................FAILURE [ 276 s ]
02:28:39.364 [main] INFO  f.i.s.r.p.i.ProjectInspector - TestProject..........................................NOT RUN          
02:28:39.364 [main] INFO  f.i.s.r.p.i.ProjectInspector - ComputeClasspath.....................................NOT RUN          
02:28:39.364 [main] INFO  f.i.s.r.p.i.ProjectInspector - ComputeSourceDir.....................................NOT RUN          
02:28:39.365 [main] INFO  f.i.s.r.p.i.ProjectInspector - ComputeTestDir.......................................NOT RUN          
02:28:39.365 [main] INFO  f.i.s.r.p.i.ProjectInspector - GatherTestInformation................................NOT RUN          
02:28:39.365 [main] INFO  f.i.s.r.p.i.ProjectInspector - FlacocoLocalization..................................NOT RUN          
02:28:39.365 [main] INFO  f.i.s.r.p.i.ProjectInspector - PushFaultLocalizationSuggestionsOnGitHubRepository...NOT RUN          
02:28:39.365 [main] INFO  f.i.s.r.p.i.ProjectInspector - ----------------------------------------------------------------------
02:28:39.365 [main] INFO  f.i.s.r.p.i.ProjectInspector - PIPELINE FINDING: NOTBUILDABLE
02:28:39.365 [main] INFO  f.i.s.r.p.i.ProjectInspector - ----------------------------------------------------------------------
02:28:39.365 [main] INFO  f.i.s.r.p.github.GithubMainProcess - Inspector is finished. The process will exit now.
