Execute pipeline with following supplementary args: --smtpPort 25 --listenerMode NOOP --launcherMode FAULT_LOCALIZATION  --gitrepourl https://github.com/debezium/debezium --gitrepopullrequest 3633
java -cp /usr/local/openjdk-11/lib/tools.jar:repairnator-pipeline.jar -Dlogback.configurationFile=/root/logback.xml fr.inria.spirals.repairnator.pipeline.Launcher -d --runId null -o /var/log --ghOauth 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 --faultLocalization --flacocoThreshold 0.0 --flacocoTopK null --flacocoResultsRepository flacocobot/2022-flacocobot-experiment --ghOauth  --smtpPort 25 --listenerMode NOOP --launcherMode FAULT_LOCALIZATION  --gitrepourl https://github.com/debezium/debezium --gitrepopullrequest 3633

08:07:48.718 [main] INFO  f.i.s.r.p.g.GithubInitSerializerEngines - Initialize file serializer engines.
08:07:48.726 [main] INFO  f.i.s.r.p.g.GithubInitSerializerEngines - MongoDB won't be used for serialization.
08:07:48.726 [main] INFO  f.i.s.r.p.github.GithubInitNotifiers - The email notifier engine won't be used.
08:07:48.843 [main] INFO  f.i.s.r.p.i.ProjectInspector - ----------------------------------------------------------------------
08:07:48.843 [main] INFO  f.i.s.r.p.i.ProjectInspector - PIPELINE STEPS
08:07:48.843 [main] INFO  f.i.s.r.p.i.ProjectInspector - ----------------------------------------------------------------------
08:07:48.843 [main] INFO  f.i.s.r.p.i.ProjectInspector - CloneCheckoutGitPullRequest
08:07:48.843 [main] INFO  f.i.s.r.p.i.ProjectInspector - BuildProject
08:07:48.843 [main] INFO  f.i.s.r.p.i.ProjectInspector - TestProject
08:07:48.843 [main] INFO  f.i.s.r.p.i.ProjectInspector - ComputeClasspath
08:07:48.843 [main] INFO  f.i.s.r.p.i.ProjectInspector - ComputeSourceDir
08:07:48.843 [main] INFO  f.i.s.r.p.i.ProjectInspector - ComputeTestDir
08:07:48.843 [main] INFO  f.i.s.r.p.i.ProjectInspector - GatherTestInformation
08:07:48.844 [main] INFO  f.i.s.r.p.i.ProjectInspector - FlacocoLocalization
08:07:48.844 [main] INFO  f.i.s.r.p.i.ProjectInspector - PushFaultLocalizationSuggestionsOnGitHubRepository
08:07:48.844 [main] INFO  f.i.s.r.p.s.CloneCheckoutGitPullRequest - Cloning repository https://github.com/debezium/debezium.git in the following directory: ./workspace/debezium-debezium-master-3633_repo
08:12:58.054 [Thread-4] ERROR f.i.s.r.p.m.o.MavenFilterOutputHandler - [ERROR] Failed to execute goal org.apache.maven.plugins:maven-compiler-plugin:3.8.1:testCompile (default-testCompile) on project debezium-api: Fatal error compiling: error: release version 17 not supported -> [Help 1]
08:12:58.132 [Thread-4] ERROR f.i.s.r.p.m.o.MavenFilterOutputHandler - [ERROR] 
08:12:58.132 [Thread-4] ERROR f.i.s.r.p.m.o.MavenFilterOutputHandler - [ERROR] Re-run Maven using the -X switch to enable full debug logging.
08:12:58.132 [Thread-4] ERROR f.i.s.r.p.m.o.MavenFilterOutputHandler - [ERROR] 
08:12:58.133 [Thread-4] ERROR f.i.s.r.p.m.o.MavenFilterOutputHandler - [ERROR] For more information about the errors and possible solutions, please read the following articles:
08:12:58.133 [Thread-4] ERROR f.i.s.r.p.m.o.MavenFilterOutputHandler - [ERROR] [Help 1] http://cwiki.apache.org/confluence/display/MAVEN/MojoExecutionException
08:12:58.133 [Thread-4] ERROR f.i.s.r.p.m.o.MavenFilterOutputHandler - [ERROR] 
08:12:58.133 [Thread-4] ERROR f.i.s.r.p.m.o.MavenFilterOutputHandler - [ERROR] After correcting the problems, you can resume the build with the command
08:12:58.133 [Thread-4] ERROR f.i.s.r.p.m.o.MavenFilterOutputHandler - [ERROR]   mvn <goals> -rf :debezium-api
08:12:58.830 [main] ERROR f.i.s.r.process.step.BuildProject - Repository debezium/debezium cannot be built.
08:12:58.831 [main] INFO  f.i.s.r.process.step.BuildProject - 
08:12:59.382 [main] INFO  f.i.s.r.p.i.ProjectInspector - ----------------------------------------------------------------------
08:12:59.382 [main] INFO  f.i.s.r.p.i.ProjectInspector - PIPELINE EXECUTION SUMMARY
08:12:59.382 [main] INFO  f.i.s.r.p.i.ProjectInspector - ----------------------------------------------------------------------
08:12:59.382 [main] INFO  f.i.s.r.p.i.ProjectInspector - CloneCheckoutGitPullRequest..........................SUCCESS [  17 s ]
08:12:59.382 [main] INFO  f.i.s.r.p.i.ProjectInspector - BuildProject.........................................FAILURE [ 292 s ]
08:12:59.383 [main] INFO  f.i.s.r.p.i.ProjectInspector - TestProject..........................................NOT RUN          
08:12:59.383 [main] INFO  f.i.s.r.p.i.ProjectInspector - ComputeClasspath.....................................NOT RUN          
08:12:59.383 [main] INFO  f.i.s.r.p.i.ProjectInspector - ComputeSourceDir.....................................NOT RUN          
08:12:59.383 [main] INFO  f.i.s.r.p.i.ProjectInspector - ComputeTestDir.......................................NOT RUN          
08:12:59.383 [main] INFO  f.i.s.r.p.i.ProjectInspector - GatherTestInformation................................NOT RUN          
08:12:59.383 [main] INFO  f.i.s.r.p.i.ProjectInspector - FlacocoLocalization..................................NOT RUN          
08:12:59.383 [main] INFO  f.i.s.r.p.i.ProjectInspector - PushFaultLocalizationSuggestionsOnGitHubRepository...NOT RUN          
08:12:59.394 [main] INFO  f.i.s.r.p.i.ProjectInspector - ----------------------------------------------------------------------
08:12:59.402 [main] INFO  f.i.s.r.p.i.ProjectInspector - PIPELINE FINDING: NOTBUILDABLE
08:12:59.402 [main] INFO  f.i.s.r.p.i.ProjectInspector - ----------------------------------------------------------------------
08:12:59.402 [main] INFO  f.i.s.r.p.github.GithubMainProcess - Inspector is finished. The process will exit now.
