Execute pipeline with following supplementary args: --smtpPort 25 --listenerMode NOOP --launcherMode FAULT_LOCALIZATION  --gitrepourl https://github.com/debezium/debezium --gitrepopullrequest 3639
java -cp /usr/local/openjdk-11/lib/tools.jar:repairnator-pipeline.jar -Dlogback.configurationFile=/root/logback.xml fr.inria.spirals.repairnator.pipeline.Launcher -d --runId null -o /var/log --ghOauth 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 --faultLocalization --flacocoThreshold 0.0 --flacocoTopK null --flacocoResultsRepository flacocobot/2022-flacocobot-experiment --ghOauth  --smtpPort 25 --listenerMode NOOP --launcherMode FAULT_LOCALIZATION  --gitrepourl https://github.com/debezium/debezium --gitrepopullrequest 3639

13:13:37.180 [main] INFO  f.i.s.r.p.g.GithubInitSerializerEngines - Initialize file serializer engines.
13:13:37.186 [main] INFO  f.i.s.r.p.g.GithubInitSerializerEngines - MongoDB won't be used for serialization.
13:13:37.186 [main] INFO  f.i.s.r.p.github.GithubInitNotifiers - The email notifier engine won't be used.
13:13:37.220 [main] INFO  f.i.s.r.p.i.ProjectInspector - ----------------------------------------------------------------------
13:13:37.226 [main] INFO  f.i.s.r.p.i.ProjectInspector - PIPELINE STEPS
13:13:37.226 [main] INFO  f.i.s.r.p.i.ProjectInspector - ----------------------------------------------------------------------
13:13:37.226 [main] INFO  f.i.s.r.p.i.ProjectInspector - CloneCheckoutGitPullRequest
13:13:37.226 [main] INFO  f.i.s.r.p.i.ProjectInspector - BuildProject
13:13:37.226 [main] INFO  f.i.s.r.p.i.ProjectInspector - TestProject
13:13:37.226 [main] INFO  f.i.s.r.p.i.ProjectInspector - ComputeClasspath
13:13:37.227 [main] INFO  f.i.s.r.p.i.ProjectInspector - ComputeSourceDir
13:13:37.227 [main] INFO  f.i.s.r.p.i.ProjectInspector - ComputeTestDir
13:13:37.227 [main] INFO  f.i.s.r.p.i.ProjectInspector - GatherTestInformation
13:13:37.227 [main] INFO  f.i.s.r.p.i.ProjectInspector - FlacocoLocalization
13:13:37.227 [main] INFO  f.i.s.r.p.i.ProjectInspector - PushFaultLocalizationSuggestionsOnGitHubRepository
13:13:37.228 [main] INFO  f.i.s.r.p.s.CloneCheckoutGitPullRequest - Cloning repository https://github.com/debezium/debezium.git in the following directory: ./workspace/debezium-debezium-master-3639_repo
13:21:06.317 [Thread-4] ERROR f.i.s.r.p.m.o.MavenFilterOutputHandler - [ERROR] Failed to execute goal org.apache.maven.plugins:maven-compiler-plugin:3.8.1:testCompile (default-testCompile) on project debezium-api: Fatal error compiling: error: release version 17 not supported -> [Help 1]
13:21:06.482 [Thread-4] ERROR f.i.s.r.p.m.o.MavenFilterOutputHandler - [ERROR] 
13:21:06.482 [Thread-4] ERROR f.i.s.r.p.m.o.MavenFilterOutputHandler - [ERROR] Re-run Maven using the -X switch to enable full debug logging.
13:21:06.482 [Thread-4] ERROR f.i.s.r.p.m.o.MavenFilterOutputHandler - [ERROR] 
13:21:06.482 [Thread-4] ERROR f.i.s.r.p.m.o.MavenFilterOutputHandler - [ERROR] For more information about the errors and possible solutions, please read the following articles:
13:21:06.482 [Thread-4] ERROR f.i.s.r.p.m.o.MavenFilterOutputHandler - [ERROR] [Help 1] http://cwiki.apache.org/confluence/display/MAVEN/MojoExecutionException
13:21:06.482 [Thread-4] ERROR f.i.s.r.p.m.o.MavenFilterOutputHandler - [ERROR] 
13:21:06.482 [Thread-4] ERROR f.i.s.r.p.m.o.MavenFilterOutputHandler - [ERROR] After correcting the problems, you can resume the build with the command
13:21:06.482 [Thread-4] ERROR f.i.s.r.p.m.o.MavenFilterOutputHandler - [ERROR]   mvn <goals> -rf :debezium-api
13:21:07.014 [main] ERROR f.i.s.r.process.step.BuildProject - Repository debezium/debezium cannot be built.
13:21:07.015 [main] INFO  f.i.s.r.process.step.BuildProject - 
13:21:07.550 [main] INFO  f.i.s.r.p.i.ProjectInspector - ----------------------------------------------------------------------
13:21:07.550 [main] INFO  f.i.s.r.p.i.ProjectInspector - PIPELINE EXECUTION SUMMARY
13:21:07.550 [main] INFO  f.i.s.r.p.i.ProjectInspector - ----------------------------------------------------------------------
13:21:07.550 [main] INFO  f.i.s.r.p.i.ProjectInspector - CloneCheckoutGitPullRequest..........................SUCCESS [  16 s ]
13:21:07.551 [main] INFO  f.i.s.r.p.i.ProjectInspector - BuildProject.........................................FAILURE [ 433 s ]
13:21:07.551 [main] INFO  f.i.s.r.p.i.ProjectInspector - TestProject..........................................NOT RUN          
13:21:07.551 [main] INFO  f.i.s.r.p.i.ProjectInspector - ComputeClasspath.....................................NOT RUN          
13:21:07.551 [main] INFO  f.i.s.r.p.i.ProjectInspector - ComputeSourceDir.....................................NOT RUN          
13:21:07.551 [main] INFO  f.i.s.r.p.i.ProjectInspector - ComputeTestDir.......................................NOT RUN          
13:21:07.552 [main] INFO  f.i.s.r.p.i.ProjectInspector - GatherTestInformation................................NOT RUN          
13:21:07.552 [main] INFO  f.i.s.r.p.i.ProjectInspector - FlacocoLocalization..................................NOT RUN          
13:21:07.552 [main] INFO  f.i.s.r.p.i.ProjectInspector - PushFaultLocalizationSuggestionsOnGitHubRepository...NOT RUN          
13:21:07.552 [main] INFO  f.i.s.r.p.i.ProjectInspector - ----------------------------------------------------------------------
13:21:07.553 [main] INFO  f.i.s.r.p.i.ProjectInspector - PIPELINE FINDING: NOTBUILDABLE
13:21:07.553 [main] INFO  f.i.s.r.p.i.ProjectInspector - ----------------------------------------------------------------------
13:21:07.554 [main] INFO  f.i.s.r.p.github.GithubMainProcess - Inspector is finished. The process will exit now.
