Execute pipeline with following supplementary args: --smtpPort 25 --listenerMode NOOP --launcherMode FAULT_LOCALIZATION  --gitrepourl https://github.com/debezium/debezium --gitrepopullrequest 3605
java -cp /usr/local/openjdk-11/lib/tools.jar:repairnator-pipeline.jar -Dlogback.configurationFile=/root/logback.xml fr.inria.spirals.repairnator.pipeline.Launcher -d --runId null -o /var/log --ghOauth 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 --faultLocalization --flacocoThreshold 0.0 --flacocoTopK null --flacocoResultsRepository flacocobot/2022-flacocobot-experiment --ghOauth  --smtpPort 25 --listenerMode NOOP --launcherMode FAULT_LOCALIZATION  --gitrepourl https://github.com/debezium/debezium --gitrepopullrequest 3605

12:42:08.757 [main] INFO  f.i.s.r.p.g.GithubInitSerializerEngines - Initialize file serializer engines.
12:42:08.758 [main] INFO  f.i.s.r.p.g.GithubInitSerializerEngines - MongoDB won't be used for serialization.
12:42:08.758 [main] INFO  f.i.s.r.p.github.GithubInitNotifiers - The email notifier engine won't be used.
12:42:08.776 [main] INFO  f.i.s.r.p.i.ProjectInspector - ----------------------------------------------------------------------
12:42:08.776 [main] INFO  f.i.s.r.p.i.ProjectInspector - PIPELINE STEPS
12:42:08.776 [main] INFO  f.i.s.r.p.i.ProjectInspector - ----------------------------------------------------------------------
12:42:08.776 [main] INFO  f.i.s.r.p.i.ProjectInspector - CloneCheckoutGitPullRequest
12:42:08.776 [main] INFO  f.i.s.r.p.i.ProjectInspector - BuildProject
12:42:08.776 [main] INFO  f.i.s.r.p.i.ProjectInspector - TestProject
12:42:08.777 [main] INFO  f.i.s.r.p.i.ProjectInspector - ComputeClasspath
12:42:08.777 [main] INFO  f.i.s.r.p.i.ProjectInspector - ComputeSourceDir
12:42:08.777 [main] INFO  f.i.s.r.p.i.ProjectInspector - ComputeTestDir
12:42:08.777 [main] INFO  f.i.s.r.p.i.ProjectInspector - GatherTestInformation
12:42:08.777 [main] INFO  f.i.s.r.p.i.ProjectInspector - FlacocoLocalization
12:42:08.777 [main] INFO  f.i.s.r.p.i.ProjectInspector - PushFaultLocalizationSuggestionsOnGitHubRepository
12:42:08.777 [main] INFO  f.i.s.r.p.s.CloneCheckoutGitPullRequest - Cloning repository https://github.com/debezium/debezium.git in the following directory: ./workspace/debezium-debezium-master-3605_repo
12:46:49.392 [Thread-4] ERROR f.i.s.r.p.m.o.MavenFilterOutputHandler - [ERROR] Failed to execute goal org.apache.maven.plugins:maven-compiler-plugin:3.8.1:testCompile (default-testCompile) on project debezium-api: Fatal error compiling: error: release version 17 not supported -> [Help 1]
12:46:49.399 [Thread-4] ERROR f.i.s.r.p.m.o.MavenFilterOutputHandler - [ERROR] 
12:46:49.399 [Thread-4] ERROR f.i.s.r.p.m.o.MavenFilterOutputHandler - [ERROR] Re-run Maven using the -X switch to enable full debug logging.
12:46:49.399 [Thread-4] ERROR f.i.s.r.p.m.o.MavenFilterOutputHandler - [ERROR] 
12:46:49.399 [Thread-4] ERROR f.i.s.r.p.m.o.MavenFilterOutputHandler - [ERROR] For more information about the errors and possible solutions, please read the following articles:
12:46:49.400 [Thread-4] ERROR f.i.s.r.p.m.o.MavenFilterOutputHandler - [ERROR] [Help 1] http://cwiki.apache.org/confluence/display/MAVEN/MojoExecutionException
12:46:49.400 [Thread-4] ERROR f.i.s.r.p.m.o.MavenFilterOutputHandler - [ERROR] 
12:46:49.400 [Thread-4] ERROR f.i.s.r.p.m.o.MavenFilterOutputHandler - [ERROR] After correcting the problems, you can resume the build with the command
12:46:49.400 [Thread-4] ERROR f.i.s.r.p.m.o.MavenFilterOutputHandler - [ERROR]   mvn <goals> -rf :debezium-api
12:46:50.443 [main] ERROR f.i.s.r.process.step.BuildProject - Repository debezium/debezium cannot be built.
12:46:50.444 [main] INFO  f.i.s.r.process.step.BuildProject - 
12:46:50.686 [main] INFO  f.i.s.r.p.i.ProjectInspector - ----------------------------------------------------------------------
12:46:50.686 [main] INFO  f.i.s.r.p.i.ProjectInspector - PIPELINE EXECUTION SUMMARY
12:46:50.686 [main] INFO  f.i.s.r.p.i.ProjectInspector - ----------------------------------------------------------------------
12:46:50.686 [main] INFO  f.i.s.r.p.i.ProjectInspector - CloneCheckoutGitPullRequest..........................SUCCESS [  11 s ]
12:46:50.686 [main] INFO  f.i.s.r.p.i.ProjectInspector - BuildProject.........................................FAILURE [ 270 s ]
12:46:50.686 [main] INFO  f.i.s.r.p.i.ProjectInspector - TestProject..........................................NOT RUN          
12:46:50.686 [main] INFO  f.i.s.r.p.i.ProjectInspector - ComputeClasspath.....................................NOT RUN          
12:46:50.686 [main] INFO  f.i.s.r.p.i.ProjectInspector - ComputeSourceDir.....................................NOT RUN          
12:46:50.686 [main] INFO  f.i.s.r.p.i.ProjectInspector - ComputeTestDir.......................................NOT RUN          
12:46:50.686 [main] INFO  f.i.s.r.p.i.ProjectInspector - GatherTestInformation................................NOT RUN          
12:46:50.686 [main] INFO  f.i.s.r.p.i.ProjectInspector - FlacocoLocalization..................................NOT RUN          
12:46:50.686 [main] INFO  f.i.s.r.p.i.ProjectInspector - PushFaultLocalizationSuggestionsOnGitHubRepository...NOT RUN          
12:46:50.687 [main] INFO  f.i.s.r.p.i.ProjectInspector - ----------------------------------------------------------------------
12:46:50.687 [main] INFO  f.i.s.r.p.i.ProjectInspector - PIPELINE FINDING: NOTBUILDABLE
12:46:50.687 [main] INFO  f.i.s.r.p.i.ProjectInspector - ----------------------------------------------------------------------
12:46:50.687 [main] INFO  f.i.s.r.p.github.GithubMainProcess - Inspector is finished. The process will exit now.
