Execute pipeline with following supplementary args: --smtpPort 25 --listenerMode NOOP --launcherMode FAULT_LOCALIZATION  --gitrepourl https://github.com/jenkinsci/kubernetes-plugin --gitrepopullrequest 1186
java -cp /usr/local/openjdk-11/lib/tools.jar:repairnator-pipeline.jar -Dlogback.configurationFile=/root/logback.xml fr.inria.spirals.repairnator.pipeline.Launcher -d --runId null -o /var/log --ghOauth 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 --faultLocalization --flacocoThreshold 0.0 --flacocoTopK null --flacocoResultsRepository null --ghOauth  --smtpPort 25 --listenerMode NOOP --launcherMode FAULT_LOCALIZATION  --gitrepourl https://github.com/jenkinsci/kubernetes-plugin --gitrepopullrequest 1186

18:17:20.031 [main] INFO  f.i.s.r.p.g.GithubInitSerializerEngines - Initialize file serializer engines.
18:17:20.042 [main] INFO  f.i.s.r.p.g.GithubInitSerializerEngines - MongoDB won't be used for serialization.
18:17:20.043 [main] INFO  f.i.s.r.p.github.GithubInitNotifiers - The email notifier engine won't be used.
18:17:20.073 [main] INFO  f.i.s.r.p.i.ProjectInspector - ----------------------------------------------------------------------
18:17:20.074 [main] INFO  f.i.s.r.p.i.ProjectInspector - PIPELINE STEPS
18:17:20.074 [main] INFO  f.i.s.r.p.i.ProjectInspector - ----------------------------------------------------------------------
18:17:20.074 [main] INFO  f.i.s.r.p.i.ProjectInspector - CloneCheckoutGitPullRequest
18:17:20.074 [main] INFO  f.i.s.r.p.i.ProjectInspector - BuildProject
18:17:20.074 [main] INFO  f.i.s.r.p.i.ProjectInspector - TestProject
18:17:20.074 [main] INFO  f.i.s.r.p.i.ProjectInspector - ComputeClasspath
18:17:20.074 [main] INFO  f.i.s.r.p.i.ProjectInspector - ComputeSourceDir
18:17:20.075 [main] INFO  f.i.s.r.p.i.ProjectInspector - ComputeTestDir
18:17:20.075 [main] INFO  f.i.s.r.p.i.ProjectInspector - GatherTestInformation
18:17:20.075 [main] INFO  f.i.s.r.p.i.ProjectInspector - FlacocoLocalization
18:17:20.075 [main] INFO  f.i.s.r.p.i.ProjectInspector - PushFaultLocalizationSuggestions
18:17:20.075 [main] INFO  f.i.s.r.p.s.CloneCheckoutGitPullRequest - Cloning repository https://github.com/jenkinsci/kubernetes-plugin.git in the following directory: ./workspace/jenkinsci-kubernetes-plugin-master-1186_repo
18:27:39.250 [Thread-8] ERROR f.i.s.r.p.m.output.MavenErrorHandler - WARNING: An illegal reflective access operation has occurred
18:27:39.258 [Thread-8] ERROR f.i.s.r.p.m.output.MavenErrorHandler - WARNING: Illegal reflective access by org.codehaus.groovy.vmplugin.v7.Java7$1 (file:/root/workspace/jenkinsci-kubernetes-plugin-master-1186_repo/.m2/org/codehaus/groovy/groovy-all/2.4.12/groovy-all-2.4.12.jar) to constructor java.lang.invoke.MethodHandles$Lookup(java.lang.Class,int)
18:27:39.258 [Thread-8] ERROR f.i.s.r.p.m.output.MavenErrorHandler - WARNING: Please consider reporting this to the maintainers of org.codehaus.groovy.vmplugin.v7.Java7$1
18:27:39.258 [Thread-8] ERROR f.i.s.r.p.m.output.MavenErrorHandler - WARNING: Use --illegal-access=warn to enable warnings of further illegal reflective access operations
18:27:39.258 [Thread-8] ERROR f.i.s.r.p.m.output.MavenErrorHandler - WARNING: All illegal access operations will be denied in a future release
18:28:03.286 [Thread-8] ERROR f.i.s.r.p.m.output.MavenErrorHandler - WARNING: An illegal reflective access operation has occurred
18:28:03.286 [Thread-8] ERROR f.i.s.r.p.m.output.MavenErrorHandler - WARNING: Illegal reflective access by org.codehaus.groovy.vmplugin.v7.Java7$1 (file:/root/workspace/jenkinsci-kubernetes-plugin-master-1186_repo/.m2/org/codehaus/groovy/groovy-all/2.4.12/groovy-all-2.4.12.jar) to constructor java.lang.invoke.MethodHandles$Lookup(java.lang.Class,int)
18:28:03.286 [Thread-8] ERROR f.i.s.r.p.m.output.MavenErrorHandler - WARNING: Please consider reporting this to the maintainers of org.codehaus.groovy.vmplugin.v7.Java7$1
18:28:03.286 [Thread-8] ERROR f.i.s.r.p.m.output.MavenErrorHandler - WARNING: Use --illegal-access=warn to enable warnings of further illegal reflective access operations
18:28:03.286 [Thread-8] ERROR f.i.s.r.p.m.output.MavenErrorHandler - WARNING: All illegal access operations will be denied in a future release
18:29:20.837 [Thread-8] ERROR f.i.s.r.p.m.output.MavenErrorHandler - WARNING: An illegal reflective access operation has occurred
18:29:20.837 [Thread-8] ERROR f.i.s.r.p.m.output.MavenErrorHandler - WARNING: Illegal reflective access by org.codehaus.groovy.vmplugin.v7.Java7$1 (file:/root/workspace/jenkinsci-kubernetes-plugin-master-1186_repo/.m2/org/codehaus/groovy/groovy-all/2.4.12/groovy-all-2.4.12.jar) to constructor java.lang.invoke.MethodHandles$Lookup(java.lang.Class,int)
18:29:20.837 [Thread-8] ERROR f.i.s.r.p.m.output.MavenErrorHandler - WARNING: Please consider reporting this to the maintainers of org.codehaus.groovy.vmplugin.v7.Java7$1
18:29:20.837 [Thread-8] ERROR f.i.s.r.p.m.output.MavenErrorHandler - WARNING: Use --illegal-access=warn to enable warnings of further illegal reflective access operations
18:29:20.838 [Thread-8] ERROR f.i.s.r.p.m.output.MavenErrorHandler - WARNING: All illegal access operations will be denied in a future release
18:30:12.571 [Thread-8] ERROR f.i.s.r.p.m.output.MavenErrorHandler - WARNING: An illegal reflective access operation has occurred
18:30:12.571 [Thread-8] ERROR f.i.s.r.p.m.output.MavenErrorHandler - WARNING: Illegal reflective access by org.codehaus.groovy.vmplugin.v7.Java7$1 (file:/root/workspace/jenkinsci-kubernetes-plugin-master-1186_repo/.m2/org/codehaus/groovy/groovy-all/2.4.12/groovy-all-2.4.12.jar) to constructor java.lang.invoke.MethodHandles$Lookup(java.lang.Class,int)
18:30:12.571 [Thread-8] ERROR f.i.s.r.p.m.output.MavenErrorHandler - WARNING: Please consider reporting this to the maintainers of org.codehaus.groovy.vmplugin.v7.Java7$1
18:30:12.571 [Thread-8] ERROR f.i.s.r.p.m.output.MavenErrorHandler - WARNING: Use --illegal-access=warn to enable warnings of further illegal reflective access operations
18:30:12.571 [Thread-8] ERROR f.i.s.r.p.m.output.MavenErrorHandler - WARNING: All illegal access operations will be denied in a future release
18:30:36.648 [Thread-8] ERROR f.i.s.r.p.m.output.MavenErrorHandler - WARNING: An illegal reflective access operation has occurred
18:30:36.649 [Thread-8] ERROR f.i.s.r.p.m.output.MavenErrorHandler - WARNING: Illegal reflective access by org.codehaus.groovy.vmplugin.v7.Java7$1 (file:/root/workspace/jenkinsci-kubernetes-plugin-master-1186_repo/.m2/org/codehaus/groovy/groovy-all/2.4.12/groovy-all-2.4.12.jar) to constructor java.lang.invoke.MethodHandles$Lookup(java.lang.Class,int)
18:30:36.650 [Thread-8] ERROR f.i.s.r.p.m.output.MavenErrorHandler - WARNING: Please consider reporting this to the maintainers of org.codehaus.groovy.vmplugin.v7.Java7$1
18:30:36.650 [Thread-8] ERROR f.i.s.r.p.m.output.MavenErrorHandler - WARNING: Use --illegal-access=warn to enable warnings of further illegal reflective access operations
18:30:36.650 [Thread-8] ERROR f.i.s.r.p.m.output.MavenErrorHandler - WARNING: All illegal access operations will be denied in a future release
18:30:54.351 [Thread-8] ERROR f.i.s.r.p.m.output.MavenErrorHandler - WARNING: An illegal reflective access operation has occurred
18:30:54.351 [Thread-8] ERROR f.i.s.r.p.m.output.MavenErrorHandler - WARNING: Illegal reflective access by org.codehaus.groovy.vmplugin.v7.Java7$1 (file:/root/workspace/jenkinsci-kubernetes-plugin-master-1186_repo/.m2/org/codehaus/groovy/groovy-all/2.4.12/groovy-all-2.4.12.jar) to constructor java.lang.invoke.MethodHandles$Lookup(java.lang.Class,int)
18:30:54.351 [Thread-8] ERROR f.i.s.r.p.m.output.MavenErrorHandler - WARNING: Please consider reporting this to the maintainers of org.codehaus.groovy.vmplugin.v7.Java7$1
18:30:54.351 [Thread-8] ERROR f.i.s.r.p.m.output.MavenErrorHandler - WARNING: Use --illegal-access=warn to enable warnings of further illegal reflective access operations
18:30:54.352 [Thread-8] ERROR f.i.s.r.p.m.output.MavenErrorHandler - WARNING: All illegal access operations will be denied in a future release
18:31:07.875 [Thread-8] ERROR f.i.s.r.p.m.output.MavenErrorHandler - WARNING: An illegal reflective access operation has occurred
18:31:07.875 [Thread-8] ERROR f.i.s.r.p.m.output.MavenErrorHandler - WARNING: Illegal reflective access by org.codehaus.groovy.vmplugin.v7.Java7$1 (file:/root/workspace/jenkinsci-kubernetes-plugin-master-1186_repo/.m2/org/codehaus/groovy/groovy-all/2.4.12/groovy-all-2.4.12.jar) to constructor java.lang.invoke.MethodHandles$Lookup(java.lang.Class,int)
18:31:07.875 [Thread-8] ERROR f.i.s.r.p.m.output.MavenErrorHandler - WARNING: Please consider reporting this to the maintainers of org.codehaus.groovy.vmplugin.v7.Java7$1
18:31:07.875 [Thread-8] ERROR f.i.s.r.p.m.output.MavenErrorHandler - WARNING: Use --illegal-access=warn to enable warnings of further illegal reflective access operations
18:31:07.875 [Thread-8] ERROR f.i.s.r.p.m.output.MavenErrorHandler - WARNING: All illegal access operations will be denied in a future release
18:31:41.006 [Thread-8] ERROR f.i.s.r.p.m.output.MavenErrorHandler - WARNING: An illegal reflective access operation has occurred
18:31:41.007 [Thread-8] ERROR f.i.s.r.p.m.output.MavenErrorHandler - WARNING: Illegal reflective access by org.codehaus.groovy.vmplugin.v7.Java7$1 (file:/root/workspace/jenkinsci-kubernetes-plugin-master-1186_repo/.m2/org/codehaus/groovy/groovy-all/2.4.12/groovy-all-2.4.12.jar) to constructor java.lang.invoke.MethodHandles$Lookup(java.lang.Class,int)
18:31:41.007 [Thread-8] ERROR f.i.s.r.p.m.output.MavenErrorHandler - WARNING: Please consider reporting this to the maintainers of org.codehaus.groovy.vmplugin.v7.Java7$1
18:31:41.007 [Thread-8] ERROR f.i.s.r.p.m.output.MavenErrorHandler - WARNING: Use --illegal-access=warn to enable warnings of further illegal reflective access operations
18:31:41.007 [Thread-8] ERROR f.i.s.r.p.m.output.MavenErrorHandler - WARNING: All illegal access operations will be denied in a future release
18:32:35.703 [Thread-8] ERROR f.i.s.r.p.m.output.MavenErrorHandler - WARNING: An illegal reflective access operation has occurred
18:32:35.704 [Thread-8] ERROR f.i.s.r.p.m.output.MavenErrorHandler - WARNING: Illegal reflective access by org.codehaus.groovy.vmplugin.v7.Java7$1 (file:/root/workspace/jenkinsci-kubernetes-plugin-master-1186_repo/.m2/org/codehaus/groovy/groovy-all/2.4.12/groovy-all-2.4.12.jar) to constructor java.lang.invoke.MethodHandles$Lookup(java.lang.Class,int)
18:32:35.704 [Thread-8] ERROR f.i.s.r.p.m.output.MavenErrorHandler - WARNING: Please consider reporting this to the maintainers of org.codehaus.groovy.vmplugin.v7.Java7$1
18:32:35.704 [Thread-8] ERROR f.i.s.r.p.m.output.MavenErrorHandler - WARNING: Use --illegal-access=warn to enable warnings of further illegal reflective access operations
18:32:35.704 [Thread-8] ERROR f.i.s.r.p.m.output.MavenErrorHandler - WARNING: All illegal access operations will be denied in a future release
18:32:45.094 [Thread-8] ERROR f.i.s.r.p.m.output.MavenErrorHandler - WARNING: An illegal reflective access operation has occurred
18:32:45.094 [Thread-8] ERROR f.i.s.r.p.m.output.MavenErrorHandler - WARNING: Illegal reflective access by org.codehaus.groovy.vmplugin.v7.Java7$1 (file:/root/workspace/jenkinsci-kubernetes-plugin-master-1186_repo/.m2/org/codehaus/groovy/groovy-all/2.4.12/groovy-all-2.4.12.jar) to constructor java.lang.invoke.MethodHandles$Lookup(java.lang.Class,int)
18:32:45.094 [Thread-8] ERROR f.i.s.r.p.m.output.MavenErrorHandler - WARNING: Please consider reporting this to the maintainers of org.codehaus.groovy.vmplugin.v7.Java7$1
18:32:45.094 [Thread-8] ERROR f.i.s.r.p.m.output.MavenErrorHandler - WARNING: Use --illegal-access=warn to enable warnings of further illegal reflective access operations
18:32:45.094 [Thread-8] ERROR f.i.s.r.p.m.output.MavenErrorHandler - WARNING: All illegal access operations will be denied in a future release
18:33:02.063 [Thread-8] ERROR f.i.s.r.p.m.output.MavenErrorHandler - WARNING: An illegal reflective access operation has occurred
18:33:02.063 [Thread-8] ERROR f.i.s.r.p.m.output.MavenErrorHandler - WARNING: Illegal reflective access by org.codehaus.groovy.vmplugin.v7.Java7$1 (file:/root/workspace/jenkinsci-kubernetes-plugin-master-1186_repo/.m2/org/codehaus/groovy/groovy-all/2.4.12/groovy-all-2.4.12.jar) to constructor java.lang.invoke.MethodHandles$Lookup(java.lang.Class,int)
18:33:02.063 [Thread-8] ERROR f.i.s.r.p.m.output.MavenErrorHandler - WARNING: Please consider reporting this to the maintainers of org.codehaus.groovy.vmplugin.v7.Java7$1
18:33:02.063 [Thread-8] ERROR f.i.s.r.p.m.output.MavenErrorHandler - WARNING: Use --illegal-access=warn to enable warnings of further illegal reflective access operations
18:33:02.063 [Thread-8] ERROR f.i.s.r.p.m.output.MavenErrorHandler - WARNING: All illegal access operations will be denied in a future release
18:33:13.536 [Thread-8] ERROR f.i.s.r.p.m.output.MavenErrorHandler - WARNING: An illegal reflective access operation has occurred
18:33:13.537 [Thread-8] ERROR f.i.s.r.p.m.output.MavenErrorHandler - WARNING: Illegal reflective access by org.codehaus.groovy.vmplugin.v7.Java7$1 (file:/root/workspace/jenkinsci-kubernetes-plugin-master-1186_repo/.m2/org/codehaus/groovy/groovy-all/2.4.12/groovy-all-2.4.12.jar) to constructor java.lang.invoke.MethodHandles$Lookup(java.lang.Class,int)
18:33:13.537 [Thread-8] ERROR f.i.s.r.p.m.output.MavenErrorHandler - WARNING: Please consider reporting this to the maintainers of org.codehaus.groovy.vmplugin.v7.Java7$1
18:33:13.537 [Thread-8] ERROR f.i.s.r.p.m.output.MavenErrorHandler - WARNING: Use --illegal-access=warn to enable warnings of further illegal reflective access operations
18:33:13.537 [Thread-8] ERROR f.i.s.r.p.m.output.MavenErrorHandler - WARNING: All illegal access operations will be denied in a future release
18:34:42.128 [Thread-8] ERROR f.i.s.r.p.m.output.MavenErrorHandler - WARNING: An illegal reflective access operation has occurred
18:34:42.129 [Thread-8] ERROR f.i.s.r.p.m.output.MavenErrorHandler - WARNING: Illegal reflective access by org.codehaus.groovy.vmplugin.v7.Java7$1 (file:/root/workspace/jenkinsci-kubernetes-plugin-master-1186_repo/.m2/org/codehaus/groovy/groovy-all/2.4.12/groovy-all-2.4.12.jar) to constructor java.lang.invoke.MethodHandles$Lookup(java.lang.Class,int)
18:34:42.129 [Thread-8] ERROR f.i.s.r.p.m.output.MavenErrorHandler - WARNING: Please consider reporting this to the maintainers of org.codehaus.groovy.vmplugin.v7.Java7$1
18:34:42.129 [Thread-8] ERROR f.i.s.r.p.m.output.MavenErrorHandler - WARNING: Use --illegal-access=warn to enable warnings of further illegal reflective access operations
18:34:42.129 [Thread-8] ERROR f.i.s.r.p.m.output.MavenErrorHandler - WARNING: All illegal access operations will be denied in a future release
18:34:55.896 [Thread-8] ERROR f.i.s.r.p.m.output.MavenErrorHandler - WARNING: An illegal reflective access operation has occurred
18:34:55.897 [Thread-8] ERROR f.i.s.r.p.m.output.MavenErrorHandler - WARNING: Illegal reflective access by org.codehaus.groovy.vmplugin.v7.Java7$1 (file:/root/workspace/jenkinsci-kubernetes-plugin-master-1186_repo/.m2/org/codehaus/groovy/groovy-all/2.4.12/groovy-all-2.4.12.jar) to constructor java.lang.invoke.MethodHandles$Lookup(java.lang.Class,int)
18:34:55.897 [Thread-8] ERROR f.i.s.r.p.m.output.MavenErrorHandler - WARNING: Please consider reporting this to the maintainers of org.codehaus.groovy.vmplugin.v7.Java7$1
18:34:55.897 [Thread-8] ERROR f.i.s.r.p.m.output.MavenErrorHandler - WARNING: Use --illegal-access=warn to enable warnings of further illegal reflective access operations
18:34:55.897 [Thread-8] ERROR f.i.s.r.p.m.output.MavenErrorHandler - WARNING: All illegal access operations will be denied in a future release
18:35:11.183 [Thread-8] ERROR f.i.s.r.p.m.output.MavenErrorHandler - WARNING: An illegal reflective access operation has occurred
18:35:11.183 [Thread-8] ERROR f.i.s.r.p.m.output.MavenErrorHandler - WARNING: Illegal reflective access by org.codehaus.groovy.vmplugin.v7.Java7$1 (file:/root/workspace/jenkinsci-kubernetes-plugin-master-1186_repo/.m2/org/codehaus/groovy/groovy-all/2.4.12/groovy-all-2.4.12.jar) to constructor java.lang.invoke.MethodHandles$Lookup(java.lang.Class,int)
18:35:11.183 [Thread-8] ERROR f.i.s.r.p.m.output.MavenErrorHandler - WARNING: Please consider reporting this to the maintainers of org.codehaus.groovy.vmplugin.v7.Java7$1
18:35:11.183 [Thread-8] ERROR f.i.s.r.p.m.output.MavenErrorHandler - WARNING: Use --illegal-access=warn to enable warnings of further illegal reflective access operations
18:35:11.184 [Thread-8] ERROR f.i.s.r.p.m.output.MavenErrorHandler - WARNING: All illegal access operations will be denied in a future release
18:35:36.460 [Thread-8] ERROR f.i.s.r.p.m.output.MavenErrorHandler - WARNING: An illegal reflective access operation has occurred
18:35:36.460 [Thread-8] ERROR f.i.s.r.p.m.output.MavenErrorHandler - WARNING: Illegal reflective access by org.codehaus.groovy.vmplugin.v7.Java7$1 (file:/root/workspace/jenkinsci-kubernetes-plugin-master-1186_repo/.m2/org/codehaus/groovy/groovy-all/2.4.12/groovy-all-2.4.12.jar) to constructor java.lang.invoke.MethodHandles$Lookup(java.lang.Class,int)
18:35:36.460 [Thread-8] ERROR f.i.s.r.p.m.output.MavenErrorHandler - WARNING: Please consider reporting this to the maintainers of org.codehaus.groovy.vmplugin.v7.Java7$1
18:35:36.460 [Thread-8] ERROR f.i.s.r.p.m.output.MavenErrorHandler - WARNING: Use --illegal-access=warn to enable warnings of further illegal reflective access operations
18:35:36.460 [Thread-8] ERROR f.i.s.r.p.m.output.MavenErrorHandler - WARNING: All illegal access operations will be denied in a future release
18:36:08.135 [Thread-8] ERROR f.i.s.r.p.m.output.MavenErrorHandler - WARNING: An illegal reflective access operation has occurred
18:36:08.136 [Thread-8] ERROR f.i.s.r.p.m.output.MavenErrorHandler - WARNING: Illegal reflective access by org.codehaus.groovy.vmplugin.v7.Java7$1 (file:/root/workspace/jenkinsci-kubernetes-plugin-master-1186_repo/.m2/org/codehaus/groovy/groovy-all/2.4.12/groovy-all-2.4.12.jar) to constructor java.lang.invoke.MethodHandles$Lookup(java.lang.Class,int)
18:36:08.136 [Thread-8] ERROR f.i.s.r.p.m.output.MavenErrorHandler - WARNING: Please consider reporting this to the maintainers of org.codehaus.groovy.vmplugin.v7.Java7$1
18:36:08.136 [Thread-8] ERROR f.i.s.r.p.m.output.MavenErrorHandler - WARNING: Use --illegal-access=warn to enable warnings of further illegal reflective access operations
18:36:08.136 [Thread-8] ERROR f.i.s.r.p.m.output.MavenErrorHandler - WARNING: All illegal access operations will be denied in a future release
18:36:27.224 [Thread-8] ERROR f.i.s.r.p.m.output.MavenErrorHandler - WARNING: An illegal reflective access operation has occurred
18:36:27.225 [Thread-8] ERROR f.i.s.r.p.m.output.MavenErrorHandler - WARNING: Illegal reflective access by org.codehaus.groovy.vmplugin.v7.Java7$1 (file:/root/workspace/jenkinsci-kubernetes-plugin-master-1186_repo/.m2/org/codehaus/groovy/groovy-all/2.4.12/groovy-all-2.4.12.jar) to constructor java.lang.invoke.MethodHandles$Lookup(java.lang.Class,int)
18:36:27.225 [Thread-8] ERROR f.i.s.r.p.m.output.MavenErrorHandler - WARNING: Please consider reporting this to the maintainers of org.codehaus.groovy.vmplugin.v7.Java7$1
18:36:27.225 [Thread-8] ERROR f.i.s.r.p.m.output.MavenErrorHandler - WARNING: Use --illegal-access=warn to enable warnings of further illegal reflective access operations
18:36:27.225 [Thread-8] ERROR f.i.s.r.p.m.output.MavenErrorHandler - WARNING: All illegal access operations will be denied in a future release
18:37:39.614 [Thread-8] ERROR f.i.s.r.p.m.output.MavenErrorHandler - WARNING: An illegal reflective access operation has occurred
18:37:39.614 [Thread-8] ERROR f.i.s.r.p.m.output.MavenErrorHandler - WARNING: Illegal reflective access by org.codehaus.groovy.vmplugin.v7.Java7$1 (file:/root/workspace/jenkinsci-kubernetes-plugin-master-1186_repo/.m2/org/codehaus/groovy/groovy-all/2.4.12/groovy-all-2.4.12.jar) to constructor java.lang.invoke.MethodHandles$Lookup(java.lang.Class,int)
18:37:39.614 [Thread-8] ERROR f.i.s.r.p.m.output.MavenErrorHandler - WARNING: Please consider reporting this to the maintainers of org.codehaus.groovy.vmplugin.v7.Java7$1
18:37:39.614 [Thread-8] ERROR f.i.s.r.p.m.output.MavenErrorHandler - WARNING: Use --illegal-access=warn to enable warnings of further illegal reflective access operations
18:37:39.614 [Thread-8] ERROR f.i.s.r.p.m.output.MavenErrorHandler - WARNING: All illegal access operations will be denied in a future release
18:37:53.953 [Thread-8] ERROR f.i.s.r.p.m.output.MavenErrorHandler - WARNING: An illegal reflective access operation has occurred
18:37:53.953 [Thread-8] ERROR f.i.s.r.p.m.output.MavenErrorHandler - WARNING: Illegal reflective access by org.codehaus.groovy.vmplugin.v7.Java7$1 (file:/root/workspace/jenkinsci-kubernetes-plugin-master-1186_repo/.m2/org/codehaus/groovy/groovy-all/2.4.12/groovy-all-2.4.12.jar) to constructor java.lang.invoke.MethodHandles$Lookup(java.lang.Class,int)
18:37:53.953 [Thread-8] ERROR f.i.s.r.p.m.output.MavenErrorHandler - WARNING: Please consider reporting this to the maintainers of org.codehaus.groovy.vmplugin.v7.Java7$1
18:37:53.953 [Thread-8] ERROR f.i.s.r.p.m.output.MavenErrorHandler - WARNING: Use --illegal-access=warn to enable warnings of further illegal reflective access operations
18:37:53.953 [Thread-8] ERROR f.i.s.r.p.m.output.MavenErrorHandler - WARNING: All illegal access operations will be denied in a future release
18:38:15.810 [main] INFO  f.i.s.r.p.s.paths.ComputeSourceDir - 1 source dir was found:
18:38:15.811 [main] INFO  f.i.s.r.p.s.paths.ComputeSourceDir - /root/workspace/jenkinsci-kubernetes-plugin-master-1186_repo/src/main/java
18:38:15.938 [main] ERROR f.i.s.r.process.maven.MavenHelper - Error while building complete model. The raw model will be used. Error message: 2 problems were encountered while building the effective model for org.csanchez.jenkins.plugins:kubernetes:999999-SNAPSHOT
[ERROR] Failed to determine Java version for profile jdk-8-and-below @ org.jenkins-ci.plugins:plugin:4.40
[ERROR] Failed to determine Java version for profile jdk-9-and-above @ org.jenkins-ci.plugins:plugin:4.40

18:38:15.966 [main] ERROR f.i.s.r.process.maven.MavenHelper - Error while building complete model. The raw model will be used. Error message: 2 problems were encountered while building the effective model for org.csanchez.jenkins.plugins:kubernetes:999999-SNAPSHOT
[ERROR] Failed to determine Java version for profile jdk-8-and-below @ org.jenkins-ci.plugins:plugin:4.40
[ERROR] Failed to determine Java version for profile jdk-9-and-above @ org.jenkins-ci.plugins:plugin:4.40

18:38:15.970 [main] ERROR f.i.s.r.p.step.paths.ComputeTestDir - The test directory is not at default location or specified in build section from pom.xml, and no parent can be found.
18:38:15.971 [main] INFO  f.i.s.r.p.step.paths.ComputeTestDir - 1 test dir was found:
18:38:15.971 [main] INFO  f.i.s.r.p.step.paths.ComputeTestDir - /root/workspace/jenkinsci-kubernetes-plugin-master-1186_repo/src/test/java
18:38:16.692 [main] INFO  f.i.s.r.p.s.g.GatherTestInformation - ---Test results---
18:38:16.692 [main] INFO  f.i.s.r.p.s.g.GatherTestInformation -    Total tests: 245
18:38:16.692 [main] INFO  f.i.s.r.p.s.g.GatherTestInformation -    Tests run: 232
18:38:16.692 [main] INFO  f.i.s.r.p.s.g.GatherTestInformation -    Tests passing: 232
18:38:16.692 [main] INFO  f.i.s.r.p.s.g.GatherTestInformation -    Failures: 0
18:38:16.692 [main] INFO  f.i.s.r.p.s.g.GatherTestInformation -    Errors: 0
18:38:16.692 [main] INFO  f.i.s.r.p.s.g.GatherTestInformation -    Skipped: 13
18:38:16.692 [main] INFO  f.i.s.r.p.s.g.GatherTestInformation - 
18:38:17.050 [main] INFO  f.i.s.r.p.i.ProjectInspector - ----------------------------------------------------------------------
18:38:17.050 [main] INFO  f.i.s.r.p.i.ProjectInspector - PIPELINE EXECUTION SUMMARY
18:38:17.050 [main] INFO  f.i.s.r.p.i.ProjectInspector - ----------------------------------------------------------------------
18:38:17.051 [main] INFO  f.i.s.r.p.i.ProjectInspector - CloneCheckoutGitPullRequest..........................SUCCESS [   8 s ]
18:38:17.051 [main] INFO  f.i.s.r.p.i.ProjectInspector - BuildProject.........................................SUCCESS [ 568 s ]
18:38:17.051 [main] INFO  f.i.s.r.p.i.ProjectInspector - TestProject..........................................SUCCESS [ 662 s ]
18:38:17.051 [main] INFO  f.i.s.r.p.i.ProjectInspector - ComputeClasspath.....................................SUCCESS [  16 s ]
18:38:17.051 [main] INFO  f.i.s.r.p.i.ProjectInspector - ComputeSourceDir.....................................SUCCESS [   0 s ]
18:38:17.051 [main] INFO  f.i.s.r.p.i.ProjectInspector - ComputeTestDir.......................................SUCCESS [   0 s ]
18:38:17.051 [main] INFO  f.i.s.r.p.i.ProjectInspector - GatherTestInformation................................FAILURE [   0 s ]
18:38:17.051 [main] INFO  f.i.s.r.p.i.ProjectInspector - FlacocoLocalization..................................NOT RUN          
18:38:17.051 [main] INFO  f.i.s.r.p.i.ProjectInspector - PushFaultLocalizationSuggestions.....................NOT RUN          
18:38:17.051 [main] INFO  f.i.s.r.p.i.ProjectInspector - ----------------------------------------------------------------------
18:38:17.051 [main] INFO  f.i.s.r.p.i.ProjectInspector - PIPELINE FINDING: NOTFAILING
18:38:17.051 [main] INFO  f.i.s.r.p.i.ProjectInspector - ----------------------------------------------------------------------
18:38:17.051 [main] INFO  f.i.s.r.p.github.GithubMainProcess - Inspector is finished. The process will exit now.
