Execute pipeline with following supplementary args: --smtpPort 25 --listenerMode NOOP --launcherMode FAULT_LOCALIZATION  --gitrepourl https://github.com/jenkinsci/kubernetes-plugin --gitrepopullrequest 1189
java -cp /usr/local/openjdk-11/lib/tools.jar:repairnator-pipeline.jar -Dlogback.configurationFile=/root/logback.xml fr.inria.spirals.repairnator.pipeline.Launcher -d --runId null -o /var/log --ghOauth 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 --faultLocalization --flacocoThreshold 0.0 --flacocoTopK null --flacocoResultsRepository null --ghOauth  --smtpPort 25 --listenerMode NOOP --launcherMode FAULT_LOCALIZATION  --gitrepourl https://github.com/jenkinsci/kubernetes-plugin --gitrepopullrequest 1189

17:47:22.568 [main] INFO  f.i.s.r.p.g.GithubInitSerializerEngines - Initialize file serializer engines.
17:47:22.570 [main] INFO  f.i.s.r.p.g.GithubInitSerializerEngines - MongoDB won't be used for serialization.
17:47:22.571 [main] INFO  f.i.s.r.p.github.GithubInitNotifiers - The email notifier engine won't be used.
17:47:22.590 [main] INFO  f.i.s.r.p.i.ProjectInspector - ----------------------------------------------------------------------
17:47:22.590 [main] INFO  f.i.s.r.p.i.ProjectInspector - PIPELINE STEPS
17:47:22.590 [main] INFO  f.i.s.r.p.i.ProjectInspector - ----------------------------------------------------------------------
17:47:22.590 [main] INFO  f.i.s.r.p.i.ProjectInspector - CloneCheckoutGitPullRequest
17:47:22.590 [main] INFO  f.i.s.r.p.i.ProjectInspector - BuildProject
17:47:22.590 [main] INFO  f.i.s.r.p.i.ProjectInspector - TestProject
17:47:22.590 [main] INFO  f.i.s.r.p.i.ProjectInspector - ComputeClasspath
17:47:22.590 [main] INFO  f.i.s.r.p.i.ProjectInspector - ComputeSourceDir
17:47:22.590 [main] INFO  f.i.s.r.p.i.ProjectInspector - ComputeTestDir
17:47:22.590 [main] INFO  f.i.s.r.p.i.ProjectInspector - GatherTestInformation
17:47:22.591 [main] INFO  f.i.s.r.p.i.ProjectInspector - FlacocoLocalization
17:47:22.591 [main] INFO  f.i.s.r.p.i.ProjectInspector - PushFaultLocalizationSuggestions
17:47:22.591 [main] INFO  f.i.s.r.p.s.CloneCheckoutGitPullRequest - Cloning repository https://github.com/jenkinsci/kubernetes-plugin.git in the following directory: ./workspace/jenkinsci-kubernetes-plugin-master-1189_repo
17:55:07.428 [Thread-4] ERROR f.i.s.r.p.m.o.MavenFilterOutputHandler - [ERROR] Medium: Possible null pointer dereference of PodTemplateBuilder.cloud in org.csanchez.jenkins.plugins.kubernetes.PodTemplateBuilder.build() [org.csanchez.jenkins.plugins.kubernetes.PodTemplateBuilder, org.csanchez.jenkins.plugins.kubernetes.PodTemplateBuilder] Dereferenced at PodTemplateBuilder.java:[line 315]Known null at PodTemplateBuilder.java:[line 315] NP_NULL_ON_SOME_PATH
17:55:07.437 [Thread-4] ERROR f.i.s.r.p.m.o.MavenFilterOutputHandler - [ERROR] Failed to execute goal com.github.spotbugs:spotbugs-maven-plugin:4.2.3:check (spotbugs) on project kubernetes: failed with 1 bugs and 0 errors -> [Help 1]
17:55:07.475 [Thread-4] ERROR f.i.s.r.p.m.o.MavenFilterOutputHandler - [ERROR] 
17:55:07.475 [Thread-4] ERROR f.i.s.r.p.m.o.MavenFilterOutputHandler - [ERROR] Re-run Maven using the -X switch to enable full debug logging.
17:55:07.475 [Thread-4] ERROR f.i.s.r.p.m.o.MavenFilterOutputHandler - [ERROR] 
17:55:07.476 [Thread-4] ERROR f.i.s.r.p.m.o.MavenFilterOutputHandler - [ERROR] For more information about the errors and possible solutions, please read the following articles:
17:55:07.477 [Thread-4] ERROR f.i.s.r.p.m.o.MavenFilterOutputHandler - [ERROR] [Help 1] http://cwiki.apache.org/confluence/display/MAVEN/MojoExecutionException
17:55:08.538 [main] ERROR f.i.s.r.process.step.BuildProject - Repository jenkinsci/kubernetes-plugin cannot be built.
17:55:08.538 [main] INFO  f.i.s.r.process.step.BuildProject - 
17:55:08.911 [main] INFO  f.i.s.r.p.i.ProjectInspector - ----------------------------------------------------------------------
17:55:08.911 [main] INFO  f.i.s.r.p.i.ProjectInspector - PIPELINE EXECUTION SUMMARY
17:55:08.911 [main] INFO  f.i.s.r.p.i.ProjectInspector - ----------------------------------------------------------------------
17:55:08.911 [main] INFO  f.i.s.r.p.i.ProjectInspector - CloneCheckoutGitPullRequest..........................SUCCESS [   7 s ]
17:55:08.911 [main] INFO  f.i.s.r.p.i.ProjectInspector - BuildProject.........................................FAILURE [ 458 s ]
17:55:08.911 [main] INFO  f.i.s.r.p.i.ProjectInspector - TestProject..........................................NOT RUN          
17:55:08.911 [main] INFO  f.i.s.r.p.i.ProjectInspector - ComputeClasspath.....................................NOT RUN          
17:55:08.911 [main] INFO  f.i.s.r.p.i.ProjectInspector - ComputeSourceDir.....................................NOT RUN          
17:55:08.911 [main] INFO  f.i.s.r.p.i.ProjectInspector - ComputeTestDir.......................................NOT RUN          
17:55:08.911 [main] INFO  f.i.s.r.p.i.ProjectInspector - GatherTestInformation................................NOT RUN          
17:55:08.911 [main] INFO  f.i.s.r.p.i.ProjectInspector - FlacocoLocalization..................................NOT RUN          
17:55:08.911 [main] INFO  f.i.s.r.p.i.ProjectInspector - PushFaultLocalizationSuggestions.....................NOT RUN          
17:55:08.912 [main] INFO  f.i.s.r.p.i.ProjectInspector - ----------------------------------------------------------------------
17:55:08.912 [main] INFO  f.i.s.r.p.i.ProjectInspector - PIPELINE FINDING: NOTBUILDABLE
17:55:08.912 [main] INFO  f.i.s.r.p.i.ProjectInspector - ----------------------------------------------------------------------
17:55:08.912 [main] INFO  f.i.s.r.p.github.GithubMainProcess - Inspector is finished. The process will exit now.
