Execute pipeline with following supplementary args: --smtpPort 25 --listenerMode NOOP --launcherMode FAULT_LOCALIZATION  --gitrepourl https://github.com/apache/dubbo --gitrepopullrequest 10143
java -cp /usr/local/openjdk-11/lib/tools.jar:repairnator-pipeline.jar -Dlogback.configurationFile=/root/logback.xml fr.inria.spirals.repairnator.pipeline.Launcher -d --runId null -o /var/log --ghOauth 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 --faultLocalization --flacocoThreshold 0.0 --flacocoTopK null --flacocoResultsRepository flacocobot/2022-flacocobot-experiment --ghOauth  --smtpPort 25 --listenerMode NOOP --launcherMode FAULT_LOCALIZATION  --gitrepourl https://github.com/apache/dubbo --gitrepopullrequest 10143

05:49:08.356 [main] INFO  f.i.s.r.p.g.GithubInitSerializerEngines - Initialize file serializer engines.
05:49:08.358 [main] INFO  f.i.s.r.p.g.GithubInitSerializerEngines - MongoDB won't be used for serialization.
05:49:08.358 [main] INFO  f.i.s.r.p.github.GithubInitNotifiers - The email notifier engine won't be used.
05:49:08.372 [main] INFO  f.i.s.r.p.i.ProjectInspector - ----------------------------------------------------------------------
05:49:08.372 [main] INFO  f.i.s.r.p.i.ProjectInspector - PIPELINE STEPS
05:49:08.372 [main] INFO  f.i.s.r.p.i.ProjectInspector - ----------------------------------------------------------------------
05:49:08.372 [main] INFO  f.i.s.r.p.i.ProjectInspector - CloneCheckoutGitPullRequest
05:49:08.372 [main] INFO  f.i.s.r.p.i.ProjectInspector - BuildProject
05:49:08.372 [main] INFO  f.i.s.r.p.i.ProjectInspector - TestProject
05:49:08.372 [main] INFO  f.i.s.r.p.i.ProjectInspector - ComputeClasspath
05:49:08.372 [main] INFO  f.i.s.r.p.i.ProjectInspector - ComputeSourceDir
05:49:08.372 [main] INFO  f.i.s.r.p.i.ProjectInspector - ComputeTestDir
05:49:08.372 [main] INFO  f.i.s.r.p.i.ProjectInspector - GatherTestInformation
05:49:08.372 [main] INFO  f.i.s.r.p.i.ProjectInspector - FlacocoLocalization
05:49:08.372 [main] INFO  f.i.s.r.p.i.ProjectInspector - PushFaultLocalizationSuggestionsOnGitHubRepository
05:49:08.372 [main] INFO  f.i.s.r.p.s.CloneCheckoutGitPullRequest - Cloning repository https://github.com/apache/dubbo.git in the following directory: ./workspace/apache-dubbo-master-10143_repo
05:53:13.293 [Thread-4] ERROR f.i.s.r.p.m.o.MavenFilterOutputHandler - [ERROR] Failed to execute goal org.codehaus.mojo:flatten-maven-plugin:1.2.5:flatten (flatten) on project dubbo-spring-boot: 1 problem was encountered while building the effective model
05:53:13.293 [Thread-4] ERROR f.i.s.r.p.m.o.MavenFilterOutputHandler - [ERROR] [FATAL] Non-readable POM /root/workspace/apache-dubbo-master-10143_repo/dubbo-spring-boot/pom.xml: /root/workspace/apache-dubbo-master-10143_repo/dubbo-spring-boot/pom.xml (No such file or directory) @
05:53:13.293 [Thread-4] ERROR f.i.s.r.p.m.o.MavenFilterOutputHandler - [ERROR] -> [Help 1]
05:53:13.298 [Thread-4] ERROR f.i.s.r.p.m.o.MavenFilterOutputHandler - [ERROR] 
05:53:13.298 [Thread-4] ERROR f.i.s.r.p.m.o.MavenFilterOutputHandler - [ERROR] Re-run Maven using the -X switch to enable full debug logging.
05:53:13.298 [Thread-4] ERROR f.i.s.r.p.m.o.MavenFilterOutputHandler - [ERROR] 
05:53:13.298 [Thread-4] ERROR f.i.s.r.p.m.o.MavenFilterOutputHandler - [ERROR] For more information about the errors and possible solutions, please read the following articles:
05:53:13.298 [Thread-4] ERROR f.i.s.r.p.m.o.MavenFilterOutputHandler - [ERROR] [Help 1] http://cwiki.apache.org/confluence/display/MAVEN/MojoExecutionException
05:53:13.298 [Thread-4] ERROR f.i.s.r.p.m.o.MavenFilterOutputHandler - [ERROR] 
05:53:13.298 [Thread-4] ERROR f.i.s.r.p.m.o.MavenFilterOutputHandler - [ERROR] After correcting the problems, you can resume the build with the command
05:53:13.298 [Thread-4] ERROR f.i.s.r.p.m.o.MavenFilterOutputHandler - [ERROR]   mvn <goals> -rf :dubbo-spring-boot
05:53:13.410 [main] ERROR f.i.s.r.process.step.BuildProject - Repository apache/dubbo cannot be built.
05:53:13.411 [main] INFO  f.i.s.r.process.step.BuildProject - 
05:53:13.425 [main] INFO  f.i.s.r.p.i.ProjectInspector - ----------------------------------------------------------------------
05:53:13.425 [main] INFO  f.i.s.r.p.i.ProjectInspector - PIPELINE EXECUTION SUMMARY
05:53:13.425 [main] INFO  f.i.s.r.p.i.ProjectInspector - ----------------------------------------------------------------------
05:53:13.425 [main] INFO  f.i.s.r.p.i.ProjectInspector - CloneCheckoutGitPullRequest..........................SUCCESS [   9 s ]
05:53:13.425 [main] INFO  f.i.s.r.p.i.ProjectInspector - BuildProject.........................................FAILURE [ 235 s ]
05:53:13.425 [main] INFO  f.i.s.r.p.i.ProjectInspector - TestProject..........................................NOT RUN          
05:53:13.425 [main] INFO  f.i.s.r.p.i.ProjectInspector - ComputeClasspath.....................................NOT RUN          
05:53:13.425 [main] INFO  f.i.s.r.p.i.ProjectInspector - ComputeSourceDir.....................................NOT RUN          
05:53:13.425 [main] INFO  f.i.s.r.p.i.ProjectInspector - ComputeTestDir.......................................NOT RUN          
05:53:13.425 [main] INFO  f.i.s.r.p.i.ProjectInspector - GatherTestInformation................................NOT RUN          
05:53:13.425 [main] INFO  f.i.s.r.p.i.ProjectInspector - FlacocoLocalization..................................NOT RUN          
05:53:13.425 [main] INFO  f.i.s.r.p.i.ProjectInspector - PushFaultLocalizationSuggestionsOnGitHubRepository...NOT RUN          
05:53:13.426 [main] INFO  f.i.s.r.p.i.ProjectInspector - ----------------------------------------------------------------------
05:53:13.426 [main] INFO  f.i.s.r.p.i.ProjectInspector - PIPELINE FINDING: NOTBUILDABLE
05:53:13.426 [main] INFO  f.i.s.r.p.i.ProjectInspector - ----------------------------------------------------------------------
05:53:13.426 [main] INFO  f.i.s.r.p.github.GithubMainProcess - Inspector is finished. The process will exit now.
