Execute pipeline with following supplementary args: --smtpPort 25 --listenerMode NOOP --launcherMode FAULT_LOCALIZATION  --gitrepourl https://github.com/apache/dubbo --gitrepopullrequest 10110
java -cp /usr/local/openjdk-11/lib/tools.jar:repairnator-pipeline.jar -Dlogback.configurationFile=/root/logback.xml fr.inria.spirals.repairnator.pipeline.Launcher -d --runId null -o /var/log --ghOauth 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 --faultLocalization --flacocoThreshold 0.0 --flacocoTopK null --flacocoResultsRepository null --ghOauth  --smtpPort 25 --listenerMode NOOP --launcherMode FAULT_LOCALIZATION  --gitrepourl https://github.com/apache/dubbo --gitrepopullrequest 10110

10:51:00.161 [main] INFO  f.i.s.r.p.g.GithubInitSerializerEngines - Initialize file serializer engines.
10:51:00.163 [main] INFO  f.i.s.r.p.g.GithubInitSerializerEngines - MongoDB won't be used for serialization.
10:51:00.163 [main] INFO  f.i.s.r.p.github.GithubInitNotifiers - The email notifier engine won't be used.
10:51:00.176 [main] INFO  f.i.s.r.p.i.ProjectInspector - ----------------------------------------------------------------------
10:51:00.176 [main] INFO  f.i.s.r.p.i.ProjectInspector - PIPELINE STEPS
10:51:00.176 [main] INFO  f.i.s.r.p.i.ProjectInspector - ----------------------------------------------------------------------
10:51:00.176 [main] INFO  f.i.s.r.p.i.ProjectInspector - CloneCheckoutGitPullRequest
10:51:00.176 [main] INFO  f.i.s.r.p.i.ProjectInspector - BuildProject
10:51:00.176 [main] INFO  f.i.s.r.p.i.ProjectInspector - TestProject
10:51:00.176 [main] INFO  f.i.s.r.p.i.ProjectInspector - ComputeClasspath
10:51:00.176 [main] INFO  f.i.s.r.p.i.ProjectInspector - ComputeSourceDir
10:51:00.176 [main] INFO  f.i.s.r.p.i.ProjectInspector - ComputeTestDir
10:51:00.177 [main] INFO  f.i.s.r.p.i.ProjectInspector - GatherTestInformation
10:51:00.177 [main] INFO  f.i.s.r.p.i.ProjectInspector - FlacocoLocalization
10:51:00.177 [main] INFO  f.i.s.r.p.i.ProjectInspector - PushFaultLocalizationSuggestions
10:51:00.177 [main] INFO  f.i.s.r.p.s.CloneCheckoutGitPullRequest - Cloning repository https://github.com/apache/dubbo.git in the following directory: ./workspace/apache-dubbo-master-10110_repo
10:52:17.572 [Thread-4] ERROR f.i.s.r.p.m.o.MavenFilterOutputHandler - [ERROR] An exception has occurred in the compiler (11.0.4). Please file a bug against the Java compiler via the Java bug reporting page (http://bugreport.java.com) after checking the Bug Database (http://bugs.java.com) for duplicates. Include your program and the following diagnostic in your report. Thank you.
10:52:17.714 [Thread-4] ERROR f.i.s.r.p.m.o.MavenFilterOutputHandler - [ERROR] COMPILATION ERROR : 
10:52:17.714 [Thread-4] ERROR f.i.s.r.p.m.o.MavenFilterOutputHandler - [ERROR] error: file not found: /root/workspace/apache-dubbo-master-10110_repo/dubbo-registry/dubbo-registry-api/src/test/java/org/apache/dubbo/registry/client/AbstractServiceDiscoveryFactoryTest.java
10:52:17.724 [Thread-4] ERROR f.i.s.r.p.m.o.MavenFilterOutputHandler - [ERROR] Failed to execute goal org.apache.maven.plugins:maven-compiler-plugin:3.8.1:testCompile (default-testCompile) on project dubbo-registry-api: Compilation failure
10:52:17.724 [Thread-4] ERROR f.i.s.r.p.m.o.MavenFilterOutputHandler - [ERROR] error: file not found: /root/workspace/apache-dubbo-master-10110_repo/dubbo-registry/dubbo-registry-api/src/test/java/org/apache/dubbo/registry/client/AbstractServiceDiscoveryFactoryTest.java
10:52:17.724 [Thread-4] ERROR f.i.s.r.p.m.o.MavenFilterOutputHandler - [ERROR] -> [Help 1]
10:52:17.729 [Thread-4] ERROR f.i.s.r.p.m.o.MavenFilterOutputHandler - [ERROR] 
10:52:17.729 [Thread-4] ERROR f.i.s.r.p.m.o.MavenFilterOutputHandler - [ERROR] Re-run Maven using the -X switch to enable full debug logging.
10:52:17.729 [Thread-4] ERROR f.i.s.r.p.m.o.MavenFilterOutputHandler - [ERROR] 
10:52:17.729 [Thread-4] ERROR f.i.s.r.p.m.o.MavenFilterOutputHandler - [ERROR] For more information about the errors and possible solutions, please read the following articles:
10:52:17.729 [Thread-4] ERROR f.i.s.r.p.m.o.MavenFilterOutputHandler - [ERROR] [Help 1] http://cwiki.apache.org/confluence/display/MAVEN/MojoFailureException
10:52:17.729 [Thread-4] ERROR f.i.s.r.p.m.o.MavenFilterOutputHandler - [ERROR] 
10:52:17.729 [Thread-4] ERROR f.i.s.r.p.m.o.MavenFilterOutputHandler - [ERROR] After correcting the problems, you can resume the build with the command
10:52:17.729 [Thread-4] ERROR f.i.s.r.p.m.o.MavenFilterOutputHandler - [ERROR]   mvn <goals> -rf :dubbo-registry-api
10:52:18.127 [main] ERROR f.i.s.r.process.step.BuildProject - Repository apache/dubbo cannot be built.
10:52:18.128 [main] INFO  f.i.s.r.process.step.BuildProject - 
10:52:18.129 [main] INFO  f.i.s.r.p.i.ProjectInspector - ----------------------------------------------------------------------
10:52:18.129 [main] INFO  f.i.s.r.p.i.ProjectInspector - PIPELINE EXECUTION SUMMARY
10:52:18.129 [main] INFO  f.i.s.r.p.i.ProjectInspector - ----------------------------------------------------------------------
10:52:18.130 [main] INFO  f.i.s.r.p.i.ProjectInspector - CloneCheckoutGitPullRequest...........................SUCCESS [  9 s ]
10:52:18.130 [main] INFO  f.i.s.r.p.i.ProjectInspector - BuildProject..........................................FAILURE [ 68 s ]
10:52:18.130 [main] INFO  f.i.s.r.p.i.ProjectInspector - TestProject...........................................NOT RUN         
10:52:18.130 [main] INFO  f.i.s.r.p.i.ProjectInspector - ComputeClasspath......................................NOT RUN         
10:52:18.130 [main] INFO  f.i.s.r.p.i.ProjectInspector - ComputeSourceDir......................................NOT RUN         
10:52:18.130 [main] INFO  f.i.s.r.p.i.ProjectInspector - ComputeTestDir........................................NOT RUN         
10:52:18.130 [main] INFO  f.i.s.r.p.i.ProjectInspector - GatherTestInformation.................................NOT RUN         
10:52:18.130 [main] INFO  f.i.s.r.p.i.ProjectInspector - FlacocoLocalization...................................NOT RUN         
10:52:18.130 [main] INFO  f.i.s.r.p.i.ProjectInspector - PushFaultLocalizationSuggestions......................NOT RUN         
10:52:18.130 [main] INFO  f.i.s.r.p.i.ProjectInspector - ----------------------------------------------------------------------
10:52:18.130 [main] INFO  f.i.s.r.p.i.ProjectInspector - PIPELINE FINDING: NOTBUILDABLE
10:52:18.130 [main] INFO  f.i.s.r.p.i.ProjectInspector - ----------------------------------------------------------------------
10:52:18.130 [main] INFO  f.i.s.r.p.github.GithubMainProcess - Inspector is finished. The process will exit now.
