Execute pipeline with following supplementary args: --smtpPort 25 --listenerMode NOOP --launcherMode FAULT_LOCALIZATION  --gitrepourl https://github.com/apache/dubbo --gitrepopullrequest 10161
java -cp /usr/local/openjdk-11/lib/tools.jar:repairnator-pipeline.jar -Dlogback.configurationFile=/root/logback.xml fr.inria.spirals.repairnator.pipeline.Launcher -d --runId null -o /var/log --ghOauth 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 --faultLocalization --flacocoThreshold 0.0 --flacocoTopK null --flacocoResultsRepository null --ghOauth  --smtpPort 25 --listenerMode NOOP --launcherMode FAULT_LOCALIZATION  --gitrepourl https://github.com/apache/dubbo --gitrepopullrequest 10161

09:22:43.592 [main] INFO  f.i.s.r.p.g.GithubInitSerializerEngines - Initialize file serializer engines.
09:22:43.594 [main] INFO  f.i.s.r.p.g.GithubInitSerializerEngines - MongoDB won't be used for serialization.
09:22:43.594 [main] INFO  f.i.s.r.p.github.GithubInitNotifiers - The email notifier engine won't be used.
09:22:43.610 [main] INFO  f.i.s.r.p.i.ProjectInspector - ----------------------------------------------------------------------
09:22:43.610 [main] INFO  f.i.s.r.p.i.ProjectInspector - PIPELINE STEPS
09:22:43.610 [main] INFO  f.i.s.r.p.i.ProjectInspector - ----------------------------------------------------------------------
09:22:43.610 [main] INFO  f.i.s.r.p.i.ProjectInspector - CloneCheckoutGitPullRequest
09:22:43.610 [main] INFO  f.i.s.r.p.i.ProjectInspector - BuildProject
09:22:43.610 [main] INFO  f.i.s.r.p.i.ProjectInspector - TestProject
09:22:43.610 [main] INFO  f.i.s.r.p.i.ProjectInspector - ComputeClasspath
09:22:43.611 [main] INFO  f.i.s.r.p.i.ProjectInspector - ComputeSourceDir
09:22:43.611 [main] INFO  f.i.s.r.p.i.ProjectInspector - ComputeTestDir
09:22:43.611 [main] INFO  f.i.s.r.p.i.ProjectInspector - GatherTestInformation
09:22:43.611 [main] INFO  f.i.s.r.p.i.ProjectInspector - FlacocoLocalization
09:22:43.611 [main] INFO  f.i.s.r.p.i.ProjectInspector - PushFaultLocalizationSuggestions
09:22:43.611 [main] INFO  f.i.s.r.p.s.CloneCheckoutGitPullRequest - Cloning repository https://github.com/apache/dubbo.git in the following directory: ./workspace/apache-dubbo-master-10161_repo
09:24:56.273 [Thread-4] ERROR f.i.s.r.p.m.o.MavenFilterOutputHandler - [ERROR] Failed to execute goal org.apache.maven.plugins:maven-shade-plugin:3.2.4:shade (default) on project dubbo: Error creating shaded jar: /root/workspace/apache-dubbo-master-10161_repo/dubbo-distribution/dubbo-all/target/dubbo-3.0.9-SNAPSHOT.jar -> [Help 1]
09:24:56.278 [Thread-4] ERROR f.i.s.r.p.m.o.MavenFilterOutputHandler - [ERROR] 
09:24:56.278 [Thread-4] ERROR f.i.s.r.p.m.o.MavenFilterOutputHandler - [ERROR] Re-run Maven using the -X switch to enable full debug logging.
09:24:56.278 [Thread-4] ERROR f.i.s.r.p.m.o.MavenFilterOutputHandler - [ERROR] 
09:24:56.278 [Thread-4] ERROR f.i.s.r.p.m.o.MavenFilterOutputHandler - [ERROR] For more information about the errors and possible solutions, please read the following articles:
09:24:56.278 [Thread-4] ERROR f.i.s.r.p.m.o.MavenFilterOutputHandler - [ERROR] [Help 1] http://cwiki.apache.org/confluence/display/MAVEN/MojoExecutionException
09:24:56.278 [Thread-4] ERROR f.i.s.r.p.m.o.MavenFilterOutputHandler - [ERROR] 
09:24:56.278 [Thread-4] ERROR f.i.s.r.p.m.o.MavenFilterOutputHandler - [ERROR] After correcting the problems, you can resume the build with the command
09:24:56.278 [Thread-4] ERROR f.i.s.r.p.m.o.MavenFilterOutputHandler - [ERROR]   mvn <goals> -rf :dubbo
09:24:56.682 [main] ERROR f.i.s.r.process.step.BuildProject - Repository apache/dubbo cannot be built.
09:24:56.683 [main] INFO  f.i.s.r.process.step.BuildProject - 
09:24:56.690 [main] INFO  f.i.s.r.p.i.ProjectInspector - ----------------------------------------------------------------------
09:24:56.690 [main] INFO  f.i.s.r.p.i.ProjectInspector - PIPELINE EXECUTION SUMMARY
09:24:56.690 [main] INFO  f.i.s.r.p.i.ProjectInspector - ----------------------------------------------------------------------
09:24:56.690 [main] INFO  f.i.s.r.p.i.ProjectInspector - CloneCheckoutGitPullRequest..........................SUCCESS [  11 s ]
09:24:56.690 [main] INFO  f.i.s.r.p.i.ProjectInspector - BuildProject.........................................FAILURE [ 122 s ]
09:24:56.690 [main] INFO  f.i.s.r.p.i.ProjectInspector - TestProject..........................................NOT RUN          
09:24:56.691 [main] INFO  f.i.s.r.p.i.ProjectInspector - ComputeClasspath.....................................NOT RUN          
09:24:56.691 [main] INFO  f.i.s.r.p.i.ProjectInspector - ComputeSourceDir.....................................NOT RUN          
09:24:56.691 [main] INFO  f.i.s.r.p.i.ProjectInspector - ComputeTestDir.......................................NOT RUN          
09:24:56.691 [main] INFO  f.i.s.r.p.i.ProjectInspector - GatherTestInformation................................NOT RUN          
09:24:56.691 [main] INFO  f.i.s.r.p.i.ProjectInspector - FlacocoLocalization..................................NOT RUN          
09:24:56.691 [main] INFO  f.i.s.r.p.i.ProjectInspector - PushFaultLocalizationSuggestions.....................NOT RUN          
09:24:56.691 [main] INFO  f.i.s.r.p.i.ProjectInspector - ----------------------------------------------------------------------
09:24:56.691 [main] INFO  f.i.s.r.p.i.ProjectInspector - PIPELINE FINDING: NOTBUILDABLE
09:24:56.691 [main] INFO  f.i.s.r.p.i.ProjectInspector - ----------------------------------------------------------------------
09:24:56.691 [main] INFO  f.i.s.r.p.github.GithubMainProcess - Inspector is finished. The process will exit now.
