Execute pipeline with following supplementary args: --smtpPort 25 --listenerMode NOOP --launcherMode FAULT_LOCALIZATION  --gitrepourl https://github.com/apache/dubbo --gitrepopullrequest 10144
java -cp /usr/local/openjdk-11/lib/tools.jar:repairnator-pipeline.jar -Dlogback.configurationFile=/root/logback.xml fr.inria.spirals.repairnator.pipeline.Launcher -d --runId null -o /var/log --ghOauth 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 --faultLocalization --flacocoThreshold 0.0 --flacocoTopK null --flacocoResultsRepository null --ghOauth  --smtpPort 25 --listenerMode NOOP --launcherMode FAULT_LOCALIZATION  --gitrepourl https://github.com/apache/dubbo --gitrepopullrequest 10144

06:53:28.887 [main] INFO  f.i.s.r.p.g.GithubInitSerializerEngines - Initialize file serializer engines.
06:53:28.888 [main] INFO  f.i.s.r.p.g.GithubInitSerializerEngines - MongoDB won't be used for serialization.
06:53:28.889 [main] INFO  f.i.s.r.p.github.GithubInitNotifiers - The email notifier engine won't be used.
06:53:28.902 [main] INFO  f.i.s.r.p.i.ProjectInspector - ----------------------------------------------------------------------
06:53:28.902 [main] INFO  f.i.s.r.p.i.ProjectInspector - PIPELINE STEPS
06:53:28.902 [main] INFO  f.i.s.r.p.i.ProjectInspector - ----------------------------------------------------------------------
06:53:28.902 [main] INFO  f.i.s.r.p.i.ProjectInspector - CloneCheckoutGitPullRequest
06:53:28.902 [main] INFO  f.i.s.r.p.i.ProjectInspector - BuildProject
06:53:28.902 [main] INFO  f.i.s.r.p.i.ProjectInspector - TestProject
06:53:28.902 [main] INFO  f.i.s.r.p.i.ProjectInspector - ComputeClasspath
06:53:28.902 [main] INFO  f.i.s.r.p.i.ProjectInspector - ComputeSourceDir
06:53:28.902 [main] INFO  f.i.s.r.p.i.ProjectInspector - ComputeTestDir
06:53:28.902 [main] INFO  f.i.s.r.p.i.ProjectInspector - GatherTestInformation
06:53:28.902 [main] INFO  f.i.s.r.p.i.ProjectInspector - FlacocoLocalization
06:53:28.902 [main] INFO  f.i.s.r.p.i.ProjectInspector - PushFaultLocalizationSuggestions
06:53:28.902 [main] INFO  f.i.s.r.p.s.CloneCheckoutGitPullRequest - Cloning repository https://github.com/apache/dubbo.git in the following directory: ./workspace/apache-dubbo-master-10144_repo
06:54:42.421 [Thread-4] ERROR f.i.s.r.p.m.o.MavenFilterOutputHandler - [ERROR] COMPILATION ERROR : 
06:54:42.421 [Thread-4] ERROR f.i.s.r.p.m.o.MavenFilterOutputHandler - [ERROR] /root/workspace/apache-dubbo-master-10144_repo/dubbo-registry/dubbo-registry-multicast/src/main/java/org/apache/dubbo/registry/multicast/MulticastRegistry.java:[19,30] error: package org.apache.dubbo.common does not exist
06:54:42.421 [Thread-4] ERROR f.i.s.r.p.m.o.MavenFilterOutputHandler - [ERROR] /root/workspace/apache-dubbo-master-10144_repo/dubbo-registry/dubbo-registry-multicast/src/main/java/org/apache/dubbo/registry/multicast/MulticastRegistry.java:[20,37] error: package org.apache.dubbo.common.logger does not exist
06:54:42.422 [Thread-4] ERROR f.i.s.r.p.m.o.MavenFilterOutputHandler - [ERROR] /root/workspace/apache-dubbo-master-10144_repo/dubbo-registry/dubbo-registry-multicast/src/main/java/org/apache/dubbo/registry/multicast/MulticastRegistry.java:[21,37] error: package org.apache.dubbo.common.logger does not exist
06:54:42.422 [Thread-4] ERROR f.i.s.r.p.m.o.MavenFilterOutputHandler - [ERROR] /root/workspace/apache-dubbo-master-10144_repo/dubbo-registry/dubbo-registry-multicast/src/main/java/org/apache/dubbo/registry/multicast/MulticastRegistry.java:[22,36] error: package org.apache.dubbo.common.utils does not exist
06:54:42.422 [Thread-4] ERROR f.i.s.r.p.m.o.MavenFilterOutputHandler - [ERROR] /root/workspace/apache-dubbo-master-10144_repo/dubbo-registry/dubbo-registry-multicast/src/main/java/org/apache/dubbo/registry/multicast/MulticastRegistry.java:[23,36] error: package org.apache.dubbo.common.utils does not exist
06:54:42.422 [Thread-4] ERROR f.i.s.r.p.m.o.MavenFilterOutputHandler - [ERROR] /root/workspace/apache-dubbo-master-10144_repo/dubbo-registry/dubbo-registry-multicast/src/main/java/org/apache/dubbo/registry/multicast/MulticastRegistry.java:[24,36] error: package org.apache.dubbo.common.utils does not exist
06:54:42.422 [Thread-4] ERROR f.i.s.r.p.m.o.MavenFilterOutputHandler - [ERROR] /root/workspace/apache-dubbo-master-10144_repo/dubbo-registry/dubbo-registry-multicast/src/main/java/org/apache/dubbo/registry/multicast/MulticastRegistry.java:[25,36] error: package org.apache.dubbo.common.utils does not exist
06:54:42.422 [Thread-4] ERROR f.i.s.r.p.m.o.MavenFilterOutputHandler - [ERROR] /root/workspace/apache-dubbo-master-10144_repo/dubbo-registry/dubbo-registry-multicast/src/main/java/org/apache/dubbo/registry/multicast/MulticastRegistry.java:[26,36] error: package org.apache.dubbo.common.utils does not exist
06:54:42.423 [Thread-4] ERROR f.i.s.r.p.m.o.MavenFilterOutputHandler - [ERROR] /root/workspace/apache-dubbo-master-10144_repo/dubbo-registry/dubbo-registry-multicast/src/main/java/org/apache/dubbo/registry/multicast/MulticastRegistry.java:[27,36] error: package org.apache.dubbo.common.utils does not exist
06:54:42.423 [Thread-4] ERROR f.i.s.r.p.m.o.MavenFilterOutputHandler - [ERROR] /root/workspace/apache-dubbo-master-10144_repo/dubbo-registry/dubbo-registry-multicast/src/main/java/org/apache/dubbo/registry/multicast/MulticastRegistry.java:[30,33] error: package org.apache.dubbo.rpc.model does not exist
06:54:42.423 [Thread-4] ERROR f.i.s.r.p.m.o.MavenFilterOutputHandler - [ERROR] /root/workspace/apache-dubbo-master-10144_repo/dubbo-registry/dubbo-registry-multicast/src/main/java/org/apache/dubbo/registry/multicast/MulticastRegistry.java:[52,47] error: package org.apache.dubbo.common.constants does not exist
06:54:42.423 [Thread-4] ERROR f.i.s.r.p.m.o.MavenFilterOutputHandler - [ERROR] /root/workspace/apache-dubbo-master-10144_repo/dubbo-registry/dubbo-registry-multicast/src/main/java/org/apache/dubbo/registry/multicast/MulticastRegistry.java:[52] error: static import only from classes and interfaces
06:54:42.423 [Thread-4] ERROR f.i.s.r.p.m.o.MavenFilterOutputHandler - [ERROR] /root/workspace/apache-dubbo-master-10144_repo/dubbo-registry/dubbo-registry-multicast/src/main/java/org/apache/dubbo/registry/multicast/MulticastRegistry.java:[53,47] error: package org.apache.dubbo.common.constants does not exist
06:54:42.423 [Thread-4] ERROR f.i.s.r.p.m.o.MavenFilterOutputHandler - [ERROR] /root/workspace/apache-dubbo-master-10144_repo/dubbo-registry/dubbo-registry-multicast/src/main/java/org/apache/dubbo/registry/multicast/MulticastRegistry.java:[53] error: static import only from classes and interfaces
06:54:42.423 [Thread-4] ERROR f.i.s.r.p.m.o.MavenFilterOutputHandler - [ERROR] /root/workspace/apache-dubbo-master-10144_repo/dubbo-registry/dubbo-registry-multicast/src/main/java/org/apache/dubbo/registry/multicast/MulticastRegistry.java:[54,47] error: package org.apache.dubbo.common.constants does not exist
06:54:42.424 [Thread-4] ERROR f.i.s.r.p.m.o.MavenFilterOutputHandler - [ERROR] /root/workspace/apache-dubbo-master-10144_repo/dubbo-registry/dubbo-registry-multicast/src/main/java/org/apache/dubbo/registry/multicast/MulticastRegistry.java:[54] error: static import only from classes and interfaces
06:54:42.424 [Thread-4] ERROR f.i.s.r.p.m.o.MavenFilterOutputHandler - [ERROR] /root/workspace/apache-dubbo-master-10144_repo/dubbo-registry/dubbo-registry-multicast/src/main/java/org/apache/dubbo/registry/multicast/MulticastRegistry.java:[55,47] error: package org.apache.dubbo.common.constants does not exist
06:54:42.424 [Thread-4] ERROR f.i.s.r.p.m.o.MavenFilterOutputHandler - [ERROR] /root/workspace/apache-dubbo-master-10144_repo/dubbo-registry/dubbo-registry-multicast/src/main/java/org/apache/dubbo/registry/multicast/MulticastRegistry.java:[55] error: static import only from classes and interfaces
06:54:42.424 [Thread-4] ERROR f.i.s.r.p.m.o.MavenFilterOutputHandler - [ERROR] /root/workspace/apache-dubbo-master-10144_repo/dubbo-registry/dubbo-registry-multicast/src/main/java/org/apache/dubbo/registry/multicast/MulticastRegistry.java:[56,47] error: package org.apache.dubbo.common.constants does not exist
06:54:42.424 [Thread-4] ERROR f.i.s.r.p.m.o.MavenFilterOutputHandler - [ERROR] /root/workspace/apache-dubbo-master-10144_repo/dubbo-registry/dubbo-registry-multicast/src/main/java/org/apache/dubbo/registry/multicast/MulticastRegistry.java:[56] error: static import only from classes and interfaces
06:54:42.424 [Thread-4] ERROR f.i.s.r.p.m.o.MavenFilterOutputHandler - [ERROR] /root/workspace/apache-dubbo-master-10144_repo/dubbo-registry/dubbo-registry-multicast/src/main/java/org/apache/dubbo/registry/multicast/MulticastRegistry.java:[57,47] error: package org.apache.dubbo.common.constants does not exist
06:54:42.424 [Thread-4] ERROR f.i.s.r.p.m.o.MavenFilterOutputHandler - [ERROR] /root/workspace/apache-dubbo-master-10144_repo/dubbo-registry/dubbo-registry-multicast/src/main/java/org/apache/dubbo/registry/multicast/MulticastRegistry.java:[57] error: static import only from classes and interfaces
06:54:42.424 [Thread-4] ERROR f.i.s.r.p.m.o.MavenFilterOutputHandler - [ERROR] /root/workspace/apache-dubbo-master-10144_repo/dubbo-registry/dubbo-registry-multicast/src/main/java/org/apache/dubbo/registry/multicast/MulticastRegistry.java:[58,47] error: package org.apache.dubbo.common.constants does not exist
06:54:42.425 [Thread-4] ERROR f.i.s.r.p.m.o.MavenFilterOutputHandler - [ERROR] /root/workspace/apache-dubbo-master-10144_repo/dubbo-registry/dubbo-registry-multicast/src/main/java/org/apache/dubbo/registry/multicast/MulticastRegistry.java:[58] error: static import only from classes and interfaces
06:54:42.425 [Thread-4] ERROR f.i.s.r.p.m.o.MavenFilterOutputHandler - [ERROR] /root/workspace/apache-dubbo-master-10144_repo/dubbo-registry/dubbo-registry-multicast/src/main/java/org/apache/dubbo/registry/multicast/MulticastRegistry.java:[71,7] error: cannot access Node
06:54:42.425 [Thread-4] ERROR f.i.s.r.p.m.o.MavenFilterOutputHandler - [ERROR] /root/workspace/apache-dubbo-master-10144_repo/dubbo-registry/dubbo-registry-multicast/src/main/java/org/apache/dubbo/registry/multicast/MulticastRegistry.java:[74,25] error: cannot find symbol
06:54:42.425 [Thread-4] ERROR f.i.s.r.p.m.o.MavenFilterOutputHandler - [ERROR] /root/workspace/apache-dubbo-master-10144_repo/dubbo-registry/dubbo-registry-multicast/src/main/java/org/apache/dubbo/registry/multicast/MulticastRegistry.java:[84,32] error: cannot find symbol
06:54:42.425 [Thread-4] ERROR f.i.s.r.p.m.o.MavenFilterOutputHandler - [ERROR] /root/workspace/apache-dubbo-master-10144_repo/dubbo-registry/dubbo-registry-multicast/src/main/java/org/apache/dubbo/registry/multicast/MulticastRegistry.java:[84,41] error: cannot find symbol
06:54:42.425 [Thread-4] ERROR f.i.s.r.p.m.o.MavenFilterOutputHandler - [ERROR] /root/workspace/apache-dubbo-master-10144_repo/dubbo-registry/dubbo-registry-multicast/src/main/java/org/apache/dubbo/registry/multicast/MulticastRegistry.java:[94,29] error: cannot find symbol
06:54:42.425 [Thread-4] ERROR f.i.s.r.p.m.o.MavenFilterOutputHandler - [ERROR] /root/workspace/apache-dubbo-master-10144_repo/dubbo-registry/dubbo-registry-multicast/src/main/java/org/apache/dubbo/registry/multicast/MulticastRegistry.java:[94,38] error: cannot find symbol
06:54:42.426 [Thread-4] ERROR f.i.s.r.p.m.o.MavenFilterOutputHandler - [ERROR] /root/workspace/apache-dubbo-master-10144_repo/dubbo-registry/dubbo-registry-multicast/src/main/java/org/apache/dubbo/registry/multicast/MulticastRegistry.java:[98,29] error: cannot find symbol
06:54:42.426 [Thread-4] ERROR f.i.s.r.p.m.o.MavenFilterOutputHandler - [ERROR] /root/workspace/apache-dubbo-master-10144_repo/dubbo-registry/dubbo-registry-multicast/src/main/java/org/apache/dubbo/registry/multicast/MulticastRegistry.java:[183,30] error: cannot find symbol
06:54:42.426 [Thread-4] ERROR f.i.s.r.p.m.o.MavenFilterOutputHandler - [ERROR] /root/workspace/apache-dubbo-master-10144_repo/dubbo-registry/dubbo-registry-multicast/src/main/java/org/apache/dubbo/registry/multicast/MulticastRegistry.java:[258,27] error: cannot find symbol
06:54:42.426 [Thread-4] ERROR f.i.s.r.p.m.o.MavenFilterOutputHandler - [ERROR] /root/workspace/apache-dubbo-master-10144_repo/dubbo-registry/dubbo-registry-multicast/src/main/java/org/apache/dubbo/registry/multicast/MulticastRegistry.java:[263,29] error: cannot find symbol
06:54:42.426 [Thread-4] ERROR f.i.s.r.p.m.o.MavenFilterOutputHandler - [ERROR] /root/workspace/apache-dubbo-master-10144_repo/dubbo-registry/dubbo-registry-multicast/src/main/java/org/apache/dubbo/registry/multicast/MulticastRegistry.java:[268,28] error: cannot find symbol
06:54:42.426 [Thread-4] ERROR f.i.s.r.p.m.o.MavenFilterOutputHandler - [ERROR] /root/workspace/apache-dubbo-master-10144_repo/dubbo-registry/dubbo-registry-multicast/src/main/java/org/apache/dubbo/registry/multicast/MulticastRegistry.java:[282,30] error: cannot find symbol
06:54:42.426 [Thread-4] ERROR f.i.s.r.p.m.o.MavenFilterOutputHandler - [ERROR] /root/workspace/apache-dubbo-master-10144_repo/dubbo-registry/dubbo-registry-multicast/src/main/java/org/apache/dubbo/registry/multicast/MulticastRegistry.java:[318,30] error: cannot find symbol
06:54:42.426 [Thread-4] ERROR f.i.s.r.p.m.o.MavenFilterOutputHandler - [ERROR] /root/workspace/apache-dubbo-master-10144_repo/dubbo-registry/dubbo-registry-multicast/src/main/java/org/apache/dubbo/registry/multicast/MulticastRegistry.java:[335,32] error: cannot find symbol
06:54:42.427 [Thread-4] ERROR f.i.s.r.p.m.o.MavenFilterOutputHandler - [ERROR] /root/workspace/apache-dubbo-master-10144_repo/dubbo-registry/dubbo-registry-multicast/src/main/java/org/apache/dubbo/registry/multicast/MulticastRegistry.java:[358,30] error: cannot find symbol
06:54:42.427 [Thread-4] ERROR f.i.s.r.p.m.o.MavenFilterOutputHandler - [ERROR] /root/workspace/apache-dubbo-master-10144_repo/dubbo-registry/dubbo-registry-multicast/src/main/java/org/apache/dubbo/registry/multicast/MulticastRegistry.java:[363,33] error: cannot find symbol
06:54:42.427 [Thread-4] ERROR f.i.s.r.p.m.o.MavenFilterOutputHandler - [ERROR] /root/workspace/apache-dubbo-master-10144_repo/dubbo-registry/dubbo-registry-multicast/src/main/java/org/apache/dubbo/registry/multicast/MulticastRegistry.java:[363,17] error: cannot find symbol
06:54:42.427 [Thread-4] ERROR f.i.s.r.p.m.o.MavenFilterOutputHandler - [ERROR] /root/workspace/apache-dubbo-master-10144_repo/dubbo-registry/dubbo-registry-multicast/src/main/java/org/apache/dubbo/registry/multicast/MulticastRegistry.java:[372,25] error: cannot find symbol
06:54:42.427 [Thread-4] ERROR f.i.s.r.p.m.o.MavenFilterOutputHandler - [ERROR] /root/workspace/apache-dubbo-master-10144_repo/dubbo-registry/dubbo-registry-multicast/src/main/java/org/apache/dubbo/registry/multicast/MulticastRegistry.java:[378,27] error: cannot find symbol
06:54:42.427 [Thread-4] ERROR f.i.s.r.p.m.o.MavenFilterOutputHandler - [ERROR] /root/workspace/apache-dubbo-master-10144_repo/dubbo-registry/dubbo-registry-multicast/src/main/java/org/apache/dubbo/registry/multicast/MulticastRegistry.java:[384,26] error: cannot find symbol
06:54:42.427 [Thread-4] ERROR f.i.s.r.p.m.o.MavenFilterOutputHandler - [ERROR] /root/workspace/apache-dubbo-master-10144_repo/dubbo-registry/dubbo-registry-multicast/src/main/java/org/apache/dubbo/registry/multicast/MulticastRegistry.java:[390,28] error: cannot find symbol
06:54:42.428 [Thread-4] ERROR f.i.s.r.p.m.o.MavenFilterOutputHandler - [ERROR] /root/workspace/apache-dubbo-master-10144_repo/dubbo-registry/dubbo-registry-multicast/src/main/java/org/apache/dubbo/registry/multicast/MulticastRegistry.java:[396,28] error: cannot find symbol
06:54:42.428 [Thread-4] ERROR f.i.s.r.p.m.o.MavenFilterOutputHandler - [ERROR] /root/workspace/apache-dubbo-master-10144_repo/dubbo-registry/dubbo-registry-multicast/src/main/java/org/apache/dubbo/registry/multicast/MulticastRegistry.java:[396,16] error: cannot find symbol
06:54:42.428 [Thread-4] ERROR f.i.s.r.p.m.o.MavenFilterOutputHandler - [ERROR] /root/workspace/apache-dubbo-master-10144_repo/dubbo-registry/dubbo-registry-multicast/src/main/java/org/apache/dubbo/registry/multicast/MulticastRegistry.java:[431,15] error: cannot find symbol
06:54:42.428 [Thread-4] ERROR f.i.s.r.p.m.o.MavenFilterOutputHandler - [ERROR] /root/workspace/apache-dubbo-master-10144_repo/dubbo-registry/dubbo-registry-multicast/src/main/java/org/apache/dubbo/registry/multicast/MulticastRegistry.java:[431,24] error: cannot find symbol
06:54:42.429 [Thread-4] ERROR f.i.s.r.p.m.o.MavenFilterOutputHandler - [ERROR] (source unavailable)
06:54:42.430 [Thread-4] ERROR f.i.s.r.p.m.o.MavenFilterOutputHandler - [ERROR] /root/workspace/apache-dubbo-master-10144_repo/dubbo-registry/dubbo-registry-multicast/src/main/java/org/apache/dubbo/registry/multicast/MulticastRegistry.java:[84,80] error: cannot find symbol
06:54:42.430 [Thread-4] ERROR f.i.s.r.p.m.o.MavenFilterOutputHandler - [ERROR] /root/workspace/apache-dubbo-master-10144_repo/dubbo-registry/dubbo-registry-multicast/src/main/java/org/apache/dubbo/registry/multicast/MulticastRegistry.java:[84,89] error: cannot find symbol
06:54:42.431 [Thread-4] ERROR f.i.s.r.p.m.o.MavenFilterOutputHandler - [ERROR] /root/workspace/apache-dubbo-master-10144_repo/dubbo-registry/dubbo-registry-multicast/src/main/java/org/apache/dubbo/registry/multicast/MulticastRegistry.java:[86,99] error: cannot find symbol
06:54:42.431 [Thread-4] ERROR f.i.s.r.p.m.o.MavenFilterOutputHandler - [ERROR] /root/workspace/apache-dubbo-master-10144_repo/dubbo-registry/dubbo-registry-multicast/src/main/java/org/apache/dubbo/registry/multicast/MulticastRegistry.java:[109,12] error: cannot find symbol
06:54:42.431 [Thread-4] ERROR f.i.s.r.p.m.o.MavenFilterOutputHandler - [ERROR] /root/workspace/apache-dubbo-master-10144_repo/dubbo-registry/dubbo-registry-multicast/src/main/java/org/apache/dubbo/registry/multicast/MulticastRegistry.java:[170,54] error: cannot find symbol
06:54:42.431 [Thread-4] ERROR f.i.s.r.p.m.o.MavenFilterOutputHandler - [ERROR] /root/workspace/apache-dubbo-master-10144_repo/dubbo-registry/dubbo-registry-multicast/src/main/java/org/apache/dubbo/registry/multicast/MulticastRegistry.java:[170,21] error: cannot find symbol
06:54:42.432 [Thread-4] ERROR f.i.s.r.p.m.o.MavenFilterOutputHandler - [ERROR] /root/workspace/apache-dubbo-master-10144_repo/dubbo-registry/dubbo-registry-multicast/src/main/java/org/apache/dubbo/registry/multicast/MulticastRegistry.java:[171,43] error: cannot find symbol
06:54:42.432 [Thread-4] ERROR f.i.s.r.p.m.o.MavenFilterOutputHandler - [ERROR] /root/workspace/apache-dubbo-master-10144_repo/dubbo-registry/dubbo-registry-multicast/src/main/java/org/apache/dubbo/registry/multicast/MulticastRegistry.java:[171,21] error: cannot find symbol
06:54:42.432 [Thread-4] ERROR f.i.s.r.p.m.o.MavenFilterOutputHandler - [ERROR] /root/workspace/apache-dubbo-master-10144_repo/dubbo-registry/dubbo-registry-multicast/src/main/java/org/apache/dubbo/registry/multicast/MulticastRegistry.java:[184,30] error: cannot find symbol
06:54:42.432 [Thread-4] ERROR f.i.s.r.p.m.o.MavenFilterOutputHandler - [ERROR] /root/workspace/apache-dubbo-master-10144_repo/dubbo-registry/dubbo-registry-multicast/src/main/java/org/apache/dubbo/registry/multicast/MulticastRegistry.java:[184,121] error: cannot find symbol
06:54:42.432 [Thread-4] ERROR f.i.s.r.p.m.o.MavenFilterOutputHandler - [ERROR] /root/workspace/apache-dubbo-master-10144_repo/dubbo-registry/dubbo-registry-multicast/src/main/java/org/apache/dubbo/registry/multicast/MulticastRegistry.java:[184,165] error: cannot find symbol
06:54:42.432 [Thread-4] ERROR f.i.s.r.p.m.o.MavenFilterOutputHandler - [ERROR] /root/workspace/apache-dubbo-master-10144_repo/dubbo-registry/dubbo-registry-multicast/src/main/java/org/apache/dubbo/registry/multicast/MulticastRegistry.java:[206,12] error: cannot find symbol
06:54:42.432 [Thread-4] ERROR f.i.s.r.p.m.o.MavenFilterOutputHandler - [ERROR] /root/workspace/apache-dubbo-master-10144_repo/dubbo-registry/dubbo-registry-multicast/src/main/java/org/apache/dubbo/registry/multicast/MulticastRegistry.java:[206,22] error: cannot find symbol
06:54:42.432 [Thread-4] ERROR f.i.s.r.p.m.o.MavenFilterOutputHandler - [ERROR] /root/workspace/apache-dubbo-master-10144_repo/dubbo-registry/dubbo-registry-multicast/src/main/java/org/apache/dubbo/registry/multicast/MulticastRegistry.java:[209,12] error: cannot find symbol
06:54:42.432 [Thread-4] ERROR f.i.s.r.p.m.o.MavenFilterOutputHandler - [ERROR] /root/workspace/apache-dubbo-master-10144_repo/dubbo-registry/dubbo-registry-multicast/src/main/java/org/apache/dubbo/registry/multicast/MulticastRegistry.java:[209,22] error: cannot find symbol
06:54:42.432 [Thread-4] ERROR f.i.s.r.p.m.o.MavenFilterOutputHandler - [ERROR] /root/workspace/apache-dubbo-master-10144_repo/dubbo-registry/dubbo-registry-multicast/src/main/java/org/apache/dubbo/registry/multicast/MulticastRegistry.java:[212,12] error: cannot find symbol
06:54:42.433 [Thread-4] ERROR f.i.s.r.p.m.o.MavenFilterOutputHandler - [ERROR] /root/workspace/apache-dubbo-master-10144_repo/dubbo-registry/dubbo-registry-multicast/src/main/java/org/apache/dubbo/registry/multicast/MulticastRegistry.java:[212,22] error: cannot find symbol
06:54:42.433 [Thread-4] ERROR f.i.s.r.p.m.o.MavenFilterOutputHandler - [ERROR] /root/workspace/apache-dubbo-master-10144_repo/dubbo-registry/dubbo-registry-multicast/src/main/java/org/apache/dubbo/registry/multicast/MulticastRegistry.java:[213,16] error: cannot find symbol
06:54:42.433 [Thread-4] ERROR f.i.s.r.p.m.o.MavenFilterOutputHandler - [ERROR] /root/workspace/apache-dubbo-master-10144_repo/dubbo-registry/dubbo-registry-multicast/src/main/java/org/apache/dubbo/registry/multicast/MulticastRegistry.java:[214,16] error: cannot find symbol
06:54:42.433 [Thread-4] ERROR f.i.s.r.p.m.o.MavenFilterOutputHandler - [ERROR] /root/workspace/apache-dubbo-master-10144_repo/dubbo-registry/dubbo-registry-multicast/src/main/java/org/apache/dubbo/registry/multicast/MulticastRegistry.java:[215,21] error: cannot find symbol
06:54:42.433 [Thread-4] ERROR f.i.s.r.p.m.o.MavenFilterOutputHandler - [ERROR] /root/workspace/apache-dubbo-master-10144_repo/dubbo-registry/dubbo-registry-multicast/src/main/java/org/apache/dubbo/registry/multicast/MulticastRegistry.java:[216,24] error: cannot find symbol
06:54:42.433 [Thread-4] ERROR f.i.s.r.p.m.o.MavenFilterOutputHandler - [ERROR] /root/workspace/apache-dubbo-master-10144_repo/dubbo-registry/dubbo-registry-multicast/src/main/java/org/apache/dubbo/registry/multicast/MulticastRegistry.java:[219,36] error: cannot find symbol
06:54:42.434 [Thread-4] ERROR f.i.s.r.p.m.o.MavenFilterOutputHandler - [ERROR] /root/workspace/apache-dubbo-master-10144_repo/dubbo-registry/dubbo-registry-multicast/src/main/java/org/apache/dubbo/registry/multicast/MulticastRegistry.java:[269,12] error: cannot find symbol
06:54:42.434 [Thread-4] ERROR f.i.s.r.p.m.o.MavenFilterOutputHandler - [ERROR] /root/workspace/apache-dubbo-master-10144_repo/dubbo-registry/dubbo-registry-multicast/src/main/java/org/apache/dubbo/registry/multicast/MulticastRegistry.java:[275,47] error: cannot find symbol
06:54:42.434 [Thread-4] ERROR f.i.s.r.p.m.o.MavenFilterOutputHandler - [ERROR] /root/workspace/apache-dubbo-master-10144_repo/dubbo-registry/dubbo-registry-multicast/src/main/java/org/apache/dubbo/registry/multicast/MulticastRegistry.java:[275,60] error: cannot find symbol
06:54:42.434 [Thread-4] ERROR f.i.s.r.p.m.o.MavenFilterOutputHandler - [ERROR] /root/workspace/apache-dubbo-master-10144_repo/dubbo-registry/dubbo-registry-multicast/src/main/java/org/apache/dubbo/registry/multicast/MulticastRegistry.java:[283,13] error: cannot find symbol
06:54:42.434 [Thread-4] ERROR f.i.s.r.p.m.o.MavenFilterOutputHandler - [ERROR] /root/workspace/apache-dubbo-master-10144_repo/dubbo-registry/dubbo-registry-multicast/src/main/java/org/apache/dubbo/registry/multicast/MulticastRegistry.java:[289,4] error: method does not override or implement a method from a supertype
06:54:42.434 [Thread-4] ERROR f.i.s.r.p.m.o.MavenFilterOutputHandler - [ERROR] /root/workspace/apache-dubbo-master-10144_repo/dubbo-registry/dubbo-registry-multicast/src/main/java/org/apache/dubbo/registry/multicast/MulticastRegistry.java:[305,12] error: cannot find symbol
06:54:42.435 [Thread-4] ERROR f.i.s.r.p.m.o.MavenFilterOutputHandler - [ERROR] /root/workspace/apache-dubbo-master-10144_repo/dubbo-registry/dubbo-registry-multicast/src/main/java/org/apache/dubbo/registry/multicast/MulticastRegistry.java:[315,8] error: cannot find symbol
06:54:42.435 [Thread-4] ERROR f.i.s.r.p.m.o.MavenFilterOutputHandler - [ERROR] /root/workspace/apache-dubbo-master-10144_repo/dubbo-registry/dubbo-registry-multicast/src/main/java/org/apache/dubbo/registry/multicast/MulticastRegistry.java:[319,23] error: cannot find symbol
06:54:42.435 [Thread-4] ERROR f.i.s.r.p.m.o.MavenFilterOutputHandler - [ERROR] /root/workspace/apache-dubbo-master-10144_repo/dubbo-registry/dubbo-registry-multicast/src/main/java/org/apache/dubbo/registry/multicast/MulticastRegistry.java:[320,12] error: cannot find symbol
06:54:42.435 [Thread-4] ERROR f.i.s.r.p.m.o.MavenFilterOutputHandler - [ERROR] /root/workspace/apache-dubbo-master-10144_repo/dubbo-registry/dubbo-registry-multicast/src/main/java/org/apache/dubbo/registry/multicast/MulticastRegistry.java:[321,16] error: cannot find symbol
06:54:42.435 [Thread-4] ERROR f.i.s.r.p.m.o.MavenFilterOutputHandler - [ERROR] /root/workspace/apache-dubbo-master-10144_repo/dubbo-registry/dubbo-registry-multicast/src/main/java/org/apache/dubbo/registry/multicast/MulticastRegistry.java:[322,20] error: cannot find symbol
06:54:42.435 [Thread-4] ERROR f.i.s.r.p.m.o.MavenFilterOutputHandler - [ERROR] /root/workspace/apache-dubbo-master-10144_repo/dubbo-registry/dubbo-registry-multicast/src/main/java/org/apache/dubbo/registry/multicast/MulticastRegistry.java:[322,71] error: cannot find symbol
06:54:42.435 [Thread-4] ERROR f.i.s.r.p.m.o.MavenFilterOutputHandler - [ERROR] /root/workspace/apache-dubbo-master-10144_repo/dubbo-registry/dubbo-registry-multicast/src/main/java/org/apache/dubbo/registry/multicast/MulticastRegistry.java:[324,21] error: cannot find symbol
06:54:42.435 [Thread-4] ERROR f.i.s.r.p.m.o.MavenFilterOutputHandler - [ERROR] /root/workspace/apache-dubbo-master-10144_repo/dubbo-registry/dubbo-registry-multicast/src/main/java/org/apache/dubbo/registry/multicast/MulticastRegistry.java:[336,23] error: cannot find symbol
06:54:42.436 [Thread-4] ERROR f.i.s.r.p.m.o.MavenFilterOutputHandler - [ERROR] /root/workspace/apache-dubbo-master-10144_repo/dubbo-registry/dubbo-registry-multicast/src/main/java/org/apache/dubbo/registry/multicast/MulticastRegistry.java:[337,12] error: cannot find symbol
06:54:42.436 [Thread-4] ERROR f.i.s.r.p.m.o.MavenFilterOutputHandler - [ERROR] /root/workspace/apache-dubbo-master-10144_repo/dubbo-registry/dubbo-registry-multicast/src/main/java/org/apache/dubbo/registry/multicast/MulticastRegistry.java:[338,16] error: cannot find symbol
06:54:42.436 [Thread-4] ERROR f.i.s.r.p.m.o.MavenFilterOutputHandler - [ERROR] /root/workspace/apache-dubbo-master-10144_repo/dubbo-registry/dubbo-registry-multicast/src/main/java/org/apache/dubbo/registry/multicast/MulticastRegistry.java:[339,20] error: cannot find symbol
06:54:42.436 [Thread-4] ERROR f.i.s.r.p.m.o.MavenFilterOutputHandler - [ERROR] /root/workspace/apache-dubbo-master-10144_repo/dubbo-registry/dubbo-registry-multicast/src/main/java/org/apache/dubbo/registry/multicast/MulticastRegistry.java:[345,35] error: cannot find symbol
06:54:42.437 [Thread-4] ERROR f.i.s.r.p.m.o.MavenFilterOutputHandler - [ERROR] An exception has occurred in the compiler (11.0.4). Please file a bug against the Java compiler via the Java bug reporting page (http://bugreport.java.com) after checking the Bug Database (http://bugs.java.com) for duplicates. Include your program and the following diagnostic in your report. Thank you.
06:54:42.448 [Thread-4] ERROR f.i.s.r.p.m.o.MavenFilterOutputHandler - [ERROR] Failed to execute goal org.apache.maven.plugins:maven-compiler-plugin:3.8.1:compile (default-compile) on project dubbo-registry-multicast: Compilation failure: Compilation failure: 
06:54:42.448 [Thread-4] ERROR f.i.s.r.p.m.o.MavenFilterOutputHandler - [ERROR] /root/workspace/apache-dubbo-master-10144_repo/dubbo-registry/dubbo-registry-multicast/src/main/java/org/apache/dubbo/registry/multicast/MulticastRegistry.java:[19,30] error: package org.apache.dubbo.common does not exist
06:54:42.448 [Thread-4] ERROR f.i.s.r.p.m.o.MavenFilterOutputHandler - [ERROR] /root/workspace/apache-dubbo-master-10144_repo/dubbo-registry/dubbo-registry-multicast/src/main/java/org/apache/dubbo/registry/multicast/MulticastRegistry.java:[20,37] error: package org.apache.dubbo.common.logger does not exist
06:54:42.448 [Thread-4] ERROR f.i.s.r.p.m.o.MavenFilterOutputHandler - [ERROR] /root/workspace/apache-dubbo-master-10144_repo/dubbo-registry/dubbo-registry-multicast/src/main/java/org/apache/dubbo/registry/multicast/MulticastRegistry.java:[21,37] error: package org.apache.dubbo.common.logger does not exist
06:54:42.448 [Thread-4] ERROR f.i.s.r.p.m.o.MavenFilterOutputHandler - [ERROR] /root/workspace/apache-dubbo-master-10144_repo/dubbo-registry/dubbo-registry-multicast/src/main/java/org/apache/dubbo/registry/multicast/MulticastRegistry.java:[22,36] error: package org.apache.dubbo.common.utils does not exist
06:54:42.449 [Thread-4] ERROR f.i.s.r.p.m.o.MavenFilterOutputHandler - [ERROR] /root/workspace/apache-dubbo-master-10144_repo/dubbo-registry/dubbo-registry-multicast/src/main/java/org/apache/dubbo/registry/multicast/MulticastRegistry.java:[23,36] error: package org.apache.dubbo.common.utils does not exist
06:54:42.449 [Thread-4] ERROR f.i.s.r.p.m.o.MavenFilterOutputHandler - [ERROR] /root/workspace/apache-dubbo-master-10144_repo/dubbo-registry/dubbo-registry-multicast/src/main/java/org/apache/dubbo/registry/multicast/MulticastRegistry.java:[24,36] error: package org.apache.dubbo.common.utils does not exist
06:54:42.449 [Thread-4] ERROR f.i.s.r.p.m.o.MavenFilterOutputHandler - [ERROR] /root/workspace/apache-dubbo-master-10144_repo/dubbo-registry/dubbo-registry-multicast/src/main/java/org/apache/dubbo/registry/multicast/MulticastRegistry.java:[25,36] error: package org.apache.dubbo.common.utils does not exist
06:54:42.449 [Thread-4] ERROR f.i.s.r.p.m.o.MavenFilterOutputHandler - [ERROR] /root/workspace/apache-dubbo-master-10144_repo/dubbo-registry/dubbo-registry-multicast/src/main/java/org/apache/dubbo/registry/multicast/MulticastRegistry.java:[26,36] error: package org.apache.dubbo.common.utils does not exist
06:54:42.449 [Thread-4] ERROR f.i.s.r.p.m.o.MavenFilterOutputHandler - [ERROR] /root/workspace/apache-dubbo-master-10144_repo/dubbo-registry/dubbo-registry-multicast/src/main/java/org/apache/dubbo/registry/multicast/MulticastRegistry.java:[27,36] error: package org.apache.dubbo.common.utils does not exist
06:54:42.449 [Thread-4] ERROR f.i.s.r.p.m.o.MavenFilterOutputHandler - [ERROR] /root/workspace/apache-dubbo-master-10144_repo/dubbo-registry/dubbo-registry-multicast/src/main/java/org/apache/dubbo/registry/multicast/MulticastRegistry.java:[30,33] error: package org.apache.dubbo.rpc.model does not exist
06:54:42.450 [Thread-4] ERROR f.i.s.r.p.m.o.MavenFilterOutputHandler - [ERROR] /root/workspace/apache-dubbo-master-10144_repo/dubbo-registry/dubbo-registry-multicast/src/main/java/org/apache/dubbo/registry/multicast/MulticastRegistry.java:[52,47] error: package org.apache.dubbo.common.constants does not exist
06:54:42.450 [Thread-4] ERROR f.i.s.r.p.m.o.MavenFilterOutputHandler - [ERROR] /root/workspace/apache-dubbo-master-10144_repo/dubbo-registry/dubbo-registry-multicast/src/main/java/org/apache/dubbo/registry/multicast/MulticastRegistry.java:[52] error: static import only from classes and interfaces
06:54:42.450 [Thread-4] ERROR f.i.s.r.p.m.o.MavenFilterOutputHandler - [ERROR] /root/workspace/apache-dubbo-master-10144_repo/dubbo-registry/dubbo-registry-multicast/src/main/java/org/apache/dubbo/registry/multicast/MulticastRegistry.java:[53,47] error: package org.apache.dubbo.common.constants does not exist
06:54:42.450 [Thread-4] ERROR f.i.s.r.p.m.o.MavenFilterOutputHandler - [ERROR] /root/workspace/apache-dubbo-master-10144_repo/dubbo-registry/dubbo-registry-multicast/src/main/java/org/apache/dubbo/registry/multicast/MulticastRegistry.java:[53] error: static import only from classes and interfaces
06:54:42.450 [Thread-4] ERROR f.i.s.r.p.m.o.MavenFilterOutputHandler - [ERROR] /root/workspace/apache-dubbo-master-10144_repo/dubbo-registry/dubbo-registry-multicast/src/main/java/org/apache/dubbo/registry/multicast/MulticastRegistry.java:[54,47] error: package org.apache.dubbo.common.constants does not exist
06:54:42.451 [Thread-4] ERROR f.i.s.r.p.m.o.MavenFilterOutputHandler - [ERROR] /root/workspace/apache-dubbo-master-10144_repo/dubbo-registry/dubbo-registry-multicast/src/main/java/org/apache/dubbo/registry/multicast/MulticastRegistry.java:[54] error: static import only from classes and interfaces
06:54:42.451 [Thread-4] ERROR f.i.s.r.p.m.o.MavenFilterOutputHandler - [ERROR] /root/workspace/apache-dubbo-master-10144_repo/dubbo-registry/dubbo-registry-multicast/src/main/java/org/apache/dubbo/registry/multicast/MulticastRegistry.java:[55,47] error: package org.apache.dubbo.common.constants does not exist
06:54:42.451 [Thread-4] ERROR f.i.s.r.p.m.o.MavenFilterOutputHandler - [ERROR] /root/workspace/apache-dubbo-master-10144_repo/dubbo-registry/dubbo-registry-multicast/src/main/java/org/apache/dubbo/registry/multicast/MulticastRegistry.java:[55] error: static import only from classes and interfaces
06:54:42.451 [Thread-4] ERROR f.i.s.r.p.m.o.MavenFilterOutputHandler - [ERROR] /root/workspace/apache-dubbo-master-10144_repo/dubbo-registry/dubbo-registry-multicast/src/main/java/org/apache/dubbo/registry/multicast/MulticastRegistry.java:[56,47] error: package org.apache.dubbo.common.constants does not exist
06:54:42.451 [Thread-4] ERROR f.i.s.r.p.m.o.MavenFilterOutputHandler - [ERROR] /root/workspace/apache-dubbo-master-10144_repo/dubbo-registry/dubbo-registry-multicast/src/main/java/org/apache/dubbo/registry/multicast/MulticastRegistry.java:[56] error: static import only from classes and interfaces
06:54:42.452 [Thread-4] ERROR f.i.s.r.p.m.o.MavenFilterOutputHandler - [ERROR] /root/workspace/apache-dubbo-master-10144_repo/dubbo-registry/dubbo-registry-multicast/src/main/java/org/apache/dubbo/registry/multicast/MulticastRegistry.java:[57,47] error: package org.apache.dubbo.common.constants does not exist
06:54:42.452 [Thread-4] ERROR f.i.s.r.p.m.o.MavenFilterOutputHandler - [ERROR] /root/workspace/apache-dubbo-master-10144_repo/dubbo-registry/dubbo-registry-multicast/src/main/java/org/apache/dubbo/registry/multicast/MulticastRegistry.java:[57] error: static import only from classes and interfaces
06:54:42.452 [Thread-4] ERROR f.i.s.r.p.m.o.MavenFilterOutputHandler - [ERROR] /root/workspace/apache-dubbo-master-10144_repo/dubbo-registry/dubbo-registry-multicast/src/main/java/org/apache/dubbo/registry/multicast/MulticastRegistry.java:[58,47] error: package org.apache.dubbo.common.constants does not exist
06:54:42.452 [Thread-4] ERROR f.i.s.r.p.m.o.MavenFilterOutputHandler - [ERROR] /root/workspace/apache-dubbo-master-10144_repo/dubbo-registry/dubbo-registry-multicast/src/main/java/org/apache/dubbo/registry/multicast/MulticastRegistry.java:[58] error: static import only from classes and interfaces
06:54:42.452 [Thread-4] ERROR f.i.s.r.p.m.o.MavenFilterOutputHandler - [ERROR] /root/workspace/apache-dubbo-master-10144_repo/dubbo-registry/dubbo-registry-multicast/src/main/java/org/apache/dubbo/registry/multicast/MulticastRegistry.java:[71,7] error: cannot access Node
06:54:42.452 [Thread-4] ERROR f.i.s.r.p.m.o.MavenFilterOutputHandler - [ERROR]   class file for org.apache.dubbo.common.Node not found
06:54:42.452 [Thread-4] ERROR f.i.s.r.p.m.o.MavenFilterOutputHandler - [ERROR] /root/workspace/apache-dubbo-master-10144_repo/dubbo-registry/dubbo-registry-multicast/src/main/java/org/apache/dubbo/registry/multicast/MulticastRegistry.java:[74,25] error: cannot find symbol
06:54:42.453 [Thread-4] ERROR f.i.s.r.p.m.o.MavenFilterOutputHandler - [ERROR]   symbol:   class Logger
06:54:42.453 [Thread-4] ERROR f.i.s.r.p.m.o.MavenFilterOutputHandler - [ERROR]   location: class MulticastRegistry
06:54:42.453 [Thread-4] ERROR f.i.s.r.p.m.o.MavenFilterOutputHandler - [ERROR] /root/workspace/apache-dubbo-master-10144_repo/dubbo-registry/dubbo-registry-multicast/src/main/java/org/apache/dubbo/registry/multicast/MulticastRegistry.java:[84,32] error: cannot find symbol
06:54:42.453 [Thread-4] ERROR f.i.s.r.p.m.o.MavenFilterOutputHandler - [ERROR]   symbol:   class URL
06:54:42.453 [Thread-4] ERROR f.i.s.r.p.m.o.MavenFilterOutputHandler - [ERROR]   location: class MulticastRegistry
06:54:42.453 [Thread-4] ERROR f.i.s.r.p.m.o.MavenFilterOutputHandler - [ERROR] /root/workspace/apache-dubbo-master-10144_repo/dubbo-registry/dubbo-registry-multicast/src/main/java/org/apache/dubbo/registry/multicast/MulticastRegistry.java:[84,41] error: cannot find symbol
06:54:42.453 [Thread-4] ERROR f.i.s.r.p.m.o.MavenFilterOutputHandler - [ERROR]   symbol:   class URL
06:54:42.453 [Thread-4] ERROR f.i.s.r.p.m.o.MavenFilterOutputHandler - [ERROR]   location: class MulticastRegistry
06:54:42.453 [Thread-4] ERROR f.i.s.r.p.m.o.MavenFilterOutputHandler - [ERROR] /root/workspace/apache-dubbo-master-10144_repo/dubbo-registry/dubbo-registry-multicast/src/main/java/org/apache/dubbo/registry/multicast/MulticastRegistry.java:[94,29] error: cannot find symbol
06:54:42.453 [Thread-4] ERROR f.i.s.r.p.m.o.MavenFilterOutputHandler - [ERROR]   symbol:   class URL
06:54:42.453 [Thread-4] ERROR f.i.s.r.p.m.o.MavenFilterOutputHandler - [ERROR]   location: class MulticastRegistry
06:54:42.453 [Thread-4] ERROR f.i.s.r.p.m.o.MavenFilterOutputHandler - [ERROR] /root/workspace/apache-dubbo-master-10144_repo/dubbo-registry/dubbo-registry-multicast/src/main/java/org/apache/dubbo/registry/multicast/MulticastRegistry.java:[94,38] error: cannot find symbol
06:54:42.453 [Thread-4] ERROR f.i.s.r.p.m.o.MavenFilterOutputHandler - [ERROR]   symbol:   class ApplicationModel
06:54:42.453 [Thread-4] ERROR f.i.s.r.p.m.o.MavenFilterOutputHandler - [ERROR]   location: class MulticastRegistry
06:54:42.454 [Thread-4] ERROR f.i.s.r.p.m.o.MavenFilterOutputHandler - [ERROR] /root/workspace/apache-dubbo-master-10144_repo/dubbo-registry/dubbo-registry-multicast/src/main/java/org/apache/dubbo/registry/multicast/MulticastRegistry.java:[98,29] error: cannot find symbol
06:54:42.454 [Thread-4] ERROR f.i.s.r.p.m.o.MavenFilterOutputHandler - [ERROR]   symbol:   class URL
06:54:42.454 [Thread-4] ERROR f.i.s.r.p.m.o.MavenFilterOutputHandler - [ERROR]   location: class MulticastRegistry
06:54:42.454 [Thread-4] ERROR f.i.s.r.p.m.o.MavenFilterOutputHandler - [ERROR] /root/workspace/apache-dubbo-master-10144_repo/dubbo-registry/dubbo-registry-multicast/src/main/java/org/apache/dubbo/registry/multicast/MulticastRegistry.java:[183,30] error: cannot find symbol
06:54:42.454 [Thread-4] ERROR f.i.s.r.p.m.o.MavenFilterOutputHandler - [ERROR]   symbol:   class URL
06:54:42.454 [Thread-4] ERROR f.i.s.r.p.m.o.MavenFilterOutputHandler - [ERROR]   location: class MulticastRegistry
06:54:42.454 [Thread-4] ERROR f.i.s.r.p.m.o.MavenFilterOutputHandler - [ERROR] /root/workspace/apache-dubbo-master-10144_repo/dubbo-registry/dubbo-registry-multicast/src/main/java/org/apache/dubbo/registry/multicast/MulticastRegistry.java:[258,27] error: cannot find symbol
06:54:42.454 [Thread-4] ERROR f.i.s.r.p.m.o.MavenFilterOutputHandler - [ERROR]   symbol:   class URL
06:54:42.454 [Thread-4] ERROR f.i.s.r.p.m.o.MavenFilterOutputHandler - [ERROR]   location: class MulticastRegistry
06:54:42.454 [Thread-4] ERROR f.i.s.r.p.m.o.MavenFilterOutputHandler - [ERROR] /root/workspace/apache-dubbo-master-10144_repo/dubbo-registry/dubbo-registry-multicast/src/main/java/org/apache/dubbo/registry/multicast/MulticastRegistry.java:[263,29] error: cannot find symbol
06:54:42.454 [Thread-4] ERROR f.i.s.r.p.m.o.MavenFilterOutputHandler - [ERROR]   symbol:   class URL
06:54:42.454 [Thread-4] ERROR f.i.s.r.p.m.o.MavenFilterOutputHandler - [ERROR]   location: class MulticastRegistry
06:54:42.454 [Thread-4] ERROR f.i.s.r.p.m.o.MavenFilterOutputHandler - [ERROR] /root/workspace/apache-dubbo-master-10144_repo/dubbo-registry/dubbo-registry-multicast/src/main/java/org/apache/dubbo/registry/multicast/MulticastRegistry.java:[268,28] error: cannot find symbol
06:54:42.455 [Thread-4] ERROR f.i.s.r.p.m.o.MavenFilterOutputHandler - [ERROR]   symbol:   class URL
06:54:42.455 [Thread-4] ERROR f.i.s.r.p.m.o.MavenFilterOutputHandler - [ERROR]   location: class MulticastRegistry
06:54:42.455 [Thread-4] ERROR f.i.s.r.p.m.o.MavenFilterOutputHandler - [ERROR] /root/workspace/apache-dubbo-master-10144_repo/dubbo-registry/dubbo-registry-multicast/src/main/java/org/apache/dubbo/registry/multicast/MulticastRegistry.java:[282,30] error: cannot find symbol
06:54:42.455 [Thread-4] ERROR f.i.s.r.p.m.o.MavenFilterOutputHandler - [ERROR]   symbol:   class URL
06:54:42.455 [Thread-4] ERROR f.i.s.r.p.m.o.MavenFilterOutputHandler - [ERROR]   location: class MulticastRegistry
06:54:42.455 [Thread-4] ERROR f.i.s.r.p.m.o.MavenFilterOutputHandler - [ERROR] /root/workspace/apache-dubbo-master-10144_repo/dubbo-registry/dubbo-registry-multicast/src/main/java/org/apache/dubbo/registry/multicast/MulticastRegistry.java:[318,30] error: cannot find symbol
06:54:42.455 [Thread-4] ERROR f.i.s.r.p.m.o.MavenFilterOutputHandler - [ERROR]   symbol:   class URL
06:54:42.455 [Thread-4] ERROR f.i.s.r.p.m.o.MavenFilterOutputHandler - [ERROR]   location: class MulticastRegistry
06:54:42.455 [Thread-4] ERROR f.i.s.r.p.m.o.MavenFilterOutputHandler - [ERROR] /root/workspace/apache-dubbo-master-10144_repo/dubbo-registry/dubbo-registry-multicast/src/main/java/org/apache/dubbo/registry/multicast/MulticastRegistry.java:[335,32] error: cannot find symbol
06:54:42.455 [Thread-4] ERROR f.i.s.r.p.m.o.MavenFilterOutputHandler - [ERROR]   symbol:   class URL
06:54:42.455 [Thread-4] ERROR f.i.s.r.p.m.o.MavenFilterOutputHandler - [ERROR]   location: class MulticastRegistry
06:54:42.455 [Thread-4] ERROR f.i.s.r.p.m.o.MavenFilterOutputHandler - [ERROR] /root/workspace/apache-dubbo-master-10144_repo/dubbo-registry/dubbo-registry-multicast/src/main/java/org/apache/dubbo/registry/multicast/MulticastRegistry.java:[358,30] error: cannot find symbol
06:54:42.455 [Thread-4] ERROR f.i.s.r.p.m.o.MavenFilterOutputHandler - [ERROR]   symbol:   class URL
06:54:42.455 [Thread-4] ERROR f.i.s.r.p.m.o.MavenFilterOutputHandler - [ERROR]   location: class MulticastRegistry
06:54:42.456 [Thread-4] ERROR f.i.s.r.p.m.o.MavenFilterOutputHandler - [ERROR] /root/workspace/apache-dubbo-master-10144_repo/dubbo-registry/dubbo-registry-multicast/src/main/java/org/apache/dubbo/registry/multicast/MulticastRegistry.java:[363,33] error: cannot find symbol
06:54:42.456 [Thread-4] ERROR f.i.s.r.p.m.o.MavenFilterOutputHandler - [ERROR]   symbol:   class URL
06:54:42.456 [Thread-4] ERROR f.i.s.r.p.m.o.MavenFilterOutputHandler - [ERROR]   location: class MulticastRegistry
06:54:42.456 [Thread-4] ERROR f.i.s.r.p.m.o.MavenFilterOutputHandler - [ERROR] /root/workspace/apache-dubbo-master-10144_repo/dubbo-registry/dubbo-registry-multicast/src/main/java/org/apache/dubbo/registry/multicast/MulticastRegistry.java:[363,17] error: cannot find symbol
06:54:42.456 [Thread-4] ERROR f.i.s.r.p.m.o.MavenFilterOutputHandler - [ERROR]   symbol:   class URL
06:54:42.456 [Thread-4] ERROR f.i.s.r.p.m.o.MavenFilterOutputHandler - [ERROR]   location: class MulticastRegistry
06:54:42.456 [Thread-4] ERROR f.i.s.r.p.m.o.MavenFilterOutputHandler - [ERROR] /root/workspace/apache-dubbo-master-10144_repo/dubbo-registry/dubbo-registry-multicast/src/main/java/org/apache/dubbo/registry/multicast/MulticastRegistry.java:[372,25] error: cannot find symbol
06:54:42.456 [Thread-4] ERROR f.i.s.r.p.m.o.MavenFilterOutputHandler - [ERROR]   symbol:   class URL
06:54:42.456 [Thread-4] ERROR f.i.s.r.p.m.o.MavenFilterOutputHandler - [ERROR]   location: class MulticastRegistry
06:54:42.456 [Thread-4] ERROR f.i.s.r.p.m.o.MavenFilterOutputHandler - [ERROR] /root/workspace/apache-dubbo-master-10144_repo/dubbo-registry/dubbo-registry-multicast/src/main/java/org/apache/dubbo/registry/multicast/MulticastRegistry.java:[378,27] error: cannot find symbol
06:54:42.456 [Thread-4] ERROR f.i.s.r.p.m.o.MavenFilterOutputHandler - [ERROR]   symbol:   class URL
06:54:42.456 [Thread-4] ERROR f.i.s.r.p.m.o.MavenFilterOutputHandler - [ERROR]   location: class MulticastRegistry
06:54:42.456 [Thread-4] ERROR f.i.s.r.p.m.o.MavenFilterOutputHandler - [ERROR] /root/workspace/apache-dubbo-master-10144_repo/dubbo-registry/dubbo-registry-multicast/src/main/java/org/apache/dubbo/registry/multicast/MulticastRegistry.java:[384,26] error: cannot find symbol
06:54:42.456 [Thread-4] ERROR f.i.s.r.p.m.o.MavenFilterOutputHandler - [ERROR]   symbol:   class URL
06:54:42.457 [Thread-4] ERROR f.i.s.r.p.m.o.MavenFilterOutputHandler - [ERROR]   location: class MulticastRegistry
06:54:42.457 [Thread-4] ERROR f.i.s.r.p.m.o.MavenFilterOutputHandler - [ERROR] /root/workspace/apache-dubbo-master-10144_repo/dubbo-registry/dubbo-registry-multicast/src/main/java/org/apache/dubbo/registry/multicast/MulticastRegistry.java:[390,28] error: cannot find symbol
06:54:42.457 [Thread-4] ERROR f.i.s.r.p.m.o.MavenFilterOutputHandler - [ERROR]   symbol:   class URL
06:54:42.457 [Thread-4] ERROR f.i.s.r.p.m.o.MavenFilterOutputHandler - [ERROR]   location: class MulticastRegistry
06:54:42.457 [Thread-4] ERROR f.i.s.r.p.m.o.MavenFilterOutputHandler - [ERROR] /root/workspace/apache-dubbo-master-10144_repo/dubbo-registry/dubbo-registry-multicast/src/main/java/org/apache/dubbo/registry/multicast/MulticastRegistry.java:[396,28] error: cannot find symbol
06:54:42.457 [Thread-4] ERROR f.i.s.r.p.m.o.MavenFilterOutputHandler - [ERROR]   symbol:   class URL
06:54:42.457 [Thread-4] ERROR f.i.s.r.p.m.o.MavenFilterOutputHandler - [ERROR]   location: class MulticastRegistry
06:54:42.457 [Thread-4] ERROR f.i.s.r.p.m.o.MavenFilterOutputHandler - [ERROR] /root/workspace/apache-dubbo-master-10144_repo/dubbo-registry/dubbo-registry-multicast/src/main/java/org/apache/dubbo/registry/multicast/MulticastRegistry.java:[396,16] error: cannot find symbol
06:54:42.457 [Thread-4] ERROR f.i.s.r.p.m.o.MavenFilterOutputHandler - [ERROR]   symbol:   class URL
06:54:42.457 [Thread-4] ERROR f.i.s.r.p.m.o.MavenFilterOutputHandler - [ERROR]   location: class MulticastRegistry
06:54:42.457 [Thread-4] ERROR f.i.s.r.p.m.o.MavenFilterOutputHandler - [ERROR] /root/workspace/apache-dubbo-master-10144_repo/dubbo-registry/dubbo-registry-multicast/src/main/java/org/apache/dubbo/registry/multicast/MulticastRegistry.java:[431,15] error: cannot find symbol
06:54:42.457 [Thread-4] ERROR f.i.s.r.p.m.o.MavenFilterOutputHandler - [ERROR]   symbol:   class URL
06:54:42.458 [Thread-4] ERROR f.i.s.r.p.m.o.MavenFilterOutputHandler - [ERROR]   location: class MulticastRegistry
06:54:42.458 [Thread-4] ERROR f.i.s.r.p.m.o.MavenFilterOutputHandler - [ERROR] /root/workspace/apache-dubbo-master-10144_repo/dubbo-registry/dubbo-registry-multicast/src/main/java/org/apache/dubbo/registry/multicast/MulticastRegistry.java:[431,24] error: cannot find symbol
06:54:42.458 [Thread-4] ERROR f.i.s.r.p.m.o.MavenFilterOutputHandler - [ERROR]   symbol:   class URL
06:54:42.458 [Thread-4] ERROR f.i.s.r.p.m.o.MavenFilterOutputHandler - [ERROR]   location: class MulticastRegistry
06:54:42.458 [Thread-4] ERROR f.i.s.r.p.m.o.MavenFilterOutputHandler - [ERROR] (source unavailable)
06:54:42.458 [Thread-4] ERROR f.i.s.r.p.m.o.MavenFilterOutputHandler - [ERROR] (source unavailable)
06:54:42.458 [Thread-4] ERROR f.i.s.r.p.m.o.MavenFilterOutputHandler - [ERROR] (source unavailable)
06:54:42.458 [Thread-4] ERROR f.i.s.r.p.m.o.MavenFilterOutputHandler - [ERROR] /root/workspace/apache-dubbo-master-10144_repo/dubbo-registry/dubbo-registry-multicast/src/main/java/org/apache/dubbo/registry/multicast/MulticastServiceDiscoveryFactory.java: error: package org.apache.dubbo.common does not exist
06:54:42.458 [Thread-4] ERROR f.i.s.r.p.m.o.MavenFilterOutputHandler - [ERROR] (source unavailable)
06:54:42.458 [Thread-4] ERROR f.i.s.r.p.m.o.MavenFilterOutputHandler - [ERROR] (source unavailable)
06:54:42.458 [Thread-4] ERROR f.i.s.r.p.m.o.MavenFilterOutputHandler - [ERROR] (source unavailable)
06:54:42.458 [Thread-4] ERROR f.i.s.r.p.m.o.MavenFilterOutputHandler - [ERROR] /root/workspace/apache-dubbo-master-10144_repo/dubbo-registry/dubbo-registry-multicast/src/main/java/org/apache/dubbo/registry/multicast/MulticastServiceDiscoveryFactory.java:0: error: cannot access ScopeModelAware
06:54:42.458 [Thread-4] ERROR f.i.s.r.p.m.o.MavenFilterOutputHandler - [ERROR]   class file for org.apache.dubbo.rpc.model.ScopeModelAware not found
06:54:42.458 [Thread-4] ERROR f.i.s.r.p.m.o.MavenFilterOutputHandler - [ERROR] (source unavailable)
06:54:42.458 [Thread-4] ERROR f.i.s.r.p.m.o.MavenFilterOutputHandler - [ERROR] (source unavailable)
06:54:42.458 [Thread-4] ERROR f.i.s.r.p.m.o.MavenFilterOutputHandler - [ERROR] (source unavailable)
06:54:42.458 [Thread-4] ERROR f.i.s.r.p.m.o.MavenFilterOutputHandler - [ERROR] /root/workspace/apache-dubbo-master-10144_repo/dubbo-registry/dubbo-registry-multicast/src/main/java/org/apache/dubbo/registry/multicast/MulticastServiceDiscoveryFactory.java:0: error: cannot find symbol
06:54:42.458 [Thread-4] ERROR f.i.s.r.p.m.o.MavenFilterOutputHandler - [ERROR]   symbol:   class URL
06:54:42.459 [Thread-4] ERROR f.i.s.r.p.m.o.MavenFilterOutputHandler - [ERROR]   location: class MulticastServiceDiscoveryFactory
06:54:42.459 [Thread-4] ERROR f.i.s.r.p.m.o.MavenFilterOutputHandler - [ERROR] (source unavailable)
06:54:42.459 [Thread-4] ERROR f.i.s.r.p.m.o.MavenFilterOutputHandler - [ERROR] (source unavailable)
06:54:42.459 [Thread-4] ERROR f.i.s.r.p.m.o.MavenFilterOutputHandler - [ERROR] (source unavailable)
06:54:42.459 [Thread-4] ERROR f.i.s.r.p.m.o.MavenFilterOutputHandler - [ERROR] /root/workspace/apache-dubbo-master-10144_repo/dubbo-registry/dubbo-registry-multicast/src/main/java/org/apache/dubbo/registry/multicast/MulticastServiceDiscovery.java:0: error: package org.apache.dubbo.rpc.model does not exist
06:54:42.459 [Thread-4] ERROR f.i.s.r.p.m.o.MavenFilterOutputHandler - [ERROR] (source unavailable)
06:54:42.459 [Thread-4] ERROR f.i.s.r.p.m.o.MavenFilterOutputHandler - [ERROR] (source unavailable)
06:54:42.459 [Thread-4] ERROR f.i.s.r.p.m.o.MavenFilterOutputHandler - [ERROR] (source unavailable)
06:54:42.459 [Thread-4] ERROR f.i.s.r.p.m.o.MavenFilterOutputHandler - [ERROR] /root/workspace/apache-dubbo-master-10144_repo/dubbo-registry/dubbo-registry-multicast/src/main/java/org/apache/dubbo/registry/multicast/MulticastServiceDiscovery.java:0: error: cannot access Prioritized
06:54:42.459 [Thread-4] ERROR f.i.s.r.p.m.o.MavenFilterOutputHandler - [ERROR]   class file for org.apache.dubbo.common.lang.Prioritized not found
06:54:42.459 [Thread-4] ERROR f.i.s.r.p.m.o.MavenFilterOutputHandler - [ERROR] (source unavailable)
06:54:42.459 [Thread-4] ERROR f.i.s.r.p.m.o.MavenFilterOutputHandler - [ERROR] (source unavailable)
06:54:42.459 [Thread-4] ERROR f.i.s.r.p.m.o.MavenFilterOutputHandler - [ERROR] (source unavailable)
06:54:42.459 [Thread-4] ERROR f.i.s.r.p.m.o.MavenFilterOutputHandler - [ERROR] /root/workspace/apache-dubbo-master-10144_repo/dubbo-registry/dubbo-registry-multicast/src/main/java/org/apache/dubbo/registry/multicast/MulticastServiceDiscovery.java:0: error: cannot find symbol
06:54:42.459 [Thread-4] ERROR f.i.s.r.p.m.o.MavenFilterOutputHandler - [ERROR]   symbol:   class ApplicationModel
06:54:42.459 [Thread-4] ERROR f.i.s.r.p.m.o.MavenFilterOutputHandler - [ERROR]   location: class MulticastServiceDiscovery
06:54:42.459 [Thread-4] ERROR f.i.s.r.p.m.o.MavenFilterOutputHandler - [ERROR] (source unavailable)
06:54:42.459 [Thread-4] ERROR f.i.s.r.p.m.o.MavenFilterOutputHandler - [ERROR] (source unavailable)
06:54:42.459 [Thread-4] ERROR f.i.s.r.p.m.o.MavenFilterOutputHandler - [ERROR] (source unavailable)
06:54:42.460 [Thread-4] ERROR f.i.s.r.p.m.o.MavenFilterOutputHandler - [ERROR] /root/workspace/apache-dubbo-master-10144_repo/dubbo-registry/dubbo-registry-multicast/src/main/java/org/apache/dubbo/registry/multicast/MulticastServiceDiscovery.java:0: error: cannot find symbol
06:54:42.460 [Thread-4] ERROR f.i.s.r.p.m.o.MavenFilterOutputHandler - [ERROR]   symbol:   class URL
06:54:42.460 [Thread-4] ERROR f.i.s.r.p.m.o.MavenFilterOutputHandler - [ERROR]   location: class MulticastServiceDiscovery
06:54:42.460 [Thread-4] ERROR f.i.s.r.p.m.o.MavenFilterOutputHandler - [ERROR] (source unavailable)
06:54:42.460 [Thread-4] ERROR f.i.s.r.p.m.o.MavenFilterOutputHandler - [ERROR] (source unavailable)
06:54:42.460 [Thread-4] ERROR f.i.s.r.p.m.o.MavenFilterOutputHandler - [ERROR] (source unavailable)
06:54:42.460 [Thread-4] ERROR f.i.s.r.p.m.o.MavenFilterOutputHandler - [ERROR] /root/workspace/apache-dubbo-master-10144_repo/dubbo-registry/dubbo-registry-multicast/src/main/java/org/apache/dubbo/registry/multicast/MulticastServiceDiscovery.java:0: error: cannot find symbol
06:54:42.460 [Thread-4] ERROR f.i.s.r.p.m.o.MavenFilterOutputHandler - [ERROR]   symbol:   class URL
06:54:42.460 [Thread-4] ERROR f.i.s.r.p.m.o.MavenFilterOutputHandler - [ERROR]   location: class MulticastServiceDiscovery
06:54:42.460 [Thread-4] ERROR f.i.s.r.p.m.o.MavenFilterOutputHandler - [ERROR] (source unavailable)
06:54:42.460 [Thread-4] ERROR f.i.s.r.p.m.o.MavenFilterOutputHandler - [ERROR] (source unavailable)
06:54:42.460 [Thread-4] ERROR f.i.s.r.p.m.o.MavenFilterOutputHandler - [ERROR] (source unavailable)
06:54:42.460 [Thread-4] ERROR f.i.s.r.p.m.o.MavenFilterOutputHandler - [ERROR] /root/workspace/apache-dubbo-master-10144_repo/dubbo-registry/dubbo-registry-multicast/src/main/java/org/apache/dubbo/registry/multicast/MulticastServiceDiscovery.java:0: error: cannot find symbol
06:54:42.460 [Thread-4] ERROR f.i.s.r.p.m.o.MavenFilterOutputHandler - [ERROR]   symbol:   class URL
06:54:42.460 [Thread-4] ERROR f.i.s.r.p.m.o.MavenFilterOutputHandler - [ERROR]   location: class MulticastServiceDiscovery
06:54:42.460 [Thread-4] ERROR f.i.s.r.p.m.o.MavenFilterOutputHandler - [ERROR] (source unavailable)
06:54:42.460 [Thread-4] ERROR f.i.s.r.p.m.o.MavenFilterOutputHandler - [ERROR] (source unavailable)
06:54:42.460 [Thread-4] ERROR f.i.s.r.p.m.o.MavenFilterOutputHandler - [ERROR] (source unavailable)
06:54:42.461 [Thread-4] ERROR f.i.s.r.p.m.o.MavenFilterOutputHandler - [ERROR] /root/workspace/apache-dubbo-master-10144_repo/dubbo-registry/dubbo-registry-multicast/src/main/java/org/apache/dubbo/registry/multicast/MulticastRegistryFactory.java:0: error: cannot find symbol
06:54:42.461 [Thread-4] ERROR f.i.s.r.p.m.o.MavenFilterOutputHandler - [ERROR]   symbol:   class URL
06:54:42.461 [Thread-4] ERROR f.i.s.r.p.m.o.MavenFilterOutputHandler - [ERROR]   location: class MulticastRegistryFactory
06:54:42.461 [Thread-4] ERROR f.i.s.r.p.m.o.MavenFilterOutputHandler - [ERROR] /root/workspace/apache-dubbo-master-10144_repo/dubbo-registry/dubbo-registry-multicast/src/main/java/org/apache/dubbo/registry/multicast/MulticastRegistry.java:74: error: cannot find symbol
06:54:42.461 [Thread-4] ERROR f.i.s.r.p.m.o.MavenFilterOutputHandler - [ERROR]   symbol:   variable LoggerFactory
06:54:42.461 [Thread-4] ERROR f.i.s.r.p.m.o.MavenFilterOutputHandler - [ERROR]   location: class MulticastRegistry
06:54:42.461 [Thread-4] ERROR f.i.s.r.p.m.o.MavenFilterOutputHandler - [ERROR] /root/workspace/apache-dubbo-master-10144_repo/dubbo-registry/dubbo-registry-multicast/src/main/java/org/apache/dubbo/registry/multicast/MulticastRegistry.java:[84,80] error: cannot find symbol
06:54:42.461 [Thread-4] ERROR f.i.s.r.p.m.o.MavenFilterOutputHandler - [ERROR]   symbol:   class URL
06:54:42.461 [Thread-4] ERROR f.i.s.r.p.m.o.MavenFilterOutputHandler - [ERROR]   location: class MulticastRegistry
06:54:42.461 [Thread-4] ERROR f.i.s.r.p.m.o.MavenFilterOutputHandler - [ERROR] /root/workspace/apache-dubbo-master-10144_repo/dubbo-registry/dubbo-registry-multicast/src/main/java/org/apache/dubbo/registry/multicast/MulticastRegistry.java:[84,89] error: cannot find symbol
06:54:42.461 [Thread-4] ERROR f.i.s.r.p.m.o.MavenFilterOutputHandler - [ERROR]   symbol:   class URL
06:54:42.461 [Thread-4] ERROR f.i.s.r.p.m.o.MavenFilterOutputHandler - [ERROR]   location: class MulticastRegistry
06:54:42.461 [Thread-4] ERROR f.i.s.r.p.m.o.MavenFilterOutputHandler - [ERROR] /root/workspace/apache-dubbo-master-10144_repo/dubbo-registry/dubbo-registry-multicast/src/main/java/org/apache/dubbo/registry/multicast/MulticastRegistry.java:[86,99] error: cannot find symbol
06:54:42.462 [Thread-4] ERROR f.i.s.r.p.m.o.MavenFilterOutputHandler - [ERROR]   symbol:   class NamedThreadFactory
06:54:42.462 [Thread-4] ERROR f.i.s.r.p.m.o.MavenFilterOutputHandler - [ERROR]   location: class MulticastRegistry
06:54:42.462 [Thread-4] ERROR f.i.s.r.p.m.o.MavenFilterOutputHandler - [ERROR] /root/workspace/apache-dubbo-master-10144_repo/dubbo-registry/dubbo-registry-multicast/src/main/java/org/apache/dubbo/registry/multicast/MulticastRegistry.java:[109,12] error: cannot find symbol
06:54:42.462 [Thread-4] ERROR f.i.s.r.p.m.o.MavenFilterOutputHandler - [ERROR]   symbol:   variable NetUtils
06:54:42.462 [Thread-4] ERROR f.i.s.r.p.m.o.MavenFilterOutputHandler - [ERROR]   location: class MulticastRegistry
06:54:42.462 [Thread-4] ERROR f.i.s.r.p.m.o.MavenFilterOutputHandler - [ERROR] /root/workspace/apache-dubbo-master-10144_repo/dubbo-registry/dubbo-registry-multicast/src/main/java/org/apache/dubbo/registry/multicast/MulticastRegistry.java:[170,54] error: cannot find symbol
06:54:42.462 [Thread-4] ERROR f.i.s.r.p.m.o.MavenFilterOutputHandler - [ERROR]   symbol:   class URL
06:54:42.462 [Thread-4] ERROR f.i.s.r.p.m.o.MavenFilterOutputHandler - [ERROR]   location: class MulticastRegistry
06:54:42.462 [Thread-4] ERROR f.i.s.r.p.m.o.MavenFilterOutputHandler - [ERROR] /root/workspace/apache-dubbo-master-10144_repo/dubbo-registry/dubbo-registry-multicast/src/main/java/org/apache/dubbo/registry/multicast/MulticastRegistry.java:[170,21] error: cannot find symbol
06:54:42.462 [Thread-4] ERROR f.i.s.r.p.m.o.MavenFilterOutputHandler - [ERROR]   symbol:   class URL
06:54:42.462 [Thread-4] ERROR f.i.s.r.p.m.o.MavenFilterOutputHandler - [ERROR]   location: class MulticastRegistry
06:54:42.462 [Thread-4] ERROR f.i.s.r.p.m.o.MavenFilterOutputHandler - [ERROR] /root/workspace/apache-dubbo-master-10144_repo/dubbo-registry/dubbo-registry-multicast/src/main/java/org/apache/dubbo/registry/multicast/MulticastRegistry.java:[171,43] error: cannot find symbol
06:54:42.462 [Thread-4] ERROR f.i.s.r.p.m.o.MavenFilterOutputHandler - [ERROR]   symbol:   class URL
06:54:42.462 [Thread-4] ERROR f.i.s.r.p.m.o.MavenFilterOutputHandler - [ERROR]   location: class MulticastRegistry
06:54:42.463 [Thread-4] ERROR f.i.s.r.p.m.o.MavenFilterOutputHandler - [ERROR] /root/workspace/apache-dubbo-master-10144_repo/dubbo-registry/dubbo-registry-multicast/src/main/java/org/apache/dubbo/registry/multicast/MulticastRegistry.java:[171,21] error: cannot find symbol
06:54:42.463 [Thread-4] ERROR f.i.s.r.p.m.o.MavenFilterOutputHandler - [ERROR]   symbol:   class URL
06:54:42.463 [Thread-4] ERROR f.i.s.r.p.m.o.MavenFilterOutputHandler - [ERROR]   location: class MulticastRegistry
06:54:42.463 [Thread-4] ERROR f.i.s.r.p.m.o.MavenFilterOutputHandler - [ERROR] /root/workspace/apache-dubbo-master-10144_repo/dubbo-registry/dubbo-registry-multicast/src/main/java/org/apache/dubbo/registry/multicast/MulticastRegistry.java:[184,30] error: cannot find symbol
06:54:42.463 [Thread-4] ERROR f.i.s.r.p.m.o.MavenFilterOutputHandler - [ERROR]   symbol:   variable DYNAMIC_KEY
06:54:42.463 [Thread-4] ERROR f.i.s.r.p.m.o.MavenFilterOutputHandler - [ERROR]   location: class MulticastRegistry
06:54:42.463 [Thread-4] ERROR f.i.s.r.p.m.o.MavenFilterOutputHandler - [ERROR] /root/workspace/apache-dubbo-master-10144_repo/dubbo-registry/dubbo-registry-multicast/src/main/java/org/apache/dubbo/registry/multicast/MulticastRegistry.java:[184,121] error: cannot find symbol
06:54:42.463 [Thread-4] ERROR f.i.s.r.p.m.o.MavenFilterOutputHandler - [ERROR]   symbol:   variable ROUTE_PROTOCOL
06:54:42.463 [Thread-4] ERROR f.i.s.r.p.m.o.MavenFilterOutputHandler - [ERROR]   location: class MulticastRegistry
06:54:42.463 [Thread-4] ERROR f.i.s.r.p.m.o.MavenFilterOutputHandler - [ERROR] /root/workspace/apache-dubbo-master-10144_repo/dubbo-registry/dubbo-registry-multicast/src/main/java/org/apache/dubbo/registry/multicast/MulticastRegistry.java:[184,165] error: cannot find symbol
06:54:42.463 [Thread-4] ERROR f.i.s.r.p.m.o.MavenFilterOutputHandler - [ERROR]   symbol:   variable OVERRIDE_PROTOCOL
06:54:42.463 [Thread-4] ERROR f.i.s.r.p.m.o.MavenFilterOutputHandler - [ERROR]   location: class MulticastRegistry
06:54:42.464 [Thread-4] ERROR f.i.s.r.p.m.o.MavenFilterOutputHandler - [ERROR] /root/workspace/apache-dubbo-master-10144_repo/dubbo-registry/dubbo-registry-multicast/src/main/java/org/apache/dubbo/registry/multicast/MulticastRegistry.java:[206,12] error: cannot find symbol
06:54:42.464 [Thread-4] ERROR f.i.s.r.p.m.o.MavenFilterOutputHandler - [ERROR]   symbol:   class URL
06:54:42.464 [Thread-4] ERROR f.i.s.r.p.m.o.MavenFilterOutputHandler - [ERROR]   location: class MulticastRegistry
06:54:42.464 [Thread-4] ERROR f.i.s.r.p.m.o.MavenFilterOutputHandler - [ERROR] /root/workspace/apache-dubbo-master-10144_repo/dubbo-registry/dubbo-registry-multicast/src/main/java/org/apache/dubbo/registry/multicast/MulticastRegistry.java:[206,22] error: cannot find symbol
06:54:42.464 [Thread-4] ERROR f.i.s.r.p.m.o.MavenFilterOutputHandler - [ERROR]   symbol:   variable URL
06:54:42.464 [Thread-4] ERROR f.i.s.r.p.m.o.MavenFilterOutputHandler - [ERROR]   location: class MulticastRegistry
06:54:42.464 [Thread-4] ERROR f.i.s.r.p.m.o.MavenFilterOutputHandler - [ERROR] /root/workspace/apache-dubbo-master-10144_repo/dubbo-registry/dubbo-registry-multicast/src/main/java/org/apache/dubbo/registry/multicast/MulticastRegistry.java:[209,12] error: cannot find symbol
06:54:42.464 [Thread-4] ERROR f.i.s.r.p.m.o.MavenFilterOutputHandler - [ERROR]   symbol:   class URL
06:54:42.464 [Thread-4] ERROR f.i.s.r.p.m.o.MavenFilterOutputHandler - [ERROR]   location: class MulticastRegistry
06:54:42.464 [Thread-4] ERROR f.i.s.r.p.m.o.MavenFilterOutputHandler - [ERROR] /root/workspace/apache-dubbo-master-10144_repo/dubbo-registry/dubbo-registry-multicast/src/main/java/org/apache/dubbo/registry/multicast/MulticastRegistry.java:[209,22] error: cannot find symbol
06:54:42.464 [Thread-4] ERROR f.i.s.r.p.m.o.MavenFilterOutputHandler - [ERROR]   symbol:   variable URL
06:54:42.464 [Thread-4] ERROR f.i.s.r.p.m.o.MavenFilterOutputHandler - [ERROR]   location: class MulticastRegistry
06:54:42.465 [Thread-4] ERROR f.i.s.r.p.m.o.MavenFilterOutputHandler - [ERROR] /root/workspace/apache-dubbo-master-10144_repo/dubbo-registry/dubbo-registry-multicast/src/main/java/org/apache/dubbo/registry/multicast/MulticastRegistry.java:[212,12] error: cannot find symbol
06:54:42.465 [Thread-4] ERROR f.i.s.r.p.m.o.MavenFilterOutputHandler - [ERROR]   symbol:   class URL
06:54:42.465 [Thread-4] ERROR f.i.s.r.p.m.o.MavenFilterOutputHandler - [ERROR]   location: class MulticastRegistry
06:54:42.465 [Thread-4] ERROR f.i.s.r.p.m.o.MavenFilterOutputHandler - [ERROR] /root/workspace/apache-dubbo-master-10144_repo/dubbo-registry/dubbo-registry-multicast/src/main/java/org/apache/dubbo/registry/multicast/MulticastRegistry.java:[212,22] error: cannot find symbol
06:54:42.465 [Thread-4] ERROR f.i.s.r.p.m.o.MavenFilterOutputHandler - [ERROR]   symbol:   variable URL
06:54:42.465 [Thread-4] ERROR f.i.s.r.p.m.o.MavenFilterOutputHandler - [ERROR]   location: class MulticastRegistry
06:54:42.465 [Thread-4] ERROR f.i.s.r.p.m.o.MavenFilterOutputHandler - [ERROR] /root/workspace/apache-dubbo-master-10144_repo/dubbo-registry/dubbo-registry-multicast/src/main/java/org/apache/dubbo/registry/multicast/MulticastRegistry.java:[213,16] error: cannot find symbol
06:54:42.465 [Thread-4] ERROR f.i.s.r.p.m.o.MavenFilterOutputHandler - [ERROR]   symbol:   class URL
06:54:42.465 [Thread-4] ERROR f.i.s.r.p.m.o.MavenFilterOutputHandler - [ERROR]   location: class MulticastRegistry
06:54:42.465 [Thread-4] ERROR f.i.s.r.p.m.o.MavenFilterOutputHandler - [ERROR] /root/workspace/apache-dubbo-master-10144_repo/dubbo-registry/dubbo-registry-multicast/src/main/java/org/apache/dubbo/registry/multicast/MulticastRegistry.java:[214,16] error: cannot find symbol
06:54:42.465 [Thread-4] ERROR f.i.s.r.p.m.o.MavenFilterOutputHandler - [ERROR]   symbol:   variable CollectionUtils
06:54:42.465 [Thread-4] ERROR f.i.s.r.p.m.o.MavenFilterOutputHandler - [ERROR]   location: class MulticastRegistry
06:54:42.465 [Thread-4] ERROR f.i.s.r.p.m.o.MavenFilterOutputHandler - [ERROR] /root/workspace/apache-dubbo-master-10144_repo/dubbo-registry/dubbo-registry-multicast/src/main/java/org/apache/dubbo/registry/multicast/MulticastRegistry.java:[215,21] error: cannot find symbol
06:54:42.465 [Thread-4] ERROR f.i.s.r.p.m.o.MavenFilterOutputHandler - [ERROR]   symbol:   class URL
06:54:42.465 [Thread-4] ERROR f.i.s.r.p.m.o.MavenFilterOutputHandler - [ERROR]   location: class MulticastRegistry
06:54:42.466 [Thread-4] ERROR f.i.s.r.p.m.o.MavenFilterOutputHandler - [ERROR] /root/workspace/apache-dubbo-master-10144_repo/dubbo-registry/dubbo-registry-multicast/src/main/java/org/apache/dubbo/registry/multicast/MulticastRegistry.java:[216,24] error: cannot find symbol
06:54:42.466 [Thread-4] ERROR f.i.s.r.p.m.o.MavenFilterOutputHandler - [ERROR]   symbol:   variable UrlUtils
06:54:42.466 [Thread-4] ERROR f.i.s.r.p.m.o.MavenFilterOutputHandler - [ERROR]   location: class MulticastRegistry
06:54:42.466 [Thread-4] ERROR f.i.s.r.p.m.o.MavenFilterOutputHandler - [ERROR] /root/workspace/apache-dubbo-master-10144_repo/dubbo-registry/dubbo-registry-multicast/src/main/java/org/apache/dubbo/registry/multicast/MulticastRegistry.java:[219,36] error: cannot find symbol
06:54:42.466 [Thread-4] ERROR f.i.s.r.p.m.o.MavenFilterOutputHandler - [ERROR]   symbol:   variable NetUtils
06:54:42.466 [Thread-4] ERROR f.i.s.r.p.m.o.MavenFilterOutputHandler - [ERROR]   location: class MulticastRegistry
06:54:42.466 [Thread-4] ERROR f.i.s.r.p.m.o.MavenFilterOutputHandler - [ERROR] /root/workspace/apache-dubbo-master-10144_repo/dubbo-registry/dubbo-registry-multicast/src/main/java/org/apache/dubbo/registry/multicast/MulticastRegistry.java:[269,12] error: cannot find symbol
06:54:42.466 [Thread-4] ERROR f.i.s.r.p.m.o.MavenFilterOutputHandler - [ERROR]   symbol:   variable ANY_VALUE
06:54:42.466 [Thread-4] ERROR f.i.s.r.p.m.o.MavenFilterOutputHandler - [ERROR]   location: class MulticastRegistry
06:54:42.466 [Thread-4] ERROR f.i.s.r.p.m.o.MavenFilterOutputHandler - [ERROR] /root/workspace/apache-dubbo-master-10144_repo/dubbo-registry/dubbo-registry-multicast/src/main/java/org/apache/dubbo/registry/multicast/MulticastRegistry.java:[275,47] error: cannot find symbol
06:54:42.466 [Thread-4] ERROR f.i.s.r.p.m.o.MavenFilterOutputHandler - [ERROR]   symbol:   variable TIMEOUT_KEY
06:54:42.466 [Thread-4] ERROR f.i.s.r.p.m.o.MavenFilterOutputHandler - [ERROR]   location: class MulticastRegistry
06:54:42.467 [Thread-4] ERROR f.i.s.r.p.m.o.MavenFilterOutputHandler - [ERROR] /root/workspace/apache-dubbo-master-10144_repo/dubbo-registry/dubbo-registry-multicast/src/main/java/org/apache/dubbo/registry/multicast/MulticastRegistry.java:[275,60] error: cannot find symbol
06:54:42.467 [Thread-4] ERROR f.i.s.r.p.m.o.MavenFilterOutputHandler - [ERROR]   symbol:   variable DEFAULT_TIMEOUT
06:54:42.467 [Thread-4] ERROR f.i.s.r.p.m.o.MavenFilterOutputHandler - [ERROR]   location: class MulticastRegistry
06:54:42.467 [Thread-4] ERROR f.i.s.r.p.m.o.MavenFilterOutputHandler - [ERROR] /root/workspace/apache-dubbo-master-10144_repo/dubbo-registry/dubbo-registry-multicast/src/main/java/org/apache/dubbo/registry/multicast/MulticastRegistry.java:[283,13] error: cannot find symbol
06:54:42.467 [Thread-4] ERROR f.i.s.r.p.m.o.MavenFilterOutputHandler - [ERROR]   symbol:   variable ANY_VALUE
06:54:42.467 [Thread-4] ERROR f.i.s.r.p.m.o.MavenFilterOutputHandler - [ERROR]   location: class MulticastRegistry
06:54:42.467 [Thread-4] ERROR f.i.s.r.p.m.o.MavenFilterOutputHandler - [ERROR] /root/workspace/apache-dubbo-master-10144_repo/dubbo-registry/dubbo-registry-multicast/src/main/java/org/apache/dubbo/registry/multicast/MulticastRegistry.java:[289,4] error: method does not override or implement a method from a supertype
06:54:42.467 [Thread-4] ERROR f.i.s.r.p.m.o.MavenFilterOutputHandler - [ERROR] /root/workspace/apache-dubbo-master-10144_repo/dubbo-registry/dubbo-registry-multicast/src/main/java/org/apache/dubbo/registry/multicast/MulticastRegistry.java:[305,12] error: cannot find symbol
06:54:42.467 [Thread-4] ERROR f.i.s.r.p.m.o.MavenFilterOutputHandler - [ERROR]   symbol:   variable ExecutorUtil
06:54:42.467 [Thread-4] ERROR f.i.s.r.p.m.o.MavenFilterOutputHandler - [ERROR]   location: class MulticastRegistry
06:54:42.468 [Thread-4] ERROR f.i.s.r.p.m.o.MavenFilterOutputHandler - [ERROR] /root/workspace/apache-dubbo-master-10144_repo/dubbo-registry/dubbo-registry-multicast/src/main/java/org/apache/dubbo/registry/multicast/MulticastRegistry.java:[315,8] error: cannot find symbol
06:54:42.468 [Thread-4] ERROR f.i.s.r.p.m.o.MavenFilterOutputHandler - [ERROR]   symbol:   variable ExecutorUtil
06:54:42.468 [Thread-4] ERROR f.i.s.r.p.m.o.MavenFilterOutputHandler - [ERROR]   location: class MulticastRegistry
06:54:42.468 [Thread-4] ERROR f.i.s.r.p.m.o.MavenFilterOutputHandler - [ERROR] /root/workspace/apache-dubbo-master-10144_repo/dubbo-registry/dubbo-registry-multicast/src/main/java/org/apache/dubbo/registry/multicast/MulticastRegistry.java:[319,23] error: cannot find symbol
06:54:42.468 [Thread-4] ERROR f.i.s.r.p.m.o.MavenFilterOutputHandler - [ERROR]   symbol:   class URL
06:54:42.468 [Thread-4] ERROR f.i.s.r.p.m.o.MavenFilterOutputHandler - [ERROR]   location: class MulticastRegistry
06:54:42.468 [Thread-4] ERROR f.i.s.r.p.m.o.MavenFilterOutputHandler - [ERROR] /root/workspace/apache-dubbo-master-10144_repo/dubbo-registry/dubbo-registry-multicast/src/main/java/org/apache/dubbo/registry/multicast/MulticastRegistry.java:[320,12] error: cannot find symbol
06:54:42.468 [Thread-4] ERROR f.i.s.r.p.m.o.MavenFilterOutputHandler - [ERROR]   symbol:   class URL
06:54:42.468 [Thread-4] ERROR f.i.s.r.p.m.o.MavenFilterOutputHandler - [ERROR]   location: class MulticastRegistry
06:54:42.468 [Thread-4] ERROR f.i.s.r.p.m.o.MavenFilterOutputHandler - [ERROR] /root/workspace/apache-dubbo-master-10144_repo/dubbo-registry/dubbo-registry-multicast/src/main/java/org/apache/dubbo/registry/multicast/MulticastRegistry.java:[321,16] error: cannot find symbol
06:54:42.468 [Thread-4] ERROR f.i.s.r.p.m.o.MavenFilterOutputHandler - [ERROR]   symbol:   variable UrlUtils
06:54:42.468 [Thread-4] ERROR f.i.s.r.p.m.o.MavenFilterOutputHandler - [ERROR]   location: class MulticastRegistry
06:54:42.468 [Thread-4] ERROR f.i.s.r.p.m.o.MavenFilterOutputHandler - [ERROR] /root/workspace/apache-dubbo-master-10144_repo/dubbo-registry/dubbo-registry-multicast/src/main/java/org/apache/dubbo/registry/multicast/MulticastRegistry.java:[322,20] error: cannot find symbol
06:54:42.468 [Thread-4] ERROR f.i.s.r.p.m.o.MavenFilterOutputHandler - [ERROR]   symbol:   class URL
06:54:42.469 [Thread-4] ERROR f.i.s.r.p.m.o.MavenFilterOutputHandler - [ERROR]   location: class MulticastRegistry
06:54:42.469 [Thread-4] ERROR f.i.s.r.p.m.o.MavenFilterOutputHandler - [ERROR] /root/workspace/apache-dubbo-master-10144_repo/dubbo-registry/dubbo-registry-multicast/src/main/java/org/apache/dubbo/registry/multicast/MulticastRegistry.java:[322,71] error: cannot find symbol
06:54:42.469 [Thread-4] ERROR f.i.s.r.p.m.o.MavenFilterOutputHandler - [ERROR]   symbol:   class ConcurrentHashSet
06:54:42.469 [Thread-4] ERROR f.i.s.r.p.m.o.MavenFilterOutputHandler - [ERROR]   location: class MulticastRegistry
06:54:42.469 [Thread-4] ERROR f.i.s.r.p.m.o.MavenFilterOutputHandler - [ERROR] /root/workspace/apache-dubbo-master-10144_repo/dubbo-registry/dubbo-registry-multicast/src/main/java/org/apache/dubbo/registry/multicast/MulticastRegistry.java:[324,21] error: cannot find symbol
06:54:42.469 [Thread-4] ERROR f.i.s.r.p.m.o.MavenFilterOutputHandler - [ERROR]   symbol:   class URL
06:54:42.469 [Thread-4] ERROR f.i.s.r.p.m.o.MavenFilterOutputHandler - [ERROR]   location: class MulticastRegistry
06:54:42.469 [Thread-4] ERROR f.i.s.r.p.m.o.MavenFilterOutputHandler - [ERROR] /root/workspace/apache-dubbo-master-10144_repo/dubbo-registry/dubbo-registry-multicast/src/main/java/org/apache/dubbo/registry/multicast/MulticastRegistry.java:[336,23] error: cannot find symbol
06:54:42.469 [Thread-4] ERROR f.i.s.r.p.m.o.MavenFilterOutputHandler - [ERROR]   symbol:   class URL
06:54:42.469 [Thread-4] ERROR f.i.s.r.p.m.o.MavenFilterOutputHandler - [ERROR]   location: class MulticastRegistry
06:54:42.469 [Thread-4] ERROR f.i.s.r.p.m.o.MavenFilterOutputHandler - [ERROR] /root/workspace/apache-dubbo-master-10144_repo/dubbo-registry/dubbo-registry-multicast/src/main/java/org/apache/dubbo/registry/multicast/MulticastRegistry.java:[337,12] error: cannot find symbol
06:54:42.469 [Thread-4] ERROR f.i.s.r.p.m.o.MavenFilterOutputHandler - [ERROR]   symbol:   class URL
06:54:42.469 [Thread-4] ERROR f.i.s.r.p.m.o.MavenFilterOutputHandler - [ERROR]   location: class MulticastRegistry
06:54:42.470 [Thread-4] ERROR f.i.s.r.p.m.o.MavenFilterOutputHandler - [ERROR] /root/workspace/apache-dubbo-master-10144_repo/dubbo-registry/dubbo-registry-multicast/src/main/java/org/apache/dubbo/registry/multicast/MulticastRegistry.java:[338,16] error: cannot find symbol
06:54:42.470 [Thread-4] ERROR f.i.s.r.p.m.o.MavenFilterOutputHandler - [ERROR]   symbol:   variable UrlUtils
06:54:42.470 [Thread-4] ERROR f.i.s.r.p.m.o.MavenFilterOutputHandler - [ERROR]   location: class MulticastRegistry
06:54:42.470 [Thread-4] ERROR f.i.s.r.p.m.o.MavenFilterOutputHandler - [ERROR] /root/workspace/apache-dubbo-master-10144_repo/dubbo-registry/dubbo-registry-multicast/src/main/java/org/apache/dubbo/registry/multicast/MulticastRegistry.java:[339,20] error: cannot find symbol
06:54:42.470 [Thread-4] ERROR f.i.s.r.p.m.o.MavenFilterOutputHandler - [ERROR]   symbol:   class URL
06:54:42.470 [Thread-4] ERROR f.i.s.r.p.m.o.MavenFilterOutputHandler - [ERROR]   location: class MulticastRegistry
06:54:42.470 [Thread-4] ERROR f.i.s.r.p.m.o.MavenFilterOutputHandler - [ERROR] /root/workspace/apache-dubbo-master-10144_repo/dubbo-registry/dubbo-registry-multicast/src/main/java/org/apache/dubbo/registry/multicast/MulticastRegistry.java:[345,35] error: cannot find symbol
06:54:42.470 [Thread-4] ERROR f.i.s.r.p.m.o.MavenFilterOutputHandler - [ERROR]   symbol:   class ConcurrentHashSet
06:54:42.470 [Thread-4] ERROR f.i.s.r.p.m.o.MavenFilterOutputHandler - [ERROR]   location: class MulticastRegistry
06:54:42.470 [Thread-4] ERROR f.i.s.r.p.m.o.MavenFilterOutputHandler - [ERROR] An exception has occurred in the compiler (11.0.4). Please file a bug against the Java compiler via the Java bug reporting page (http://bugreport.java.com) after checking the Bug Database (http://bugs.java.com) for duplicates. Include your program and the following diagnostic in your report. Thank you.
06:54:42.471 [Thread-4] ERROR f.i.s.r.p.m.o.MavenFilterOutputHandler - [ERROR] java.nio.file.NoSuchFileException: /root/workspace/apache-dubbo-master-10144_repo/dubbo-rpc/dubbo-rpc-api/target/dubbo-rpc-api-3.0.9-SNAPSHOT.jar
06:54:42.471 [Thread-4] ERROR f.i.s.r.p.m.o.MavenFilterOutputHandler - [ERROR] 	at java.base/sun.nio.fs.UnixException.translateToIOException(UnixException.java:92)
06:54:42.471 [Thread-4] ERROR f.i.s.r.p.m.o.MavenFilterOutputHandler - [ERROR] 	at java.base/sun.nio.fs.UnixException.rethrowAsIOException(UnixException.java:111)
06:54:42.471 [Thread-4] ERROR f.i.s.r.p.m.o.MavenFilterOutputHandler - [ERROR] 	at java.base/sun.nio.fs.UnixException.rethrowAsIOException(UnixException.java:116)
06:54:42.471 [Thread-4] ERROR f.i.s.r.p.m.o.MavenFilterOutputHandler - [ERROR] 	at java.base/sun.nio.fs.UnixPath.toRealPath(UnixPath.java:860)
06:54:42.471 [Thread-4] ERROR f.i.s.r.p.m.o.MavenFilterOutputHandler - [ERROR] 	at jdk.zipfs/jdk.nio.zipfs.ZipFileSystemProvider.removeFileSystem(ZipFileSystemProvider.java:320)
06:54:42.471 [Thread-4] ERROR f.i.s.r.p.m.o.MavenFilterOutputHandler - [ERROR] 	at jdk.zipfs/jdk.nio.zipfs.ZipFileSystem.close(ZipFileSystem.java:322)
06:54:42.471 [Thread-4] ERROR f.i.s.r.p.m.o.MavenFilterOutputHandler - [ERROR] 	at jdk.compiler/com.sun.tools.javac.file.JavacFileManager$ArchiveContainer.close(JavacFileManager.java:603)
06:54:42.471 [Thread-4] ERROR f.i.s.r.p.m.o.MavenFilterOutputHandler - [ERROR] 	at jdk.compiler/com.sun.tools.javac.file.JavacFileManager.close(JavacFileManager.java:669)
06:54:42.471 [Thread-4] ERROR f.i.s.r.p.m.o.MavenFilterOutputHandler - [ERROR] 	at jdk.compiler/com.sun.tools.javac.main.Main.compile(Main.java:174)
06:54:42.471 [Thread-4] ERROR f.i.s.r.p.m.o.MavenFilterOutputHandler - [ERROR] 	at jdk.compiler/com.sun.tools.javac.Main.compile(Main.java:57)
06:54:42.471 [Thread-4] ERROR f.i.s.r.p.m.o.MavenFilterOutputHandler - [ERROR] 	at jdk.compiler/com.sun.tools.javac.Main.main(Main.java:43)
06:54:42.471 [Thread-4] ERROR f.i.s.r.p.m.o.MavenFilterOutputHandler - [ERROR] -> [Help 1]
06:54:42.476 [Thread-4] ERROR f.i.s.r.p.m.o.MavenFilterOutputHandler - [ERROR] 
06:54:42.476 [Thread-4] ERROR f.i.s.r.p.m.o.MavenFilterOutputHandler - [ERROR] Re-run Maven using the -X switch to enable full debug logging.
06:54:42.476 [Thread-4] ERROR f.i.s.r.p.m.o.MavenFilterOutputHandler - [ERROR] 
06:54:42.476 [Thread-4] ERROR f.i.s.r.p.m.o.MavenFilterOutputHandler - [ERROR] For more information about the errors and possible solutions, please read the following articles:
06:54:42.476 [Thread-4] ERROR f.i.s.r.p.m.o.MavenFilterOutputHandler - [ERROR] [Help 1] http://cwiki.apache.org/confluence/display/MAVEN/MojoFailureException
06:54:42.476 [Thread-4] ERROR f.i.s.r.p.m.o.MavenFilterOutputHandler - [ERROR] 
06:54:42.476 [Thread-4] ERROR f.i.s.r.p.m.o.MavenFilterOutputHandler - [ERROR] After correcting the problems, you can resume the build with the command
06:54:42.476 [Thread-4] ERROR f.i.s.r.p.m.o.MavenFilterOutputHandler - [ERROR]   mvn <goals> -rf :dubbo-registry-multicast
06:54:43.367 [main] ERROR f.i.s.r.process.step.BuildProject - Repository apache/dubbo cannot be built.
06:54:43.369 [main] INFO  f.i.s.r.process.step.BuildProject - 
06:54:43.373 [main] INFO  f.i.s.r.p.i.ProjectInspector - ----------------------------------------------------------------------
06:54:43.373 [main] INFO  f.i.s.r.p.i.ProjectInspector - PIPELINE EXECUTION SUMMARY
06:54:43.373 [main] INFO  f.i.s.r.p.i.ProjectInspector - ----------------------------------------------------------------------
06:54:43.373 [main] INFO  f.i.s.r.p.i.ProjectInspector - CloneCheckoutGitPullRequest...........................SUCCESS [ 12 s ]
06:54:43.373 [main] INFO  f.i.s.r.p.i.ProjectInspector - BuildProject..........................................FAILURE [ 62 s ]
06:54:43.373 [main] INFO  f.i.s.r.p.i.ProjectInspector - TestProject...........................................NOT RUN         
06:54:43.373 [main] INFO  f.i.s.r.p.i.ProjectInspector - ComputeClasspath......................................NOT RUN         
06:54:43.373 [main] INFO  f.i.s.r.p.i.ProjectInspector - ComputeSourceDir......................................NOT RUN         
06:54:43.373 [main] INFO  f.i.s.r.p.i.ProjectInspector - ComputeTestDir........................................NOT RUN         
06:54:43.373 [main] INFO  f.i.s.r.p.i.ProjectInspector - GatherTestInformation.................................NOT RUN         
06:54:43.373 [main] INFO  f.i.s.r.p.i.ProjectInspector - FlacocoLocalization...................................NOT RUN         
06:54:43.373 [main] INFO  f.i.s.r.p.i.ProjectInspector - PushFaultLocalizationSuggestions......................NOT RUN         
06:54:43.374 [main] INFO  f.i.s.r.p.i.ProjectInspector - ----------------------------------------------------------------------
06:54:43.374 [main] INFO  f.i.s.r.p.i.ProjectInspector - PIPELINE FINDING: NOTBUILDABLE
06:54:43.374 [main] INFO  f.i.s.r.p.i.ProjectInspector - ----------------------------------------------------------------------
06:54:43.374 [main] INFO  f.i.s.r.p.github.GithubMainProcess - Inspector is finished. The process will exit now.
