Execute pipeline with following supplementary args: --smtpPort 25 --listenerMode NOOP --launcherMode FAULT_LOCALIZATION  --gitrepourl https://github.com/apache/dubbo --gitrepopullrequest 10149
java -cp /usr/local/openjdk-11/lib/tools.jar:repairnator-pipeline.jar -Dlogback.configurationFile=/root/logback.xml fr.inria.spirals.repairnator.pipeline.Launcher -d --runId null -o /var/log --ghOauth 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 --faultLocalization --flacocoThreshold 0.0 --flacocoTopK null --flacocoResultsRepository null --ghOauth  --smtpPort 25 --listenerMode NOOP --launcherMode FAULT_LOCALIZATION  --gitrepourl https://github.com/apache/dubbo --gitrepopullrequest 10149

12:57:01.499 [main] INFO  f.i.s.r.p.g.GithubInitSerializerEngines - Initialize file serializer engines.
12:57:01.501 [main] INFO  f.i.s.r.p.g.GithubInitSerializerEngines - MongoDB won't be used for serialization.
12:57:01.501 [main] INFO  f.i.s.r.p.github.GithubInitNotifiers - The email notifier engine won't be used.
12:57:01.513 [main] INFO  f.i.s.r.p.i.ProjectInspector - ----------------------------------------------------------------------
12:57:01.514 [main] INFO  f.i.s.r.p.i.ProjectInspector - PIPELINE STEPS
12:57:01.514 [main] INFO  f.i.s.r.p.i.ProjectInspector - ----------------------------------------------------------------------
12:57:01.514 [main] INFO  f.i.s.r.p.i.ProjectInspector - CloneCheckoutGitPullRequest
12:57:01.514 [main] INFO  f.i.s.r.p.i.ProjectInspector - BuildProject
12:57:01.514 [main] INFO  f.i.s.r.p.i.ProjectInspector - TestProject
12:57:01.514 [main] INFO  f.i.s.r.p.i.ProjectInspector - ComputeClasspath
12:57:01.514 [main] INFO  f.i.s.r.p.i.ProjectInspector - ComputeSourceDir
12:57:01.514 [main] INFO  f.i.s.r.p.i.ProjectInspector - ComputeTestDir
12:57:01.514 [main] INFO  f.i.s.r.p.i.ProjectInspector - GatherTestInformation
12:57:01.514 [main] INFO  f.i.s.r.p.i.ProjectInspector - FlacocoLocalization
12:57:01.514 [main] INFO  f.i.s.r.p.i.ProjectInspector - PushFaultLocalizationSuggestions
12:57:01.514 [main] INFO  f.i.s.r.p.s.CloneCheckoutGitPullRequest - Cloning repository https://github.com/apache/dubbo.git in the following directory: ./workspace/apache-dubbo-master-10149_repo
12:58:05.696 [Thread-4] ERROR f.i.s.r.p.m.o.MavenFilterOutputHandler - [ERROR] Failed to execute goal org.xolstice.maven.plugins:protobuf-maven-plugin:0.6.1:compile (default) on project dubbo-rpc-triple: Unable to resolve plugin artifact: Missing:
12:58:05.697 [Thread-4] ERROR f.i.s.r.p.m.o.MavenFilterOutputHandler - [ERROR] ----------
12:58:05.697 [Thread-4] ERROR f.i.s.r.p.m.o.MavenFilterOutputHandler - [ERROR] 1) org.apache.dubbo:dubbo-compiler:jar:0.0.4.1-SNAPSHOT
12:58:05.697 [Thread-4] ERROR f.i.s.r.p.m.o.MavenFilterOutputHandler - [ERROR] 
12:58:05.697 [Thread-4] ERROR f.i.s.r.p.m.o.MavenFilterOutputHandler - [ERROR]   Try downloading the file manually from the project website.
12:58:05.697 [Thread-4] ERROR f.i.s.r.p.m.o.MavenFilterOutputHandler - [ERROR] 
12:58:05.697 [Thread-4] ERROR f.i.s.r.p.m.o.MavenFilterOutputHandler - [ERROR]   Then, install it using the command: 
12:58:05.697 [Thread-4] ERROR f.i.s.r.p.m.o.MavenFilterOutputHandler - [ERROR]       mvn install:install-file -DgroupId=org.apache.dubbo -DartifactId=dubbo-compiler -Dversion=0.0.4.1-SNAPSHOT -Dpackaging=jar -Dfile=/path/to/file
12:58:05.697 [Thread-4] ERROR f.i.s.r.p.m.o.MavenFilterOutputHandler - [ERROR] 
12:58:05.697 [Thread-4] ERROR f.i.s.r.p.m.o.MavenFilterOutputHandler - [ERROR]   Alternatively, if you host your own repository you can deploy the file there: 
12:58:05.697 [Thread-4] ERROR f.i.s.r.p.m.o.MavenFilterOutputHandler - [ERROR]       mvn deploy:deploy-file -DgroupId=org.apache.dubbo -DartifactId=dubbo-compiler -Dversion=0.0.4.1-SNAPSHOT -Dpackaging=jar -Dfile=/path/to/file -Durl=[url] -DrepositoryId=[id]
12:58:05.697 [Thread-4] ERROR f.i.s.r.p.m.o.MavenFilterOutputHandler - [ERROR] 
12:58:05.697 [Thread-4] ERROR f.i.s.r.p.m.o.MavenFilterOutputHandler - [ERROR]   Path to dependency: 
12:58:05.697 [Thread-4] ERROR f.i.s.r.p.m.o.MavenFilterOutputHandler - [ERROR]   	1) org.apache.dubbo:dubbo-rpc-triple:jar:3.0.9-SNAPSHOT
12:58:05.697 [Thread-4] ERROR f.i.s.r.p.m.o.MavenFilterOutputHandler - [ERROR]   	2) org.apache.dubbo:dubbo-compiler:jar:0.0.4.1-SNAPSHOT
12:58:05.697 [Thread-4] ERROR f.i.s.r.p.m.o.MavenFilterOutputHandler - [ERROR] 
12:58:05.698 [Thread-4] ERROR f.i.s.r.p.m.o.MavenFilterOutputHandler - [ERROR] ----------
12:58:05.698 [Thread-4] ERROR f.i.s.r.p.m.o.MavenFilterOutputHandler - [ERROR] 1 required artifact is missing.
12:58:05.698 [Thread-4] ERROR f.i.s.r.p.m.o.MavenFilterOutputHandler - [ERROR] 
12:58:05.698 [Thread-4] ERROR f.i.s.r.p.m.o.MavenFilterOutputHandler - [ERROR] for artifact: 
12:58:05.698 [Thread-4] ERROR f.i.s.r.p.m.o.MavenFilterOutputHandler - [ERROR]   org.apache.dubbo:dubbo-rpc-triple:jar:3.0.9-SNAPSHOT
12:58:05.698 [Thread-4] ERROR f.i.s.r.p.m.o.MavenFilterOutputHandler - [ERROR] 
12:58:05.698 [Thread-4] ERROR f.i.s.r.p.m.o.MavenFilterOutputHandler - [ERROR] from the specified remote repositories:
12:58:05.698 [Thread-4] ERROR f.i.s.r.p.m.o.MavenFilterOutputHandler - [ERROR]   apache.snapshots (https://repository.apache.org/snapshots, releases=false, snapshots=true),
12:58:05.698 [Thread-4] ERROR f.i.s.r.p.m.o.MavenFilterOutputHandler - [ERROR]   central (https://repo.maven.apache.org/maven2, releases=true, snapshots=false)
12:58:05.698 [Thread-4] ERROR f.i.s.r.p.m.o.MavenFilterOutputHandler - [ERROR] -> [Help 1]
12:58:05.706 [Thread-4] ERROR f.i.s.r.p.m.o.MavenFilterOutputHandler - [ERROR] 
12:58:05.706 [Thread-4] ERROR f.i.s.r.p.m.o.MavenFilterOutputHandler - [ERROR] Re-run Maven using the -X switch to enable full debug logging.
12:58:05.706 [Thread-4] ERROR f.i.s.r.p.m.o.MavenFilterOutputHandler - [ERROR] 
12:58:05.706 [Thread-4] ERROR f.i.s.r.p.m.o.MavenFilterOutputHandler - [ERROR] For more information about the errors and possible solutions, please read the following articles:
12:58:05.706 [Thread-4] ERROR f.i.s.r.p.m.o.MavenFilterOutputHandler - [ERROR] [Help 1] http://cwiki.apache.org/confluence/display/MAVEN/MojoExecutionException
12:58:05.706 [Thread-4] ERROR f.i.s.r.p.m.o.MavenFilterOutputHandler - [ERROR] 
12:58:05.706 [Thread-4] ERROR f.i.s.r.p.m.o.MavenFilterOutputHandler - [ERROR] After correcting the problems, you can resume the build with the command
12:58:05.706 [Thread-4] ERROR f.i.s.r.p.m.o.MavenFilterOutputHandler - [ERROR]   mvn <goals> -rf :dubbo-rpc-triple
12:58:06.330 [main] ERROR f.i.s.r.process.step.BuildProject - Repository apache/dubbo cannot be built.
12:58:06.331 [main] INFO  f.i.s.r.process.step.BuildProject - 
12:58:06.798 [main] INFO  f.i.s.r.p.i.ProjectInspector - ----------------------------------------------------------------------
12:58:06.798 [main] INFO  f.i.s.r.p.i.ProjectInspector - PIPELINE EXECUTION SUMMARY
12:58:06.798 [main] INFO  f.i.s.r.p.i.ProjectInspector - ----------------------------------------------------------------------
12:58:06.798 [main] INFO  f.i.s.r.p.i.ProjectInspector - CloneCheckoutGitPullRequest...........................SUCCESS [ 11 s ]
12:58:06.798 [main] INFO  f.i.s.r.p.i.ProjectInspector - BuildProject..........................................FAILURE [ 53 s ]
12:58:06.798 [main] INFO  f.i.s.r.p.i.ProjectInspector - TestProject...........................................NOT RUN         
12:58:06.798 [main] INFO  f.i.s.r.p.i.ProjectInspector - ComputeClasspath......................................NOT RUN         
12:58:06.798 [main] INFO  f.i.s.r.p.i.ProjectInspector - ComputeSourceDir......................................NOT RUN         
12:58:06.798 [main] INFO  f.i.s.r.p.i.ProjectInspector - ComputeTestDir........................................NOT RUN         
12:58:06.798 [main] INFO  f.i.s.r.p.i.ProjectInspector - GatherTestInformation.................................NOT RUN         
12:58:06.798 [main] INFO  f.i.s.r.p.i.ProjectInspector - FlacocoLocalization...................................NOT RUN         
12:58:06.798 [main] INFO  f.i.s.r.p.i.ProjectInspector - PushFaultLocalizationSuggestions......................NOT RUN         
12:58:06.799 [main] INFO  f.i.s.r.p.i.ProjectInspector - ----------------------------------------------------------------------
12:58:06.799 [main] INFO  f.i.s.r.p.i.ProjectInspector - PIPELINE FINDING: NOTBUILDABLE
12:58:06.799 [main] INFO  f.i.s.r.p.i.ProjectInspector - ----------------------------------------------------------------------
12:58:06.799 [main] INFO  f.i.s.r.p.github.GithubMainProcess - Inspector is finished. The process will exit now.
