Execute pipeline with following supplementary args: --smtpPort 25 --listenerMode NOOP --launcherMode FAULT_LOCALIZATION  --gitrepourl https://github.com/apache/pinot --gitrepopullrequest 8468
java -cp /usr/local/openjdk-11/lib/tools.jar:repairnator-pipeline.jar -Dlogback.configurationFile=/root/logback.xml fr.inria.spirals.repairnator.pipeline.Launcher -d --runId null -o /var/log --ghOauth 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 --faultLocalization --flacocoThreshold 0.0 --flacocoTopK null --flacocoResultsRepository flacocobot/2022-flacocobot-experiment --ghOauth  --smtpPort 25 --listenerMode NOOP --launcherMode FAULT_LOCALIZATION  --gitrepourl https://github.com/apache/pinot --gitrepopullrequest 8468

22:46:58.614 [main] INFO  f.i.s.r.p.g.GithubInitSerializerEngines - Initialize file serializer engines.
22:46:58.616 [main] INFO  f.i.s.r.p.g.GithubInitSerializerEngines - MongoDB won't be used for serialization.
22:46:58.616 [main] INFO  f.i.s.r.p.github.GithubInitNotifiers - The email notifier engine won't be used.
22:46:58.633 [main] INFO  f.i.s.r.p.i.ProjectInspector - ----------------------------------------------------------------------
22:46:58.633 [main] INFO  f.i.s.r.p.i.ProjectInspector - PIPELINE STEPS
22:46:58.633 [main] INFO  f.i.s.r.p.i.ProjectInspector - ----------------------------------------------------------------------
22:46:58.633 [main] INFO  f.i.s.r.p.i.ProjectInspector - CloneCheckoutGitPullRequest
22:46:58.633 [main] INFO  f.i.s.r.p.i.ProjectInspector - BuildProject
22:46:58.633 [main] INFO  f.i.s.r.p.i.ProjectInspector - TestProject
22:46:58.633 [main] INFO  f.i.s.r.p.i.ProjectInspector - ComputeClasspath
22:46:58.633 [main] INFO  f.i.s.r.p.i.ProjectInspector - ComputeSourceDir
22:46:58.633 [main] INFO  f.i.s.r.p.i.ProjectInspector - ComputeTestDir
22:46:58.633 [main] INFO  f.i.s.r.p.i.ProjectInspector - GatherTestInformation
22:46:58.633 [main] INFO  f.i.s.r.p.i.ProjectInspector - FlacocoLocalization
22:46:58.633 [main] INFO  f.i.s.r.p.i.ProjectInspector - PushFaultLocalizationSuggestionsOnGitHubRepository
22:46:58.634 [main] INFO  f.i.s.r.p.s.CloneCheckoutGitPullRequest - Cloning repository https://github.com/apache/pinot.git in the following directory: ./workspace/apache-pinot-master-8468_repo
22:48:11.261 [Thread-4] ERROR f.i.s.r.p.m.o.MavenFilterOutputHandler - [ERROR] Failed to execute goal com.diffplug.spotless:spotless-maven-plugin:2.9.0:check (default) on project pinot-common: The following files had format violations:
22:48:11.262 [Thread-4] ERROR f.i.s.r.p.m.o.MavenFilterOutputHandler - [ERROR]     src/main/java/org/apache/pinot/common/utils/DataSchema.java
22:48:11.262 [Thread-4] ERROR f.i.s.r.p.m.o.MavenFilterOutputHandler - [ERROR]         @@ -33,7 +33,6 @@
22:48:11.262 [Thread-4] ERROR f.i.s.r.p.m.o.MavenFilterOutputHandler - [ERROR]          import·java.util.Arrays;
22:48:11.262 [Thread-4] ERROR f.i.s.r.p.m.o.MavenFilterOutputHandler - [ERROR]          import·java.util.EnumSet;
22:48:11.262 [Thread-4] ERROR f.i.s.r.p.m.o.MavenFilterOutputHandler - [ERROR]          import·org.apache.pinot.spi.data.FieldSpec.DataType;
22:48:11.262 [Thread-4] ERROR f.i.s.r.p.m.o.MavenFilterOutputHandler - [ERROR]         -import·org.apache.pinot.spi.utils.BigDecimalUtils;
22:48:11.262 [Thread-4] ERROR f.i.s.r.p.m.o.MavenFilterOutputHandler - [ERROR]          import·org.apache.pinot.spi.utils.ByteArray;
22:48:11.262 [Thread-4] ERROR f.i.s.r.p.m.o.MavenFilterOutputHandler - [ERROR]          import·org.apache.pinot.spi.utils.BytesUtils;
22:48:11.262 [Thread-4] ERROR f.i.s.r.p.m.o.MavenFilterOutputHandler - [ERROR]          import·org.apache.pinot.spi.utils.EqualityUtils;
22:48:11.262 [Thread-4] ERROR f.i.s.r.p.m.o.MavenFilterOutputHandler - [ERROR]     src/main/java/org/apache/pinot/common/utils/PinotDataType.java
22:48:11.263 [Thread-4] ERROR f.i.s.r.p.m.o.MavenFilterOutputHandler - [ERROR]         @@ -18,8 +18,8 @@
22:48:11.263 [Thread-4] ERROR f.i.s.r.p.m.o.MavenFilterOutputHandler - [ERROR]          ·*/
22:48:11.263 [Thread-4] ERROR f.i.s.r.p.m.o.MavenFilterOutputHandler - [ERROR]          package·org.apache.pinot.common.utils;
22:48:11.263 [Thread-4] ERROR f.i.s.r.p.m.o.MavenFilterOutputHandler - [ERROR]          
22:48:11.263 [Thread-4] ERROR f.i.s.r.p.m.o.MavenFilterOutputHandler - [ERROR]         +import·com.fasterxml.jackson.core.JsonParseException;
22:48:11.263 [Thread-4] ERROR f.i.s.r.p.m.o.MavenFilterOutputHandler - [ERROR]          import·java.math.BigDecimal;
22:48:11.263 [Thread-4] ERROR f.i.s.r.p.m.o.MavenFilterOutputHandler - [ERROR]         -import·com.fasterxml.jackson.core.JsonParseException;
22:48:11.263 [Thread-4] ERROR f.i.s.r.p.m.o.MavenFilterOutputHandler - [ERROR]          import·java.sql.Timestamp;
22:48:11.263 [Thread-4] ERROR f.i.s.r.p.m.o.MavenFilterOutputHandler - [ERROR]          import·java.util.Base64;
22:48:11.263 [Thread-4] ERROR f.i.s.r.p.m.o.MavenFilterOutputHandler - [ERROR]          import·org.apache.commons.lang3.ArrayUtils;
22:48:11.263 [Thread-4] ERROR f.i.s.r.p.m.o.MavenFilterOutputHandler - [ERROR] Run 'mvn spotless:apply' to fix these violations.
22:48:11.263 [Thread-4] ERROR f.i.s.r.p.m.o.MavenFilterOutputHandler - [ERROR] -> [Help 1]
22:48:11.267 [Thread-4] ERROR f.i.s.r.p.m.o.MavenFilterOutputHandler - [ERROR] 
22:48:11.267 [Thread-4] ERROR f.i.s.r.p.m.o.MavenFilterOutputHandler - [ERROR] Re-run Maven using the -X switch to enable full debug logging.
22:48:11.267 [Thread-4] ERROR f.i.s.r.p.m.o.MavenFilterOutputHandler - [ERROR] 
22:48:11.267 [Thread-4] ERROR f.i.s.r.p.m.o.MavenFilterOutputHandler - [ERROR] For more information about the errors and possible solutions, please read the following articles:
22:48:11.267 [Thread-4] ERROR f.i.s.r.p.m.o.MavenFilterOutputHandler - [ERROR] [Help 1] http://cwiki.apache.org/confluence/display/MAVEN/MojoExecutionException
22:48:11.267 [Thread-4] ERROR f.i.s.r.p.m.o.MavenFilterOutputHandler - [ERROR] 
22:48:11.267 [Thread-4] ERROR f.i.s.r.p.m.o.MavenFilterOutputHandler - [ERROR] After correcting the problems, you can resume the build with the command
22:48:11.267 [Thread-4] ERROR f.i.s.r.p.m.o.MavenFilterOutputHandler - [ERROR]   mvn <goals> -rf :pinot-common
22:48:11.366 [main] ERROR f.i.s.r.process.step.BuildProject - Repository apache/pinot cannot be built.
22:48:11.366 [main] INFO  f.i.s.r.process.step.BuildProject - 
22:48:11.805 [main] INFO  f.i.s.r.p.i.ProjectInspector - ----------------------------------------------------------------------
22:48:11.806 [main] INFO  f.i.s.r.p.i.ProjectInspector - PIPELINE EXECUTION SUMMARY
22:48:11.806 [main] INFO  f.i.s.r.p.i.ProjectInspector - ----------------------------------------------------------------------
22:48:11.806 [main] INFO  f.i.s.r.p.i.ProjectInspector - CloneCheckoutGitPullRequest...........................SUCCESS [ 31 s ]
22:48:11.806 [main] INFO  f.i.s.r.p.i.ProjectInspector - BuildProject..........................................FAILURE [ 41 s ]
22:48:11.806 [main] INFO  f.i.s.r.p.i.ProjectInspector - TestProject...........................................NOT RUN         
22:48:11.806 [main] INFO  f.i.s.r.p.i.ProjectInspector - ComputeClasspath......................................NOT RUN         
22:48:11.806 [main] INFO  f.i.s.r.p.i.ProjectInspector - ComputeSourceDir......................................NOT RUN         
22:48:11.806 [main] INFO  f.i.s.r.p.i.ProjectInspector - ComputeTestDir........................................NOT RUN         
22:48:11.806 [main] INFO  f.i.s.r.p.i.ProjectInspector - GatherTestInformation.................................NOT RUN         
22:48:11.806 [main] INFO  f.i.s.r.p.i.ProjectInspector - FlacocoLocalization...................................NOT RUN         
22:48:11.806 [main] INFO  f.i.s.r.p.i.ProjectInspector - PushFaultLocalizationSuggestionsOnGitHubRepository....NOT RUN         
22:48:11.807 [main] INFO  f.i.s.r.p.i.ProjectInspector - ----------------------------------------------------------------------
22:48:11.807 [main] INFO  f.i.s.r.p.i.ProjectInspector - PIPELINE FINDING: NOTBUILDABLE
22:48:11.807 [main] INFO  f.i.s.r.p.i.ProjectInspector - ----------------------------------------------------------------------
22:48:11.807 [main] INFO  f.i.s.r.p.github.GithubMainProcess - Inspector is finished. The process will exit now.
