Execute pipeline with following supplementary args: --smtpPort 25 --listenerMode NOOP --launcherMode FAULT_LOCALIZATION  --gitrepourl https://github.com/apache/pinot --gitrepopullrequest 8514
java -cp /usr/local/openjdk-11/lib/tools.jar:repairnator-pipeline.jar -Dlogback.configurationFile=/root/logback.xml fr.inria.spirals.repairnator.pipeline.Launcher -d --runId null -o /var/log --ghOauth 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 --faultLocalization --flacocoThreshold 0.0 --flacocoTopK null --flacocoResultsRepository flacocobot/2022-flacocobot-experiment --ghOauth  --smtpPort 25 --listenerMode NOOP --launcherMode FAULT_LOCALIZATION  --gitrepourl https://github.com/apache/pinot --gitrepopullrequest 8514

10:02:48.333 [main] INFO  f.i.s.r.p.g.GithubInitSerializerEngines - Initialize file serializer engines.
10:02:48.334 [main] INFO  f.i.s.r.p.g.GithubInitSerializerEngines - MongoDB won't be used for serialization.
10:02:48.334 [main] INFO  f.i.s.r.p.github.GithubInitNotifiers - The email notifier engine won't be used.
10:02:48.347 [main] INFO  f.i.s.r.p.i.ProjectInspector - ----------------------------------------------------------------------
10:02:48.347 [main] INFO  f.i.s.r.p.i.ProjectInspector - PIPELINE STEPS
10:02:48.347 [main] INFO  f.i.s.r.p.i.ProjectInspector - ----------------------------------------------------------------------
10:02:48.347 [main] INFO  f.i.s.r.p.i.ProjectInspector - CloneCheckoutGitPullRequest
10:02:48.347 [main] INFO  f.i.s.r.p.i.ProjectInspector - BuildProject
10:02:48.347 [main] INFO  f.i.s.r.p.i.ProjectInspector - TestProject
10:02:48.347 [main] INFO  f.i.s.r.p.i.ProjectInspector - ComputeClasspath
10:02:48.347 [main] INFO  f.i.s.r.p.i.ProjectInspector - ComputeSourceDir
10:02:48.347 [main] INFO  f.i.s.r.p.i.ProjectInspector - ComputeTestDir
10:02:48.347 [main] INFO  f.i.s.r.p.i.ProjectInspector - GatherTestInformation
10:02:48.347 [main] INFO  f.i.s.r.p.i.ProjectInspector - FlacocoLocalization
10:02:48.347 [main] INFO  f.i.s.r.p.i.ProjectInspector - PushFaultLocalizationSuggestionsOnGitHubRepository
10:02:48.348 [main] INFO  f.i.s.r.p.s.CloneCheckoutGitPullRequest - Cloning repository https://github.com/apache/pinot.git in the following directory: ./workspace/apache-pinot-master-8514_repo
10:03:35.278 [Thread-4] ERROR f.i.s.r.p.m.o.MavenFilterOutputHandler - [ERROR] Failed to execute goal com.diffplug.spotless:spotless-maven-plugin:2.9.0:check (default) on project pinot-spi: The following files had format violations:
10:03:35.278 [Thread-4] ERROR f.i.s.r.p.m.o.MavenFilterOutputHandler - [ERROR]     src/test/java/org/apache/pinot/spi/utils/TestClass.java
10:03:35.278 [Thread-4] ERROR f.i.s.r.p.m.o.MavenFilterOutputHandler - [ERROR]         @@ -1,6 +1,5 @@
10:03:35.278 [Thread-4] ERROR f.i.s.r.p.m.o.MavenFilterOutputHandler - [ERROR]          package·org.apache.pinot.spi.utils;
10:03:35.278 [Thread-4] ERROR f.i.s.r.p.m.o.MavenFilterOutputHandler - [ERROR]          
10:03:35.279 [Thread-4] ERROR f.i.s.r.p.m.o.MavenFilterOutputHandler - [ERROR]         -import·com.fasterxml.jackson.annotation.JsonIgnore;
10:03:35.279 [Thread-4] ERROR f.i.s.r.p.m.o.MavenFilterOutputHandler - [ERROR]          import·com.fasterxml.jackson.annotation.JsonIgnoreProperties;
10:03:35.279 [Thread-4] ERROR f.i.s.r.p.m.o.MavenFilterOutputHandler - [ERROR]          
10:03:35.279 [Thread-4] ERROR f.i.s.r.p.m.o.MavenFilterOutputHandler - [ERROR]          
10:03:35.279 [Thread-4] ERROR f.i.s.r.p.m.o.MavenFilterOutputHandler - [ERROR] Run 'mvn spotless:apply' to fix these violations.
10:03:35.279 [Thread-4] ERROR f.i.s.r.p.m.o.MavenFilterOutputHandler - [ERROR] -> [Help 1]
10:03:35.284 [Thread-4] ERROR f.i.s.r.p.m.o.MavenFilterOutputHandler - [ERROR] 
10:03:35.284 [Thread-4] ERROR f.i.s.r.p.m.o.MavenFilterOutputHandler - [ERROR] Re-run Maven using the -X switch to enable full debug logging.
10:03:35.284 [Thread-4] ERROR f.i.s.r.p.m.o.MavenFilterOutputHandler - [ERROR] 
10:03:35.284 [Thread-4] ERROR f.i.s.r.p.m.o.MavenFilterOutputHandler - [ERROR] For more information about the errors and possible solutions, please read the following articles:
10:03:35.284 [Thread-4] ERROR f.i.s.r.p.m.o.MavenFilterOutputHandler - [ERROR] [Help 1] http://cwiki.apache.org/confluence/display/MAVEN/MojoExecutionException
10:03:35.284 [Thread-4] ERROR f.i.s.r.p.m.o.MavenFilterOutputHandler - [ERROR] 
10:03:35.284 [Thread-4] ERROR f.i.s.r.p.m.o.MavenFilterOutputHandler - [ERROR] After correcting the problems, you can resume the build with the command
10:03:35.284 [Thread-4] ERROR f.i.s.r.p.m.o.MavenFilterOutputHandler - [ERROR]   mvn <goals> -rf :pinot-spi
10:03:36.110 [main] ERROR f.i.s.r.process.step.BuildProject - Repository apache/pinot cannot be built.
10:03:36.112 [main] INFO  f.i.s.r.process.step.BuildProject - 
10:03:36.413 [main] INFO  f.i.s.r.p.i.ProjectInspector - ----------------------------------------------------------------------
10:03:36.413 [main] INFO  f.i.s.r.p.i.ProjectInspector - PIPELINE EXECUTION SUMMARY
10:03:36.413 [main] INFO  f.i.s.r.p.i.ProjectInspector - ----------------------------------------------------------------------
10:03:36.413 [main] INFO  f.i.s.r.p.i.ProjectInspector - CloneCheckoutGitPullRequest...........................SUCCESS [ 34 s ]
10:03:36.413 [main] INFO  f.i.s.r.p.i.ProjectInspector - BuildProject..........................................FAILURE [ 13 s ]
10:03:36.413 [main] INFO  f.i.s.r.p.i.ProjectInspector - TestProject...........................................NOT RUN         
10:03:36.413 [main] INFO  f.i.s.r.p.i.ProjectInspector - ComputeClasspath......................................NOT RUN         
10:03:36.413 [main] INFO  f.i.s.r.p.i.ProjectInspector - ComputeSourceDir......................................NOT RUN         
10:03:36.413 [main] INFO  f.i.s.r.p.i.ProjectInspector - ComputeTestDir........................................NOT RUN         
10:03:36.413 [main] INFO  f.i.s.r.p.i.ProjectInspector - GatherTestInformation.................................NOT RUN         
10:03:36.413 [main] INFO  f.i.s.r.p.i.ProjectInspector - FlacocoLocalization...................................NOT RUN         
10:03:36.413 [main] INFO  f.i.s.r.p.i.ProjectInspector - PushFaultLocalizationSuggestionsOnGitHubRepository....NOT RUN         
10:03:36.414 [main] INFO  f.i.s.r.p.i.ProjectInspector - ----------------------------------------------------------------------
10:03:36.414 [main] INFO  f.i.s.r.p.i.ProjectInspector - PIPELINE FINDING: NOTBUILDABLE
10:03:36.414 [main] INFO  f.i.s.r.p.i.ProjectInspector - ----------------------------------------------------------------------
10:03:36.414 [main] INFO  f.i.s.r.p.github.GithubMainProcess - Inspector is finished. The process will exit now.
