Execute pipeline with following supplementary args: --smtpPort 25 --listenerMode NOOP --launcherMode FAULT_LOCALIZATION  --gitrepourl https://github.com/apache/pinot --gitrepopullrequest 8484
java -cp /usr/local/openjdk-11/lib/tools.jar:repairnator-pipeline.jar -Dlogback.configurationFile=/root/logback.xml fr.inria.spirals.repairnator.pipeline.Launcher -d --runId null -o /var/log --ghOauth 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 --faultLocalization --flacocoThreshold 0.0 --flacocoTopK null --flacocoResultsRepository flacocobot/2022-flacocobot-experiment --ghOauth  --smtpPort 25 --listenerMode NOOP --launcherMode FAULT_LOCALIZATION  --gitrepourl https://github.com/apache/pinot --gitrepopullrequest 8484

20:51:54.051 [main] INFO  f.i.s.r.p.g.GithubInitSerializerEngines - Initialize file serializer engines.
20:51:54.052 [main] INFO  f.i.s.r.p.g.GithubInitSerializerEngines - MongoDB won't be used for serialization.
20:51:54.052 [main] INFO  f.i.s.r.p.github.GithubInitNotifiers - The email notifier engine won't be used.
20:51:54.068 [main] INFO  f.i.s.r.p.i.ProjectInspector - ----------------------------------------------------------------------
20:51:54.069 [main] INFO  f.i.s.r.p.i.ProjectInspector - PIPELINE STEPS
20:51:54.069 [main] INFO  f.i.s.r.p.i.ProjectInspector - ----------------------------------------------------------------------
20:51:54.069 [main] INFO  f.i.s.r.p.i.ProjectInspector - CloneCheckoutGitPullRequest
20:51:54.069 [main] INFO  f.i.s.r.p.i.ProjectInspector - BuildProject
20:51:54.069 [main] INFO  f.i.s.r.p.i.ProjectInspector - TestProject
20:51:54.069 [main] INFO  f.i.s.r.p.i.ProjectInspector - ComputeClasspath
20:51:54.069 [main] INFO  f.i.s.r.p.i.ProjectInspector - ComputeSourceDir
20:51:54.069 [main] INFO  f.i.s.r.p.i.ProjectInspector - ComputeTestDir
20:51:54.069 [main] INFO  f.i.s.r.p.i.ProjectInspector - GatherTestInformation
20:51:54.069 [main] INFO  f.i.s.r.p.i.ProjectInspector - FlacocoLocalization
20:51:54.069 [main] INFO  f.i.s.r.p.i.ProjectInspector - PushFaultLocalizationSuggestionsOnGitHubRepository
20:51:54.069 [main] INFO  f.i.s.r.p.s.CloneCheckoutGitPullRequest - Cloning repository https://github.com/apache/pinot.git in the following directory: ./workspace/apache-pinot-master-8484_repo
20:52:48.092 [Thread-5] ERROR f.i.s.r.p.m.output.MavenErrorHandler - Warning: Lookahead adequacy checking not being performed since option LOOKAHEAD is more than 1.  Set option FORCE_LA_CHECK to true to force checking.
20:53:07.053 [Thread-4] ERROR f.i.s.r.p.m.o.MavenFilterOutputHandler - [ERROR] Failed to execute goal com.diffplug.spotless:spotless-maven-plugin:2.9.0:check (default) on project pinot-common: The following files had format violations:
20:53:07.054 [Thread-4] ERROR f.i.s.r.p.m.o.MavenFilterOutputHandler - [ERROR]     src/main/java/org/apache/pinot/sql/parsers/parser/UnparseUtils.java
20:53:07.054 [Thread-4] ERROR f.i.s.r.p.m.o.MavenFilterOutputHandler - [ERROR]         @@ -18,12 +18,11 @@
20:53:07.054 [Thread-4] ERROR f.i.s.r.p.m.o.MavenFilterOutputHandler - [ERROR]          ·*/
20:53:07.054 [Thread-4] ERROR f.i.s.r.p.m.o.MavenFilterOutputHandler - [ERROR]          package·org.apache.pinot.sql.parsers.parser;
20:53:07.054 [Thread-4] ERROR f.i.s.r.p.m.o.MavenFilterOutputHandler - [ERROR]          
20:53:07.054 [Thread-4] ERROR f.i.s.r.p.m.o.MavenFilterOutputHandler - [ERROR]         +import·java.util.Arrays;
20:53:07.054 [Thread-4] ERROR f.i.s.r.p.m.o.MavenFilterOutputHandler - [ERROR]          import·org.apache.calcite.sql.SqlNode;
20:53:07.054 [Thread-4] ERROR f.i.s.r.p.m.o.MavenFilterOutputHandler - [ERROR]          import·org.apache.calcite.sql.SqlNodeList;
20:53:07.054 [Thread-4] ERROR f.i.s.r.p.m.o.MavenFilterOutputHandler - [ERROR]          import·org.apache.calcite.sql.SqlWriter;
20:53:07.054 [Thread-4] ERROR f.i.s.r.p.m.o.MavenFilterOutputHandler - [ERROR]          
20:53:07.054 [Thread-4] ERROR f.i.s.r.p.m.o.MavenFilterOutputHandler - [ERROR]         -import·java.util.Arrays;
20:53:07.054 [Thread-4] ERROR f.i.s.r.p.m.o.MavenFilterOutputHandler - [ERROR]         -
20:53:07.054 [Thread-4] ERROR f.i.s.r.p.m.o.MavenFilterOutputHandler - [ERROR]          class·UnparseUtils·{
20:53:07.054 [Thread-4] ERROR f.i.s.r.p.m.o.MavenFilterOutputHandler - [ERROR]          ··private·final·SqlWriter·_writer;
20:53:07.054 [Thread-4] ERROR f.i.s.r.p.m.o.MavenFilterOutputHandler - [ERROR]          ··private·final·int·_leftPrec;
20:53:07.054 [Thread-4] ERROR f.i.s.r.p.m.o.MavenFilterOutputHandler - [ERROR] Run 'mvn spotless:apply' to fix these violations.
20:53:07.054 [Thread-4] ERROR f.i.s.r.p.m.o.MavenFilterOutputHandler - [ERROR] -> [Help 1]
20:53:07.060 [Thread-4] ERROR f.i.s.r.p.m.o.MavenFilterOutputHandler - [ERROR] 
20:53:07.060 [Thread-4] ERROR f.i.s.r.p.m.o.MavenFilterOutputHandler - [ERROR] Re-run Maven using the -X switch to enable full debug logging.
20:53:07.060 [Thread-4] ERROR f.i.s.r.p.m.o.MavenFilterOutputHandler - [ERROR] 
20:53:07.060 [Thread-4] ERROR f.i.s.r.p.m.o.MavenFilterOutputHandler - [ERROR] For more information about the errors and possible solutions, please read the following articles:
20:53:07.060 [Thread-4] ERROR f.i.s.r.p.m.o.MavenFilterOutputHandler - [ERROR] [Help 1] http://cwiki.apache.org/confluence/display/MAVEN/MojoExecutionException
20:53:07.060 [Thread-4] ERROR f.i.s.r.p.m.o.MavenFilterOutputHandler - [ERROR] 
20:53:07.060 [Thread-4] ERROR f.i.s.r.p.m.o.MavenFilterOutputHandler - [ERROR] After correcting the problems, you can resume the build with the command
20:53:07.060 [Thread-4] ERROR f.i.s.r.p.m.o.MavenFilterOutputHandler - [ERROR]   mvn <goals> -rf :pinot-common
20:53:07.217 [main] ERROR f.i.s.r.process.step.BuildProject - Repository apache/pinot cannot be built.
20:53:07.220 [main] INFO  f.i.s.r.process.step.BuildProject - 
20:53:07.779 [main] INFO  f.i.s.r.p.i.ProjectInspector - ----------------------------------------------------------------------
20:53:07.779 [main] INFO  f.i.s.r.p.i.ProjectInspector - PIPELINE EXECUTION SUMMARY
20:53:07.779 [main] INFO  f.i.s.r.p.i.ProjectInspector - ----------------------------------------------------------------------
20:53:07.779 [main] INFO  f.i.s.r.p.i.ProjectInspector - CloneCheckoutGitPullRequest...........................SUCCESS [ 21 s ]
20:53:07.779 [main] INFO  f.i.s.r.p.i.ProjectInspector - BuildProject..........................................FAILURE [ 52 s ]
20:53:07.779 [main] INFO  f.i.s.r.p.i.ProjectInspector - TestProject...........................................NOT RUN         
20:53:07.779 [main] INFO  f.i.s.r.p.i.ProjectInspector - ComputeClasspath......................................NOT RUN         
20:53:07.779 [main] INFO  f.i.s.r.p.i.ProjectInspector - ComputeSourceDir......................................NOT RUN         
20:53:07.779 [main] INFO  f.i.s.r.p.i.ProjectInspector - ComputeTestDir........................................NOT RUN         
20:53:07.779 [main] INFO  f.i.s.r.p.i.ProjectInspector - GatherTestInformation.................................NOT RUN         
20:53:07.779 [main] INFO  f.i.s.r.p.i.ProjectInspector - FlacocoLocalization...................................NOT RUN         
20:53:07.779 [main] INFO  f.i.s.r.p.i.ProjectInspector - PushFaultLocalizationSuggestionsOnGitHubRepository....NOT RUN         
20:53:07.779 [main] INFO  f.i.s.r.p.i.ProjectInspector - ----------------------------------------------------------------------
20:53:07.779 [main] INFO  f.i.s.r.p.i.ProjectInspector - PIPELINE FINDING: NOTBUILDABLE
20:53:07.779 [main] INFO  f.i.s.r.p.i.ProjectInspector - ----------------------------------------------------------------------
20:53:07.780 [main] INFO  f.i.s.r.p.github.GithubMainProcess - Inspector is finished. The process will exit now.
