Execute pipeline with following supplementary args: --smtpPort 25 --listenerMode NOOP --launcherMode FAULT_LOCALIZATION  --gitrepourl https://github.com/apache/pinot --gitrepopullrequest 8434
java -cp /usr/local/openjdk-11/lib/tools.jar:repairnator-pipeline.jar -Dlogback.configurationFile=/root/logback.xml fr.inria.spirals.repairnator.pipeline.Launcher -d --runId null -o /var/log --ghOauth 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 --faultLocalization --flacocoThreshold 0.0 --flacocoTopK null --flacocoResultsRepository flacocobot/2022-flacocobot-experiment --ghOauth  --smtpPort 25 --listenerMode NOOP --launcherMode FAULT_LOCALIZATION  --gitrepourl https://github.com/apache/pinot --gitrepopullrequest 8434

22:10:26.415 [main] INFO  f.i.s.r.p.g.GithubInitSerializerEngines - Initialize file serializer engines.
22:10:26.416 [main] INFO  f.i.s.r.p.g.GithubInitSerializerEngines - MongoDB won't be used for serialization.
22:10:26.416 [main] INFO  f.i.s.r.p.github.GithubInitNotifiers - The email notifier engine won't be used.
22:10:26.430 [main] INFO  f.i.s.r.p.i.ProjectInspector - ----------------------------------------------------------------------
22:10:26.430 [main] INFO  f.i.s.r.p.i.ProjectInspector - PIPELINE STEPS
22:10:26.430 [main] INFO  f.i.s.r.p.i.ProjectInspector - ----------------------------------------------------------------------
22:10:26.430 [main] INFO  f.i.s.r.p.i.ProjectInspector - CloneCheckoutGitPullRequest
22:10:26.430 [main] INFO  f.i.s.r.p.i.ProjectInspector - BuildProject
22:10:26.430 [main] INFO  f.i.s.r.p.i.ProjectInspector - TestProject
22:10:26.430 [main] INFO  f.i.s.r.p.i.ProjectInspector - ComputeClasspath
22:10:26.431 [main] INFO  f.i.s.r.p.i.ProjectInspector - ComputeSourceDir
22:10:26.431 [main] INFO  f.i.s.r.p.i.ProjectInspector - ComputeTestDir
22:10:26.431 [main] INFO  f.i.s.r.p.i.ProjectInspector - GatherTestInformation
22:10:26.431 [main] INFO  f.i.s.r.p.i.ProjectInspector - FlacocoLocalization
22:10:26.431 [main] INFO  f.i.s.r.p.i.ProjectInspector - PushFaultLocalizationSuggestionsOnGitHubRepository
22:10:26.431 [main] INFO  f.i.s.r.p.s.CloneCheckoutGitPullRequest - Cloning repository https://github.com/apache/pinot.git in the following directory: ./workspace/apache-pinot-master-8434_repo
22:11:15.169 [Thread-5] ERROR f.i.s.r.p.m.output.MavenErrorHandler - Warning: Lookahead adequacy checking not being performed since option LOOKAHEAD is more than 1.  Set option FORCE_LA_CHECK to true to force checking.
22:12:28.734 [Thread-4] ERROR f.i.s.r.p.m.o.MavenFilterOutputHandler - [ERROR] Failed to execute goal com.diffplug.spotless:spotless-maven-plugin:2.9.0:check (default) on project pinot-controller: The following files had format violations:
22:12:28.734 [Thread-4] ERROR f.i.s.r.p.m.o.MavenFilterOutputHandler - [ERROR]     src/main/java/org/apache/pinot/controller/helix/core/assignment/instance/InstanceReplicaGroupPartitionSelector.java
22:12:28.734 [Thread-4] ERROR f.i.s.r.p.m.o.MavenFilterOutputHandler - [ERROR]         @@ -30,7 +30,6 @@
22:12:28.734 [Thread-4] ERROR f.i.s.r.p.m.o.MavenFilterOutputHandler - [ERROR]          import·java.util.Map;
22:12:28.734 [Thread-4] ERROR f.i.s.r.p.m.o.MavenFilterOutputHandler - [ERROR]          import·java.util.Set;
22:12:28.734 [Thread-4] ERROR f.i.s.r.p.m.o.MavenFilterOutputHandler - [ERROR]          import·java.util.TreeMap;
22:12:28.735 [Thread-4] ERROR f.i.s.r.p.m.o.MavenFilterOutputHandler - [ERROR]         -import·javax.annotation.Nullable;
22:12:28.735 [Thread-4] ERROR f.i.s.r.p.m.o.MavenFilterOutputHandler - [ERROR]          import·org.apache.helix.model.InstanceConfig;
22:12:28.735 [Thread-4] ERROR f.i.s.r.p.m.o.MavenFilterOutputHandler - [ERROR]          import·org.apache.pinot.common.assignment.InstancePartitions;
22:12:28.735 [Thread-4] ERROR f.i.s.r.p.m.o.MavenFilterOutputHandler - [ERROR]          import·org.apache.pinot.spi.config.table.assignment.InstanceReplicaGroupPartitionConfig;
22:12:28.735 [Thread-4] ERROR f.i.s.r.p.m.o.MavenFilterOutputHandler - [ERROR] Run 'mvn spotless:apply' to fix these violations.
22:12:28.735 [Thread-4] ERROR f.i.s.r.p.m.o.MavenFilterOutputHandler - [ERROR] -> [Help 1]
22:12:28.738 [Thread-4] ERROR f.i.s.r.p.m.o.MavenFilterOutputHandler - [ERROR] 
22:12:28.738 [Thread-4] ERROR f.i.s.r.p.m.o.MavenFilterOutputHandler - [ERROR] Re-run Maven using the -X switch to enable full debug logging.
22:12:28.738 [Thread-4] ERROR f.i.s.r.p.m.o.MavenFilterOutputHandler - [ERROR] 
22:12:28.738 [Thread-4] ERROR f.i.s.r.p.m.o.MavenFilterOutputHandler - [ERROR] For more information about the errors and possible solutions, please read the following articles:
22:12:28.738 [Thread-4] ERROR f.i.s.r.p.m.o.MavenFilterOutputHandler - [ERROR] [Help 1] http://cwiki.apache.org/confluence/display/MAVEN/MojoExecutionException
22:12:28.738 [Thread-4] ERROR f.i.s.r.p.m.o.MavenFilterOutputHandler - [ERROR] 
22:12:28.738 [Thread-4] ERROR f.i.s.r.p.m.o.MavenFilterOutputHandler - [ERROR] After correcting the problems, you can resume the build with the command
22:12:28.738 [Thread-4] ERROR f.i.s.r.p.m.o.MavenFilterOutputHandler - [ERROR]   mvn <goals> -rf :pinot-controller
22:12:29.005 [main] ERROR f.i.s.r.process.step.BuildProject - Repository apache/pinot cannot be built.
22:12:29.007 [main] INFO  f.i.s.r.process.step.BuildProject - 
22:12:30.217 [main] INFO  f.i.s.r.p.i.ProjectInspector - ----------------------------------------------------------------------
22:12:30.217 [main] INFO  f.i.s.r.p.i.ProjectInspector - PIPELINE EXECUTION SUMMARY
22:12:30.217 [main] INFO  f.i.s.r.p.i.ProjectInspector - ----------------------------------------------------------------------
22:12:30.218 [main] INFO  f.i.s.r.p.i.ProjectInspector - CloneCheckoutGitPullRequest..........................SUCCESS [  19 s ]
22:12:30.218 [main] INFO  f.i.s.r.p.i.ProjectInspector - BuildProject.........................................FAILURE [ 103 s ]
22:12:30.218 [main] INFO  f.i.s.r.p.i.ProjectInspector - TestProject..........................................NOT RUN          
22:12:30.218 [main] INFO  f.i.s.r.p.i.ProjectInspector - ComputeClasspath.....................................NOT RUN          
22:12:30.218 [main] INFO  f.i.s.r.p.i.ProjectInspector - ComputeSourceDir.....................................NOT RUN          
22:12:30.218 [main] INFO  f.i.s.r.p.i.ProjectInspector - ComputeTestDir.......................................NOT RUN          
22:12:30.218 [main] INFO  f.i.s.r.p.i.ProjectInspector - GatherTestInformation................................NOT RUN          
22:12:30.218 [main] INFO  f.i.s.r.p.i.ProjectInspector - FlacocoLocalization..................................NOT RUN          
22:12:30.218 [main] INFO  f.i.s.r.p.i.ProjectInspector - PushFaultLocalizationSuggestionsOnGitHubRepository...NOT RUN          
22:12:30.218 [main] INFO  f.i.s.r.p.i.ProjectInspector - ----------------------------------------------------------------------
22:12:30.219 [main] INFO  f.i.s.r.p.i.ProjectInspector - PIPELINE FINDING: NOTBUILDABLE
22:12:30.219 [main] INFO  f.i.s.r.p.i.ProjectInspector - ----------------------------------------------------------------------
22:12:30.219 [main] INFO  f.i.s.r.p.github.GithubMainProcess - Inspector is finished. The process will exit now.
