Execute pipeline with following supplementary args: --smtpPort 25 --listenerMode NOOP --launcherMode FAULT_LOCALIZATION  --gitrepourl https://github.com/apache/pinot --gitrepopullrequest 8491
java -cp /usr/local/openjdk-11/lib/tools.jar:repairnator-pipeline.jar -Dlogback.configurationFile=/root/logback.xml fr.inria.spirals.repairnator.pipeline.Launcher -d --runId null -o /var/log --ghOauth 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 --faultLocalization --flacocoThreshold 0.0 --flacocoTopK null --flacocoResultsRepository flacocobot/2022-flacocobot-experiment --ghOauth  --smtpPort 25 --listenerMode NOOP --launcherMode FAULT_LOCALIZATION  --gitrepourl https://github.com/apache/pinot --gitrepopullrequest 8491

00:50:56.704 [main] INFO  f.i.s.r.p.g.GithubInitSerializerEngines - Initialize file serializer engines.
00:50:56.705 [main] INFO  f.i.s.r.p.g.GithubInitSerializerEngines - MongoDB won't be used for serialization.
00:50:56.705 [main] INFO  f.i.s.r.p.github.GithubInitNotifiers - The email notifier engine won't be used.
00:50:56.720 [main] INFO  f.i.s.r.p.i.ProjectInspector - ----------------------------------------------------------------------
00:50:56.720 [main] INFO  f.i.s.r.p.i.ProjectInspector - PIPELINE STEPS
00:50:56.720 [main] INFO  f.i.s.r.p.i.ProjectInspector - ----------------------------------------------------------------------
00:50:56.720 [main] INFO  f.i.s.r.p.i.ProjectInspector - CloneCheckoutGitPullRequest
00:50:56.720 [main] INFO  f.i.s.r.p.i.ProjectInspector - BuildProject
00:50:56.720 [main] INFO  f.i.s.r.p.i.ProjectInspector - TestProject
00:50:56.720 [main] INFO  f.i.s.r.p.i.ProjectInspector - ComputeClasspath
00:50:56.721 [main] INFO  f.i.s.r.p.i.ProjectInspector - ComputeSourceDir
00:50:56.721 [main] INFO  f.i.s.r.p.i.ProjectInspector - ComputeTestDir
00:50:56.721 [main] INFO  f.i.s.r.p.i.ProjectInspector - GatherTestInformation
00:50:56.721 [main] INFO  f.i.s.r.p.i.ProjectInspector - FlacocoLocalization
00:50:56.721 [main] INFO  f.i.s.r.p.i.ProjectInspector - PushFaultLocalizationSuggestionsOnGitHubRepository
00:50:56.721 [main] INFO  f.i.s.r.p.s.CloneCheckoutGitPullRequest - Cloning repository https://github.com/apache/pinot.git in the following directory: ./workspace/apache-pinot-master-8491_repo
00:52:32.595 [Thread-4] ERROR f.i.s.r.p.m.o.MavenFilterOutputHandler - [ERROR] Failed to execute goal com.diffplug.spotless:spotless-maven-plugin:2.9.0:check (default) on project pinot-core: The following files had format violations:
00:52:32.596 [Thread-4] ERROR f.i.s.r.p.m.o.MavenFilterOutputHandler - [ERROR]     src/main/java/org/apache/pinot/core/transport/ServerRoutingInstance.java
00:52:32.597 [Thread-4] ERROR f.i.s.r.p.m.o.MavenFilterOutputHandler - [ERROR]         @@ -25,7 +25,6 @@
00:52:32.597 [Thread-4] ERROR f.i.s.r.p.m.o.MavenFilterOutputHandler - [ERROR]          import·java.util.concurrent.ConcurrentHashMap;
00:52:32.597 [Thread-4] ERROR f.i.s.r.p.m.o.MavenFilterOutputHandler - [ERROR]          import·javax.annotation.concurrent.ThreadSafe;
00:52:32.597 [Thread-4] ERROR f.i.s.r.p.m.o.MavenFilterOutputHandler - [ERROR]          import·org.apache.pinot.spi.config.table.TableType;
00:52:32.597 [Thread-4] ERROR f.i.s.r.p.m.o.MavenFilterOutputHandler - [ERROR]         -import·org.apache.pinot.spi.utils.CommonConstants;
00:52:32.597 [Thread-4] ERROR f.i.s.r.p.m.o.MavenFilterOutputHandler - [ERROR]          import·org.apache.pinot.spi.utils.CommonConstants.Helix;
00:52:32.597 [Thread-4] ERROR f.i.s.r.p.m.o.MavenFilterOutputHandler - [ERROR]          
00:52:32.597 [Thread-4] ERROR f.i.s.r.p.m.o.MavenFilterOutputHandler - [ERROR]          
00:52:32.597 [Thread-4] ERROR f.i.s.r.p.m.o.MavenFilterOutputHandler - [ERROR] Run 'mvn spotless:apply' to fix these violations.
00:52:32.597 [Thread-4] ERROR f.i.s.r.p.m.o.MavenFilterOutputHandler - [ERROR] -> [Help 1]
00:52:32.601 [Thread-4] ERROR f.i.s.r.p.m.o.MavenFilterOutputHandler - [ERROR] 
00:52:32.602 [Thread-4] ERROR f.i.s.r.p.m.o.MavenFilterOutputHandler - [ERROR] Re-run Maven using the -X switch to enable full debug logging.
00:52:32.602 [Thread-4] ERROR f.i.s.r.p.m.o.MavenFilterOutputHandler - [ERROR] 
00:52:32.602 [Thread-4] ERROR f.i.s.r.p.m.o.MavenFilterOutputHandler - [ERROR] For more information about the errors and possible solutions, please read the following articles:
00:52:32.602 [Thread-4] ERROR f.i.s.r.p.m.o.MavenFilterOutputHandler - [ERROR] [Help 1] http://cwiki.apache.org/confluence/display/MAVEN/MojoExecutionException
00:52:32.602 [Thread-4] ERROR f.i.s.r.p.m.o.MavenFilterOutputHandler - [ERROR] 
00:52:32.602 [Thread-4] ERROR f.i.s.r.p.m.o.MavenFilterOutputHandler - [ERROR] After correcting the problems, you can resume the build with the command
00:52:32.602 [Thread-4] ERROR f.i.s.r.p.m.o.MavenFilterOutputHandler - [ERROR]   mvn <goals> -rf :pinot-core
00:52:33.237 [main] ERROR f.i.s.r.process.step.BuildProject - Repository apache/pinot cannot be built.
00:52:33.237 [main] INFO  f.i.s.r.process.step.BuildProject - 
00:52:34.125 [main] INFO  f.i.s.r.p.i.ProjectInspector - ----------------------------------------------------------------------
00:52:34.125 [main] INFO  f.i.s.r.p.i.ProjectInspector - PIPELINE EXECUTION SUMMARY
00:52:34.125 [main] INFO  f.i.s.r.p.i.ProjectInspector - ----------------------------------------------------------------------
00:52:34.125 [main] INFO  f.i.s.r.p.i.ProjectInspector - CloneCheckoutGitPullRequest...........................SUCCESS [ 20 s ]
00:52:34.125 [main] INFO  f.i.s.r.p.i.ProjectInspector - BuildProject..........................................FAILURE [ 76 s ]
00:52:34.125 [main] INFO  f.i.s.r.p.i.ProjectInspector - TestProject...........................................NOT RUN         
00:52:34.125 [main] INFO  f.i.s.r.p.i.ProjectInspector - ComputeClasspath......................................NOT RUN         
00:52:34.125 [main] INFO  f.i.s.r.p.i.ProjectInspector - ComputeSourceDir......................................NOT RUN         
00:52:34.126 [main] INFO  f.i.s.r.p.i.ProjectInspector - ComputeTestDir........................................NOT RUN         
00:52:34.126 [main] INFO  f.i.s.r.p.i.ProjectInspector - GatherTestInformation.................................NOT RUN         
00:52:34.126 [main] INFO  f.i.s.r.p.i.ProjectInspector - FlacocoLocalization...................................NOT RUN         
00:52:34.126 [main] INFO  f.i.s.r.p.i.ProjectInspector - PushFaultLocalizationSuggestionsOnGitHubRepository....NOT RUN         
00:52:34.126 [main] INFO  f.i.s.r.p.i.ProjectInspector - ----------------------------------------------------------------------
00:52:34.126 [main] INFO  f.i.s.r.p.i.ProjectInspector - PIPELINE FINDING: NOTBUILDABLE
00:52:34.126 [main] INFO  f.i.s.r.p.i.ProjectInspector - ----------------------------------------------------------------------
00:52:34.126 [main] INFO  f.i.s.r.p.github.GithubMainProcess - Inspector is finished. The process will exit now.
