Execute pipeline with following supplementary args: --smtpPort 25 --listenerMode NOOP --launcherMode FAULT_LOCALIZATION  --gitrepourl https://github.com/apache/pinot --gitrepopullrequest 8563
java -cp /usr/local/openjdk-11/lib/tools.jar:repairnator-pipeline.jar -Dlogback.configurationFile=/root/logback.xml fr.inria.spirals.repairnator.pipeline.Launcher -d --runId null -o /var/log --ghOauth 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 --faultLocalization --flacocoThreshold 0.0 --flacocoTopK null --flacocoResultsRepository flacocobot/2022-flacocobot-experiment --ghOauth  --smtpPort 25 --listenerMode NOOP --launcherMode FAULT_LOCALIZATION  --gitrepourl https://github.com/apache/pinot --gitrepopullrequest 8563

02:03:49.737 [main] INFO  f.i.s.r.p.g.GithubInitSerializerEngines - Initialize file serializer engines.
02:03:49.738 [main] INFO  f.i.s.r.p.g.GithubInitSerializerEngines - MongoDB won't be used for serialization.
02:03:49.738 [main] INFO  f.i.s.r.p.github.GithubInitNotifiers - The email notifier engine won't be used.
02:03:49.753 [main] INFO  f.i.s.r.p.i.ProjectInspector - ----------------------------------------------------------------------
02:03:49.753 [main] INFO  f.i.s.r.p.i.ProjectInspector - PIPELINE STEPS
02:03:49.753 [main] INFO  f.i.s.r.p.i.ProjectInspector - ----------------------------------------------------------------------
02:03:49.753 [main] INFO  f.i.s.r.p.i.ProjectInspector - CloneCheckoutGitPullRequest
02:03:49.753 [main] INFO  f.i.s.r.p.i.ProjectInspector - BuildProject
02:03:49.753 [main] INFO  f.i.s.r.p.i.ProjectInspector - TestProject
02:03:49.753 [main] INFO  f.i.s.r.p.i.ProjectInspector - ComputeClasspath
02:03:49.753 [main] INFO  f.i.s.r.p.i.ProjectInspector - ComputeSourceDir
02:03:49.753 [main] INFO  f.i.s.r.p.i.ProjectInspector - ComputeTestDir
02:03:49.753 [main] INFO  f.i.s.r.p.i.ProjectInspector - GatherTestInformation
02:03:49.753 [main] INFO  f.i.s.r.p.i.ProjectInspector - FlacocoLocalization
02:03:49.753 [main] INFO  f.i.s.r.p.i.ProjectInspector - PushFaultLocalizationSuggestionsOnGitHubRepository
02:03:49.753 [main] INFO  f.i.s.r.p.s.CloneCheckoutGitPullRequest - Cloning repository https://github.com/apache/pinot.git in the following directory: ./workspace/apache-pinot-master-8563_repo
02:04:42.351 [Thread-5] ERROR f.i.s.r.p.m.output.MavenErrorHandler - Warning: Lookahead adequacy checking not being performed since option LOOKAHEAD is more than 1.  Set option FORCE_LA_CHECK to true to force checking.
02:11:43.708 [Thread-7] ERROR f.i.s.r.p.m.o.MavenFilterOutputHandler - [ERROR] WARNING: An illegal reflective access operation has occurred
02:11:43.709 [Thread-7] ERROR f.i.s.r.p.m.o.MavenFilterOutputHandler - [ERROR] WARNING: Illegal reflective access by org.codehaus.groovy.vmplugin.v7.Java7$1 (file:/root/workspace/apache-pinot-master-8563_repo/.m2/org/codehaus/groovy/groovy-all/2.4.21/groovy-all-2.4.21.jar) to constructor java.lang.invoke.MethodHandles$Lookup(java.lang.Class,int)
02:11:43.709 [Thread-7] ERROR f.i.s.r.p.m.o.MavenFilterOutputHandler - [ERROR] WARNING: Please consider reporting this to the maintainers of org.codehaus.groovy.vmplugin.v7.Java7$1
02:11:43.709 [Thread-7] ERROR f.i.s.r.p.m.o.MavenFilterOutputHandler - [ERROR] WARNING: Use --illegal-access=warn to enable warnings of further illegal reflective access operations
02:11:43.709 [Thread-7] ERROR f.i.s.r.p.m.o.MavenFilterOutputHandler - [ERROR] WARNING: All illegal access operations will be denied in a future release
02:11:52.118 [Thread-7] ERROR f.i.s.r.p.m.o.MavenFilterOutputHandler - [ERROR] WARNING: An illegal reflective access operation has occurred
02:11:52.118 [Thread-7] ERROR f.i.s.r.p.m.o.MavenFilterOutputHandler - [ERROR] WARNING: Illegal reflective access by xerial.larray.buffer.UnsafeUtil (file:/root/workspace/apache-pinot-master-8563_repo/.m2/org/xerial/larray/larray-buffer/0.4.1/larray-buffer-0.4.1.jar) to constructor java.nio.DirectByteBuffer(long,int,java.lang.Object)
02:11:52.118 [Thread-7] ERROR f.i.s.r.p.m.o.MavenFilterOutputHandler - [ERROR] WARNING: Please consider reporting this to the maintainers of xerial.larray.buffer.UnsafeUtil
02:11:52.118 [Thread-7] ERROR f.i.s.r.p.m.o.MavenFilterOutputHandler - [ERROR] WARNING: Use --illegal-access=warn to enable warnings of further illegal reflective access operations
02:11:52.118 [Thread-7] ERROR f.i.s.r.p.m.o.MavenFilterOutputHandler - [ERROR] WARNING: All illegal access operations will be denied in a future release
02:11:57.951 [Thread-7] ERROR f.i.s.r.p.m.o.MavenFilterOutputHandler - [ERROR] Failed to execute goal org.apache.maven.plugins:maven-checkstyle-plugin:3.1.2:check (checkstyle) on project pinot-common: You have 2 Checkstyle violations. -> [Help 1]
02:11:57.954 [Thread-7] ERROR f.i.s.r.p.m.o.MavenFilterOutputHandler - [ERROR] 
02:11:57.954 [Thread-7] ERROR f.i.s.r.p.m.o.MavenFilterOutputHandler - [ERROR] Re-run Maven using the -X switch to enable full debug logging.
02:11:57.954 [Thread-7] ERROR f.i.s.r.p.m.o.MavenFilterOutputHandler - [ERROR] 
02:11:57.954 [Thread-7] ERROR f.i.s.r.p.m.o.MavenFilterOutputHandler - [ERROR] For more information about the errors and possible solutions, please read the following articles:
02:11:57.954 [Thread-7] ERROR f.i.s.r.p.m.o.MavenFilterOutputHandler - [ERROR] [Help 1] http://cwiki.apache.org/confluence/display/MAVEN/MojoFailureException
02:11:57.954 [Thread-7] ERROR f.i.s.r.p.m.o.MavenFilterOutputHandler - [ERROR] 
02:11:57.954 [Thread-7] ERROR f.i.s.r.p.m.o.MavenFilterOutputHandler - [ERROR] After correcting the problems, you can resume the build with the command
02:11:57.954 [Thread-7] ERROR f.i.s.r.p.m.o.MavenFilterOutputHandler - [ERROR]   mvn <goals> -rf :pinot-common
02:12:02.232 [main] ERROR f.i.s.r.p.s.paths.ComputeClasspath - The classpath file is empty.
02:12:02.232 [main] ERROR f.i.s.r.p.s.paths.ComputeClasspath - The classpath seems not to contain JUnit, maybe this project does not use JUnit for testing.
02:12:02.233 [main] ERROR f.i.s.r.p.s.paths.ComputeClasspath - The file does not exist: /root/./workspace/apache-pinot-master-8563_repo/target/classes.
02:12:02.233 [main] ERROR f.i.s.r.p.s.paths.ComputeClasspath - The file does not exist: /root/./workspace/apache-pinot-master-8563_repo/target/test-classes.
02:12:02.414 [main] ERROR f.i.s.r.p.s.paths.ComputeSourceDir - The source directory is not at default location or specified in build section from pom.xml, and no parent can be found.
02:12:02.419 [main] ERROR f.i.s.r.p.s.paths.ComputeSourceDir - The source directory is not at default location or specified in build section from pom.xml, and no parent can be found.
02:12:02.428 [main] INFO  f.i.s.r.p.s.paths.ComputeSourceDir - 49 source dirs were found:
02:12:02.428 [main] INFO  f.i.s.r.p.s.paths.ComputeSourceDir - /root/workspace/apache-pinot-master-8563_repo/contrib/pinot-fmpp-maven-plugin/src/main/java
02:12:02.428 [main] INFO  f.i.s.r.p.s.paths.ComputeSourceDir - /root/workspace/apache-pinot-master-8563_repo/pinot-broker/src/main/java
02:12:02.428 [main] INFO  f.i.s.r.p.s.paths.ComputeSourceDir - /root/workspace/apache-pinot-master-8563_repo/pinot-clients/pinot-java-client/src/main/java
02:12:02.428 [main] INFO  f.i.s.r.p.s.paths.ComputeSourceDir - /root/workspace/apache-pinot-master-8563_repo/pinot-clients/pinot-jdbc-client/src/main/java
02:12:02.428 [main] INFO  f.i.s.r.p.s.paths.ComputeSourceDir - /root/workspace/apache-pinot-master-8563_repo/pinot-common/src/main/java
02:12:02.428 [main] INFO  f.i.s.r.p.s.paths.ComputeSourceDir - /root/workspace/apache-pinot-master-8563_repo/pinot-compatibility-verifier/src/main/java
02:12:02.428 [main] INFO  f.i.s.r.p.s.paths.ComputeSourceDir - /root/workspace/apache-pinot-master-8563_repo/pinot-connectors/pinot-flink-connector/src/main/java
02:12:02.428 [main] INFO  f.i.s.r.p.s.paths.ComputeSourceDir - /root/workspace/apache-pinot-master-8563_repo/pinot-connectors/pinot-spark-connector/src/main/scala
02:12:02.428 [main] INFO  f.i.s.r.p.s.paths.ComputeSourceDir - /root/workspace/apache-pinot-master-8563_repo/pinot-controller/src/main/java
02:12:02.428 [main] INFO  f.i.s.r.p.s.paths.ComputeSourceDir - /root/workspace/apache-pinot-master-8563_repo/pinot-core/src/main/java
02:12:02.428 [main] INFO  f.i.s.r.p.s.paths.ComputeSourceDir - /root/workspace/apache-pinot-master-8563_repo/pinot-integration-tests/src/main/java
02:12:02.428 [main] INFO  f.i.s.r.p.s.paths.ComputeSourceDir - /root/workspace/apache-pinot-master-8563_repo/pinot-minion/src/main/java
02:12:02.428 [main] INFO  f.i.s.r.p.s.paths.ComputeSourceDir - /root/workspace/apache-pinot-master-8563_repo/pinot-perf/src/main/java
02:12:02.428 [main] INFO  f.i.s.r.p.s.paths.ComputeSourceDir - /root/workspace/apache-pinot-master-8563_repo/pinot-plugins/pinot-batch-ingestion/pinot-batch-ingestion-common/src/main/java
02:12:02.428 [main] INFO  f.i.s.r.p.s.paths.ComputeSourceDir - /root/workspace/apache-pinot-master-8563_repo/pinot-plugins/pinot-batch-ingestion/pinot-batch-ingestion-hadoop/src/main/java
02:12:02.428 [main] INFO  f.i.s.r.p.s.paths.ComputeSourceDir - /root/workspace/apache-pinot-master-8563_repo/pinot-plugins/pinot-batch-ingestion/pinot-batch-ingestion-spark/src/main/java
02:12:02.428 [main] INFO  f.i.s.r.p.s.paths.ComputeSourceDir - /root/workspace/apache-pinot-master-8563_repo/pinot-plugins/pinot-batch-ingestion/pinot-batch-ingestion-standalone/src/main/java
02:12:02.428 [main] INFO  f.i.s.r.p.s.paths.ComputeSourceDir - /root/workspace/apache-pinot-master-8563_repo/pinot-plugins/pinot-batch-ingestion/v0_deprecated/pinot-hadoop/src/main/java
02:12:02.429 [main] INFO  f.i.s.r.p.s.paths.ComputeSourceDir - /root/workspace/apache-pinot-master-8563_repo/pinot-plugins/pinot-batch-ingestion/v0_deprecated/pinot-ingestion-common/src/main/java
02:12:02.429 [main] INFO  f.i.s.r.p.s.paths.ComputeSourceDir - /root/workspace/apache-pinot-master-8563_repo/pinot-plugins/pinot-batch-ingestion/v0_deprecated/pinot-spark/src/main/java
02:12:02.429 [main] INFO  f.i.s.r.p.s.paths.ComputeSourceDir - /root/workspace/apache-pinot-master-8563_repo/pinot-plugins/pinot-environment/pinot-azure/src/main/java
02:12:02.429 [main] INFO  f.i.s.r.p.s.paths.ComputeSourceDir - /root/workspace/apache-pinot-master-8563_repo/pinot-plugins/pinot-file-system/pinot-adls/src/main/java
02:12:02.429 [main] INFO  f.i.s.r.p.s.paths.ComputeSourceDir - /root/workspace/apache-pinot-master-8563_repo/pinot-plugins/pinot-file-system/pinot-gcs/src/main/java
02:12:02.429 [main] INFO  f.i.s.r.p.s.paths.ComputeSourceDir - /root/workspace/apache-pinot-master-8563_repo/pinot-plugins/pinot-file-system/pinot-hdfs/src/main/java
02:12:02.429 [main] INFO  f.i.s.r.p.s.paths.ComputeSourceDir - /root/workspace/apache-pinot-master-8563_repo/pinot-plugins/pinot-file-system/pinot-s3/src/main/java
02:12:02.429 [main] INFO  f.i.s.r.p.s.paths.ComputeSourceDir - /root/workspace/apache-pinot-master-8563_repo/pinot-plugins/pinot-input-format/pinot-avro-base/src/main/java
02:12:02.429 [main] INFO  f.i.s.r.p.s.paths.ComputeSourceDir - /root/workspace/apache-pinot-master-8563_repo/pinot-plugins/pinot-input-format/pinot-avro/src/main/java
02:12:02.429 [main] INFO  f.i.s.r.p.s.paths.ComputeSourceDir - /root/workspace/apache-pinot-master-8563_repo/pinot-plugins/pinot-input-format/pinot-confluent-avro/src/main/java
02:12:02.429 [main] INFO  f.i.s.r.p.s.paths.ComputeSourceDir - /root/workspace/apache-pinot-master-8563_repo/pinot-plugins/pinot-input-format/pinot-csv/src/main/java
02:12:02.429 [main] INFO  f.i.s.r.p.s.paths.ComputeSourceDir - /root/workspace/apache-pinot-master-8563_repo/pinot-plugins/pinot-input-format/pinot-json/src/main/java
02:12:02.429 [main] INFO  f.i.s.r.p.s.paths.ComputeSourceDir - /root/workspace/apache-pinot-master-8563_repo/pinot-plugins/pinot-input-format/pinot-orc/src/main/java
02:12:02.429 [main] INFO  f.i.s.r.p.s.paths.ComputeSourceDir - /root/workspace/apache-pinot-master-8563_repo/pinot-plugins/pinot-input-format/pinot-parquet/src/main/java
02:12:02.429 [main] INFO  f.i.s.r.p.s.paths.ComputeSourceDir - /root/workspace/apache-pinot-master-8563_repo/pinot-plugins/pinot-input-format/pinot-protobuf/src/main/java
02:12:02.429 [main] INFO  f.i.s.r.p.s.paths.ComputeSourceDir - /root/workspace/apache-pinot-master-8563_repo/pinot-plugins/pinot-input-format/pinot-thrift/src/main/java
02:12:02.429 [main] INFO  f.i.s.r.p.s.paths.ComputeSourceDir - /root/workspace/apache-pinot-master-8563_repo/pinot-plugins/pinot-metrics/pinot-dropwizard/src/main/java
02:12:02.429 [main] INFO  f.i.s.r.p.s.paths.ComputeSourceDir - /root/workspace/apache-pinot-master-8563_repo/pinot-plugins/pinot-metrics/pinot-yammer/src/main/java
02:12:02.429 [main] INFO  f.i.s.r.p.s.paths.ComputeSourceDir - /root/workspace/apache-pinot-master-8563_repo/pinot-plugins/pinot-minion-tasks/pinot-minion-builtin-tasks/src/main/java
02:12:02.429 [main] INFO  f.i.s.r.p.s.paths.ComputeSourceDir - /root/workspace/apache-pinot-master-8563_repo/pinot-plugins/pinot-segment-uploader/pinot-segment-uploader-default/src/main/java
02:12:02.429 [main] INFO  f.i.s.r.p.s.paths.ComputeSourceDir - /root/workspace/apache-pinot-master-8563_repo/pinot-plugins/pinot-segment-writer/pinot-segment-writer-file-based/src/main/java
02:12:02.429 [main] INFO  f.i.s.r.p.s.paths.ComputeSourceDir - /root/workspace/apache-pinot-master-8563_repo/pinot-plugins/pinot-stream-ingestion/pinot-kafka-0.9/src/main/java
02:12:02.429 [main] INFO  f.i.s.r.p.s.paths.ComputeSourceDir - /root/workspace/apache-pinot-master-8563_repo/pinot-plugins/pinot-stream-ingestion/pinot-kafka-2.0/src/main/java
02:12:02.429 [main] INFO  f.i.s.r.p.s.paths.ComputeSourceDir - /root/workspace/apache-pinot-master-8563_repo/pinot-plugins/pinot-stream-ingestion/pinot-kafka-base/src/main/java
02:12:02.429 [main] INFO  f.i.s.r.p.s.paths.ComputeSourceDir - /root/workspace/apache-pinot-master-8563_repo/pinot-plugins/pinot-stream-ingestion/pinot-kinesis/src/main/java
02:12:02.429 [main] INFO  f.i.s.r.p.s.paths.ComputeSourceDir - /root/workspace/apache-pinot-master-8563_repo/pinot-plugins/pinot-stream-ingestion/pinot-pulsar/src/main/java
02:12:02.429 [main] INFO  f.i.s.r.p.s.paths.ComputeSourceDir - /root/workspace/apache-pinot-master-8563_repo/pinot-segment-local/src/main/java
02:12:02.429 [main] INFO  f.i.s.r.p.s.paths.ComputeSourceDir - /root/workspace/apache-pinot-master-8563_repo/pinot-segment-spi/src/main/java
02:12:02.429 [main] INFO  f.i.s.r.p.s.paths.ComputeSourceDir - /root/workspace/apache-pinot-master-8563_repo/pinot-server/src/main/java
02:12:02.429 [main] INFO  f.i.s.r.p.s.paths.ComputeSourceDir - /root/workspace/apache-pinot-master-8563_repo/pinot-spi/src/main/java
02:12:02.429 [main] INFO  f.i.s.r.p.s.paths.ComputeSourceDir - /root/workspace/apache-pinot-master-8563_repo/pinot-tools/src/main/java
02:12:02.491 [main] ERROR f.i.s.r.p.step.paths.ComputeTestDir - The test directory is not at default location or specified in build section from pom.xml, and no parent can be found.
02:12:02.500 [main] ERROR f.i.s.r.p.step.paths.ComputeTestDir - The test directory is not at default location or specified in build section from pom.xml, and no parent can be found.
02:12:02.554 [main] ERROR f.i.s.r.process.maven.MavenHelper - Error while building complete model. The raw model will be used. Error message: 1 problem was encountered while building the effective model for org.apache.pinot:pinot-s3:0.11.0-SNAPSHOT
[ERROR] Failed to determine Java version for profile disable-java8-doclint @ software.amazon.awssdk:aws-sdk-java-pom:2.14.28

02:12:02.576 [main] ERROR f.i.s.r.p.step.paths.ComputeTestDir - The test directory is not at default location or specified in build section from pom.xml, and no parent can be found.
02:12:02.594 [main] ERROR f.i.s.r.p.step.paths.ComputeTestDir - The test directory is not at default location or specified in build section from pom.xml, and no parent can be found.
02:12:02.623 [main] ERROR f.i.s.r.process.maven.MavenHelper - Error while building complete model. The raw model will be used. Error message: 1 problem was encountered while building the effective model for org.apache.pinot:pinot-kinesis:0.11.0-SNAPSHOT
[ERROR] Failed to determine Java version for profile disable-java8-doclint @ software.amazon.awssdk:aws-sdk-java-pom:2.14.28

02:12:02.641 [main] ERROR f.i.s.r.p.step.paths.ComputeTestDir - The test directory is not at default location or specified in build section from pom.xml, and no parent can be found.
02:12:02.645 [main] ERROR f.i.s.r.p.step.paths.ComputeTestDir - The test directory is not at default location or specified in build section from pom.xml, and no parent can be found.
02:12:02.645 [main] ERROR f.i.s.r.p.step.paths.ComputeTestDir - The test directory is not at default location or specified in build section from pom.xml, and no parent can be found.
02:12:02.658 [main] ERROR f.i.s.r.p.step.paths.ComputeTestDir - The test directory is not at default location or specified in build section from pom.xml, and no parent can be found.
02:12:02.658 [main] ERROR f.i.s.r.p.step.paths.ComputeTestDir - The test directory is not at default location or specified in build section from pom.xml, and no parent can be found.
02:12:02.672 [main] ERROR f.i.s.r.p.step.paths.ComputeTestDir - The test directory is not at default location or specified in build section from pom.xml, and no parent can be found.
02:12:02.681 [main] ERROR f.i.s.r.p.step.paths.ComputeTestDir - The test directory is not at default location or specified in build section from pom.xml, and no parent can be found.
02:12:02.696 [main] ERROR f.i.s.r.p.step.paths.ComputeTestDir - The test directory is not at default location or specified in build section from pom.xml, and no parent can be found.
02:12:02.699 [main] ERROR f.i.s.r.p.step.paths.ComputeTestDir - The test directory is not at default location or specified in build section from pom.xml, and no parent can be found.
02:12:02.700 [main] INFO  f.i.s.r.p.step.paths.ComputeTestDir - 40 test dirs were found:
02:12:02.700 [main] INFO  f.i.s.r.p.step.paths.ComputeTestDir - /root/workspace/apache-pinot-master-8563_repo/pinot-broker/src/test/java
02:12:02.700 [main] INFO  f.i.s.r.p.step.paths.ComputeTestDir - /root/workspace/apache-pinot-master-8563_repo/pinot-clients/pinot-java-client/src/test/java
02:12:02.700 [main] INFO  f.i.s.r.p.step.paths.ComputeTestDir - /root/workspace/apache-pinot-master-8563_repo/pinot-clients/pinot-jdbc-client/src/test/java
02:12:02.700 [main] INFO  f.i.s.r.p.step.paths.ComputeTestDir - /root/workspace/apache-pinot-master-8563_repo/pinot-common/src/test/java
02:12:02.700 [main] INFO  f.i.s.r.p.step.paths.ComputeTestDir - /root/workspace/apache-pinot-master-8563_repo/pinot-connectors/pinot-flink-connector/src/test/java
02:12:02.700 [main] INFO  f.i.s.r.p.step.paths.ComputeTestDir - /root/workspace/apache-pinot-master-8563_repo/pinot-connectors/pinot-spark-connector/src/test/scala
02:12:02.700 [main] INFO  f.i.s.r.p.step.paths.ComputeTestDir - /root/workspace/apache-pinot-master-8563_repo/pinot-controller/src/test/java
02:12:02.700 [main] INFO  f.i.s.r.p.step.paths.ComputeTestDir - /root/workspace/apache-pinot-master-8563_repo/pinot-core/src/test/java
02:12:02.700 [main] INFO  f.i.s.r.p.step.paths.ComputeTestDir - /root/workspace/apache-pinot-master-8563_repo/pinot-integration-test-base/src/test/java
02:12:02.700 [main] INFO  f.i.s.r.p.step.paths.ComputeTestDir - /root/workspace/apache-pinot-master-8563_repo/pinot-integration-tests/src/test/java
02:12:02.700 [main] INFO  f.i.s.r.p.step.paths.ComputeTestDir - /root/workspace/apache-pinot-master-8563_repo/pinot-minion/src/test/java
02:12:02.700 [main] INFO  f.i.s.r.p.step.paths.ComputeTestDir - /root/workspace/apache-pinot-master-8563_repo/pinot-plugins/pinot-batch-ingestion/pinot-batch-ingestion-common/src/test/java
02:12:02.700 [main] INFO  f.i.s.r.p.step.paths.ComputeTestDir - /root/workspace/apache-pinot-master-8563_repo/pinot-plugins/pinot-batch-ingestion/pinot-batch-ingestion-hadoop/src/test/java
02:12:02.700 [main] INFO  f.i.s.r.p.step.paths.ComputeTestDir - /root/workspace/apache-pinot-master-8563_repo/pinot-plugins/pinot-batch-ingestion/pinot-batch-ingestion-standalone/src/test/java
02:12:02.700 [main] INFO  f.i.s.r.p.step.paths.ComputeTestDir - /root/workspace/apache-pinot-master-8563_repo/pinot-plugins/pinot-batch-ingestion/v0_deprecated/pinot-hadoop/src/test/java
02:12:02.700 [main] INFO  f.i.s.r.p.step.paths.ComputeTestDir - /root/workspace/apache-pinot-master-8563_repo/pinot-plugins/pinot-batch-ingestion/v0_deprecated/pinot-spark/src/test/java
02:12:02.700 [main] INFO  f.i.s.r.p.step.paths.ComputeTestDir - /root/workspace/apache-pinot-master-8563_repo/pinot-plugins/pinot-environment/pinot-azure/src/test/java
02:12:02.700 [main] INFO  f.i.s.r.p.step.paths.ComputeTestDir - /root/workspace/apache-pinot-master-8563_repo/pinot-plugins/pinot-file-system/pinot-adls/src/test/java
02:12:02.700 [main] INFO  f.i.s.r.p.step.paths.ComputeTestDir - /root/workspace/apache-pinot-master-8563_repo/pinot-plugins/pinot-file-system/pinot-gcs/src/test/java
02:12:02.700 [main] INFO  f.i.s.r.p.step.paths.ComputeTestDir - /root/workspace/apache-pinot-master-8563_repo/pinot-plugins/pinot-file-system/pinot-hdfs/src/test/java
02:12:02.700 [main] INFO  f.i.s.r.p.step.paths.ComputeTestDir - /root/workspace/apache-pinot-master-8563_repo/pinot-plugins/pinot-file-system/pinot-s3/src/test/java
02:12:02.700 [main] INFO  f.i.s.r.p.step.paths.ComputeTestDir - /root/workspace/apache-pinot-master-8563_repo/pinot-plugins/pinot-input-format/pinot-avro-base/src/test/java
02:12:02.700 [main] INFO  f.i.s.r.p.step.paths.ComputeTestDir - /root/workspace/apache-pinot-master-8563_repo/pinot-plugins/pinot-input-format/pinot-csv/src/test/java
02:12:02.700 [main] INFO  f.i.s.r.p.step.paths.ComputeTestDir - /root/workspace/apache-pinot-master-8563_repo/pinot-plugins/pinot-input-format/pinot-json/src/test/java
02:12:02.700 [main] INFO  f.i.s.r.p.step.paths.ComputeTestDir - /root/workspace/apache-pinot-master-8563_repo/pinot-plugins/pinot-input-format/pinot-orc/src/test/java
02:12:02.700 [main] INFO  f.i.s.r.p.step.paths.ComputeTestDir - /root/workspace/apache-pinot-master-8563_repo/pinot-plugins/pinot-input-format/pinot-parquet/src/test/java
02:12:02.700 [main] INFO  f.i.s.r.p.step.paths.ComputeTestDir - /root/workspace/apache-pinot-master-8563_repo/pinot-plugins/pinot-input-format/pinot-protobuf/src/test/java
02:12:02.700 [main] INFO  f.i.s.r.p.step.paths.ComputeTestDir - /root/workspace/apache-pinot-master-8563_repo/pinot-plugins/pinot-input-format/pinot-thrift/src/test/java
02:12:02.700 [main] INFO  f.i.s.r.p.step.paths.ComputeTestDir - /root/workspace/apache-pinot-master-8563_repo/pinot-plugins/pinot-minion-tasks/pinot-minion-builtin-tasks/src/test/java
02:12:02.700 [main] INFO  f.i.s.r.p.step.paths.ComputeTestDir - /root/workspace/apache-pinot-master-8563_repo/pinot-plugins/pinot-segment-writer/pinot-segment-writer-file-based/src/test/java
02:12:02.700 [main] INFO  f.i.s.r.p.step.paths.ComputeTestDir - /root/workspace/apache-pinot-master-8563_repo/pinot-plugins/pinot-stream-ingestion/pinot-kafka-0.9/src/test/java
02:12:02.700 [main] INFO  f.i.s.r.p.step.paths.ComputeTestDir - /root/workspace/apache-pinot-master-8563_repo/pinot-plugins/pinot-stream-ingestion/pinot-kafka-2.0/src/test/java
02:12:02.700 [main] INFO  f.i.s.r.p.step.paths.ComputeTestDir - /root/workspace/apache-pinot-master-8563_repo/pinot-plugins/pinot-stream-ingestion/pinot-kafka-base/src/test/java
02:12:02.700 [main] INFO  f.i.s.r.p.step.paths.ComputeTestDir - /root/workspace/apache-pinot-master-8563_repo/pinot-plugins/pinot-stream-ingestion/pinot-kinesis/src/test/java
02:12:02.700 [main] INFO  f.i.s.r.p.step.paths.ComputeTestDir - /root/workspace/apache-pinot-master-8563_repo/pinot-plugins/pinot-stream-ingestion/pinot-pulsar/src/test/java
02:12:02.700 [main] INFO  f.i.s.r.p.step.paths.ComputeTestDir - /root/workspace/apache-pinot-master-8563_repo/pinot-segment-local/src/test/java
02:12:02.701 [main] INFO  f.i.s.r.p.step.paths.ComputeTestDir - /root/workspace/apache-pinot-master-8563_repo/pinot-segment-spi/src/test/java
02:12:02.701 [main] INFO  f.i.s.r.p.step.paths.ComputeTestDir - /root/workspace/apache-pinot-master-8563_repo/pinot-server/src/test/java
02:12:02.701 [main] INFO  f.i.s.r.p.step.paths.ComputeTestDir - /root/workspace/apache-pinot-master-8563_repo/pinot-spi/src/test/java
02:12:02.701 [main] INFO  f.i.s.r.p.step.paths.ComputeTestDir - /root/workspace/apache-pinot-master-8563_repo/pinot-tools/src/test/java
02:12:03.135 [main] INFO  f.i.s.r.p.s.g.GatherTestInformation - ---Test results---
02:12:03.135 [main] INFO  f.i.s.r.p.s.g.GatherTestInformation -    Total tests: 159
02:12:03.135 [main] INFO  f.i.s.r.p.s.g.GatherTestInformation -    Tests run: 159
02:12:03.135 [main] INFO  f.i.s.r.p.s.g.GatherTestInformation -    Tests passing: 159
02:12:03.135 [main] INFO  f.i.s.r.p.s.g.GatherTestInformation -    Failures: 0
02:12:03.135 [main] INFO  f.i.s.r.p.s.g.GatherTestInformation -    Errors: 0
02:12:03.135 [main] INFO  f.i.s.r.p.s.g.GatherTestInformation -    Skipped: 0
02:12:03.136 [main] INFO  f.i.s.r.p.s.g.GatherTestInformation - 
02:12:06.856 [main] INFO  f.i.s.r.p.i.ProjectInspector - ----------------------------------------------------------------------
02:12:06.856 [main] INFO  f.i.s.r.p.i.ProjectInspector - PIPELINE EXECUTION SUMMARY
02:12:06.856 [main] INFO  f.i.s.r.p.i.ProjectInspector - ----------------------------------------------------------------------
02:12:06.856 [main] INFO  f.i.s.r.p.i.ProjectInspector - CloneCheckoutGitPullRequest..........................SUCCESS [  22 s ]
02:12:06.856 [main] INFO  f.i.s.r.p.i.ProjectInspector - BuildProject.........................................SUCCESS [ 445 s ]
02:12:06.856 [main] INFO  f.i.s.r.p.i.ProjectInspector - TestProject..........................................SUCCESS [  21 s ]
02:12:06.856 [main] INFO  f.i.s.r.p.i.ProjectInspector - ComputeClasspath.....................................SUCCESS [   4 s ]
02:12:06.856 [main] INFO  f.i.s.r.p.i.ProjectInspector - ComputeSourceDir.....................................SUCCESS [   0 s ]
02:12:06.856 [main] INFO  f.i.s.r.p.i.ProjectInspector - ComputeTestDir.......................................SUCCESS [   0 s ]
02:12:06.856 [main] INFO  f.i.s.r.p.i.ProjectInspector - GatherTestInformation................................FAILURE [   0 s ]
02:12:06.856 [main] INFO  f.i.s.r.p.i.ProjectInspector - FlacocoLocalization..................................NOT RUN          
02:12:06.856 [main] INFO  f.i.s.r.p.i.ProjectInspector - PushFaultLocalizationSuggestionsOnGitHubRepository...NOT RUN          
02:12:06.857 [main] INFO  f.i.s.r.p.i.ProjectInspector - ----------------------------------------------------------------------
02:12:06.857 [main] INFO  f.i.s.r.p.i.ProjectInspector - PIPELINE FINDING: NOTFAILING
02:12:06.857 [main] INFO  f.i.s.r.p.i.ProjectInspector - ----------------------------------------------------------------------
02:12:06.857 [main] INFO  f.i.s.r.p.github.GithubMainProcess - Inspector is finished. The process will exit now.
