Execute pipeline with following supplementary args: --smtpPort 25 --listenerMode NOOP --launcherMode FAULT_LOCALIZATION  --gitrepourl https://github.com/apache/pinot --gitrepopullrequest 8528
java -cp /usr/local/openjdk-11/lib/tools.jar:repairnator-pipeline.jar -Dlogback.configurationFile=/root/logback.xml fr.inria.spirals.repairnator.pipeline.Launcher -d --runId null -o /var/log --ghOauth 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 --faultLocalization --flacocoThreshold 0.0 --flacocoTopK null --flacocoResultsRepository flacocobot/2022-flacocobot-experiment --ghOauth  --smtpPort 25 --listenerMode NOOP --launcherMode FAULT_LOCALIZATION  --gitrepourl https://github.com/apache/pinot --gitrepopullrequest 8528

11:10:15.895 [main] INFO  f.i.s.r.p.g.GithubInitSerializerEngines - Initialize file serializer engines.
11:10:15.897 [main] INFO  f.i.s.r.p.g.GithubInitSerializerEngines - MongoDB won't be used for serialization.
11:10:15.897 [main] INFO  f.i.s.r.p.github.GithubInitNotifiers - The email notifier engine won't be used.
11:10:15.914 [main] INFO  f.i.s.r.p.i.ProjectInspector - ----------------------------------------------------------------------
11:10:15.914 [main] INFO  f.i.s.r.p.i.ProjectInspector - PIPELINE STEPS
11:10:15.914 [main] INFO  f.i.s.r.p.i.ProjectInspector - ----------------------------------------------------------------------
11:10:15.914 [main] INFO  f.i.s.r.p.i.ProjectInspector - CloneCheckoutGitPullRequest
11:10:15.914 [main] INFO  f.i.s.r.p.i.ProjectInspector - BuildProject
11:10:15.915 [main] INFO  f.i.s.r.p.i.ProjectInspector - TestProject
11:10:15.915 [main] INFO  f.i.s.r.p.i.ProjectInspector - ComputeClasspath
11:10:15.915 [main] INFO  f.i.s.r.p.i.ProjectInspector - ComputeSourceDir
11:10:15.915 [main] INFO  f.i.s.r.p.i.ProjectInspector - ComputeTestDir
11:10:15.915 [main] INFO  f.i.s.r.p.i.ProjectInspector - GatherTestInformation
11:10:15.915 [main] INFO  f.i.s.r.p.i.ProjectInspector - FlacocoLocalization
11:10:15.915 [main] INFO  f.i.s.r.p.i.ProjectInspector - PushFaultLocalizationSuggestionsOnGitHubRepository
11:10:15.915 [main] INFO  f.i.s.r.p.s.CloneCheckoutGitPullRequest - Cloning repository https://github.com/apache/pinot.git in the following directory: ./workspace/apache-pinot-master-8528_repo
11:11:57.097 [Thread-4] ERROR f.i.s.r.p.m.o.MavenFilterOutputHandler - [ERROR] COMPILATION ERROR : 
11:11:57.098 [Thread-4] ERROR f.i.s.r.p.m.o.MavenFilterOutputHandler - [ERROR] /root/workspace/apache-pinot-master-8528_repo/pinot-core/src/main/java/org/apache/pinot/core/operator/dociditerators/ExpressionScanDocIdIterator.java:[294,4] error: method does not override or implement a method from a supertype
11:11:57.098 [Thread-4] ERROR f.i.s.r.p.m.o.MavenFilterOutputHandler - [ERROR] /root/workspace/apache-pinot-master-8528_repo/pinot-core/src/main/java/org/apache/pinot/core/operator/dociditerators/ExpressionScanDocIdIterator.java:[296,13] error: cannot find symbol
11:11:57.098 [Thread-4] ERROR f.i.s.r.p.m.o.MavenFilterOutputHandler - [ERROR] /root/workspace/apache-pinot-master-8528_repo/pinot-core/src/main/java/org/apache/pinot/core/operator/query/FastFilteredCountOperator.java:[51,2] error: method does not override or implement a method from a supertype
11:11:57.105 [Thread-4] ERROR f.i.s.r.p.m.o.MavenFilterOutputHandler - [ERROR] Failed to execute goal org.apache.maven.plugins:maven-compiler-plugin:3.8.0:compile (default-compile) on project pinot-core: Compilation failure: Compilation failure: 
11:11:57.106 [Thread-4] ERROR f.i.s.r.p.m.o.MavenFilterOutputHandler - [ERROR] /root/workspace/apache-pinot-master-8528_repo/pinot-core/src/main/java/org/apache/pinot/core/operator/dociditerators/ExpressionScanDocIdIterator.java:[294,4] error: method does not override or implement a method from a supertype
11:11:57.106 [Thread-4] ERROR f.i.s.r.p.m.o.MavenFilterOutputHandler - [ERROR] /root/workspace/apache-pinot-master-8528_repo/pinot-core/src/main/java/org/apache/pinot/core/operator/dociditerators/ExpressionScanDocIdIterator.java:[296,13] error: cannot find symbol
11:11:57.106 [Thread-4] ERROR f.i.s.r.p.m.o.MavenFilterOutputHandler - [ERROR]   symbol:   variable OPERATOR_NAME
11:11:57.106 [Thread-4] ERROR f.i.s.r.p.m.o.MavenFilterOutputHandler - [ERROR]   location: class ExpressionScanDocIdIterator.RangeDocIdSetOperator
11:11:57.106 [Thread-4] ERROR f.i.s.r.p.m.o.MavenFilterOutputHandler - [ERROR] /root/workspace/apache-pinot-master-8528_repo/pinot-core/src/main/java/org/apache/pinot/core/operator/query/FastFilteredCountOperator.java:[51,2] error: method does not override or implement a method from a supertype
11:11:57.106 [Thread-4] ERROR f.i.s.r.p.m.o.MavenFilterOutputHandler - [ERROR] -> [Help 1]
11:11:57.111 [Thread-4] ERROR f.i.s.r.p.m.o.MavenFilterOutputHandler - [ERROR] 
11:11:57.111 [Thread-4] ERROR f.i.s.r.p.m.o.MavenFilterOutputHandler - [ERROR] Re-run Maven using the -X switch to enable full debug logging.
11:11:57.111 [Thread-4] ERROR f.i.s.r.p.m.o.MavenFilterOutputHandler - [ERROR] 
11:11:57.111 [Thread-4] ERROR f.i.s.r.p.m.o.MavenFilterOutputHandler - [ERROR] For more information about the errors and possible solutions, please read the following articles:
11:11:57.111 [Thread-4] ERROR f.i.s.r.p.m.o.MavenFilterOutputHandler - [ERROR] [Help 1] http://cwiki.apache.org/confluence/display/MAVEN/MojoFailureException
11:11:57.111 [Thread-4] ERROR f.i.s.r.p.m.o.MavenFilterOutputHandler - [ERROR] 
11:11:57.111 [Thread-4] ERROR f.i.s.r.p.m.o.MavenFilterOutputHandler - [ERROR] After correcting the problems, you can resume the build with the command
11:11:57.111 [Thread-4] ERROR f.i.s.r.p.m.o.MavenFilterOutputHandler - [ERROR]   mvn <goals> -rf :pinot-core
11:11:57.584 [main] ERROR f.i.s.r.process.step.BuildProject - Repository apache/pinot cannot be built.
11:11:57.584 [main] INFO  f.i.s.r.process.step.BuildProject - 
11:11:58.243 [main] INFO  f.i.s.r.p.i.ProjectInspector - ----------------------------------------------------------------------
11:11:58.243 [main] INFO  f.i.s.r.p.i.ProjectInspector - PIPELINE EXECUTION SUMMARY
11:11:58.243 [main] INFO  f.i.s.r.p.i.ProjectInspector - ----------------------------------------------------------------------
11:11:58.243 [main] INFO  f.i.s.r.p.i.ProjectInspector - CloneCheckoutGitPullRequest...........................SUCCESS [ 26 s ]
11:11:58.243 [main] INFO  f.i.s.r.p.i.ProjectInspector - BuildProject..........................................FAILURE [ 75 s ]
11:11:58.244 [main] INFO  f.i.s.r.p.i.ProjectInspector - TestProject...........................................NOT RUN         
11:11:58.244 [main] INFO  f.i.s.r.p.i.ProjectInspector - ComputeClasspath......................................NOT RUN         
11:11:58.244 [main] INFO  f.i.s.r.p.i.ProjectInspector - ComputeSourceDir......................................NOT RUN         
11:11:58.244 [main] INFO  f.i.s.r.p.i.ProjectInspector - ComputeTestDir........................................NOT RUN         
11:11:58.244 [main] INFO  f.i.s.r.p.i.ProjectInspector - GatherTestInformation.................................NOT RUN         
11:11:58.244 [main] INFO  f.i.s.r.p.i.ProjectInspector - FlacocoLocalization...................................NOT RUN         
11:11:58.244 [main] INFO  f.i.s.r.p.i.ProjectInspector - PushFaultLocalizationSuggestionsOnGitHubRepository....NOT RUN         
11:11:58.244 [main] INFO  f.i.s.r.p.i.ProjectInspector - ----------------------------------------------------------------------
11:11:58.244 [main] INFO  f.i.s.r.p.i.ProjectInspector - PIPELINE FINDING: NOTBUILDABLE
11:11:58.244 [main] INFO  f.i.s.r.p.i.ProjectInspector - ----------------------------------------------------------------------
11:11:58.244 [main] INFO  f.i.s.r.p.github.GithubMainProcess - Inspector is finished. The process will exit now.
