Execute pipeline with following supplementary args: --smtpPort 25 --listenerMode NOOP --launcherMode FAULT_LOCALIZATION  --gitrepourl https://github.com/apache/pinot --gitrepopullrequest 8491
java -cp /usr/local/openjdk-11/lib/tools.jar:repairnator-pipeline.jar -Dlogback.configurationFile=/root/logback.xml fr.inria.spirals.repairnator.pipeline.Launcher -d --runId null -o /var/log --ghOauth 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 --faultLocalization --flacocoThreshold 0.0 --flacocoTopK null --flacocoResultsRepository flacocobot/2022-flacocobot-experiment --ghOauth  --smtpPort 25 --listenerMode NOOP --launcherMode FAULT_LOCALIZATION  --gitrepourl https://github.com/apache/pinot --gitrepopullrequest 8491

01:57:33.343 [main] INFO  f.i.s.r.p.g.GithubInitSerializerEngines - Initialize file serializer engines.
01:57:33.344 [main] INFO  f.i.s.r.p.g.GithubInitSerializerEngines - MongoDB won't be used for serialization.
01:57:33.344 [main] INFO  f.i.s.r.p.github.GithubInitNotifiers - The email notifier engine won't be used.
01:57:33.359 [main] INFO  f.i.s.r.p.i.ProjectInspector - ----------------------------------------------------------------------
01:57:33.359 [main] INFO  f.i.s.r.p.i.ProjectInspector - PIPELINE STEPS
01:57:33.359 [main] INFO  f.i.s.r.p.i.ProjectInspector - ----------------------------------------------------------------------
01:57:33.359 [main] INFO  f.i.s.r.p.i.ProjectInspector - CloneCheckoutGitPullRequest
01:57:33.359 [main] INFO  f.i.s.r.p.i.ProjectInspector - BuildProject
01:57:33.359 [main] INFO  f.i.s.r.p.i.ProjectInspector - TestProject
01:57:33.359 [main] INFO  f.i.s.r.p.i.ProjectInspector - ComputeClasspath
01:57:33.359 [main] INFO  f.i.s.r.p.i.ProjectInspector - ComputeSourceDir
01:57:33.359 [main] INFO  f.i.s.r.p.i.ProjectInspector - ComputeTestDir
01:57:33.359 [main] INFO  f.i.s.r.p.i.ProjectInspector - GatherTestInformation
01:57:33.359 [main] INFO  f.i.s.r.p.i.ProjectInspector - FlacocoLocalization
01:57:33.359 [main] INFO  f.i.s.r.p.i.ProjectInspector - PushFaultLocalizationSuggestionsOnGitHubRepository
01:57:33.359 [main] INFO  f.i.s.r.p.s.CloneCheckoutGitPullRequest - Cloning repository https://github.com/apache/pinot.git in the following directory: ./workspace/apache-pinot-master-8491_repo
02:04:23.820 [Thread-4] ERROR f.i.s.r.p.m.o.MavenFilterOutputHandler - [ERROR] /root/workspace/apache-pinot-master-8491_repo/pinot-connectors/pinot-spark-connector/src/main/scala/org/apache/pinot/connector/spark/connector/PinotServerDataFetcher.scala:67: error: value getResponse is not a member of org.apache.pinot.core.transport.AsyncQueryResponse
02:04:23.821 [Thread-4] ERROR f.i.s.r.p.m.o.MavenFilterOutputHandler - [ERROR]     val pinotServerResponse = pinotServerAsyncQueryResponse.getResponse.values().asScala.toList
02:04:23.821 [Thread-4] ERROR f.i.s.r.p.m.o.MavenFilterOutputHandler - [ERROR]                                                             ^
02:04:24.147 [Thread-4] ERROR f.i.s.r.p.m.o.MavenFilterOutputHandler - [ERROR] one error found
02:04:24.217 [Thread-4] ERROR f.i.s.r.p.m.o.MavenFilterOutputHandler - [ERROR] Failed to execute goal net.alchim31.maven:scala-maven-plugin:3.2.2:compile (scala-compile-first) on project pinot-spark-connector: wrap: org.apache.commons.exec.ExecuteException: Process exited with an error: 1 (Exit value: 1) -> [Help 1]
02:04:24.222 [Thread-4] ERROR f.i.s.r.p.m.o.MavenFilterOutputHandler - [ERROR] 
02:04:24.222 [Thread-4] ERROR f.i.s.r.p.m.o.MavenFilterOutputHandler - [ERROR] Re-run Maven using the -X switch to enable full debug logging.
02:04:24.222 [Thread-4] ERROR f.i.s.r.p.m.o.MavenFilterOutputHandler - [ERROR] 
02:04:24.222 [Thread-4] ERROR f.i.s.r.p.m.o.MavenFilterOutputHandler - [ERROR] For more information about the errors and possible solutions, please read the following articles:
02:04:24.222 [Thread-4] ERROR f.i.s.r.p.m.o.MavenFilterOutputHandler - [ERROR] [Help 1] http://cwiki.apache.org/confluence/display/MAVEN/MojoExecutionException
02:04:24.222 [Thread-4] ERROR f.i.s.r.p.m.o.MavenFilterOutputHandler - [ERROR] 
02:04:24.222 [Thread-4] ERROR f.i.s.r.p.m.o.MavenFilterOutputHandler - [ERROR] After correcting the problems, you can resume the build with the command
02:04:24.222 [Thread-4] ERROR f.i.s.r.p.m.o.MavenFilterOutputHandler - [ERROR]   mvn <goals> -rf :pinot-spark-connector
02:04:25.324 [main] ERROR f.i.s.r.process.step.BuildProject - Repository apache/pinot cannot be built.
02:04:25.326 [main] INFO  f.i.s.r.process.step.BuildProject - 
02:04:29.012 [main] INFO  f.i.s.r.p.i.ProjectInspector - ----------------------------------------------------------------------
02:04:29.012 [main] INFO  f.i.s.r.p.i.ProjectInspector - PIPELINE EXECUTION SUMMARY
02:04:29.012 [main] INFO  f.i.s.r.p.i.ProjectInspector - ----------------------------------------------------------------------
02:04:29.012 [main] INFO  f.i.s.r.p.i.ProjectInspector - CloneCheckoutGitPullRequest..........................SUCCESS [  20 s ]
02:04:29.013 [main] INFO  f.i.s.r.p.i.ProjectInspector - BuildProject.........................................FAILURE [ 391 s ]
02:04:29.013 [main] INFO  f.i.s.r.p.i.ProjectInspector - TestProject..........................................NOT RUN          
02:04:29.013 [main] INFO  f.i.s.r.p.i.ProjectInspector - ComputeClasspath.....................................NOT RUN          
02:04:29.013 [main] INFO  f.i.s.r.p.i.ProjectInspector - ComputeSourceDir.....................................NOT RUN          
02:04:29.013 [main] INFO  f.i.s.r.p.i.ProjectInspector - ComputeTestDir.......................................NOT RUN          
02:04:29.013 [main] INFO  f.i.s.r.p.i.ProjectInspector - GatherTestInformation................................NOT RUN          
02:04:29.013 [main] INFO  f.i.s.r.p.i.ProjectInspector - FlacocoLocalization..................................NOT RUN          
02:04:29.013 [main] INFO  f.i.s.r.p.i.ProjectInspector - PushFaultLocalizationSuggestionsOnGitHubRepository...NOT RUN          
02:04:29.013 [main] INFO  f.i.s.r.p.i.ProjectInspector - ----------------------------------------------------------------------
02:04:29.013 [main] INFO  f.i.s.r.p.i.ProjectInspector - PIPELINE FINDING: NOTBUILDABLE
02:04:29.014 [main] INFO  f.i.s.r.p.i.ProjectInspector - ----------------------------------------------------------------------
02:04:29.014 [main] INFO  f.i.s.r.p.github.GithubMainProcess - Inspector is finished. The process will exit now.
