Execute pipeline with following supplementary args: --smtpPort 25 --listenerMode NOOP --launcherMode FAULT_LOCALIZATION  --gitrepourl https://github.com/apache/pinot --gitrepopullrequest 8555
java -cp /usr/local/openjdk-11/lib/tools.jar:repairnator-pipeline.jar -Dlogback.configurationFile=/root/logback.xml fr.inria.spirals.repairnator.pipeline.Launcher -d --runId null -o /var/log --ghOauth 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 --faultLocalization --flacocoThreshold 0.0 --flacocoTopK null --flacocoResultsRepository flacocobot/2022-flacocobot-experiment --ghOauth  --smtpPort 25 --listenerMode NOOP --launcherMode FAULT_LOCALIZATION  --gitrepourl https://github.com/apache/pinot --gitrepopullrequest 8555

04:04:57.261 [main] INFO  f.i.s.r.p.g.GithubInitSerializerEngines - Initialize file serializer engines.
04:04:57.262 [main] INFO  f.i.s.r.p.g.GithubInitSerializerEngines - MongoDB won't be used for serialization.
04:04:57.263 [main] INFO  f.i.s.r.p.github.GithubInitNotifiers - The email notifier engine won't be used.
04:04:57.276 [main] INFO  f.i.s.r.p.i.ProjectInspector - ----------------------------------------------------------------------
04:04:57.276 [main] INFO  f.i.s.r.p.i.ProjectInspector - PIPELINE STEPS
04:04:57.276 [main] INFO  f.i.s.r.p.i.ProjectInspector - ----------------------------------------------------------------------
04:04:57.276 [main] INFO  f.i.s.r.p.i.ProjectInspector - CloneCheckoutGitPullRequest
04:04:57.276 [main] INFO  f.i.s.r.p.i.ProjectInspector - BuildProject
04:04:57.276 [main] INFO  f.i.s.r.p.i.ProjectInspector - TestProject
04:04:57.276 [main] INFO  f.i.s.r.p.i.ProjectInspector - ComputeClasspath
04:04:57.276 [main] INFO  f.i.s.r.p.i.ProjectInspector - ComputeSourceDir
04:04:57.276 [main] INFO  f.i.s.r.p.i.ProjectInspector - ComputeTestDir
04:04:57.276 [main] INFO  f.i.s.r.p.i.ProjectInspector - GatherTestInformation
04:04:57.276 [main] INFO  f.i.s.r.p.i.ProjectInspector - FlacocoLocalization
04:04:57.276 [main] INFO  f.i.s.r.p.i.ProjectInspector - PushFaultLocalizationSuggestionsOnGitHubRepository
04:04:57.276 [main] INFO  f.i.s.r.p.s.CloneCheckoutGitPullRequest - Cloning repository https://github.com/apache/pinot.git in the following directory: ./workspace/apache-pinot-master-8555_repo
04:05:44.197 [Thread-5] ERROR f.i.s.r.p.m.output.MavenErrorHandler - Warning: Lookahead adequacy checking not being performed since option LOOKAHEAD is more than 1.  Set option FORCE_LA_CHECK to true to force checking.
04:06:45.267 [Thread-4] ERROR f.i.s.r.p.m.o.MavenFilterOutputHandler - [ERROR] COMPILATION ERROR : 
04:06:45.268 [Thread-4] ERROR f.i.s.r.p.m.o.MavenFilterOutputHandler - [ERROR] /root/workspace/apache-pinot-master-8555_repo/pinot-controller/src/main/java/org/apache/pinot/controller/api/resources/PinotTaskRestletResource.java:[395,15] error: cannot find symbol
04:06:45.286 [Thread-4] ERROR f.i.s.r.p.m.o.MavenFilterOutputHandler - [ERROR] Failed to execute goal org.apache.maven.plugins:maven-compiler-plugin:3.8.0:compile (default-compile) on project pinot-controller: Compilation failure
04:06:45.287 [Thread-4] ERROR f.i.s.r.p.m.o.MavenFilterOutputHandler - [ERROR] /root/workspace/apache-pinot-master-8555_repo/pinot-controller/src/main/java/org/apache/pinot/controller/api/resources/PinotTaskRestletResource.java:[395,15] error: cannot find symbol
04:06:45.287 [Thread-4] ERROR f.i.s.r.p.m.o.MavenFilterOutputHandler - [ERROR]   symbol:   class Request
04:06:45.287 [Thread-4] ERROR f.i.s.r.p.m.o.MavenFilterOutputHandler - [ERROR]   location: class PinotTaskRestletResource
04:06:45.287 [Thread-4] ERROR f.i.s.r.p.m.o.MavenFilterOutputHandler - [ERROR] -> [Help 1]
04:06:45.300 [Thread-4] ERROR f.i.s.r.p.m.o.MavenFilterOutputHandler - [ERROR] 
04:06:45.301 [Thread-4] ERROR f.i.s.r.p.m.o.MavenFilterOutputHandler - [ERROR] Re-run Maven using the -X switch to enable full debug logging.
04:06:45.301 [Thread-4] ERROR f.i.s.r.p.m.o.MavenFilterOutputHandler - [ERROR] 
04:06:45.301 [Thread-4] ERROR f.i.s.r.p.m.o.MavenFilterOutputHandler - [ERROR] For more information about the errors and possible solutions, please read the following articles:
04:06:45.301 [Thread-4] ERROR f.i.s.r.p.m.o.MavenFilterOutputHandler - [ERROR] [Help 1] http://cwiki.apache.org/confluence/display/MAVEN/MojoFailureException
04:06:45.301 [Thread-4] ERROR f.i.s.r.p.m.o.MavenFilterOutputHandler - [ERROR] 
04:06:45.302 [Thread-4] ERROR f.i.s.r.p.m.o.MavenFilterOutputHandler - [ERROR] After correcting the problems, you can resume the build with the command
04:06:45.302 [Thread-4] ERROR f.i.s.r.p.m.o.MavenFilterOutputHandler - [ERROR]   mvn <goals> -rf :pinot-controller
04:06:46.116 [main] ERROR f.i.s.r.process.step.BuildProject - Repository apache/pinot cannot be built.
04:06:46.118 [main] INFO  f.i.s.r.process.step.BuildProject - 
04:06:47.283 [main] INFO  f.i.s.r.p.i.ProjectInspector - ----------------------------------------------------------------------
04:06:47.284 [main] INFO  f.i.s.r.p.i.ProjectInspector - PIPELINE EXECUTION SUMMARY
04:06:47.284 [main] INFO  f.i.s.r.p.i.ProjectInspector - ----------------------------------------------------------------------
04:06:47.284 [main] INFO  f.i.s.r.p.i.ProjectInspector - CloneCheckoutGitPullRequest...........................SUCCESS [ 20 s ]
04:06:47.284 [main] INFO  f.i.s.r.p.i.ProjectInspector - BuildProject..........................................FAILURE [ 88 s ]
04:06:47.284 [main] INFO  f.i.s.r.p.i.ProjectInspector - TestProject...........................................NOT RUN         
04:06:47.284 [main] INFO  f.i.s.r.p.i.ProjectInspector - ComputeClasspath......................................NOT RUN         
04:06:47.284 [main] INFO  f.i.s.r.p.i.ProjectInspector - ComputeSourceDir......................................NOT RUN         
04:06:47.284 [main] INFO  f.i.s.r.p.i.ProjectInspector - ComputeTestDir........................................NOT RUN         
04:06:47.284 [main] INFO  f.i.s.r.p.i.ProjectInspector - GatherTestInformation.................................NOT RUN         
04:06:47.284 [main] INFO  f.i.s.r.p.i.ProjectInspector - FlacocoLocalization...................................NOT RUN         
04:06:47.284 [main] INFO  f.i.s.r.p.i.ProjectInspector - PushFaultLocalizationSuggestionsOnGitHubRepository....NOT RUN         
04:06:47.285 [main] INFO  f.i.s.r.p.i.ProjectInspector - ----------------------------------------------------------------------
04:06:47.285 [main] INFO  f.i.s.r.p.i.ProjectInspector - PIPELINE FINDING: NOTBUILDABLE
04:06:47.285 [main] INFO  f.i.s.r.p.i.ProjectInspector - ----------------------------------------------------------------------
04:06:47.285 [main] INFO  f.i.s.r.p.github.GithubMainProcess - Inspector is finished. The process will exit now.
