Execute pipeline with following supplementary args: --smtpPort 25 --listenerMode NOOP --launcherMode FAULT_LOCALIZATION  --gitrepourl https://github.com/apache/pinot --gitrepopullrequest 8524
java -cp /usr/local/openjdk-11/lib/tools.jar:repairnator-pipeline.jar -Dlogback.configurationFile=/root/logback.xml fr.inria.spirals.repairnator.pipeline.Launcher -d --runId null -o /var/log --ghOauth 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 --faultLocalization --flacocoThreshold 0.0 --flacocoTopK null --flacocoResultsRepository flacocobot/2022-flacocobot-experiment --ghOauth  --smtpPort 25 --listenerMode NOOP --launcherMode FAULT_LOCALIZATION  --gitrepourl https://github.com/apache/pinot --gitrepopullrequest 8524

08:55:40.860 [main] INFO  f.i.s.r.p.g.GithubInitSerializerEngines - Initialize file serializer engines.
08:55:40.861 [main] INFO  f.i.s.r.p.g.GithubInitSerializerEngines - MongoDB won't be used for serialization.
08:55:40.861 [main] INFO  f.i.s.r.p.github.GithubInitNotifiers - The email notifier engine won't be used.
08:55:40.875 [main] INFO  f.i.s.r.p.i.ProjectInspector - ----------------------------------------------------------------------
08:55:40.875 [main] INFO  f.i.s.r.p.i.ProjectInspector - PIPELINE STEPS
08:55:40.875 [main] INFO  f.i.s.r.p.i.ProjectInspector - ----------------------------------------------------------------------
08:55:40.875 [main] INFO  f.i.s.r.p.i.ProjectInspector - CloneCheckoutGitPullRequest
08:55:40.875 [main] INFO  f.i.s.r.p.i.ProjectInspector - BuildProject
08:55:40.875 [main] INFO  f.i.s.r.p.i.ProjectInspector - TestProject
08:55:40.875 [main] INFO  f.i.s.r.p.i.ProjectInspector - ComputeClasspath
08:55:40.875 [main] INFO  f.i.s.r.p.i.ProjectInspector - ComputeSourceDir
08:55:40.875 [main] INFO  f.i.s.r.p.i.ProjectInspector - ComputeTestDir
08:55:40.875 [main] INFO  f.i.s.r.p.i.ProjectInspector - GatherTestInformation
08:55:40.875 [main] INFO  f.i.s.r.p.i.ProjectInspector - FlacocoLocalization
08:55:40.875 [main] INFO  f.i.s.r.p.i.ProjectInspector - PushFaultLocalizationSuggestionsOnGitHubRepository
08:55:40.875 [main] INFO  f.i.s.r.p.s.CloneCheckoutGitPullRequest - Cloning repository https://github.com/apache/pinot.git in the following directory: ./workspace/apache-pinot-master-8524_repo
08:57:02.775 [Thread-4] ERROR f.i.s.r.p.m.o.MavenFilterOutputHandler - [ERROR] COMPILATION ERROR : 
08:57:02.776 [Thread-4] ERROR f.i.s.r.p.m.o.MavenFilterOutputHandler - [ERROR] /root/workspace/apache-pinot-master-8524_repo/pinot-core/src/main/java/org/apache/pinot/core/data/manager/BaseTableDataManager.java:[77,33] error: cannot find symbol
08:57:02.776 [Thread-4] ERROR f.i.s.r.p.m.o.MavenFilterOutputHandler - [ERROR] /root/workspace/apache-pinot-master-8524_repo/pinot-core/src/main/java/org/apache/pinot/core/data/manager/BaseTableDataManager.java:[93,27] error: cannot find symbol
08:57:02.776 [Thread-4] ERROR f.i.s.r.p.m.o.MavenFilterOutputHandler - [ERROR] /root/workspace/apache-pinot-master-8524_repo/pinot-core/src/main/java/org/apache/pinot/core/data/manager/offline/DimensionTableDataManager.java:[145,27] error: cannot find symbol
08:57:02.780 [Thread-4] ERROR f.i.s.r.p.m.o.MavenFilterOutputHandler - [ERROR] Failed to execute goal org.apache.maven.plugins:maven-compiler-plugin:3.8.0:compile (default-compile) on project pinot-core: Compilation failure: Compilation failure: 
08:57:02.781 [Thread-4] ERROR f.i.s.r.p.m.o.MavenFilterOutputHandler - [ERROR] /root/workspace/apache-pinot-master-8524_repo/pinot-core/src/main/java/org/apache/pinot/core/data/manager/BaseTableDataManager.java:[77,33] error: cannot find symbol
08:57:02.781 [Thread-4] ERROR f.i.s.r.p.m.o.MavenFilterOutputHandler - [ERROR]   symbol:   class ZNRecord
08:57:02.781 [Thread-4] ERROR f.i.s.r.p.m.o.MavenFilterOutputHandler - [ERROR]   location: class BaseTableDataManager
08:57:02.781 [Thread-4] ERROR f.i.s.r.p.m.o.MavenFilterOutputHandler - [ERROR] /root/workspace/apache-pinot-master-8524_repo/pinot-core/src/main/java/org/apache/pinot/core/data/manager/BaseTableDataManager.java:[93,27] error: cannot find symbol
08:57:02.781 [Thread-4] ERROR f.i.s.r.p.m.o.MavenFilterOutputHandler - [ERROR]   symbol:   class ZNRecord
08:57:02.781 [Thread-4] ERROR f.i.s.r.p.m.o.MavenFilterOutputHandler - [ERROR]   location: class BaseTableDataManager
08:57:02.781 [Thread-4] ERROR f.i.s.r.p.m.o.MavenFilterOutputHandler - [ERROR] /root/workspace/apache-pinot-master-8524_repo/pinot-core/src/main/java/org/apache/pinot/core/data/manager/offline/DimensionTableDataManager.java:[145,27] error: cannot find symbol
08:57:02.781 [Thread-4] ERROR f.i.s.r.p.m.o.MavenFilterOutputHandler - [ERROR]   symbol:   class ZNRecord
08:57:02.781 [Thread-4] ERROR f.i.s.r.p.m.o.MavenFilterOutputHandler - [ERROR]   location: class DimensionTableDataManager
08:57:02.781 [Thread-4] ERROR f.i.s.r.p.m.o.MavenFilterOutputHandler - [ERROR] -> [Help 1]
08:57:02.784 [Thread-4] ERROR f.i.s.r.p.m.o.MavenFilterOutputHandler - [ERROR] 
08:57:02.784 [Thread-4] ERROR f.i.s.r.p.m.o.MavenFilterOutputHandler - [ERROR] Re-run Maven using the -X switch to enable full debug logging.
08:57:02.784 [Thread-4] ERROR f.i.s.r.p.m.o.MavenFilterOutputHandler - [ERROR] 
08:57:02.784 [Thread-4] ERROR f.i.s.r.p.m.o.MavenFilterOutputHandler - [ERROR] For more information about the errors and possible solutions, please read the following articles:
08:57:02.785 [Thread-4] ERROR f.i.s.r.p.m.o.MavenFilterOutputHandler - [ERROR] [Help 1] http://cwiki.apache.org/confluence/display/MAVEN/MojoFailureException
08:57:02.785 [Thread-4] ERROR f.i.s.r.p.m.o.MavenFilterOutputHandler - [ERROR] 
08:57:02.785 [Thread-4] ERROR f.i.s.r.p.m.o.MavenFilterOutputHandler - [ERROR] After correcting the problems, you can resume the build with the command
08:57:02.785 [Thread-4] ERROR f.i.s.r.p.m.o.MavenFilterOutputHandler - [ERROR]   mvn <goals> -rf :pinot-core
08:57:03.621 [main] ERROR f.i.s.r.process.step.BuildProject - Repository apache/pinot cannot be built.
08:57:03.623 [main] INFO  f.i.s.r.process.step.BuildProject - 
08:57:04.239 [main] INFO  f.i.s.r.p.i.ProjectInspector - ----------------------------------------------------------------------
08:57:04.240 [main] INFO  f.i.s.r.p.i.ProjectInspector - PIPELINE EXECUTION SUMMARY
08:57:04.240 [main] INFO  f.i.s.r.p.i.ProjectInspector - ----------------------------------------------------------------------
08:57:04.240 [main] INFO  f.i.s.r.p.i.ProjectInspector - CloneCheckoutGitPullRequest...........................SUCCESS [ 22 s ]
08:57:04.240 [main] INFO  f.i.s.r.p.i.ProjectInspector - BuildProject..........................................FAILURE [ 60 s ]
08:57:04.240 [main] INFO  f.i.s.r.p.i.ProjectInspector - TestProject...........................................NOT RUN         
08:57:04.240 [main] INFO  f.i.s.r.p.i.ProjectInspector - ComputeClasspath......................................NOT RUN         
08:57:04.240 [main] INFO  f.i.s.r.p.i.ProjectInspector - ComputeSourceDir......................................NOT RUN         
08:57:04.240 [main] INFO  f.i.s.r.p.i.ProjectInspector - ComputeTestDir........................................NOT RUN         
08:57:04.240 [main] INFO  f.i.s.r.p.i.ProjectInspector - GatherTestInformation.................................NOT RUN         
08:57:04.240 [main] INFO  f.i.s.r.p.i.ProjectInspector - FlacocoLocalization...................................NOT RUN         
08:57:04.240 [main] INFO  f.i.s.r.p.i.ProjectInspector - PushFaultLocalizationSuggestionsOnGitHubRepository....NOT RUN         
08:57:04.241 [main] INFO  f.i.s.r.p.i.ProjectInspector - ----------------------------------------------------------------------
08:57:04.241 [main] INFO  f.i.s.r.p.i.ProjectInspector - PIPELINE FINDING: NOTBUILDABLE
08:57:04.241 [main] INFO  f.i.s.r.p.i.ProjectInspector - ----------------------------------------------------------------------
08:57:04.241 [main] INFO  f.i.s.r.p.github.GithubMainProcess - Inspector is finished. The process will exit now.
