Execute pipeline with following supplementary args: --smtpPort 25 --listenerMode NOOP --launcherMode FAULT_LOCALIZATION  --gitrepourl https://github.com/apache/pinot --gitrepopullrequest 8583
java -cp /usr/local/openjdk-11/lib/tools.jar:repairnator-pipeline.jar -Dlogback.configurationFile=/root/logback.xml fr.inria.spirals.repairnator.pipeline.Launcher -d --runId null -o /var/log --ghOauth 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 --faultLocalization --flacocoThreshold 0.0 --flacocoTopK null --flacocoResultsRepository flacocobot/2022-flacocobot-experiment --ghOauth  --smtpPort 25 --listenerMode NOOP --launcherMode FAULT_LOCALIZATION  --gitrepourl https://github.com/apache/pinot --gitrepopullrequest 8583

19:19:44.043 [main] INFO  f.i.s.r.p.g.GithubInitSerializerEngines - Initialize file serializer engines.
19:19:44.044 [main] INFO  f.i.s.r.p.g.GithubInitSerializerEngines - MongoDB won't be used for serialization.
19:19:44.044 [main] INFO  f.i.s.r.p.github.GithubInitNotifiers - The email notifier engine won't be used.
19:19:44.058 [main] INFO  f.i.s.r.p.i.ProjectInspector - ----------------------------------------------------------------------
19:19:44.058 [main] INFO  f.i.s.r.p.i.ProjectInspector - PIPELINE STEPS
19:19:44.058 [main] INFO  f.i.s.r.p.i.ProjectInspector - ----------------------------------------------------------------------
19:19:44.058 [main] INFO  f.i.s.r.p.i.ProjectInspector - CloneCheckoutGitPullRequest
19:19:44.058 [main] INFO  f.i.s.r.p.i.ProjectInspector - BuildProject
19:19:44.058 [main] INFO  f.i.s.r.p.i.ProjectInspector - TestProject
19:19:44.058 [main] INFO  f.i.s.r.p.i.ProjectInspector - ComputeClasspath
19:19:44.058 [main] INFO  f.i.s.r.p.i.ProjectInspector - ComputeSourceDir
19:19:44.058 [main] INFO  f.i.s.r.p.i.ProjectInspector - ComputeTestDir
19:19:44.058 [main] INFO  f.i.s.r.p.i.ProjectInspector - GatherTestInformation
19:19:44.058 [main] INFO  f.i.s.r.p.i.ProjectInspector - FlacocoLocalization
19:19:44.058 [main] INFO  f.i.s.r.p.i.ProjectInspector - PushFaultLocalizationSuggestionsOnGitHubRepository
19:19:44.058 [main] INFO  f.i.s.r.p.s.CloneCheckoutGitPullRequest - Cloning repository https://github.com/apache/pinot.git in the following directory: ./workspace/apache-pinot-master-8583_repo
19:26:18.958 [Thread-4] ERROR f.i.s.r.p.m.o.MavenFilterOutputHandler - [ERROR] COMPILATION ERROR : 
19:26:18.958 [Thread-4] ERROR f.i.s.r.p.m.o.MavenFilterOutputHandler - [ERROR] /root/workspace/apache-pinot-master-8583_repo/pinot-query-runtime/src/main/java/org/apache/pinot/query/runtime/operator/MailboxSendOperator.java:[40,44] error: cannot find symbol
19:26:18.958 [Thread-4] ERROR f.i.s.r.p.m.o.MavenFilterOutputHandler - [ERROR] /root/workspace/apache-pinot-master-8583_repo/pinot-query-runtime/src/main/java/org/apache/pinot/query/runtime/operator/MailboxSendOperator.java:[49,54] error: cannot find symbol
19:26:18.959 [Thread-4] ERROR f.i.s.r.p.m.o.MavenFilterOutputHandler - [ERROR] /root/workspace/apache-pinot-master-8583_repo/pinot-query-runtime/src/main/java/org/apache/pinot/query/runtime/operator/MailboxSendOperator.java:[65,23] error: cannot find symbol
19:26:18.959 [Thread-4] ERROR f.i.s.r.p.m.o.MavenFilterOutputHandler - [ERROR] /root/workspace/apache-pinot-master-8583_repo/pinot-query-runtime/src/main/java/org/apache/pinot/query/runtime/operator/MailboxSendOperator.java:[69,19] error: cannot find symbol
19:26:18.959 [Thread-4] ERROR f.i.s.r.p.m.o.MavenFilterOutputHandler - [ERROR] /root/workspace/apache-pinot-master-8583_repo/pinot-query-runtime/src/main/java/org/apache/pinot/query/runtime/operator/MailboxSendOperator.java:[122,12] error: cannot find symbol
19:26:18.959 [Thread-4] ERROR f.i.s.r.p.m.o.MavenFilterOutputHandler - [ERROR] /root/workspace/apache-pinot-master-8583_repo/pinot-query-runtime/src/main/java/org/apache/pinot/query/service/QueryDispatcher.java:[36,44] error: cannot find symbol
19:26:18.959 [Thread-4] ERROR f.i.s.r.p.m.o.MavenFilterOutputHandler - [ERROR] /root/workspace/apache-pinot-master-8583_repo/pinot-query-runtime/src/main/java/org/apache/pinot/query/runtime/operator/MailboxReceiveOperator.java:[35,44] error: cannot find symbol
19:26:18.959 [Thread-4] ERROR f.i.s.r.p.m.o.MavenFilterOutputHandler - [ERROR] /root/workspace/apache-pinot-master-8583_repo/pinot-query-runtime/src/main/java/org/apache/pinot/query/runtime/operator/MailboxReceiveOperator.java:[45,57] error: cannot find symbol
19:26:18.959 [Thread-4] ERROR f.i.s.r.p.m.o.MavenFilterOutputHandler - [ERROR] /root/workspace/apache-pinot-master-8583_repo/pinot-query-runtime/src/main/java/org/apache/pinot/query/runtime/operator/MailboxReceiveOperator.java:[89,12] error: cannot find symbol
19:26:18.959 [Thread-4] ERROR f.i.s.r.p.m.o.MavenFilterOutputHandler - [ERROR] /root/workspace/apache-pinot-master-8583_repo/pinot-query-runtime/src/main/java/org/apache/pinot/query/runtime/operator/HashJoinOperator.java:[33,44] error: cannot find symbol
19:26:18.959 [Thread-4] ERROR f.i.s.r.p.m.o.MavenFilterOutputHandler - [ERROR] /root/workspace/apache-pinot-master-8583_repo/pinot-query-runtime/src/main/java/org/apache/pinot/query/runtime/operator/HashJoinOperator.java:[45,51] error: cannot find symbol
19:26:18.959 [Thread-4] ERROR f.i.s.r.p.m.o.MavenFilterOutputHandler - [ERROR] /root/workspace/apache-pinot-master-8583_repo/pinot-query-runtime/src/main/java/org/apache/pinot/query/runtime/operator/HashJoinOperator.java:[50,29] error: cannot find symbol
19:26:18.960 [Thread-4] ERROR f.i.s.r.p.m.o.MavenFilterOutputHandler - [ERROR] /root/workspace/apache-pinot-master-8583_repo/pinot-query-runtime/src/main/java/org/apache/pinot/query/runtime/operator/HashJoinOperator.java:[51,29] error: cannot find symbol
19:26:18.960 [Thread-4] ERROR f.i.s.r.p.m.o.MavenFilterOutputHandler - [ERROR] /root/workspace/apache-pinot-master-8583_repo/pinot-query-runtime/src/main/java/org/apache/pinot/query/runtime/operator/HashJoinOperator.java:[60,39] error: cannot find symbol
19:26:18.960 [Thread-4] ERROR f.i.s.r.p.m.o.MavenFilterOutputHandler - [ERROR] /root/workspace/apache-pinot-master-8583_repo/pinot-query-runtime/src/main/java/org/apache/pinot/query/runtime/operator/HashJoinOperator.java:[61,19] error: cannot find symbol
19:26:18.960 [Thread-4] ERROR f.i.s.r.p.m.o.MavenFilterOutputHandler - [ERROR] /root/workspace/apache-pinot-master-8583_repo/pinot-query-runtime/src/main/java/org/apache/pinot/query/runtime/operator/HashJoinOperator.java:[89,12] error: cannot find symbol
19:26:18.960 [Thread-4] ERROR f.i.s.r.p.m.o.MavenFilterOutputHandler - [ERROR] /root/workspace/apache-pinot-master-8583_repo/pinot-query-runtime/src/main/java/org/apache/pinot/query/runtime/operator/HashJoinOperator.java:[118,41] error: cannot find symbol
19:26:18.960 [Thread-4] ERROR f.i.s.r.p.m.o.MavenFilterOutputHandler - [ERROR] /root/workspace/apache-pinot-master-8583_repo/pinot-query-runtime/src/main/java/org/apache/pinot/query/runtime/executor/WorkerQueryExecutor.java:[39,44] error: cannot find symbol
19:26:18.960 [Thread-4] ERROR f.i.s.r.p.m.o.MavenFilterOutputHandler - [ERROR] /root/workspace/apache-pinot-master-8583_repo/pinot-query-runtime/src/main/java/org/apache/pinot/query/runtime/executor/WorkerQueryExecutor.java:[100,23] error: cannot find symbol
19:26:18.961 [Thread-4] ERROR f.i.s.r.p.m.o.MavenFilterOutputHandler - [ERROR] /root/workspace/apache-pinot-master-8583_repo/pinot-query-runtime/src/main/java/org/apache/pinot/query/runtime/operator/MailboxSendOperator.java:[124,4] error: cannot find symbol
19:26:18.961 [Thread-4] ERROR f.i.s.r.p.m.o.MavenFilterOutputHandler - [ERROR] /root/workspace/apache-pinot-master-8583_repo/pinot-query-runtime/src/main/java/org/apache/pinot/query/runtime/operator/MailboxSendOperator.java:[146,43] error: cannot find symbol
19:26:18.961 [Thread-4] ERROR f.i.s.r.p.m.o.MavenFilterOutputHandler - [ERROR] /root/workspace/apache-pinot-master-8583_repo/pinot-query-runtime/src/main/java/org/apache/pinot/query/runtime/operator/MailboxSendOperator.java:[213,44] error: cannot find symbol
19:26:18.961 [Thread-4] ERROR f.i.s.r.p.m.o.MavenFilterOutputHandler - [ERROR] /root/workspace/apache-pinot-master-8583_repo/pinot-query-runtime/src/main/java/org/apache/pinot/query/service/QueryDispatcher.java:[72,6] error: cannot find symbol
19:26:18.961 [Thread-4] ERROR f.i.s.r.p.m.o.MavenFilterOutputHandler - [ERROR] /root/workspace/apache-pinot-master-8583_repo/pinot-query-runtime/src/main/java/org/apache/pinot/query/runtime/operator/MailboxReceiveOperator.java:[111,29] error: cannot find symbol
19:26:18.961 [Thread-4] ERROR f.i.s.r.p.m.o.MavenFilterOutputHandler - [ERROR] /root/workspace/apache-pinot-master-8583_repo/pinot-query-runtime/src/main/java/org/apache/pinot/query/runtime/operator/MailboxReceiveOperator.java:[126,30] error: cannot find symbol
19:26:18.961 [Thread-4] ERROR f.i.s.r.p.m.o.MavenFilterOutputHandler - [ERROR] /root/workspace/apache-pinot-master-8583_repo/pinot-query-runtime/src/main/java/org/apache/pinot/query/runtime/operator/HashJoinOperator.java:[92,17] error: cannot find symbol
19:26:18.962 [Thread-4] ERROR f.i.s.r.p.m.o.MavenFilterOutputHandler - [ERROR] /root/workspace/apache-pinot-master-8583_repo/pinot-query-runtime/src/main/java/org/apache/pinot/query/runtime/operator/HashJoinOperator.java:[100,6] error: cannot find symbol
19:26:18.962 [Thread-4] ERROR f.i.s.r.p.m.o.MavenFilterOutputHandler - [ERROR] /root/workspace/apache-pinot-master-8583_repo/pinot-query-runtime/src/main/java/org/apache/pinot/query/runtime/operator/HashJoinOperator.java:[121,32] error: cannot find symbol
19:26:18.962 [Thread-4] ERROR f.i.s.r.p.m.o.MavenFilterOutputHandler - [ERROR] /root/workspace/apache-pinot-master-8583_repo/pinot-query-runtime/src/main/java/org/apache/pinot/query/runtime/executor/WorkerQueryExecutor.java:[86,17] error: cannot find symbol
19:26:18.962 [Thread-4] ERROR f.i.s.r.p.m.o.MavenFilterOutputHandler - [ERROR] /root/workspace/apache-pinot-master-8583_repo/pinot-query-runtime/src/main/java/org/apache/pinot/query/runtime/executor/WorkerQueryExecutor.java:[110,19] error: cannot find symbol
19:26:18.962 [Thread-4] ERROR f.i.s.r.p.m.o.MavenFilterOutputHandler - [ERROR] /root/workspace/apache-pinot-master-8583_repo/pinot-query-runtime/src/main/java/org/apache/pinot/query/runtime/executor/WorkerQueryExecutor.java:[117,19] error: cannot find symbol
19:26:18.962 [Thread-4] ERROR f.i.s.r.p.m.o.MavenFilterOutputHandler - [ERROR] /root/workspace/apache-pinot-master-8583_repo/pinot-query-runtime/src/main/java/org/apache/pinot/query/runtime/executor/WorkerQueryExecutor.java:[118,19] error: cannot find symbol
19:26:18.968 [Thread-4] ERROR f.i.s.r.p.m.o.MavenFilterOutputHandler - [ERROR] Failed to execute goal org.apache.maven.plugins:maven-compiler-plugin:3.8.0:compile (default-compile) on project pinot-query-runtime: Compilation failure: Compilation failure: 
19:26:18.968 [Thread-4] ERROR f.i.s.r.p.m.o.MavenFilterOutputHandler - [ERROR] /root/workspace/apache-pinot-master-8583_repo/pinot-query-runtime/src/main/java/org/apache/pinot/query/runtime/operator/MailboxSendOperator.java:[40,44] error: cannot find symbol
19:26:18.968 [Thread-4] ERROR f.i.s.r.p.m.o.MavenFilterOutputHandler - [ERROR]   symbol:   class DataTableBlock
19:26:18.968 [Thread-4] ERROR f.i.s.r.p.m.o.MavenFilterOutputHandler - [ERROR]   location: package org.apache.pinot.query.runtime.blocks
19:26:18.968 [Thread-4] ERROR f.i.s.r.p.m.o.MavenFilterOutputHandler - [ERROR] /root/workspace/apache-pinot-master-8583_repo/pinot-query-runtime/src/main/java/org/apache/pinot/query/runtime/operator/MailboxSendOperator.java:[49,54] error: cannot find symbol
19:26:18.969 [Thread-4] ERROR f.i.s.r.p.m.o.MavenFilterOutputHandler - [ERROR]   symbol: class DataTableBlock
19:26:18.969 [Thread-4] ERROR f.i.s.r.p.m.o.MavenFilterOutputHandler - [ERROR] /root/workspace/apache-pinot-master-8583_repo/pinot-query-runtime/src/main/java/org/apache/pinot/query/runtime/operator/MailboxSendOperator.java:[65,23] error: cannot find symbol
19:26:18.969 [Thread-4] ERROR f.i.s.r.p.m.o.MavenFilterOutputHandler - [ERROR]   symbol:   class DataTableBlock
19:26:18.969 [Thread-4] ERROR f.i.s.r.p.m.o.MavenFilterOutputHandler - [ERROR]   location: class MailboxSendOperator
19:26:18.969 [Thread-4] ERROR f.i.s.r.p.m.o.MavenFilterOutputHandler - [ERROR] /root/workspace/apache-pinot-master-8583_repo/pinot-query-runtime/src/main/java/org/apache/pinot/query/runtime/operator/MailboxSendOperator.java:[69,19] error: cannot find symbol
19:26:18.969 [Thread-4] ERROR f.i.s.r.p.m.o.MavenFilterOutputHandler - [ERROR]   symbol:   class DataTableBlock
19:26:18.969 [Thread-4] ERROR f.i.s.r.p.m.o.MavenFilterOutputHandler - [ERROR]   location: class MailboxSendOperator
19:26:18.969 [Thread-4] ERROR f.i.s.r.p.m.o.MavenFilterOutputHandler - [ERROR] /root/workspace/apache-pinot-master-8583_repo/pinot-query-runtime/src/main/java/org/apache/pinot/query/runtime/operator/MailboxSendOperator.java:[122,12] error: cannot find symbol
19:26:18.969 [Thread-4] ERROR f.i.s.r.p.m.o.MavenFilterOutputHandler - [ERROR]   symbol:   class DataTableBlock
19:26:18.969 [Thread-4] ERROR f.i.s.r.p.m.o.MavenFilterOutputHandler - [ERROR]   location: class MailboxSendOperator
19:26:18.969 [Thread-4] ERROR f.i.s.r.p.m.o.MavenFilterOutputHandler - [ERROR] /root/workspace/apache-pinot-master-8583_repo/pinot-query-runtime/src/main/java/org/apache/pinot/query/service/QueryDispatcher.java:[36,44] error: cannot find symbol
19:26:18.969 [Thread-4] ERROR f.i.s.r.p.m.o.MavenFilterOutputHandler - [ERROR]   symbol:   class DataTableBlock
19:26:18.969 [Thread-4] ERROR f.i.s.r.p.m.o.MavenFilterOutputHandler - [ERROR]   location: package org.apache.pinot.query.runtime.blocks
19:26:18.969 [Thread-4] ERROR f.i.s.r.p.m.o.MavenFilterOutputHandler - [ERROR] /root/workspace/apache-pinot-master-8583_repo/pinot-query-runtime/src/main/java/org/apache/pinot/query/runtime/operator/MailboxReceiveOperator.java:[35,44] error: cannot find symbol
19:26:18.969 [Thread-4] ERROR f.i.s.r.p.m.o.MavenFilterOutputHandler - [ERROR]   symbol:   class DataTableBlock
19:26:18.969 [Thread-4] ERROR f.i.s.r.p.m.o.MavenFilterOutputHandler - [ERROR]   location: package org.apache.pinot.query.runtime.blocks
19:26:18.969 [Thread-4] ERROR f.i.s.r.p.m.o.MavenFilterOutputHandler - [ERROR] /root/workspace/apache-pinot-master-8583_repo/pinot-query-runtime/src/main/java/org/apache/pinot/query/runtime/operator/MailboxReceiveOperator.java:[45,57] error: cannot find symbol
19:26:18.969 [Thread-4] ERROR f.i.s.r.p.m.o.MavenFilterOutputHandler - [ERROR]   symbol: class DataTableBlock
19:26:18.969 [Thread-4] ERROR f.i.s.r.p.m.o.MavenFilterOutputHandler - [ERROR] /root/workspace/apache-pinot-master-8583_repo/pinot-query-runtime/src/main/java/org/apache/pinot/query/runtime/operator/MailboxReceiveOperator.java:[89,12] error: cannot find symbol
19:26:18.970 [Thread-4] ERROR f.i.s.r.p.m.o.MavenFilterOutputHandler - [ERROR]   symbol:   class DataTableBlock
19:26:18.970 [Thread-4] ERROR f.i.s.r.p.m.o.MavenFilterOutputHandler - [ERROR]   location: class MailboxReceiveOperator
19:26:18.970 [Thread-4] ERROR f.i.s.r.p.m.o.MavenFilterOutputHandler - [ERROR] /root/workspace/apache-pinot-master-8583_repo/pinot-query-runtime/src/main/java/org/apache/pinot/query/runtime/operator/HashJoinOperator.java:[33,44] error: cannot find symbol
19:26:18.970 [Thread-4] ERROR f.i.s.r.p.m.o.MavenFilterOutputHandler - [ERROR]   symbol:   class DataTableBlock
19:26:18.970 [Thread-4] ERROR f.i.s.r.p.m.o.MavenFilterOutputHandler - [ERROR]   location: package org.apache.pinot.query.runtime.blocks
19:26:18.970 [Thread-4] ERROR f.i.s.r.p.m.o.MavenFilterOutputHandler - [ERROR] /root/workspace/apache-pinot-master-8583_repo/pinot-query-runtime/src/main/java/org/apache/pinot/query/runtime/operator/HashJoinOperator.java:[45,51] error: cannot find symbol
19:26:18.970 [Thread-4] ERROR f.i.s.r.p.m.o.MavenFilterOutputHandler - [ERROR]   symbol: class DataTableBlock
19:26:18.970 [Thread-4] ERROR f.i.s.r.p.m.o.MavenFilterOutputHandler - [ERROR] /root/workspace/apache-pinot-master-8583_repo/pinot-query-runtime/src/main/java/org/apache/pinot/query/runtime/operator/HashJoinOperator.java:[50,29] error: cannot find symbol
19:26:18.970 [Thread-4] ERROR f.i.s.r.p.m.o.MavenFilterOutputHandler - [ERROR]   symbol:   class DataTableBlock
19:26:18.970 [Thread-4] ERROR f.i.s.r.p.m.o.MavenFilterOutputHandler - [ERROR]   location: class HashJoinOperator
19:26:18.970 [Thread-4] ERROR f.i.s.r.p.m.o.MavenFilterOutputHandler - [ERROR] /root/workspace/apache-pinot-master-8583_repo/pinot-query-runtime/src/main/java/org/apache/pinot/query/runtime/operator/HashJoinOperator.java:[51,29] error: cannot find symbol
19:26:18.970 [Thread-4] ERROR f.i.s.r.p.m.o.MavenFilterOutputHandler - [ERROR]   symbol:   class DataTableBlock
19:26:18.970 [Thread-4] ERROR f.i.s.r.p.m.o.MavenFilterOutputHandler - [ERROR]   location: class HashJoinOperator
19:26:18.970 [Thread-4] ERROR f.i.s.r.p.m.o.MavenFilterOutputHandler - [ERROR] /root/workspace/apache-pinot-master-8583_repo/pinot-query-runtime/src/main/java/org/apache/pinot/query/runtime/operator/HashJoinOperator.java:[60,39] error: cannot find symbol
19:26:18.970 [Thread-4] ERROR f.i.s.r.p.m.o.MavenFilterOutputHandler - [ERROR]   symbol:   class DataTableBlock
19:26:18.970 [Thread-4] ERROR f.i.s.r.p.m.o.MavenFilterOutputHandler - [ERROR]   location: class HashJoinOperator
19:26:18.970 [Thread-4] ERROR f.i.s.r.p.m.o.MavenFilterOutputHandler - [ERROR] /root/workspace/apache-pinot-master-8583_repo/pinot-query-runtime/src/main/java/org/apache/pinot/query/runtime/operator/HashJoinOperator.java:[61,19] error: cannot find symbol
19:26:18.970 [Thread-4] ERROR f.i.s.r.p.m.o.MavenFilterOutputHandler - [ERROR]   symbol:   class DataTableBlock
19:26:18.970 [Thread-4] ERROR f.i.s.r.p.m.o.MavenFilterOutputHandler - [ERROR]   location: class HashJoinOperator
19:26:18.970 [Thread-4] ERROR f.i.s.r.p.m.o.MavenFilterOutputHandler - [ERROR] /root/workspace/apache-pinot-master-8583_repo/pinot-query-runtime/src/main/java/org/apache/pinot/query/runtime/operator/HashJoinOperator.java:[89,12] error: cannot find symbol
19:26:18.971 [Thread-4] ERROR f.i.s.r.p.m.o.MavenFilterOutputHandler - [ERROR]   symbol:   class DataTableBlock
19:26:18.971 [Thread-4] ERROR f.i.s.r.p.m.o.MavenFilterOutputHandler - [ERROR]   location: class HashJoinOperator
19:26:18.971 [Thread-4] ERROR f.i.s.r.p.m.o.MavenFilterOutputHandler - [ERROR] /root/workspace/apache-pinot-master-8583_repo/pinot-query-runtime/src/main/java/org/apache/pinot/query/runtime/operator/HashJoinOperator.java:[118,41] error: cannot find symbol
19:26:18.971 [Thread-4] ERROR f.i.s.r.p.m.o.MavenFilterOutputHandler - [ERROR]   symbol:   class DataTableBlock
19:26:18.971 [Thread-4] ERROR f.i.s.r.p.m.o.MavenFilterOutputHandler - [ERROR]   location: class HashJoinOperator
19:26:18.971 [Thread-4] ERROR f.i.s.r.p.m.o.MavenFilterOutputHandler - [ERROR] /root/workspace/apache-pinot-master-8583_repo/pinot-query-runtime/src/main/java/org/apache/pinot/query/runtime/executor/WorkerQueryExecutor.java:[39,44] error: cannot find symbol
19:26:18.971 [Thread-4] ERROR f.i.s.r.p.m.o.MavenFilterOutputHandler - [ERROR]   symbol:   class DataTableBlock
19:26:18.971 [Thread-4] ERROR f.i.s.r.p.m.o.MavenFilterOutputHandler - [ERROR]   location: package org.apache.pinot.query.runtime.blocks
19:26:18.971 [Thread-4] ERROR f.i.s.r.p.m.o.MavenFilterOutputHandler - [ERROR] /root/workspace/apache-pinot-master-8583_repo/pinot-query-runtime/src/main/java/org/apache/pinot/query/runtime/executor/WorkerQueryExecutor.java:[100,23] error: cannot find symbol
19:26:18.971 [Thread-4] ERROR f.i.s.r.p.m.o.MavenFilterOutputHandler - [ERROR]   symbol:   class DataTableBlock
19:26:18.971 [Thread-4] ERROR f.i.s.r.p.m.o.MavenFilterOutputHandler - [ERROR]   location: class WorkerQueryExecutor
19:26:18.971 [Thread-4] ERROR f.i.s.r.p.m.o.MavenFilterOutputHandler - [ERROR] /root/workspace/apache-pinot-master-8583_repo/pinot-query-runtime/src/main/java/org/apache/pinot/query/runtime/operator/MailboxSendOperator.java:[124,4] error: cannot find symbol
19:26:18.971 [Thread-4] ERROR f.i.s.r.p.m.o.MavenFilterOutputHandler - [ERROR]   symbol:   class DataTableBlock
19:26:18.971 [Thread-4] ERROR f.i.s.r.p.m.o.MavenFilterOutputHandler - [ERROR]   location: class MailboxSendOperator
19:26:18.971 [Thread-4] ERROR f.i.s.r.p.m.o.MavenFilterOutputHandler - [ERROR] /root/workspace/apache-pinot-master-8583_repo/pinot-query-runtime/src/main/java/org/apache/pinot/query/runtime/operator/MailboxSendOperator.java:[146,43] error: cannot find symbol
19:26:18.971 [Thread-4] ERROR f.i.s.r.p.m.o.MavenFilterOutputHandler - [ERROR]   symbol:   method getEmptyDataTable(DataSchema)
19:26:18.971 [Thread-4] ERROR f.i.s.r.p.m.o.MavenFilterOutputHandler - [ERROR]   location: class DataTableBlockUtils
19:26:18.971 [Thread-4] ERROR f.i.s.r.p.m.o.MavenFilterOutputHandler - [ERROR] /root/workspace/apache-pinot-master-8583_repo/pinot-query-runtime/src/main/java/org/apache/pinot/query/runtime/operator/MailboxSendOperator.java:[213,44] error: cannot find symbol
19:26:18.971 [Thread-4] ERROR f.i.s.r.p.m.o.MavenFilterOutputHandler - [ERROR]   symbol:   class DataTableBlock
19:26:18.971 [Thread-4] ERROR f.i.s.r.p.m.o.MavenFilterOutputHandler - [ERROR]   location: class MailboxSendOperator
19:26:18.971 [Thread-4] ERROR f.i.s.r.p.m.o.MavenFilterOutputHandler - [ERROR] /root/workspace/apache-pinot-master-8583_repo/pinot-query-runtime/src/main/java/org/apache/pinot/query/service/QueryDispatcher.java:[72,6] error: cannot find symbol
19:26:18.972 [Thread-4] ERROR f.i.s.r.p.m.o.MavenFilterOutputHandler - [ERROR]   symbol:   class DataTableBlock
19:26:18.972 [Thread-4] ERROR f.i.s.r.p.m.o.MavenFilterOutputHandler - [ERROR]   location: class QueryDispatcher
19:26:18.972 [Thread-4] ERROR f.i.s.r.p.m.o.MavenFilterOutputHandler - [ERROR] /root/workspace/apache-pinot-master-8583_repo/pinot-query-runtime/src/main/java/org/apache/pinot/query/runtime/operator/MailboxReceiveOperator.java:[111,29] error: cannot find symbol
19:26:18.972 [Thread-4] ERROR f.i.s.r.p.m.o.MavenFilterOutputHandler - [ERROR]   symbol:   class DataTableBlock
19:26:18.972 [Thread-4] ERROR f.i.s.r.p.m.o.MavenFilterOutputHandler - [ERROR]   location: class MailboxReceiveOperator
19:26:18.972 [Thread-4] ERROR f.i.s.r.p.m.o.MavenFilterOutputHandler - [ERROR] /root/workspace/apache-pinot-master-8583_repo/pinot-query-runtime/src/main/java/org/apache/pinot/query/runtime/operator/MailboxReceiveOperator.java:[126,30] error: cannot find symbol
19:26:18.972 [Thread-4] ERROR f.i.s.r.p.m.o.MavenFilterOutputHandler - [ERROR]   symbol:   method getEndOfStreamDataTableBlock()
19:26:18.972 [Thread-4] ERROR f.i.s.r.p.m.o.MavenFilterOutputHandler - [ERROR]   location: class DataTableBlockUtils
19:26:18.972 [Thread-4] ERROR f.i.s.r.p.m.o.MavenFilterOutputHandler - [ERROR] /root/workspace/apache-pinot-master-8583_repo/pinot-query-runtime/src/main/java/org/apache/pinot/query/runtime/operator/HashJoinOperator.java:[92,17] error: cannot find symbol
19:26:18.972 [Thread-4] ERROR f.i.s.r.p.m.o.MavenFilterOutputHandler - [ERROR]   symbol:   class DataTableBlock
19:26:18.972 [Thread-4] ERROR f.i.s.r.p.m.o.MavenFilterOutputHandler - [ERROR]   location: class HashJoinOperator
19:26:18.972 [Thread-4] ERROR f.i.s.r.p.m.o.MavenFilterOutputHandler - [ERROR] /root/workspace/apache-pinot-master-8583_repo/pinot-query-runtime/src/main/java/org/apache/pinot/query/runtime/operator/HashJoinOperator.java:[100,6] error: cannot find symbol
19:26:18.972 [Thread-4] ERROR f.i.s.r.p.m.o.MavenFilterOutputHandler - [ERROR]   symbol:   class DataTableBlock
19:26:18.972 [Thread-4] ERROR f.i.s.r.p.m.o.MavenFilterOutputHandler - [ERROR]   location: class HashJoinOperator
19:26:18.972 [Thread-4] ERROR f.i.s.r.p.m.o.MavenFilterOutputHandler - [ERROR] /root/workspace/apache-pinot-master-8583_repo/pinot-query-runtime/src/main/java/org/apache/pinot/query/runtime/operator/HashJoinOperator.java:[121,32] error: cannot find symbol
19:26:18.972 [Thread-4] ERROR f.i.s.r.p.m.o.MavenFilterOutputHandler - [ERROR]   symbol:   method getEndOfStreamDataTable()
19:26:18.972 [Thread-4] ERROR f.i.s.r.p.m.o.MavenFilterOutputHandler - [ERROR]   location: class DataTableBlockUtils
19:26:18.972 [Thread-4] ERROR f.i.s.r.p.m.o.MavenFilterOutputHandler - [ERROR] /root/workspace/apache-pinot-master-8583_repo/pinot-query-runtime/src/main/java/org/apache/pinot/query/runtime/executor/WorkerQueryExecutor.java:[86,17] error: cannot find symbol
19:26:18.972 [Thread-4] ERROR f.i.s.r.p.m.o.MavenFilterOutputHandler - [ERROR]   symbol:   class DataTableBlock
19:26:18.972 [Thread-4] ERROR f.i.s.r.p.m.o.MavenFilterOutputHandler - [ERROR]   location: class WorkerQueryExecutor
19:26:18.972 [Thread-4] ERROR f.i.s.r.p.m.o.MavenFilterOutputHandler - [ERROR] /root/workspace/apache-pinot-master-8583_repo/pinot-query-runtime/src/main/java/org/apache/pinot/query/runtime/executor/WorkerQueryExecutor.java:[110,19] error: cannot find symbol
19:26:18.973 [Thread-4] ERROR f.i.s.r.p.m.o.MavenFilterOutputHandler - [ERROR]   symbol:   class DataTableBlock
19:26:18.973 [Thread-4] ERROR f.i.s.r.p.m.o.MavenFilterOutputHandler - [ERROR]   location: class WorkerQueryExecutor
19:26:18.973 [Thread-4] ERROR f.i.s.r.p.m.o.MavenFilterOutputHandler - [ERROR] /root/workspace/apache-pinot-master-8583_repo/pinot-query-runtime/src/main/java/org/apache/pinot/query/runtime/executor/WorkerQueryExecutor.java:[117,19] error: cannot find symbol
19:26:18.973 [Thread-4] ERROR f.i.s.r.p.m.o.MavenFilterOutputHandler - [ERROR]   symbol:   class DataTableBlock
19:26:18.973 [Thread-4] ERROR f.i.s.r.p.m.o.MavenFilterOutputHandler - [ERROR]   location: class WorkerQueryExecutor
19:26:18.973 [Thread-4] ERROR f.i.s.r.p.m.o.MavenFilterOutputHandler - [ERROR] /root/workspace/apache-pinot-master-8583_repo/pinot-query-runtime/src/main/java/org/apache/pinot/query/runtime/executor/WorkerQueryExecutor.java:[118,19] error: cannot find symbol
19:26:18.973 [Thread-4] ERROR f.i.s.r.p.m.o.MavenFilterOutputHandler - [ERROR]   symbol:   class DataTableBlock
19:26:18.973 [Thread-4] ERROR f.i.s.r.p.m.o.MavenFilterOutputHandler - [ERROR]   location: class WorkerQueryExecutor
19:26:18.973 [Thread-4] ERROR f.i.s.r.p.m.o.MavenFilterOutputHandler - [ERROR] -> [Help 1]
19:26:18.976 [Thread-4] ERROR f.i.s.r.p.m.o.MavenFilterOutputHandler - [ERROR] 
19:26:18.976 [Thread-4] ERROR f.i.s.r.p.m.o.MavenFilterOutputHandler - [ERROR] Re-run Maven using the -X switch to enable full debug logging.
19:26:18.976 [Thread-4] ERROR f.i.s.r.p.m.o.MavenFilterOutputHandler - [ERROR] 
19:26:18.976 [Thread-4] ERROR f.i.s.r.p.m.o.MavenFilterOutputHandler - [ERROR] For more information about the errors and possible solutions, please read the following articles:
19:26:18.976 [Thread-4] ERROR f.i.s.r.p.m.o.MavenFilterOutputHandler - [ERROR] [Help 1] http://cwiki.apache.org/confluence/display/MAVEN/MojoFailureException
19:26:18.976 [Thread-4] ERROR f.i.s.r.p.m.o.MavenFilterOutputHandler - [ERROR] 
19:26:18.976 [Thread-4] ERROR f.i.s.r.p.m.o.MavenFilterOutputHandler - [ERROR] After correcting the problems, you can resume the build with the command
19:26:18.976 [Thread-4] ERROR f.i.s.r.p.m.o.MavenFilterOutputHandler - [ERROR]   mvn <goals> -rf :pinot-query-runtime
19:26:19.327 [main] ERROR f.i.s.r.process.step.BuildProject - Repository apache/pinot cannot be built.
19:26:19.328 [main] INFO  f.i.s.r.process.step.BuildProject - 
19:26:22.864 [main] INFO  f.i.s.r.p.i.ProjectInspector - ----------------------------------------------------------------------
19:26:22.864 [main] INFO  f.i.s.r.p.i.ProjectInspector - PIPELINE EXECUTION SUMMARY
19:26:22.864 [main] INFO  f.i.s.r.p.i.ProjectInspector - ----------------------------------------------------------------------
19:26:22.864 [main] INFO  f.i.s.r.p.i.ProjectInspector - CloneCheckoutGitPullRequest..........................SUCCESS [  20 s ]
19:26:22.864 [main] INFO  f.i.s.r.p.i.ProjectInspector - BuildProject.........................................FAILURE [ 375 s ]
19:26:22.864 [main] INFO  f.i.s.r.p.i.ProjectInspector - TestProject..........................................NOT RUN          
19:26:22.864 [main] INFO  f.i.s.r.p.i.ProjectInspector - ComputeClasspath.....................................NOT RUN          
19:26:22.864 [main] INFO  f.i.s.r.p.i.ProjectInspector - ComputeSourceDir.....................................NOT RUN          
19:26:22.864 [main] INFO  f.i.s.r.p.i.ProjectInspector - ComputeTestDir.......................................NOT RUN          
19:26:22.864 [main] INFO  f.i.s.r.p.i.ProjectInspector - GatherTestInformation................................NOT RUN          
19:26:22.864 [main] INFO  f.i.s.r.p.i.ProjectInspector - FlacocoLocalization..................................NOT RUN          
19:26:22.864 [main] INFO  f.i.s.r.p.i.ProjectInspector - PushFaultLocalizationSuggestionsOnGitHubRepository...NOT RUN          
19:26:22.865 [main] INFO  f.i.s.r.p.i.ProjectInspector - ----------------------------------------------------------------------
19:26:22.865 [main] INFO  f.i.s.r.p.i.ProjectInspector - PIPELINE FINDING: NOTBUILDABLE
19:26:22.865 [main] INFO  f.i.s.r.p.i.ProjectInspector - ----------------------------------------------------------------------
19:26:22.865 [main] INFO  f.i.s.r.p.github.GithubMainProcess - Inspector is finished. The process will exit now.
