Execute pipeline with following supplementary args: --smtpPort 25 --listenerMode NOOP --launcherMode FAULT_LOCALIZATION  --gitrepourl https://github.com/apache/pinot --gitrepopullrequest 8518
java -cp /usr/local/openjdk-11/lib/tools.jar:repairnator-pipeline.jar -Dlogback.configurationFile=/root/logback.xml fr.inria.spirals.repairnator.pipeline.Launcher -d --runId null -o /var/log --ghOauth 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 --faultLocalization --flacocoThreshold 0.0 --flacocoTopK null --flacocoResultsRepository flacocobot/2022-flacocobot-experiment --ghOauth  --smtpPort 25 --listenerMode NOOP --launcherMode FAULT_LOCALIZATION  --gitrepourl https://github.com/apache/pinot --gitrepopullrequest 8518

02:53:17.142 [main] INFO  f.i.s.r.p.g.GithubInitSerializerEngines - Initialize file serializer engines.
02:53:17.143 [main] INFO  f.i.s.r.p.g.GithubInitSerializerEngines - MongoDB won't be used for serialization.
02:53:17.143 [main] INFO  f.i.s.r.p.github.GithubInitNotifiers - The email notifier engine won't be used.
02:53:17.157 [main] INFO  f.i.s.r.p.i.ProjectInspector - ----------------------------------------------------------------------
02:53:17.157 [main] INFO  f.i.s.r.p.i.ProjectInspector - PIPELINE STEPS
02:53:17.157 [main] INFO  f.i.s.r.p.i.ProjectInspector - ----------------------------------------------------------------------
02:53:17.157 [main] INFO  f.i.s.r.p.i.ProjectInspector - CloneCheckoutGitPullRequest
02:53:17.157 [main] INFO  f.i.s.r.p.i.ProjectInspector - BuildProject
02:53:17.157 [main] INFO  f.i.s.r.p.i.ProjectInspector - TestProject
02:53:17.157 [main] INFO  f.i.s.r.p.i.ProjectInspector - ComputeClasspath
02:53:17.157 [main] INFO  f.i.s.r.p.i.ProjectInspector - ComputeSourceDir
02:53:17.157 [main] INFO  f.i.s.r.p.i.ProjectInspector - ComputeTestDir
02:53:17.157 [main] INFO  f.i.s.r.p.i.ProjectInspector - GatherTestInformation
02:53:17.157 [main] INFO  f.i.s.r.p.i.ProjectInspector - FlacocoLocalization
02:53:17.157 [main] INFO  f.i.s.r.p.i.ProjectInspector - PushFaultLocalizationSuggestionsOnGitHubRepository
02:53:17.157 [main] INFO  f.i.s.r.p.s.CloneCheckoutGitPullRequest - Cloning repository https://github.com/apache/pinot.git in the following directory: ./workspace/apache-pinot-master-8518_repo
02:57:31.812 [Thread-4] ERROR f.i.s.r.p.m.o.MavenFilterOutputHandler - [ERROR] Failed to execute goal on project pinot-kafka-2.0: Could not resolve dependencies for project org.apache.pinot:pinot-kafka-2.0:jar:0.11.0-SNAPSHOT: Could not transfer artifact org.apache.kafka:kafka-metadata:jar:2.8.1 from/to central (https://repo.maven.apache.org/maven2): Connection reset -> [Help 1]
02:57:31.826 [Thread-4] ERROR f.i.s.r.p.m.o.MavenFilterOutputHandler - [ERROR] 
02:57:31.826 [Thread-4] ERROR f.i.s.r.p.m.o.MavenFilterOutputHandler - [ERROR] Re-run Maven using the -X switch to enable full debug logging.
02:57:31.826 [Thread-4] ERROR f.i.s.r.p.m.o.MavenFilterOutputHandler - [ERROR] 
02:57:31.826 [Thread-4] ERROR f.i.s.r.p.m.o.MavenFilterOutputHandler - [ERROR] For more information about the errors and possible solutions, please read the following articles:
02:57:31.826 [Thread-4] ERROR f.i.s.r.p.m.o.MavenFilterOutputHandler - [ERROR] [Help 1] http://cwiki.apache.org/confluence/display/MAVEN/DependencyResolutionException
02:57:31.826 [Thread-4] ERROR f.i.s.r.p.m.o.MavenFilterOutputHandler - [ERROR] 
02:57:31.826 [Thread-4] ERROR f.i.s.r.p.m.o.MavenFilterOutputHandler - [ERROR] After correcting the problems, you can resume the build with the command
02:57:31.826 [Thread-4] ERROR f.i.s.r.p.m.o.MavenFilterOutputHandler - [ERROR]   mvn <goals> -rf :pinot-kafka-2.0
02:57:32.494 [main] ERROR f.i.s.r.process.step.BuildProject - Repository apache/pinot cannot be built.
02:57:32.495 [main] INFO  f.i.s.r.process.step.BuildProject - 
02:57:34.908 [main] INFO  f.i.s.r.p.i.ProjectInspector - ----------------------------------------------------------------------
02:57:34.909 [main] INFO  f.i.s.r.p.i.ProjectInspector - PIPELINE EXECUTION SUMMARY
02:57:34.909 [main] INFO  f.i.s.r.p.i.ProjectInspector - ----------------------------------------------------------------------
02:57:34.909 [main] INFO  f.i.s.r.p.i.ProjectInspector - CloneCheckoutGitPullRequest..........................SUCCESS [  28 s ]
02:57:34.909 [main] INFO  f.i.s.r.p.i.ProjectInspector - BuildProject.........................................FAILURE [ 227 s ]
02:57:34.909 [main] INFO  f.i.s.r.p.i.ProjectInspector - TestProject..........................................NOT RUN          
02:57:34.909 [main] INFO  f.i.s.r.p.i.ProjectInspector - ComputeClasspath.....................................NOT RUN          
02:57:34.909 [main] INFO  f.i.s.r.p.i.ProjectInspector - ComputeSourceDir.....................................NOT RUN          
02:57:34.909 [main] INFO  f.i.s.r.p.i.ProjectInspector - ComputeTestDir.......................................NOT RUN          
02:57:34.909 [main] INFO  f.i.s.r.p.i.ProjectInspector - GatherTestInformation................................NOT RUN          
02:57:34.909 [main] INFO  f.i.s.r.p.i.ProjectInspector - FlacocoLocalization..................................NOT RUN          
02:57:34.909 [main] INFO  f.i.s.r.p.i.ProjectInspector - PushFaultLocalizationSuggestionsOnGitHubRepository...NOT RUN          
02:57:34.910 [main] INFO  f.i.s.r.p.i.ProjectInspector - ----------------------------------------------------------------------
02:57:34.910 [main] INFO  f.i.s.r.p.i.ProjectInspector - PIPELINE FINDING: NOTBUILDABLE
02:57:34.910 [main] INFO  f.i.s.r.p.i.ProjectInspector - ----------------------------------------------------------------------
02:57:34.910 [main] INFO  f.i.s.r.p.github.GithubMainProcess - Inspector is finished. The process will exit now.
