Execute pipeline with following supplementary args: --smtpPort 25 --listenerMode NOOP --launcherMode FAULT_LOCALIZATION  --gitrepourl https://github.com/apache/pinot --gitrepopullrequest 8587
java -cp /usr/local/openjdk-11/lib/tools.jar:repairnator-pipeline.jar -Dlogback.configurationFile=/root/logback.xml fr.inria.spirals.repairnator.pipeline.Launcher -d --runId null -o /var/log --ghOauth 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 --faultLocalization --flacocoThreshold 0.0 --flacocoTopK null --flacocoResultsRepository flacocobot/2022-flacocobot-experiment --ghOauth  --smtpPort 25 --listenerMode NOOP --launcherMode FAULT_LOCALIZATION  --gitrepourl https://github.com/apache/pinot --gitrepopullrequest 8587

11:54:39.568 [main] INFO  f.i.s.r.p.g.GithubInitSerializerEngines - Initialize file serializer engines.
11:54:39.569 [main] INFO  f.i.s.r.p.g.GithubInitSerializerEngines - MongoDB won't be used for serialization.
11:54:39.569 [main] INFO  f.i.s.r.p.github.GithubInitNotifiers - The email notifier engine won't be used.
11:54:39.588 [main] INFO  f.i.s.r.p.i.ProjectInspector - ----------------------------------------------------------------------
11:54:39.588 [main] INFO  f.i.s.r.p.i.ProjectInspector - PIPELINE STEPS
11:54:39.588 [main] INFO  f.i.s.r.p.i.ProjectInspector - ----------------------------------------------------------------------
11:54:39.588 [main] INFO  f.i.s.r.p.i.ProjectInspector - CloneCheckoutGitPullRequest
11:54:39.588 [main] INFO  f.i.s.r.p.i.ProjectInspector - BuildProject
11:54:39.588 [main] INFO  f.i.s.r.p.i.ProjectInspector - TestProject
11:54:39.588 [main] INFO  f.i.s.r.p.i.ProjectInspector - ComputeClasspath
11:54:39.588 [main] INFO  f.i.s.r.p.i.ProjectInspector - ComputeSourceDir
11:54:39.588 [main] INFO  f.i.s.r.p.i.ProjectInspector - ComputeTestDir
11:54:39.588 [main] INFO  f.i.s.r.p.i.ProjectInspector - GatherTestInformation
11:54:39.588 [main] INFO  f.i.s.r.p.i.ProjectInspector - FlacocoLocalization
11:54:39.589 [main] INFO  f.i.s.r.p.i.ProjectInspector - PushFaultLocalizationSuggestionsOnGitHubRepository
11:54:39.589 [main] INFO  f.i.s.r.p.s.CloneCheckoutGitPullRequest - Cloning repository https://github.com/apache/pinot.git in the following directory: ./workspace/apache-pinot-master-8587_repo
11:55:35.000 [Thread-5] ERROR f.i.s.r.p.m.output.MavenErrorHandler - Warning: Lookahead adequacy checking not being performed since option LOOKAHEAD is more than 1.  Set option FORCE_LA_CHECK to true to force checking.
11:59:46.712 [Thread-4] ERROR f.i.s.r.p.m.o.MavenFilterOutputHandler - [ERROR] Failed to execute goal com.diffplug.spotless:spotless-maven-plugin:2.9.0:check (default) on project pinot-minion-builtin-tasks: The following files had format violations:
11:59:46.712 [Thread-4] ERROR f.i.s.r.p.m.o.MavenFilterOutputHandler - [ERROR]     src/main/java/org/apache/pinot/plugin/minion/tasks/BaseSingleSegmentConversionExecutor.java
11:59:46.712 [Thread-4] ERROR f.i.s.r.p.m.o.MavenFilterOutputHandler - [ERROR]         @@ -21,7 +21,6 @@
11:59:46.712 [Thread-4] ERROR f.i.s.r.p.m.o.MavenFilterOutputHandler - [ERROR]          import·com.google.common.base.Preconditions;
11:59:46.713 [Thread-4] ERROR f.i.s.r.p.m.o.MavenFilterOutputHandler - [ERROR]          import·java.io.File;
11:59:46.713 [Thread-4] ERROR f.i.s.r.p.m.o.MavenFilterOutputHandler - [ERROR]          import·java.util.ArrayList;
11:59:46.713 [Thread-4] ERROR f.i.s.r.p.m.o.MavenFilterOutputHandler - [ERROR]         -import·java.util.Arrays;
11:59:46.713 [Thread-4] ERROR f.i.s.r.p.m.o.MavenFilterOutputHandler - [ERROR]          import·java.util.List;
11:59:46.713 [Thread-4] ERROR f.i.s.r.p.m.o.MavenFilterOutputHandler - [ERROR]          import·java.util.Map;
11:59:46.713 [Thread-4] ERROR f.i.s.r.p.m.o.MavenFilterOutputHandler - [ERROR]          import·java.util.UUID;
11:59:46.713 [Thread-4] ERROR f.i.s.r.p.m.o.MavenFilterOutputHandler - [ERROR] Run 'mvn spotless:apply' to fix these violations.
11:59:46.713 [Thread-4] ERROR f.i.s.r.p.m.o.MavenFilterOutputHandler - [ERROR] -> [Help 1]
11:59:46.716 [Thread-4] ERROR f.i.s.r.p.m.o.MavenFilterOutputHandler - [ERROR] 
11:59:46.716 [Thread-4] ERROR f.i.s.r.p.m.o.MavenFilterOutputHandler - [ERROR] Re-run Maven using the -X switch to enable full debug logging.
11:59:46.716 [Thread-4] ERROR f.i.s.r.p.m.o.MavenFilterOutputHandler - [ERROR] 
11:59:46.716 [Thread-4] ERROR f.i.s.r.p.m.o.MavenFilterOutputHandler - [ERROR] For more information about the errors and possible solutions, please read the following articles:
11:59:46.716 [Thread-4] ERROR f.i.s.r.p.m.o.MavenFilterOutputHandler - [ERROR] [Help 1] http://cwiki.apache.org/confluence/display/MAVEN/MojoExecutionException
11:59:46.716 [Thread-4] ERROR f.i.s.r.p.m.o.MavenFilterOutputHandler - [ERROR] 
11:59:46.716 [Thread-4] ERROR f.i.s.r.p.m.o.MavenFilterOutputHandler - [ERROR] After correcting the problems, you can resume the build with the command
11:59:46.716 [Thread-4] ERROR f.i.s.r.p.m.o.MavenFilterOutputHandler - [ERROR]   mvn <goals> -rf :pinot-minion-builtin-tasks
11:59:47.289 [main] ERROR f.i.s.r.process.step.BuildProject - Repository apache/pinot cannot be built.
11:59:47.291 [main] INFO  f.i.s.r.process.step.BuildProject - 
11:59:49.769 [main] INFO  f.i.s.r.p.i.ProjectInspector - ----------------------------------------------------------------------
11:59:49.769 [main] INFO  f.i.s.r.p.i.ProjectInspector - PIPELINE EXECUTION SUMMARY
11:59:49.769 [main] INFO  f.i.s.r.p.i.ProjectInspector - ----------------------------------------------------------------------
11:59:49.769 [main] INFO  f.i.s.r.p.i.ProjectInspector - CloneCheckoutGitPullRequest..........................SUCCESS [  24 s ]
11:59:49.769 [main] INFO  f.i.s.r.p.i.ProjectInspector - BuildProject.........................................FAILURE [ 283 s ]
11:59:49.769 [main] INFO  f.i.s.r.p.i.ProjectInspector - TestProject..........................................NOT RUN          
11:59:49.769 [main] INFO  f.i.s.r.p.i.ProjectInspector - ComputeClasspath.....................................NOT RUN          
11:59:49.769 [main] INFO  f.i.s.r.p.i.ProjectInspector - ComputeSourceDir.....................................NOT RUN          
11:59:49.769 [main] INFO  f.i.s.r.p.i.ProjectInspector - ComputeTestDir.......................................NOT RUN          
11:59:49.769 [main] INFO  f.i.s.r.p.i.ProjectInspector - GatherTestInformation................................NOT RUN          
11:59:49.769 [main] INFO  f.i.s.r.p.i.ProjectInspector - FlacocoLocalization..................................NOT RUN          
11:59:49.770 [main] INFO  f.i.s.r.p.i.ProjectInspector - PushFaultLocalizationSuggestionsOnGitHubRepository...NOT RUN          
11:59:49.770 [main] INFO  f.i.s.r.p.i.ProjectInspector - ----------------------------------------------------------------------
11:59:49.770 [main] INFO  f.i.s.r.p.i.ProjectInspector - PIPELINE FINDING: NOTBUILDABLE
11:59:49.770 [main] INFO  f.i.s.r.p.i.ProjectInspector - ----------------------------------------------------------------------
11:59:49.770 [main] INFO  f.i.s.r.p.github.GithubMainProcess - Inspector is finished. The process will exit now.
