Execute pipeline with following supplementary args: --smtpPort 25 --listenerMode NOOP --launcherMode FAULT_LOCALIZATION  --gitrepourl https://github.com/apache/pinot --gitrepopullrequest 8583
java -cp /usr/local/openjdk-11/lib/tools.jar:repairnator-pipeline.jar -Dlogback.configurationFile=/root/logback.xml fr.inria.spirals.repairnator.pipeline.Launcher -d --runId null -o /var/log --ghOauth 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 --faultLocalization --flacocoThreshold 0.0 --flacocoTopK null --flacocoResultsRepository flacocobot/2022-flacocobot-experiment --ghOauth  --smtpPort 25 --listenerMode NOOP --launcherMode FAULT_LOCALIZATION  --gitrepourl https://github.com/apache/pinot --gitrepopullrequest 8583

18:12:49.599 [main] INFO  f.i.s.r.p.g.GithubInitSerializerEngines - Initialize file serializer engines.
18:12:49.600 [main] INFO  f.i.s.r.p.g.GithubInitSerializerEngines - MongoDB won't be used for serialization.
18:12:49.601 [main] INFO  f.i.s.r.p.github.GithubInitNotifiers - The email notifier engine won't be used.
18:12:49.613 [main] INFO  f.i.s.r.p.i.ProjectInspector - ----------------------------------------------------------------------
18:12:49.613 [main] INFO  f.i.s.r.p.i.ProjectInspector - PIPELINE STEPS
18:12:49.613 [main] INFO  f.i.s.r.p.i.ProjectInspector - ----------------------------------------------------------------------
18:12:49.614 [main] INFO  f.i.s.r.p.i.ProjectInspector - CloneCheckoutGitPullRequest
18:12:49.614 [main] INFO  f.i.s.r.p.i.ProjectInspector - BuildProject
18:12:49.614 [main] INFO  f.i.s.r.p.i.ProjectInspector - TestProject
18:12:49.614 [main] INFO  f.i.s.r.p.i.ProjectInspector - ComputeClasspath
18:12:49.614 [main] INFO  f.i.s.r.p.i.ProjectInspector - ComputeSourceDir
18:12:49.614 [main] INFO  f.i.s.r.p.i.ProjectInspector - ComputeTestDir
18:12:49.614 [main] INFO  f.i.s.r.p.i.ProjectInspector - GatherTestInformation
18:12:49.614 [main] INFO  f.i.s.r.p.i.ProjectInspector - FlacocoLocalization
18:12:49.614 [main] INFO  f.i.s.r.p.i.ProjectInspector - PushFaultLocalizationSuggestionsOnGitHubRepository
18:12:49.614 [main] INFO  f.i.s.r.p.s.CloneCheckoutGitPullRequest - Cloning repository https://github.com/apache/pinot.git in the following directory: ./workspace/apache-pinot-master-8583_repo
18:19:22.478 [Thread-4] ERROR f.i.s.r.p.m.o.MavenFilterOutputHandler - [ERROR] COMPILATION ERROR : 
18:19:22.480 [Thread-4] ERROR f.i.s.r.p.m.o.MavenFilterOutputHandler - [ERROR] /root/workspace/apache-pinot-master-8583_repo/pinot-query-runtime/src/main/java/org/apache/pinot/query/runtime/operator/MailboxSendOperator.java:[37,44] error: cannot find symbol
18:19:22.480 [Thread-4] ERROR f.i.s.r.p.m.o.MavenFilterOutputHandler - [ERROR] /root/workspace/apache-pinot-master-8583_repo/pinot-query-runtime/src/main/java/org/apache/pinot/query/runtime/operator/MailboxSendOperator.java:[46,54] error: cannot find symbol
18:19:22.480 [Thread-4] ERROR f.i.s.r.p.m.o.MavenFilterOutputHandler - [ERROR] /root/workspace/apache-pinot-master-8583_repo/pinot-query-runtime/src/main/java/org/apache/pinot/query/runtime/operator/MailboxSendOperator.java:[61,23] error: cannot find symbol
18:19:22.481 [Thread-4] ERROR f.i.s.r.p.m.o.MavenFilterOutputHandler - [ERROR] /root/workspace/apache-pinot-master-8583_repo/pinot-query-runtime/src/main/java/org/apache/pinot/query/runtime/operator/MailboxSendOperator.java:[65,19] error: cannot find symbol
18:19:22.481 [Thread-4] ERROR f.i.s.r.p.m.o.MavenFilterOutputHandler - [ERROR] /root/workspace/apache-pinot-master-8583_repo/pinot-query-runtime/src/main/java/org/apache/pinot/query/runtime/operator/MailboxSendOperator.java:[115,12] error: cannot find symbol
18:19:22.482 [Thread-4] ERROR f.i.s.r.p.m.o.MavenFilterOutputHandler - [ERROR] /root/workspace/apache-pinot-master-8583_repo/pinot-query-runtime/src/main/java/org/apache/pinot/query/service/QueryDispatcher.java:[36,44] error: cannot find symbol
18:19:22.483 [Thread-4] ERROR f.i.s.r.p.m.o.MavenFilterOutputHandler - [ERROR] /root/workspace/apache-pinot-master-8583_repo/pinot-query-runtime/src/main/java/org/apache/pinot/query/runtime/operator/MailboxReceiveOperator.java:[35,44] error: cannot find symbol
18:19:22.483 [Thread-4] ERROR f.i.s.r.p.m.o.MavenFilterOutputHandler - [ERROR] /root/workspace/apache-pinot-master-8583_repo/pinot-query-runtime/src/main/java/org/apache/pinot/query/runtime/operator/MailboxReceiveOperator.java:[45,57] error: cannot find symbol
18:19:22.484 [Thread-4] ERROR f.i.s.r.p.m.o.MavenFilterOutputHandler - [ERROR] /root/workspace/apache-pinot-master-8583_repo/pinot-query-runtime/src/main/java/org/apache/pinot/query/runtime/operator/MailboxReceiveOperator.java:[89,12] error: cannot find symbol
18:19:22.485 [Thread-4] ERROR f.i.s.r.p.m.o.MavenFilterOutputHandler - [ERROR] /root/workspace/apache-pinot-master-8583_repo/pinot-query-runtime/src/main/java/org/apache/pinot/query/runtime/operator/BroadcastJoinOperator.java:[33,44] error: cannot find symbol
18:19:22.485 [Thread-4] ERROR f.i.s.r.p.m.o.MavenFilterOutputHandler - [ERROR] /root/workspace/apache-pinot-master-8583_repo/pinot-query-runtime/src/main/java/org/apache/pinot/query/runtime/operator/BroadcastJoinOperator.java:[45,56] error: cannot find symbol
18:19:22.486 [Thread-4] ERROR f.i.s.r.p.m.o.MavenFilterOutputHandler - [ERROR] /root/workspace/apache-pinot-master-8583_repo/pinot-query-runtime/src/main/java/org/apache/pinot/query/runtime/operator/BroadcastJoinOperator.java:[50,29] error: cannot find symbol
18:19:22.487 [Thread-4] ERROR f.i.s.r.p.m.o.MavenFilterOutputHandler - [ERROR] /root/workspace/apache-pinot-master-8583_repo/pinot-query-runtime/src/main/java/org/apache/pinot/query/runtime/operator/BroadcastJoinOperator.java:[51,29] error: cannot find symbol
18:19:22.487 [Thread-4] ERROR f.i.s.r.p.m.o.MavenFilterOutputHandler - [ERROR] /root/workspace/apache-pinot-master-8583_repo/pinot-query-runtime/src/main/java/org/apache/pinot/query/runtime/operator/BroadcastJoinOperator.java:[60,44] error: cannot find symbol
18:19:22.488 [Thread-4] ERROR f.i.s.r.p.m.o.MavenFilterOutputHandler - [ERROR] /root/workspace/apache-pinot-master-8583_repo/pinot-query-runtime/src/main/java/org/apache/pinot/query/runtime/operator/BroadcastJoinOperator.java:[61,19] error: cannot find symbol
18:19:22.488 [Thread-4] ERROR f.i.s.r.p.m.o.MavenFilterOutputHandler - [ERROR] /root/workspace/apache-pinot-master-8583_repo/pinot-query-runtime/src/main/java/org/apache/pinot/query/runtime/operator/BroadcastJoinOperator.java:[89,12] error: cannot find symbol
18:19:22.488 [Thread-4] ERROR f.i.s.r.p.m.o.MavenFilterOutputHandler - [ERROR] /root/workspace/apache-pinot-master-8583_repo/pinot-query-runtime/src/main/java/org/apache/pinot/query/runtime/operator/BroadcastJoinOperator.java:[118,41] error: cannot find symbol
18:19:22.488 [Thread-4] ERROR f.i.s.r.p.m.o.MavenFilterOutputHandler - [ERROR] /root/workspace/apache-pinot-master-8583_repo/pinot-query-runtime/src/main/java/org/apache/pinot/query/runtime/executor/WorkerQueryExecutor.java:[37,44] error: cannot find symbol
18:19:22.489 [Thread-4] ERROR f.i.s.r.p.m.o.MavenFilterOutputHandler - [ERROR] /root/workspace/apache-pinot-master-8583_repo/pinot-query-runtime/src/main/java/org/apache/pinot/query/runtime/executor/WorkerQueryExecutor.java:[98,23] error: cannot find symbol
18:19:22.489 [Thread-4] ERROR f.i.s.r.p.m.o.MavenFilterOutputHandler - [ERROR] /root/workspace/apache-pinot-master-8583_repo/pinot-query-runtime/src/main/java/org/apache/pinot/query/runtime/operator/MailboxSendOperator.java:[117,4] error: cannot find symbol
18:19:22.489 [Thread-4] ERROR f.i.s.r.p.m.o.MavenFilterOutputHandler - [ERROR] /root/workspace/apache-pinot-master-8583_repo/pinot-query-runtime/src/main/java/org/apache/pinot/query/runtime/operator/MailboxSendOperator.java:[136,43] error: cannot find symbol
18:19:22.489 [Thread-4] ERROR f.i.s.r.p.m.o.MavenFilterOutputHandler - [ERROR] /root/workspace/apache-pinot-master-8583_repo/pinot-query-runtime/src/main/java/org/apache/pinot/query/runtime/operator/MailboxSendOperator.java:[171,44] error: cannot find symbol
18:19:22.489 [Thread-4] ERROR f.i.s.r.p.m.o.MavenFilterOutputHandler - [ERROR] /root/workspace/apache-pinot-master-8583_repo/pinot-query-runtime/src/main/java/org/apache/pinot/query/service/QueryDispatcher.java:[72,6] error: cannot find symbol
18:19:22.489 [Thread-4] ERROR f.i.s.r.p.m.o.MavenFilterOutputHandler - [ERROR] /root/workspace/apache-pinot-master-8583_repo/pinot-query-runtime/src/main/java/org/apache/pinot/query/runtime/operator/MailboxReceiveOperator.java:[111,29] error: cannot find symbol
18:19:22.490 [Thread-4] ERROR f.i.s.r.p.m.o.MavenFilterOutputHandler - [ERROR] /root/workspace/apache-pinot-master-8583_repo/pinot-query-runtime/src/main/java/org/apache/pinot/query/runtime/operator/MailboxReceiveOperator.java:[126,30] error: cannot find symbol
18:19:22.490 [Thread-4] ERROR f.i.s.r.p.m.o.MavenFilterOutputHandler - [ERROR] /root/workspace/apache-pinot-master-8583_repo/pinot-query-runtime/src/main/java/org/apache/pinot/query/runtime/operator/BroadcastJoinOperator.java:[92,17] error: cannot find symbol
18:19:22.490 [Thread-4] ERROR f.i.s.r.p.m.o.MavenFilterOutputHandler - [ERROR] /root/workspace/apache-pinot-master-8583_repo/pinot-query-runtime/src/main/java/org/apache/pinot/query/runtime/operator/BroadcastJoinOperator.java:[100,6] error: cannot find symbol
18:19:22.490 [Thread-4] ERROR f.i.s.r.p.m.o.MavenFilterOutputHandler - [ERROR] /root/workspace/apache-pinot-master-8583_repo/pinot-query-runtime/src/main/java/org/apache/pinot/query/runtime/operator/BroadcastJoinOperator.java:[121,32] error: cannot find symbol
18:19:22.490 [Thread-4] ERROR f.i.s.r.p.m.o.MavenFilterOutputHandler - [ERROR] /root/workspace/apache-pinot-master-8583_repo/pinot-query-runtime/src/main/java/org/apache/pinot/query/runtime/executor/WorkerQueryExecutor.java:[84,17] error: cannot find symbol
18:19:22.490 [Thread-4] ERROR f.i.s.r.p.m.o.MavenFilterOutputHandler - [ERROR] /root/workspace/apache-pinot-master-8583_repo/pinot-query-runtime/src/main/java/org/apache/pinot/query/runtime/executor/WorkerQueryExecutor.java:[103,19] error: cannot find symbol
18:19:22.491 [Thread-4] ERROR f.i.s.r.p.m.o.MavenFilterOutputHandler - [ERROR] /root/workspace/apache-pinot-master-8583_repo/pinot-query-runtime/src/main/java/org/apache/pinot/query/runtime/executor/WorkerQueryExecutor.java:[114,19] error: cannot find symbol
18:19:22.491 [Thread-4] ERROR f.i.s.r.p.m.o.MavenFilterOutputHandler - [ERROR] /root/workspace/apache-pinot-master-8583_repo/pinot-query-runtime/src/main/java/org/apache/pinot/query/runtime/executor/WorkerQueryExecutor.java:[115,19] error: cannot find symbol
18:19:22.497 [Thread-4] ERROR f.i.s.r.p.m.o.MavenFilterOutputHandler - [ERROR] Failed to execute goal org.apache.maven.plugins:maven-compiler-plugin:3.8.0:compile (default-compile) on project pinot-query-runtime: Compilation failure: Compilation failure: 
18:19:22.497 [Thread-4] ERROR f.i.s.r.p.m.o.MavenFilterOutputHandler - [ERROR] /root/workspace/apache-pinot-master-8583_repo/pinot-query-runtime/src/main/java/org/apache/pinot/query/runtime/operator/MailboxSendOperator.java:[37,44] error: cannot find symbol
18:19:22.497 [Thread-4] ERROR f.i.s.r.p.m.o.MavenFilterOutputHandler - [ERROR]   symbol:   class DataTableBlock
18:19:22.497 [Thread-4] ERROR f.i.s.r.p.m.o.MavenFilterOutputHandler - [ERROR]   location: package org.apache.pinot.query.runtime.blocks
18:19:22.497 [Thread-4] ERROR f.i.s.r.p.m.o.MavenFilterOutputHandler - [ERROR] /root/workspace/apache-pinot-master-8583_repo/pinot-query-runtime/src/main/java/org/apache/pinot/query/runtime/operator/MailboxSendOperator.java:[46,54] error: cannot find symbol
18:19:22.498 [Thread-4] ERROR f.i.s.r.p.m.o.MavenFilterOutputHandler - [ERROR]   symbol: class DataTableBlock
18:19:22.498 [Thread-4] ERROR f.i.s.r.p.m.o.MavenFilterOutputHandler - [ERROR] /root/workspace/apache-pinot-master-8583_repo/pinot-query-runtime/src/main/java/org/apache/pinot/query/runtime/operator/MailboxSendOperator.java:[61,23] error: cannot find symbol
18:19:22.498 [Thread-4] ERROR f.i.s.r.p.m.o.MavenFilterOutputHandler - [ERROR]   symbol:   class DataTableBlock
18:19:22.498 [Thread-4] ERROR f.i.s.r.p.m.o.MavenFilterOutputHandler - [ERROR]   location: class MailboxSendOperator
18:19:22.498 [Thread-4] ERROR f.i.s.r.p.m.o.MavenFilterOutputHandler - [ERROR] /root/workspace/apache-pinot-master-8583_repo/pinot-query-runtime/src/main/java/org/apache/pinot/query/runtime/operator/MailboxSendOperator.java:[65,19] error: cannot find symbol
18:19:22.498 [Thread-4] ERROR f.i.s.r.p.m.o.MavenFilterOutputHandler - [ERROR]   symbol:   class DataTableBlock
18:19:22.498 [Thread-4] ERROR f.i.s.r.p.m.o.MavenFilterOutputHandler - [ERROR]   location: class MailboxSendOperator
18:19:22.498 [Thread-4] ERROR f.i.s.r.p.m.o.MavenFilterOutputHandler - [ERROR] /root/workspace/apache-pinot-master-8583_repo/pinot-query-runtime/src/main/java/org/apache/pinot/query/runtime/operator/MailboxSendOperator.java:[115,12] error: cannot find symbol
18:19:22.498 [Thread-4] ERROR f.i.s.r.p.m.o.MavenFilterOutputHandler - [ERROR]   symbol:   class DataTableBlock
18:19:22.498 [Thread-4] ERROR f.i.s.r.p.m.o.MavenFilterOutputHandler - [ERROR]   location: class MailboxSendOperator
18:19:22.498 [Thread-4] ERROR f.i.s.r.p.m.o.MavenFilterOutputHandler - [ERROR] /root/workspace/apache-pinot-master-8583_repo/pinot-query-runtime/src/main/java/org/apache/pinot/query/service/QueryDispatcher.java:[36,44] error: cannot find symbol
18:19:22.498 [Thread-4] ERROR f.i.s.r.p.m.o.MavenFilterOutputHandler - [ERROR]   symbol:   class DataTableBlock
18:19:22.498 [Thread-4] ERROR f.i.s.r.p.m.o.MavenFilterOutputHandler - [ERROR]   location: package org.apache.pinot.query.runtime.blocks
18:19:22.498 [Thread-4] ERROR f.i.s.r.p.m.o.MavenFilterOutputHandler - [ERROR] /root/workspace/apache-pinot-master-8583_repo/pinot-query-runtime/src/main/java/org/apache/pinot/query/runtime/operator/MailboxReceiveOperator.java:[35,44] error: cannot find symbol
18:19:22.498 [Thread-4] ERROR f.i.s.r.p.m.o.MavenFilterOutputHandler - [ERROR]   symbol:   class DataTableBlock
18:19:22.498 [Thread-4] ERROR f.i.s.r.p.m.o.MavenFilterOutputHandler - [ERROR]   location: package org.apache.pinot.query.runtime.blocks
18:19:22.498 [Thread-4] ERROR f.i.s.r.p.m.o.MavenFilterOutputHandler - [ERROR] /root/workspace/apache-pinot-master-8583_repo/pinot-query-runtime/src/main/java/org/apache/pinot/query/runtime/operator/MailboxReceiveOperator.java:[45,57] error: cannot find symbol
18:19:22.499 [Thread-4] ERROR f.i.s.r.p.m.o.MavenFilterOutputHandler - [ERROR]   symbol: class DataTableBlock
18:19:22.499 [Thread-4] ERROR f.i.s.r.p.m.o.MavenFilterOutputHandler - [ERROR] /root/workspace/apache-pinot-master-8583_repo/pinot-query-runtime/src/main/java/org/apache/pinot/query/runtime/operator/MailboxReceiveOperator.java:[89,12] error: cannot find symbol
18:19:22.499 [Thread-4] ERROR f.i.s.r.p.m.o.MavenFilterOutputHandler - [ERROR]   symbol:   class DataTableBlock
18:19:22.499 [Thread-4] ERROR f.i.s.r.p.m.o.MavenFilterOutputHandler - [ERROR]   location: class MailboxReceiveOperator
18:19:22.499 [Thread-4] ERROR f.i.s.r.p.m.o.MavenFilterOutputHandler - [ERROR] /root/workspace/apache-pinot-master-8583_repo/pinot-query-runtime/src/main/java/org/apache/pinot/query/runtime/operator/BroadcastJoinOperator.java:[33,44] error: cannot find symbol
18:19:22.499 [Thread-4] ERROR f.i.s.r.p.m.o.MavenFilterOutputHandler - [ERROR]   symbol:   class DataTableBlock
18:19:22.499 [Thread-4] ERROR f.i.s.r.p.m.o.MavenFilterOutputHandler - [ERROR]   location: package org.apache.pinot.query.runtime.blocks
18:19:22.499 [Thread-4] ERROR f.i.s.r.p.m.o.MavenFilterOutputHandler - [ERROR] /root/workspace/apache-pinot-master-8583_repo/pinot-query-runtime/src/main/java/org/apache/pinot/query/runtime/operator/BroadcastJoinOperator.java:[45,56] error: cannot find symbol
18:19:22.499 [Thread-4] ERROR f.i.s.r.p.m.o.MavenFilterOutputHandler - [ERROR]   symbol: class DataTableBlock
18:19:22.499 [Thread-4] ERROR f.i.s.r.p.m.o.MavenFilterOutputHandler - [ERROR] /root/workspace/apache-pinot-master-8583_repo/pinot-query-runtime/src/main/java/org/apache/pinot/query/runtime/operator/BroadcastJoinOperator.java:[50,29] error: cannot find symbol
18:19:22.499 [Thread-4] ERROR f.i.s.r.p.m.o.MavenFilterOutputHandler - [ERROR]   symbol:   class DataTableBlock
18:19:22.499 [Thread-4] ERROR f.i.s.r.p.m.o.MavenFilterOutputHandler - [ERROR]   location: class BroadcastJoinOperator
18:19:22.500 [Thread-4] ERROR f.i.s.r.p.m.o.MavenFilterOutputHandler - [ERROR] /root/workspace/apache-pinot-master-8583_repo/pinot-query-runtime/src/main/java/org/apache/pinot/query/runtime/operator/BroadcastJoinOperator.java:[51,29] error: cannot find symbol
18:19:22.500 [Thread-4] ERROR f.i.s.r.p.m.o.MavenFilterOutputHandler - [ERROR]   symbol:   class DataTableBlock
18:19:22.500 [Thread-4] ERROR f.i.s.r.p.m.o.MavenFilterOutputHandler - [ERROR]   location: class BroadcastJoinOperator
18:19:22.500 [Thread-4] ERROR f.i.s.r.p.m.o.MavenFilterOutputHandler - [ERROR] /root/workspace/apache-pinot-master-8583_repo/pinot-query-runtime/src/main/java/org/apache/pinot/query/runtime/operator/BroadcastJoinOperator.java:[60,44] error: cannot find symbol
18:19:22.500 [Thread-4] ERROR f.i.s.r.p.m.o.MavenFilterOutputHandler - [ERROR]   symbol:   class DataTableBlock
18:19:22.500 [Thread-4] ERROR f.i.s.r.p.m.o.MavenFilterOutputHandler - [ERROR]   location: class BroadcastJoinOperator
18:19:22.500 [Thread-4] ERROR f.i.s.r.p.m.o.MavenFilterOutputHandler - [ERROR] /root/workspace/apache-pinot-master-8583_repo/pinot-query-runtime/src/main/java/org/apache/pinot/query/runtime/operator/BroadcastJoinOperator.java:[61,19] error: cannot find symbol
18:19:22.500 [Thread-4] ERROR f.i.s.r.p.m.o.MavenFilterOutputHandler - [ERROR]   symbol:   class DataTableBlock
18:19:22.500 [Thread-4] ERROR f.i.s.r.p.m.o.MavenFilterOutputHandler - [ERROR]   location: class BroadcastJoinOperator
18:19:22.500 [Thread-4] ERROR f.i.s.r.p.m.o.MavenFilterOutputHandler - [ERROR] /root/workspace/apache-pinot-master-8583_repo/pinot-query-runtime/src/main/java/org/apache/pinot/query/runtime/operator/BroadcastJoinOperator.java:[89,12] error: cannot find symbol
18:19:22.500 [Thread-4] ERROR f.i.s.r.p.m.o.MavenFilterOutputHandler - [ERROR]   symbol:   class DataTableBlock
18:19:22.500 [Thread-4] ERROR f.i.s.r.p.m.o.MavenFilterOutputHandler - [ERROR]   location: class BroadcastJoinOperator
18:19:22.500 [Thread-4] ERROR f.i.s.r.p.m.o.MavenFilterOutputHandler - [ERROR] /root/workspace/apache-pinot-master-8583_repo/pinot-query-runtime/src/main/java/org/apache/pinot/query/runtime/operator/BroadcastJoinOperator.java:[118,41] error: cannot find symbol
18:19:22.500 [Thread-4] ERROR f.i.s.r.p.m.o.MavenFilterOutputHandler - [ERROR]   symbol:   class DataTableBlock
18:19:22.500 [Thread-4] ERROR f.i.s.r.p.m.o.MavenFilterOutputHandler - [ERROR]   location: class BroadcastJoinOperator
18:19:22.500 [Thread-4] ERROR f.i.s.r.p.m.o.MavenFilterOutputHandler - [ERROR] /root/workspace/apache-pinot-master-8583_repo/pinot-query-runtime/src/main/java/org/apache/pinot/query/runtime/executor/WorkerQueryExecutor.java:[37,44] error: cannot find symbol
18:19:22.501 [Thread-4] ERROR f.i.s.r.p.m.o.MavenFilterOutputHandler - [ERROR]   symbol:   class DataTableBlock
18:19:22.501 [Thread-4] ERROR f.i.s.r.p.m.o.MavenFilterOutputHandler - [ERROR]   location: package org.apache.pinot.query.runtime.blocks
18:19:22.501 [Thread-4] ERROR f.i.s.r.p.m.o.MavenFilterOutputHandler - [ERROR] /root/workspace/apache-pinot-master-8583_repo/pinot-query-runtime/src/main/java/org/apache/pinot/query/runtime/executor/WorkerQueryExecutor.java:[98,23] error: cannot find symbol
18:19:22.501 [Thread-4] ERROR f.i.s.r.p.m.o.MavenFilterOutputHandler - [ERROR]   symbol:   class DataTableBlock
18:19:22.501 [Thread-4] ERROR f.i.s.r.p.m.o.MavenFilterOutputHandler - [ERROR]   location: class WorkerQueryExecutor
18:19:22.501 [Thread-4] ERROR f.i.s.r.p.m.o.MavenFilterOutputHandler - [ERROR] /root/workspace/apache-pinot-master-8583_repo/pinot-query-runtime/src/main/java/org/apache/pinot/query/runtime/operator/MailboxSendOperator.java:[117,4] error: cannot find symbol
18:19:22.501 [Thread-4] ERROR f.i.s.r.p.m.o.MavenFilterOutputHandler - [ERROR]   symbol:   class DataTableBlock
18:19:22.501 [Thread-4] ERROR f.i.s.r.p.m.o.MavenFilterOutputHandler - [ERROR]   location: class MailboxSendOperator
18:19:22.501 [Thread-4] ERROR f.i.s.r.p.m.o.MavenFilterOutputHandler - [ERROR] /root/workspace/apache-pinot-master-8583_repo/pinot-query-runtime/src/main/java/org/apache/pinot/query/runtime/operator/MailboxSendOperator.java:[136,43] error: cannot find symbol
18:19:22.501 [Thread-4] ERROR f.i.s.r.p.m.o.MavenFilterOutputHandler - [ERROR]   symbol:   method getEmptyDataTable(DataSchema)
18:19:22.501 [Thread-4] ERROR f.i.s.r.p.m.o.MavenFilterOutputHandler - [ERROR]   location: class DataTableBlockUtils
18:19:22.501 [Thread-4] ERROR f.i.s.r.p.m.o.MavenFilterOutputHandler - [ERROR] /root/workspace/apache-pinot-master-8583_repo/pinot-query-runtime/src/main/java/org/apache/pinot/query/runtime/operator/MailboxSendOperator.java:[171,44] error: cannot find symbol
18:19:22.501 [Thread-4] ERROR f.i.s.r.p.m.o.MavenFilterOutputHandler - [ERROR]   symbol:   class DataTableBlock
18:19:22.501 [Thread-4] ERROR f.i.s.r.p.m.o.MavenFilterOutputHandler - [ERROR]   location: class MailboxSendOperator
18:19:22.501 [Thread-4] ERROR f.i.s.r.p.m.o.MavenFilterOutputHandler - [ERROR] /root/workspace/apache-pinot-master-8583_repo/pinot-query-runtime/src/main/java/org/apache/pinot/query/service/QueryDispatcher.java:[72,6] error: cannot find symbol
18:19:22.501 [Thread-4] ERROR f.i.s.r.p.m.o.MavenFilterOutputHandler - [ERROR]   symbol:   class DataTableBlock
18:19:22.501 [Thread-4] ERROR f.i.s.r.p.m.o.MavenFilterOutputHandler - [ERROR]   location: class QueryDispatcher
18:19:22.502 [Thread-4] ERROR f.i.s.r.p.m.o.MavenFilterOutputHandler - [ERROR] /root/workspace/apache-pinot-master-8583_repo/pinot-query-runtime/src/main/java/org/apache/pinot/query/runtime/operator/MailboxReceiveOperator.java:[111,29] error: cannot find symbol
18:19:22.502 [Thread-4] ERROR f.i.s.r.p.m.o.MavenFilterOutputHandler - [ERROR]   symbol:   class DataTableBlock
18:19:22.502 [Thread-4] ERROR f.i.s.r.p.m.o.MavenFilterOutputHandler - [ERROR]   location: class MailboxReceiveOperator
18:19:22.502 [Thread-4] ERROR f.i.s.r.p.m.o.MavenFilterOutputHandler - [ERROR] /root/workspace/apache-pinot-master-8583_repo/pinot-query-runtime/src/main/java/org/apache/pinot/query/runtime/operator/MailboxReceiveOperator.java:[126,30] error: cannot find symbol
18:19:22.502 [Thread-4] ERROR f.i.s.r.p.m.o.MavenFilterOutputHandler - [ERROR]   symbol:   method getEndOfStreamDataTableBlock()
18:19:22.502 [Thread-4] ERROR f.i.s.r.p.m.o.MavenFilterOutputHandler - [ERROR]   location: class DataTableBlockUtils
18:19:22.502 [Thread-4] ERROR f.i.s.r.p.m.o.MavenFilterOutputHandler - [ERROR] /root/workspace/apache-pinot-master-8583_repo/pinot-query-runtime/src/main/java/org/apache/pinot/query/runtime/operator/BroadcastJoinOperator.java:[92,17] error: cannot find symbol
18:19:22.502 [Thread-4] ERROR f.i.s.r.p.m.o.MavenFilterOutputHandler - [ERROR]   symbol:   class DataTableBlock
18:19:22.502 [Thread-4] ERROR f.i.s.r.p.m.o.MavenFilterOutputHandler - [ERROR]   location: class BroadcastJoinOperator
18:19:22.502 [Thread-4] ERROR f.i.s.r.p.m.o.MavenFilterOutputHandler - [ERROR] /root/workspace/apache-pinot-master-8583_repo/pinot-query-runtime/src/main/java/org/apache/pinot/query/runtime/operator/BroadcastJoinOperator.java:[100,6] error: cannot find symbol
18:19:22.502 [Thread-4] ERROR f.i.s.r.p.m.o.MavenFilterOutputHandler - [ERROR]   symbol:   class DataTableBlock
18:19:22.502 [Thread-4] ERROR f.i.s.r.p.m.o.MavenFilterOutputHandler - [ERROR]   location: class BroadcastJoinOperator
18:19:22.502 [Thread-4] ERROR f.i.s.r.p.m.o.MavenFilterOutputHandler - [ERROR] /root/workspace/apache-pinot-master-8583_repo/pinot-query-runtime/src/main/java/org/apache/pinot/query/runtime/operator/BroadcastJoinOperator.java:[121,32] error: cannot find symbol
18:19:22.502 [Thread-4] ERROR f.i.s.r.p.m.o.MavenFilterOutputHandler - [ERROR]   symbol:   method getEndOfStreamDataTable()
18:19:22.502 [Thread-4] ERROR f.i.s.r.p.m.o.MavenFilterOutputHandler - [ERROR]   location: class DataTableBlockUtils
18:19:22.503 [Thread-4] ERROR f.i.s.r.p.m.o.MavenFilterOutputHandler - [ERROR] /root/workspace/apache-pinot-master-8583_repo/pinot-query-runtime/src/main/java/org/apache/pinot/query/runtime/executor/WorkerQueryExecutor.java:[84,17] error: cannot find symbol
18:19:22.503 [Thread-4] ERROR f.i.s.r.p.m.o.MavenFilterOutputHandler - [ERROR]   symbol:   class DataTableBlock
18:19:22.503 [Thread-4] ERROR f.i.s.r.p.m.o.MavenFilterOutputHandler - [ERROR]   location: class WorkerQueryExecutor
18:19:22.503 [Thread-4] ERROR f.i.s.r.p.m.o.MavenFilterOutputHandler - [ERROR] /root/workspace/apache-pinot-master-8583_repo/pinot-query-runtime/src/main/java/org/apache/pinot/query/runtime/executor/WorkerQueryExecutor.java:[103,19] error: cannot find symbol
18:19:22.503 [Thread-4] ERROR f.i.s.r.p.m.o.MavenFilterOutputHandler - [ERROR]   symbol:   class DataTableBlock
18:19:22.503 [Thread-4] ERROR f.i.s.r.p.m.o.MavenFilterOutputHandler - [ERROR]   location: class WorkerQueryExecutor
18:19:22.503 [Thread-4] ERROR f.i.s.r.p.m.o.MavenFilterOutputHandler - [ERROR] /root/workspace/apache-pinot-master-8583_repo/pinot-query-runtime/src/main/java/org/apache/pinot/query/runtime/executor/WorkerQueryExecutor.java:[114,19] error: cannot find symbol
18:19:22.503 [Thread-4] ERROR f.i.s.r.p.m.o.MavenFilterOutputHandler - [ERROR]   symbol:   class DataTableBlock
18:19:22.503 [Thread-4] ERROR f.i.s.r.p.m.o.MavenFilterOutputHandler - [ERROR]   location: class WorkerQueryExecutor
18:19:22.503 [Thread-4] ERROR f.i.s.r.p.m.o.MavenFilterOutputHandler - [ERROR] /root/workspace/apache-pinot-master-8583_repo/pinot-query-runtime/src/main/java/org/apache/pinot/query/runtime/executor/WorkerQueryExecutor.java:[115,19] error: cannot find symbol
18:19:22.503 [Thread-4] ERROR f.i.s.r.p.m.o.MavenFilterOutputHandler - [ERROR]   symbol:   class DataTableBlock
18:19:22.503 [Thread-4] ERROR f.i.s.r.p.m.o.MavenFilterOutputHandler - [ERROR]   location: class WorkerQueryExecutor
18:19:22.503 [Thread-4] ERROR f.i.s.r.p.m.o.MavenFilterOutputHandler - [ERROR] -> [Help 1]
18:19:22.507 [Thread-4] ERROR f.i.s.r.p.m.o.MavenFilterOutputHandler - [ERROR] 
18:19:22.507 [Thread-4] ERROR f.i.s.r.p.m.o.MavenFilterOutputHandler - [ERROR] Re-run Maven using the -X switch to enable full debug logging.
18:19:22.507 [Thread-4] ERROR f.i.s.r.p.m.o.MavenFilterOutputHandler - [ERROR] 
18:19:22.507 [Thread-4] ERROR f.i.s.r.p.m.o.MavenFilterOutputHandler - [ERROR] For more information about the errors and possible solutions, please read the following articles:
18:19:22.507 [Thread-4] ERROR f.i.s.r.p.m.o.MavenFilterOutputHandler - [ERROR] [Help 1] http://cwiki.apache.org/confluence/display/MAVEN/MojoFailureException
18:19:22.507 [Thread-4] ERROR f.i.s.r.p.m.o.MavenFilterOutputHandler - [ERROR] 
18:19:22.507 [Thread-4] ERROR f.i.s.r.p.m.o.MavenFilterOutputHandler - [ERROR] After correcting the problems, you can resume the build with the command
18:19:22.507 [Thread-4] ERROR f.i.s.r.p.m.o.MavenFilterOutputHandler - [ERROR]   mvn <goals> -rf :pinot-query-runtime
18:19:23.402 [main] ERROR f.i.s.r.process.step.BuildProject - Repository apache/pinot cannot be built.
18:19:23.404 [main] INFO  f.i.s.r.process.step.BuildProject - 
18:19:27.000 [main] INFO  f.i.s.r.p.i.ProjectInspector - ----------------------------------------------------------------------
18:19:27.000 [main] INFO  f.i.s.r.p.i.ProjectInspector - PIPELINE EXECUTION SUMMARY
18:19:27.000 [main] INFO  f.i.s.r.p.i.ProjectInspector - ----------------------------------------------------------------------
18:19:27.000 [main] INFO  f.i.s.r.p.i.ProjectInspector - CloneCheckoutGitPullRequest..........................SUCCESS [  19 s ]
18:19:27.000 [main] INFO  f.i.s.r.p.i.ProjectInspector - BuildProject.........................................FAILURE [ 374 s ]
18:19:27.000 [main] INFO  f.i.s.r.p.i.ProjectInspector - TestProject..........................................NOT RUN          
18:19:27.000 [main] INFO  f.i.s.r.p.i.ProjectInspector - ComputeClasspath.....................................NOT RUN          
18:19:27.000 [main] INFO  f.i.s.r.p.i.ProjectInspector - ComputeSourceDir.....................................NOT RUN          
18:19:27.000 [main] INFO  f.i.s.r.p.i.ProjectInspector - ComputeTestDir.......................................NOT RUN          
18:19:27.000 [main] INFO  f.i.s.r.p.i.ProjectInspector - GatherTestInformation................................NOT RUN          
18:19:27.000 [main] INFO  f.i.s.r.p.i.ProjectInspector - FlacocoLocalization..................................NOT RUN          
18:19:27.000 [main] INFO  f.i.s.r.p.i.ProjectInspector - PushFaultLocalizationSuggestionsOnGitHubRepository...NOT RUN          
18:19:27.001 [main] INFO  f.i.s.r.p.i.ProjectInspector - ----------------------------------------------------------------------
18:19:27.001 [main] INFO  f.i.s.r.p.i.ProjectInspector - PIPELINE FINDING: NOTBUILDABLE
18:19:27.001 [main] INFO  f.i.s.r.p.i.ProjectInspector - ----------------------------------------------------------------------
18:19:27.001 [main] INFO  f.i.s.r.p.github.GithubMainProcess - Inspector is finished. The process will exit now.
