Execute pipeline with following supplementary args: --smtpPort 25 --listenerMode NOOP --launcherMode FAULT_LOCALIZATION  --gitrepourl https://github.com/apache/pinot --gitrepopullrequest 8894
java -cp /usr/local/openjdk-11/lib/tools.jar:repairnator-pipeline.jar -Dlogback.configurationFile=/root/logback.xml fr.inria.spirals.repairnator.pipeline.Launcher -d --runId null -o /var/log --ghOauth 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 --faultLocalization --flacocoThreshold 0.0 --flacocoTopK null --flacocoResultsRepository flacocobot/2022-flacocobot-experiment --ghOauth  --smtpPort 25 --listenerMode NOOP --launcherMode FAULT_LOCALIZATION  --gitrepourl https://github.com/apache/pinot --gitrepopullrequest 8894

16:22:31.916 [main] INFO  f.i.s.r.p.g.GithubInitSerializerEngines - Initialize file serializer engines.
16:22:31.917 [main] INFO  f.i.s.r.p.g.GithubInitSerializerEngines - MongoDB won't be used for serialization.
16:22:31.918 [main] INFO  f.i.s.r.p.github.GithubInitNotifiers - The email notifier engine won't be used.
16:22:31.933 [main] INFO  f.i.s.r.p.i.ProjectInspector - ----------------------------------------------------------------------
16:22:31.934 [main] INFO  f.i.s.r.p.i.ProjectInspector - PIPELINE STEPS
16:22:31.934 [main] INFO  f.i.s.r.p.i.ProjectInspector - ----------------------------------------------------------------------
16:22:31.934 [main] INFO  f.i.s.r.p.i.ProjectInspector - CloneCheckoutGitPullRequest
16:22:31.934 [main] INFO  f.i.s.r.p.i.ProjectInspector - BuildProject
16:22:31.934 [main] INFO  f.i.s.r.p.i.ProjectInspector - TestProject
16:22:31.934 [main] INFO  f.i.s.r.p.i.ProjectInspector - ComputeClasspath
16:22:31.934 [main] INFO  f.i.s.r.p.i.ProjectInspector - ComputeSourceDir
16:22:31.934 [main] INFO  f.i.s.r.p.i.ProjectInspector - ComputeTestDir
16:22:31.934 [main] INFO  f.i.s.r.p.i.ProjectInspector - GatherTestInformation
16:22:31.934 [main] INFO  f.i.s.r.p.i.ProjectInspector - FlacocoLocalization
16:22:31.934 [main] INFO  f.i.s.r.p.i.ProjectInspector - PushFaultLocalizationSuggestionsOnGitHubRepository
16:22:31.934 [main] INFO  f.i.s.r.p.s.CloneCheckoutGitPullRequest - Cloning repository https://github.com/apache/pinot.git in the following directory: ./workspace/apache-pinot-master-8894_repo
16:23:21.204 [Thread-5] ERROR f.i.s.r.p.m.output.MavenErrorHandler - Warning: Lookahead adequacy checking not being performed since option LOOKAHEAD is more than 1.  Set option FORCE_LA_CHECK to true to force checking.
16:24:09.774 [Thread-4] ERROR f.i.s.r.p.m.o.MavenFilterOutputHandler - [ERROR] Failed to execute goal com.diffplug.spotless:spotless-maven-plugin:2.9.0:check (default) on project pinot-core: The following files had format violations:
16:24:09.775 [Thread-4] ERROR f.i.s.r.p.m.o.MavenFilterOutputHandler - [ERROR]     src/main/java/org/apache/pinot/core/common/datatable/DataTableBuilderV2V3.java
16:24:09.775 [Thread-4] ERROR f.i.s.r.p.m.o.MavenFilterOutputHandler - [ERROR]         @@ -27,7 +27,6 @@
16:24:09.775 [Thread-4] ERROR f.i.s.r.p.m.o.MavenFilterOutputHandler - [ERROR]          import·java.util.Map;
16:24:09.775 [Thread-4] ERROR f.i.s.r.p.m.o.MavenFilterOutputHandler - [ERROR]          import·org.apache.pinot.common.utils.DataSchema;
16:24:09.775 [Thread-4] ERROR f.i.s.r.p.m.o.MavenFilterOutputHandler - [ERROR]          import·org.apache.pinot.common.utils.DataTable;
16:24:09.775 [Thread-4] ERROR f.i.s.r.p.m.o.MavenFilterOutputHandler - [ERROR]         -import·org.apache.pinot.core.common.NullBitmapUtils;
16:24:09.775 [Thread-4] ERROR f.i.s.r.p.m.o.MavenFilterOutputHandler - [ERROR]          import·org.apache.pinot.core.common.DataTableBuilder;
16:24:09.775 [Thread-4] ERROR f.i.s.r.p.m.o.MavenFilterOutputHandler - [ERROR]          import·org.apache.pinot.core.common.DataTableFactory;
16:24:09.776 [Thread-4] ERROR f.i.s.r.p.m.o.MavenFilterOutputHandler - [ERROR]          import·org.apache.pinot.core.common.ObjectSerDeUtils;
16:24:09.776 [Thread-4] ERROR f.i.s.r.p.m.o.MavenFilterOutputHandler - [ERROR] Run 'mvn spotless:apply' to fix these violations.
16:24:09.776 [Thread-4] ERROR f.i.s.r.p.m.o.MavenFilterOutputHandler - [ERROR] -> [Help 1]
16:24:09.778 [Thread-4] ERROR f.i.s.r.p.m.o.MavenFilterOutputHandler - [ERROR] 
16:24:09.779 [Thread-4] ERROR f.i.s.r.p.m.o.MavenFilterOutputHandler - [ERROR] Re-run Maven using the -X switch to enable full debug logging.
16:24:09.779 [Thread-4] ERROR f.i.s.r.p.m.o.MavenFilterOutputHandler - [ERROR] 
16:24:09.779 [Thread-4] ERROR f.i.s.r.p.m.o.MavenFilterOutputHandler - [ERROR] For more information about the errors and possible solutions, please read the following articles:
16:24:09.779 [Thread-4] ERROR f.i.s.r.p.m.o.MavenFilterOutputHandler - [ERROR] [Help 1] http://cwiki.apache.org/confluence/display/MAVEN/MojoExecutionException
16:24:09.779 [Thread-4] ERROR f.i.s.r.p.m.o.MavenFilterOutputHandler - [ERROR] 
16:24:09.779 [Thread-4] ERROR f.i.s.r.p.m.o.MavenFilterOutputHandler - [ERROR] After correcting the problems, you can resume the build with the command
16:24:09.779 [Thread-4] ERROR f.i.s.r.p.m.o.MavenFilterOutputHandler - [ERROR]   mvn <goals> -rf :pinot-core
16:24:10.205 [main] ERROR f.i.s.r.process.step.BuildProject - Repository apache/pinot cannot be built.
16:24:10.207 [main] INFO  f.i.s.r.process.step.BuildProject - 
16:24:10.981 [main] INFO  f.i.s.r.p.i.ProjectInspector - ----------------------------------------------------------------------
16:24:10.981 [main] INFO  f.i.s.r.p.i.ProjectInspector - PIPELINE EXECUTION SUMMARY
16:24:10.981 [main] INFO  f.i.s.r.p.i.ProjectInspector - ----------------------------------------------------------------------
16:24:10.981 [main] INFO  f.i.s.r.p.i.ProjectInspector - CloneCheckoutGitPullRequest...........................SUCCESS [ 20 s ]
16:24:10.981 [main] INFO  f.i.s.r.p.i.ProjectInspector - BuildProject..........................................FAILURE [ 78 s ]
16:24:10.981 [main] INFO  f.i.s.r.p.i.ProjectInspector - TestProject...........................................NOT RUN         
16:24:10.981 [main] INFO  f.i.s.r.p.i.ProjectInspector - ComputeClasspath......................................NOT RUN         
16:24:10.981 [main] INFO  f.i.s.r.p.i.ProjectInspector - ComputeSourceDir......................................NOT RUN         
16:24:10.981 [main] INFO  f.i.s.r.p.i.ProjectInspector - ComputeTestDir........................................NOT RUN         
16:24:10.981 [main] INFO  f.i.s.r.p.i.ProjectInspector - GatherTestInformation.................................NOT RUN         
16:24:10.981 [main] INFO  f.i.s.r.p.i.ProjectInspector - FlacocoLocalization...................................NOT RUN         
16:24:10.981 [main] INFO  f.i.s.r.p.i.ProjectInspector - PushFaultLocalizationSuggestionsOnGitHubRepository....NOT RUN         
16:24:10.982 [main] INFO  f.i.s.r.p.i.ProjectInspector - ----------------------------------------------------------------------
16:24:10.982 [main] INFO  f.i.s.r.p.i.ProjectInspector - PIPELINE FINDING: NOTBUILDABLE
16:24:10.982 [main] INFO  f.i.s.r.p.i.ProjectInspector - ----------------------------------------------------------------------
16:24:10.982 [main] INFO  f.i.s.r.p.github.GithubMainProcess - Inspector is finished. The process will exit now.
