Execute pipeline with following supplementary args: --smtpPort 25 --listenerMode NOOP --launcherMode FAULT_LOCALIZATION  --gitrepourl https://github.com/apache/pinot --gitrepopullrequest 8991
java -cp /usr/local/openjdk-11/lib/tools.jar:repairnator-pipeline.jar -Dlogback.configurationFile=/root/logback.xml fr.inria.spirals.repairnator.pipeline.Launcher -d --runId null -o /var/log --ghOauth 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 --faultLocalization --flacocoThreshold 0.0 --flacocoTopK null --flacocoResultsRepository flacocobot/2022-flacocobot-experiment --ghOauth  --smtpPort 25 --listenerMode NOOP --launcherMode FAULT_LOCALIZATION  --gitrepourl https://github.com/apache/pinot --gitrepopullrequest 8991

19:46:39.867 [main] INFO  f.i.s.r.p.g.GithubInitSerializerEngines - Initialize file serializer engines.
19:46:39.869 [main] INFO  f.i.s.r.p.g.GithubInitSerializerEngines - MongoDB won't be used for serialization.
19:46:39.869 [main] INFO  f.i.s.r.p.github.GithubInitNotifiers - The email notifier engine won't be used.
19:46:39.886 [main] INFO  f.i.s.r.p.i.ProjectInspector - ----------------------------------------------------------------------
19:46:39.886 [main] INFO  f.i.s.r.p.i.ProjectInspector - PIPELINE STEPS
19:46:39.886 [main] INFO  f.i.s.r.p.i.ProjectInspector - ----------------------------------------------------------------------
19:46:39.886 [main] INFO  f.i.s.r.p.i.ProjectInspector - CloneCheckoutGitPullRequest
19:46:39.886 [main] INFO  f.i.s.r.p.i.ProjectInspector - BuildProject
19:46:39.886 [main] INFO  f.i.s.r.p.i.ProjectInspector - TestProject
19:46:39.886 [main] INFO  f.i.s.r.p.i.ProjectInspector - ComputeClasspath
19:46:39.886 [main] INFO  f.i.s.r.p.i.ProjectInspector - ComputeSourceDir
19:46:39.886 [main] INFO  f.i.s.r.p.i.ProjectInspector - ComputeTestDir
19:46:39.886 [main] INFO  f.i.s.r.p.i.ProjectInspector - GatherTestInformation
19:46:39.886 [main] INFO  f.i.s.r.p.i.ProjectInspector - FlacocoLocalization
19:46:39.886 [main] INFO  f.i.s.r.p.i.ProjectInspector - PushFaultLocalizationSuggestionsOnGitHubRepository
19:46:39.886 [main] INFO  f.i.s.r.p.s.CloneCheckoutGitPullRequest - Cloning repository https://github.com/apache/pinot.git in the following directory: ./workspace/apache-pinot-master-8991_repo
19:47:49.865 [Thread-5] ERROR f.i.s.r.p.m.output.MavenErrorHandler - Warning: Lookahead adequacy checking not being performed since option LOOKAHEAD is more than 1.  Set option FORCE_LA_CHECK to true to force checking.
19:48:15.249 [Thread-4] ERROR f.i.s.r.p.m.o.MavenFilterOutputHandler - [ERROR] Failed to execute goal com.diffplug.spotless:spotless-maven-plugin:2.9.0:check (default) on project pinot-common: The following files had format violations:
19:48:15.249 [Thread-4] ERROR f.i.s.r.p.m.o.MavenFilterOutputHandler - [ERROR]     src/main/java/org/apache/pinot/common/config/provider/AccessControlUserCache.java
19:48:15.249 [Thread-4] ERROR f.i.s.r.p.m.o.MavenFilterOutputHandler - [ERROR]         @@ -24,12 +24,12 @@
19:48:15.249 [Thread-4] ERROR f.i.s.r.p.m.o.MavenFilterOutputHandler - [ERROR]          import·java.util.concurrent.ConcurrentHashMap;
19:48:15.249 [Thread-4] ERROR f.i.s.r.p.m.o.MavenFilterOutputHandler - [ERROR]          import·java.util.stream.Collectors;
19:48:15.249 [Thread-4] ERROR f.i.s.r.p.m.o.MavenFilterOutputHandler - [ERROR]          import·javax.annotation.Nullable;
19:48:15.249 [Thread-4] ERROR f.i.s.r.p.m.o.MavenFilterOutputHandler - [ERROR]         -import·org.apache.helix.zookeeper.zkclient.IZkChildListener;
19:48:15.250 [Thread-4] ERROR f.i.s.r.p.m.o.MavenFilterOutputHandler - [ERROR]         -import·org.apache.helix.zookeeper.zkclient.IZkDataListener;
19:48:15.250 [Thread-4] ERROR f.i.s.r.p.m.o.MavenFilterOutputHandler - [ERROR]          import·org.apache.commons.collections.CollectionUtils;
19:48:15.250 [Thread-4] ERROR f.i.s.r.p.m.o.MavenFilterOutputHandler - [ERROR]          import·org.apache.helix.AccessOption;
19:48:15.250 [Thread-4] ERROR f.i.s.r.p.m.o.MavenFilterOutputHandler - [ERROR]         +import·org.apache.helix.store.zk.ZkHelixPropertyStore;
19:48:15.250 [Thread-4] ERROR f.i.s.r.p.m.o.MavenFilterOutputHandler - [ERROR]          import·org.apache.helix.zookeeper.datamodel.ZNRecord;
19:48:15.250 [Thread-4] ERROR f.i.s.r.p.m.o.MavenFilterOutputHandler - [ERROR]         -import·org.apache.helix.store.zk.ZkHelixPropertyStore;
19:48:15.250 [Thread-4] ERROR f.i.s.r.p.m.o.MavenFilterOutputHandler - [ERROR]         +import·org.apache.helix.zookeeper.zkclient.IZkChildListener;
19:48:15.250 [Thread-4] ERROR f.i.s.r.p.m.o.MavenFilterOutputHandler - [ERROR]         +import·org.apache.helix.zookeeper.zkclient.IZkDataListener;
19:48:15.250 [Thread-4] ERROR f.i.s.r.p.m.o.MavenFilterOutputHandler - [ERROR]          import·org.apache.pinot.common.utils.config.AccessControlUserConfigUtils;
19:48:15.250 [Thread-4] ERROR f.i.s.r.p.m.o.MavenFilterOutputHandler - [ERROR]          import·org.apache.pinot.spi.config.user.ComponentType;
19:48:15.251 [Thread-4] ERROR f.i.s.r.p.m.o.MavenFilterOutputHandler - [ERROR]          import·org.apache.pinot.spi.config.user.UserConfig;
19:48:15.251 [Thread-4] ERROR f.i.s.r.p.m.o.MavenFilterOutputHandler - [ERROR]     src/main/java/org/apache/pinot/common/config/provider/TableCache.java
19:48:15.251 [Thread-4] ERROR f.i.s.r.p.m.o.MavenFilterOutputHandler - [ERROR]         @@ -29,13 +29,13 @@
19:48:15.251 [Thread-4] ERROR f.i.s.r.p.m.o.MavenFilterOutputHandler - [ERROR]          import·java.util.TreeMap;
19:48:15.251 [Thread-4] ERROR f.i.s.r.p.m.o.MavenFilterOutputHandler - [ERROR]          import·java.util.concurrent.ConcurrentHashMap;
19:48:15.251 [Thread-4] ERROR f.i.s.r.p.m.o.MavenFilterOutputHandler - [ERROR]          import·javax.annotation.Nullable;
19:48:15.251 [Thread-4] ERROR f.i.s.r.p.m.o.MavenFilterOutputHandler - [ERROR]         -import·org.apache.helix.zookeeper.zkclient.IZkChildListener;
19:48:15.251 [Thread-4] ERROR f.i.s.r.p.m.o.MavenFilterOutputHandler - [ERROR]         -import·org.apache.helix.zookeeper.zkclient.IZkDataListener;
19:48:15.251 [Thread-4] ERROR f.i.s.r.p.m.o.MavenFilterOutputHandler - [ERROR]          import·org.apache.commons.collections.CollectionUtils;
19:48:15.251 [Thread-4] ERROR f.i.s.r.p.m.o.MavenFilterOutputHandler - [ERROR]          import·org.apache.commons.collections.MapUtils;
19:48:15.251 [Thread-4] ERROR f.i.s.r.p.m.o.MavenFilterOutputHandler - [ERROR]          import·org.apache.helix.AccessOption;
19:48:15.252 [Thread-4] ERROR f.i.s.r.p.m.o.MavenFilterOutputHandler - [ERROR]         +import·org.apache.helix.store.zk.ZkHelixPropertyStore;
19:48:15.252 [Thread-4] ERROR f.i.s.r.p.m.o.MavenFilterOutputHandler - [ERROR]          import·org.apache.helix.zookeeper.datamodel.ZNRecord;
19:48:15.252 [Thread-4] ERROR f.i.s.r.p.m.o.MavenFilterOutputHandler - [ERROR]         -import·org.apache.helix.store.zk.ZkHelixPropertyStore;
19:48:15.252 [Thread-4] ERROR f.i.s.r.p.m.o.MavenFilterOutputHandler - [ERROR]         +import·org.apache.helix.zookeeper.zkclient.IZkChildListener;
19:48:15.252 [Thread-4] ERROR f.i.s.r.p.m.o.MavenFilterOutputHandler - [ERROR]         +import·org.apache.helix.zookeeper.zkclient.IZkDataListener;
19:48:15.252 [Thread-4] ERROR f.i.s.r.p.m.o.MavenFilterOutputHandler - [ERROR]          import·org.apache.pinot.common.request.Expression;
19:48:15.252 [Thread-4] ERROR f.i.s.r.p.m.o.MavenFilterOutputHandler - [ERROR]          import·org.apache.pinot.common.utils.SchemaUtils;
19:48:15.252 [Thread-4] ERROR f.i.s.r.p.m.o.MavenFilterOutputHandler - [ERROR]          import·org.apache.pinot.common.utils.config.TableConfigUtils;
19:48:15.252 [Thread-4] ERROR f.i.s.r.p.m.o.MavenFilterOutputHandler - [ERROR]     src/main/java/org/apache/pinot/common/lineage/SegmentLineageAccessHelper.java
19:48:15.252 [Thread-4] ERROR f.i.s.r.p.m.o.MavenFilterOutputHandler - [ERROR]         @@ -20,8 +20,8 @@
19:48:15.252 [Thread-4] ERROR f.i.s.r.p.m.o.MavenFilterOutputHandler - [ERROR]          
19:48:15.252 [Thread-4] ERROR f.i.s.r.p.m.o.MavenFilterOutputHandler - [ERROR]          import·org.I0Itec.zkclient.exception.ZkBadVersionException;
19:48:15.253 [Thread-4] ERROR f.i.s.r.p.m.o.MavenFilterOutputHandler - [ERROR]          import·org.apache.helix.AccessOption;
19:48:15.253 [Thread-4] ERROR f.i.s.r.p.m.o.MavenFilterOutputHandler - [ERROR]         +import·org.apache.helix.store.zk.ZkHelixPropertyStore;
19:48:15.253 [Thread-4] ERROR f.i.s.r.p.m.o.MavenFilterOutputHandler - [ERROR]          import·org.apache.helix.zookeeper.datamodel.ZNRecord;
19:48:15.253 [Thread-4] ERROR f.i.s.r.p.m.o.MavenFilterOutputHandler - [ERROR]         -import·org.apache.helix.store.zk.ZkHelixPropertyStore;
19:48:15.253 [Thread-4] ERROR f.i.s.r.p.m.o.MavenFilterOutputHandler - [ERROR]          import·org.apache.pinot.common.metadata.ZKMetadataProvider;
19:48:15.253 [Thread-4] ERROR f.i.s.r.p.m.o.MavenFilterOutputHandler - [ERROR]          import·org.apache.zookeeper.data.Stat;
19:48:15.253 [Thread-4] ERROR f.i.s.r.p.m.o.MavenFilterOutputHandler - [ERROR]          
19:48:15.253 [Thread-4] ERROR f.i.s.r.p.m.o.MavenFilterOutputHandler - [ERROR]     src/main/java/org/apache/pinot/common/messages/SegmentReloadMessage.java
19:48:15.253 [Thread-4] ERROR f.i.s.r.p.m.o.MavenFilterOutputHandler - [ERROR]         @@ -22,8 +22,8 @@
19:48:15.254 [Thread-4] ERROR f.i.s.r.p.m.o.MavenFilterOutputHandler - [ERROR]          import·java.util.UUID;
19:48:15.254 [Thread-4] ERROR f.i.s.r.p.m.o.MavenFilterOutputHandler - [ERROR]          import·javax.annotation.Nonnull;
19:48:15.254 [Thread-4] ERROR f.i.s.r.p.m.o.MavenFilterOutputHandler - [ERROR]     ... (7 more lines that didn't fit)
19:48:15.254 [Thread-4] ERROR f.i.s.r.p.m.o.MavenFilterOutputHandler - [ERROR] Violations also present in 15 other files.
19:48:15.254 [Thread-4] ERROR f.i.s.r.p.m.o.MavenFilterOutputHandler - [ERROR] Run 'mvn spotless:apply' to fix these violations.
19:48:15.254 [Thread-4] ERROR f.i.s.r.p.m.o.MavenFilterOutputHandler - [ERROR] -> [Help 1]
19:48:15.264 [Thread-4] ERROR f.i.s.r.p.m.o.MavenFilterOutputHandler - [ERROR] 
19:48:15.264 [Thread-4] ERROR f.i.s.r.p.m.o.MavenFilterOutputHandler - [ERROR] Re-run Maven using the -X switch to enable full debug logging.
19:48:15.264 [Thread-4] ERROR f.i.s.r.p.m.o.MavenFilterOutputHandler - [ERROR] 
19:48:15.265 [Thread-4] ERROR f.i.s.r.p.m.o.MavenFilterOutputHandler - [ERROR] For more information about the errors and possible solutions, please read the following articles:
19:48:15.265 [Thread-4] ERROR f.i.s.r.p.m.o.MavenFilterOutputHandler - [ERROR] [Help 1] http://cwiki.apache.org/confluence/display/MAVEN/MojoExecutionException
19:48:15.265 [Thread-4] ERROR f.i.s.r.p.m.o.MavenFilterOutputHandler - [ERROR] 
19:48:15.265 [Thread-4] ERROR f.i.s.r.p.m.o.MavenFilterOutputHandler - [ERROR] After correcting the problems, you can resume the build with the command
19:48:15.265 [Thread-4] ERROR f.i.s.r.p.m.o.MavenFilterOutputHandler - [ERROR]   mvn <goals> -rf :pinot-common
19:48:16.022 [main] ERROR f.i.s.r.process.step.BuildProject - Repository apache/pinot cannot be built.
19:48:16.023 [main] INFO  f.i.s.r.process.step.BuildProject - 
19:48:16.798 [main] INFO  f.i.s.r.p.i.ProjectInspector - ----------------------------------------------------------------------
19:48:16.798 [main] INFO  f.i.s.r.p.i.ProjectInspector - PIPELINE EXECUTION SUMMARY
19:48:16.798 [main] INFO  f.i.s.r.p.i.ProjectInspector - ----------------------------------------------------------------------
19:48:16.798 [main] INFO  f.i.s.r.p.i.ProjectInspector - CloneCheckoutGitPullRequest...........................SUCCESS [ 28 s ]
19:48:16.798 [main] INFO  f.i.s.r.p.i.ProjectInspector - BuildProject..........................................FAILURE [ 68 s ]
19:48:16.798 [main] INFO  f.i.s.r.p.i.ProjectInspector - TestProject...........................................NOT RUN         
19:48:16.798 [main] INFO  f.i.s.r.p.i.ProjectInspector - ComputeClasspath......................................NOT RUN         
19:48:16.798 [main] INFO  f.i.s.r.p.i.ProjectInspector - ComputeSourceDir......................................NOT RUN         
19:48:16.798 [main] INFO  f.i.s.r.p.i.ProjectInspector - ComputeTestDir........................................NOT RUN         
19:48:16.798 [main] INFO  f.i.s.r.p.i.ProjectInspector - GatherTestInformation.................................NOT RUN         
19:48:16.798 [main] INFO  f.i.s.r.p.i.ProjectInspector - FlacocoLocalization...................................NOT RUN         
19:48:16.798 [main] INFO  f.i.s.r.p.i.ProjectInspector - PushFaultLocalizationSuggestionsOnGitHubRepository....NOT RUN         
19:48:16.799 [main] INFO  f.i.s.r.p.i.ProjectInspector - ----------------------------------------------------------------------
19:48:16.799 [main] INFO  f.i.s.r.p.i.ProjectInspector - PIPELINE FINDING: NOTBUILDABLE
19:48:16.799 [main] INFO  f.i.s.r.p.i.ProjectInspector - ----------------------------------------------------------------------
19:48:16.799 [main] INFO  f.i.s.r.p.github.GithubMainProcess - Inspector is finished. The process will exit now.
