Execute pipeline with following supplementary args: --smtpPort 25 --listenerMode NOOP --launcherMode FAULT_LOCALIZATION  --gitrepourl https://github.com/apache/pinot --gitrepopullrequest 8937
java -cp /usr/local/openjdk-11/lib/tools.jar:repairnator-pipeline.jar -Dlogback.configurationFile=/root/logback.xml fr.inria.spirals.repairnator.pipeline.Launcher -d --runId null -o /var/log --ghOauth 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 --faultLocalization --flacocoThreshold 0.0 --flacocoTopK null --flacocoResultsRepository flacocobot/2022-flacocobot-experiment --ghOauth  --smtpPort 25 --listenerMode NOOP --launcherMode FAULT_LOCALIZATION  --gitrepourl https://github.com/apache/pinot --gitrepopullrequest 8937

20:16:50.541 [main] INFO  f.i.s.r.p.g.GithubInitSerializerEngines - Initialize file serializer engines.
20:16:50.543 [main] INFO  f.i.s.r.p.g.GithubInitSerializerEngines - MongoDB won't be used for serialization.
20:16:50.543 [main] INFO  f.i.s.r.p.github.GithubInitNotifiers - The email notifier engine won't be used.
20:16:50.567 [main] INFO  f.i.s.r.p.i.ProjectInspector - ----------------------------------------------------------------------
20:16:50.568 [main] INFO  f.i.s.r.p.i.ProjectInspector - PIPELINE STEPS
20:16:50.568 [main] INFO  f.i.s.r.p.i.ProjectInspector - ----------------------------------------------------------------------
20:16:50.568 [main] INFO  f.i.s.r.p.i.ProjectInspector - CloneCheckoutGitPullRequest
20:16:50.568 [main] INFO  f.i.s.r.p.i.ProjectInspector - BuildProject
20:16:50.568 [main] INFO  f.i.s.r.p.i.ProjectInspector - TestProject
20:16:50.568 [main] INFO  f.i.s.r.p.i.ProjectInspector - ComputeClasspath
20:16:50.568 [main] INFO  f.i.s.r.p.i.ProjectInspector - ComputeSourceDir
20:16:50.568 [main] INFO  f.i.s.r.p.i.ProjectInspector - ComputeTestDir
20:16:50.568 [main] INFO  f.i.s.r.p.i.ProjectInspector - GatherTestInformation
20:16:50.568 [main] INFO  f.i.s.r.p.i.ProjectInspector - FlacocoLocalization
20:16:50.568 [main] INFO  f.i.s.r.p.i.ProjectInspector - PushFaultLocalizationSuggestionsOnGitHubRepository
20:16:50.568 [main] INFO  f.i.s.r.p.s.CloneCheckoutGitPullRequest - Cloning repository https://github.com/apache/pinot.git in the following directory: ./workspace/apache-pinot-master-8937_repo
20:18:35.813 [Thread-5] ERROR f.i.s.r.p.m.output.MavenErrorHandler - Warning: Lookahead adequacy checking not being performed since option LOOKAHEAD is more than 1.  Set option FORCE_LA_CHECK to true to force checking.
20:20:34.211 [Thread-4] ERROR f.i.s.r.p.m.o.MavenFilterOutputHandler - [ERROR] Failed to execute goal com.diffplug.spotless:spotless-maven-plugin:2.9.0:check (default) on project pinot-query-planner: The following files had format violations:
20:20:34.213 [Thread-4] ERROR f.i.s.r.p.m.o.MavenFilterOutputHandler - [ERROR]     src/main/java/org/apache/pinot/query/rules/PinotExchangeNodeInsertRule.java
20:20:34.213 [Thread-4] ERROR f.i.s.r.p.m.o.MavenFilterOutputHandler - [ERROR]         @@ -19,7 +19,6 @@
20:20:34.213 [Thread-4] ERROR f.i.s.r.p.m.o.MavenFilterOutputHandler - [ERROR]          package·org.apache.pinot.query.rules;
20:20:34.214 [Thread-4] ERROR f.i.s.r.p.m.o.MavenFilterOutputHandler - [ERROR]          
20:20:34.214 [Thread-4] ERROR f.i.s.r.p.m.o.MavenFilterOutputHandler - [ERROR]          import·com.google.common.collect.ImmutableList;
20:20:34.215 [Thread-4] ERROR f.i.s.r.p.m.o.MavenFilterOutputHandler - [ERROR]         -import·java.util.Collections;
20:20:34.215 [Thread-4] ERROR f.i.s.r.p.m.o.MavenFilterOutputHandler - [ERROR]          import·java.util.List;
20:20:34.216 [Thread-4] ERROR f.i.s.r.p.m.o.MavenFilterOutputHandler - [ERROR]          import·org.apache.calcite.plan.RelOptRule;
20:20:34.216 [Thread-4] ERROR f.i.s.r.p.m.o.MavenFilterOutputHandler - [ERROR]          import·org.apache.calcite.plan.RelOptRuleCall;
20:20:34.217 [Thread-4] ERROR f.i.s.r.p.m.o.MavenFilterOutputHandler - [ERROR]         @@ -33,7 +32,6 @@
20:20:34.217 [Thread-4] ERROR f.i.s.r.p.m.o.MavenFilterOutputHandler - [ERROR]          import·org.apache.calcite.rel.logical.LogicalExchange;
20:20:34.218 [Thread-4] ERROR f.i.s.r.p.m.o.MavenFilterOutputHandler - [ERROR]          import·org.apache.calcite.rel.logical.LogicalJoin;
20:20:34.218 [Thread-4] ERROR f.i.s.r.p.m.o.MavenFilterOutputHandler - [ERROR]          import·org.apache.calcite.rex.RexCall;
20:20:34.219 [Thread-4] ERROR f.i.s.r.p.m.o.MavenFilterOutputHandler - [ERROR]         -import·org.apache.calcite.rex.RexInputRef;
20:20:34.219 [Thread-4] ERROR f.i.s.r.p.m.o.MavenFilterOutputHandler - [ERROR]          import·org.apache.calcite.tools.RelBuilderFactory;
20:20:34.220 [Thread-4] ERROR f.i.s.r.p.m.o.MavenFilterOutputHandler - [ERROR]          import·org.apache.pinot.query.planner.PlannerUtils;
20:20:34.221 [Thread-4] ERROR f.i.s.r.p.m.o.MavenFilterOutputHandler - [ERROR]          import·org.apache.pinot.query.planner.hints.PinotRelationalHints;
20:20:34.224 [Thread-4] ERROR f.i.s.r.p.m.o.MavenFilterOutputHandler - [ERROR]     src/main/java/org/apache/pinot/query/planner/logical/RelToStageConverter.java
20:20:34.224 [Thread-4] ERROR f.i.s.r.p.m.o.MavenFilterOutputHandler - [ERROR]         @@ -19,8 +19,6 @@
20:20:34.224 [Thread-4] ERROR f.i.s.r.p.m.o.MavenFilterOutputHandler - [ERROR]          package·org.apache.pinot.query.planner.logical;
20:20:34.224 [Thread-4] ERROR f.i.s.r.p.m.o.MavenFilterOutputHandler - [ERROR]          
20:20:34.224 [Thread-4] ERROR f.i.s.r.p.m.o.MavenFilterOutputHandler - [ERROR]          import·com.google.common.base.Preconditions;
20:20:34.224 [Thread-4] ERROR f.i.s.r.p.m.o.MavenFilterOutputHandler - [ERROR]         -import·java.util.ArrayList;
20:20:34.224 [Thread-4] ERROR f.i.s.r.p.m.o.MavenFilterOutputHandler - [ERROR]         -import·java.util.Arrays;
20:20:34.224 [Thread-4] ERROR f.i.s.r.p.m.o.MavenFilterOutputHandler - [ERROR]          import·java.util.Collections;
20:20:34.224 [Thread-4] ERROR f.i.s.r.p.m.o.MavenFilterOutputHandler - [ERROR]          import·java.util.List;
20:20:34.224 [Thread-4] ERROR f.i.s.r.p.m.o.MavenFilterOutputHandler - [ERROR]          import·java.util.stream.Collectors;
20:20:34.224 [Thread-4] ERROR f.i.s.r.p.m.o.MavenFilterOutputHandler - [ERROR]         @@ -32,8 +30,6 @@
20:20:34.224 [Thread-4] ERROR f.i.s.r.p.m.o.MavenFilterOutputHandler - [ERROR]          import·org.apache.calcite.rel.logical.LogicalTableScan;
20:20:34.224 [Thread-4] ERROR f.i.s.r.p.m.o.MavenFilterOutputHandler - [ERROR]          import·org.apache.calcite.rel.type.RelDataTypeField;
20:20:34.225 [Thread-4] ERROR f.i.s.r.p.m.o.MavenFilterOutputHandler - [ERROR]          import·org.apache.calcite.rex.RexCall;
20:20:34.225 [Thread-4] ERROR f.i.s.r.p.m.o.MavenFilterOutputHandler - [ERROR]         -import·org.apache.calcite.rex.RexInputRef;
20:20:34.225 [Thread-4] ERROR f.i.s.r.p.m.o.MavenFilterOutputHandler - [ERROR]         -import·org.apache.calcite.rex.RexNode;
20:20:34.225 [Thread-4] ERROR f.i.s.r.p.m.o.MavenFilterOutputHandler - [ERROR]          import·org.apache.pinot.query.planner.PlannerUtils;
20:20:34.225 [Thread-4] ERROR f.i.s.r.p.m.o.MavenFilterOutputHandler - [ERROR]          import·org.apache.pinot.query.planner.partitioning.FieldSelectionKeySelector;
20:20:34.225 [Thread-4] ERROR f.i.s.r.p.m.o.MavenFilterOutputHandler - [ERROR]          import·org.apache.pinot.query.planner.stage.FilterNode;
20:20:34.225 [Thread-4] ERROR f.i.s.r.p.m.o.MavenFilterOutputHandler - [ERROR] Run 'mvn spotless:apply' to fix these violations.
20:20:34.225 [Thread-4] ERROR f.i.s.r.p.m.o.MavenFilterOutputHandler - [ERROR] -> [Help 1]
20:20:34.231 [Thread-4] ERROR f.i.s.r.p.m.o.MavenFilterOutputHandler - [ERROR] 
20:20:34.232 [Thread-4] ERROR f.i.s.r.p.m.o.MavenFilterOutputHandler - [ERROR] Re-run Maven using the -X switch to enable full debug logging.
20:20:34.232 [Thread-4] ERROR f.i.s.r.p.m.o.MavenFilterOutputHandler - [ERROR] 
20:20:34.232 [Thread-4] ERROR f.i.s.r.p.m.o.MavenFilterOutputHandler - [ERROR] For more information about the errors and possible solutions, please read the following articles:
20:20:34.232 [Thread-4] ERROR f.i.s.r.p.m.o.MavenFilterOutputHandler - [ERROR] [Help 1] http://cwiki.apache.org/confluence/display/MAVEN/MojoExecutionException
20:20:34.232 [Thread-4] ERROR f.i.s.r.p.m.o.MavenFilterOutputHandler - [ERROR] 
20:20:34.232 [Thread-4] ERROR f.i.s.r.p.m.o.MavenFilterOutputHandler - [ERROR] After correcting the problems, you can resume the build with the command
20:20:34.232 [Thread-4] ERROR f.i.s.r.p.m.o.MavenFilterOutputHandler - [ERROR]   mvn <goals> -rf :pinot-query-planner
20:20:34.514 [main] ERROR f.i.s.r.process.step.BuildProject - Repository apache/pinot cannot be built.
20:20:34.515 [main] INFO  f.i.s.r.process.step.BuildProject - 
20:20:35.865 [main] INFO  f.i.s.r.p.i.ProjectInspector - ----------------------------------------------------------------------
20:20:35.865 [main] INFO  f.i.s.r.p.i.ProjectInspector - PIPELINE EXECUTION SUMMARY
20:20:35.865 [main] INFO  f.i.s.r.p.i.ProjectInspector - ----------------------------------------------------------------------
20:20:35.865 [main] INFO  f.i.s.r.p.i.ProjectInspector - CloneCheckoutGitPullRequest..........................SUCCESS [  28 s ]
20:20:35.865 [main] INFO  f.i.s.r.p.i.ProjectInspector - BuildProject.........................................FAILURE [ 195 s ]
20:20:35.865 [main] INFO  f.i.s.r.p.i.ProjectInspector - TestProject..........................................NOT RUN          
20:20:35.865 [main] INFO  f.i.s.r.p.i.ProjectInspector - ComputeClasspath.....................................NOT RUN          
20:20:35.865 [main] INFO  f.i.s.r.p.i.ProjectInspector - ComputeSourceDir.....................................NOT RUN          
20:20:35.866 [main] INFO  f.i.s.r.p.i.ProjectInspector - ComputeTestDir.......................................NOT RUN          
20:20:35.866 [main] INFO  f.i.s.r.p.i.ProjectInspector - GatherTestInformation................................NOT RUN          
20:20:35.866 [main] INFO  f.i.s.r.p.i.ProjectInspector - FlacocoLocalization..................................NOT RUN          
20:20:35.866 [main] INFO  f.i.s.r.p.i.ProjectInspector - PushFaultLocalizationSuggestionsOnGitHubRepository...NOT RUN          
20:20:35.866 [main] INFO  f.i.s.r.p.i.ProjectInspector - ----------------------------------------------------------------------
20:20:35.866 [main] INFO  f.i.s.r.p.i.ProjectInspector - PIPELINE FINDING: NOTBUILDABLE
20:20:35.866 [main] INFO  f.i.s.r.p.i.ProjectInspector - ----------------------------------------------------------------------
20:20:35.866 [main] INFO  f.i.s.r.p.github.GithubMainProcess - Inspector is finished. The process will exit now.
