Execute pipeline with following supplementary args: --smtpPort 25 --listenerMode NOOP --launcherMode FAULT_LOCALIZATION  --gitrepourl https://github.com/apache/pinot --gitrepopullrequest 8828
java -cp /usr/local/openjdk-11/lib/tools.jar:repairnator-pipeline.jar -Dlogback.configurationFile=/root/logback.xml fr.inria.spirals.repairnator.pipeline.Launcher -d --runId null -o /var/log --ghOauth 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 --faultLocalization --flacocoThreshold 0.0 --flacocoTopK null --flacocoResultsRepository flacocobot/2022-flacocobot-experiment --ghOauth  --smtpPort 25 --listenerMode NOOP --launcherMode FAULT_LOCALIZATION  --gitrepourl https://github.com/apache/pinot --gitrepopullrequest 8828

09:42:58.674 [main] INFO  f.i.s.r.p.g.GithubInitSerializerEngines - Initialize file serializer engines.
09:42:58.677 [main] INFO  f.i.s.r.p.g.GithubInitSerializerEngines - MongoDB won't be used for serialization.
09:42:58.677 [main] INFO  f.i.s.r.p.github.GithubInitNotifiers - The email notifier engine won't be used.
09:42:58.760 [main] INFO  f.i.s.r.p.i.ProjectInspector - ----------------------------------------------------------------------
09:42:58.760 [main] INFO  f.i.s.r.p.i.ProjectInspector - PIPELINE STEPS
09:42:58.760 [main] INFO  f.i.s.r.p.i.ProjectInspector - ----------------------------------------------------------------------
09:42:58.760 [main] INFO  f.i.s.r.p.i.ProjectInspector - CloneCheckoutGitPullRequest
09:42:58.760 [main] INFO  f.i.s.r.p.i.ProjectInspector - BuildProject
09:42:58.760 [main] INFO  f.i.s.r.p.i.ProjectInspector - TestProject
09:42:58.760 [main] INFO  f.i.s.r.p.i.ProjectInspector - ComputeClasspath
09:42:58.760 [main] INFO  f.i.s.r.p.i.ProjectInspector - ComputeSourceDir
09:42:58.760 [main] INFO  f.i.s.r.p.i.ProjectInspector - ComputeTestDir
09:42:58.760 [main] INFO  f.i.s.r.p.i.ProjectInspector - GatherTestInformation
09:42:58.761 [main] INFO  f.i.s.r.p.i.ProjectInspector - FlacocoLocalization
09:42:58.761 [main] INFO  f.i.s.r.p.i.ProjectInspector - PushFaultLocalizationSuggestionsOnGitHubRepository
09:42:58.761 [main] INFO  f.i.s.r.p.s.CloneCheckoutGitPullRequest - Cloning repository https://github.com/apache/pinot.git in the following directory: ./workspace/apache-pinot-master-8828_repo
09:45:04.406 [Thread-5] ERROR f.i.s.r.p.m.output.MavenErrorHandler - Warning: Lookahead adequacy checking not being performed since option LOOKAHEAD is more than 1.  Set option FORCE_LA_CHECK to true to force checking.
09:50:04.980 [Thread-4] ERROR f.i.s.r.p.m.o.MavenFilterOutputHandler - [ERROR] Failed to execute goal com.diffplug.spotless:spotless-maven-plugin:2.9.0:check (default) on project pinot-controller: The following files had format violations:
09:50:04.981 [Thread-4] ERROR f.i.s.r.p.m.o.MavenFilterOutputHandler - [ERROR]     src/main/java/org/apache/pinot/controller/api/resources/PinotSegmentRestletResource.java
09:50:04.982 [Thread-4] ERROR f.i.s.r.p.m.o.MavenFilterOutputHandler - [ERROR]         @@ -40,7 +40,6 @@
09:50:04.982 [Thread-4] ERROR f.i.s.r.p.m.o.MavenFilterOutputHandler - [ERROR]          import·java.util.List;
09:50:04.983 [Thread-4] ERROR f.i.s.r.p.m.o.MavenFilterOutputHandler - [ERROR]          import·java.util.Map;
09:50:04.984 [Thread-4] ERROR f.i.s.r.p.m.o.MavenFilterOutputHandler - [ERROR]          import·java.util.concurrent.Executor;
09:50:04.984 [Thread-4] ERROR f.i.s.r.p.m.o.MavenFilterOutputHandler - [ERROR]         -import·java.util.concurrent.TimeUnit;
09:50:04.985 [Thread-4] ERROR f.i.s.r.p.m.o.MavenFilterOutputHandler - [ERROR]          import·javax.annotation.Nullable;
09:50:04.985 [Thread-4] ERROR f.i.s.r.p.m.o.MavenFilterOutputHandler - [ERROR]          import·javax.inject.Inject;
09:50:04.986 [Thread-4] ERROR f.i.s.r.p.m.o.MavenFilterOutputHandler - [ERROR]          import·javax.ws.rs.Consumes;
09:50:04.987 [Thread-4] ERROR f.i.s.r.p.m.o.MavenFilterOutputHandler - [ERROR] Run 'mvn spotless:apply' to fix these violations.
09:50:04.987 [Thread-4] ERROR f.i.s.r.p.m.o.MavenFilterOutputHandler - [ERROR] -> [Help 1]
09:50:05.022 [Thread-4] ERROR f.i.s.r.p.m.o.MavenFilterOutputHandler - [ERROR] 
09:50:05.023 [Thread-4] ERROR f.i.s.r.p.m.o.MavenFilterOutputHandler - [ERROR] Re-run Maven using the -X switch to enable full debug logging.
09:50:05.023 [Thread-4] ERROR f.i.s.r.p.m.o.MavenFilterOutputHandler - [ERROR] 
09:50:05.023 [Thread-4] ERROR f.i.s.r.p.m.o.MavenFilterOutputHandler - [ERROR] For more information about the errors and possible solutions, please read the following articles:
09:50:05.023 [Thread-4] ERROR f.i.s.r.p.m.o.MavenFilterOutputHandler - [ERROR] [Help 1] http://cwiki.apache.org/confluence/display/MAVEN/MojoExecutionException
09:50:05.023 [Thread-4] ERROR f.i.s.r.p.m.o.MavenFilterOutputHandler - [ERROR] 
09:50:05.023 [Thread-4] ERROR f.i.s.r.p.m.o.MavenFilterOutputHandler - [ERROR] After correcting the problems, you can resume the build with the command
09:50:05.023 [Thread-4] ERROR f.i.s.r.p.m.o.MavenFilterOutputHandler - [ERROR]   mvn <goals> -rf :pinot-controller
09:50:05.854 [main] ERROR f.i.s.r.process.step.BuildProject - Repository apache/pinot cannot be built.
09:50:05.855 [main] INFO  f.i.s.r.process.step.BuildProject - 
09:50:09.030 [main] INFO  f.i.s.r.p.i.ProjectInspector - ----------------------------------------------------------------------
09:50:09.030 [main] INFO  f.i.s.r.p.i.ProjectInspector - PIPELINE EXECUTION SUMMARY
09:50:09.030 [main] INFO  f.i.s.r.p.i.ProjectInspector - ----------------------------------------------------------------------
09:50:09.030 [main] INFO  f.i.s.r.p.i.ProjectInspector - CloneCheckoutGitPullRequest..........................SUCCESS [  33 s ]
09:50:09.030 [main] INFO  f.i.s.r.p.i.ProjectInspector - BuildProject.........................................FAILURE [ 394 s ]
09:50:09.030 [main] INFO  f.i.s.r.p.i.ProjectInspector - TestProject..........................................NOT RUN          
09:50:09.030 [main] INFO  f.i.s.r.p.i.ProjectInspector - ComputeClasspath.....................................NOT RUN          
09:50:09.030 [main] INFO  f.i.s.r.p.i.ProjectInspector - ComputeSourceDir.....................................NOT RUN          
09:50:09.030 [main] INFO  f.i.s.r.p.i.ProjectInspector - ComputeTestDir.......................................NOT RUN          
09:50:09.030 [main] INFO  f.i.s.r.p.i.ProjectInspector - GatherTestInformation................................NOT RUN          
09:50:09.030 [main] INFO  f.i.s.r.p.i.ProjectInspector - FlacocoLocalization..................................NOT RUN          
09:50:09.030 [main] INFO  f.i.s.r.p.i.ProjectInspector - PushFaultLocalizationSuggestionsOnGitHubRepository...NOT RUN          
09:50:09.031 [main] INFO  f.i.s.r.p.i.ProjectInspector - ----------------------------------------------------------------------
09:50:09.031 [main] INFO  f.i.s.r.p.i.ProjectInspector - PIPELINE FINDING: NOTBUILDABLE
09:50:09.031 [main] INFO  f.i.s.r.p.i.ProjectInspector - ----------------------------------------------------------------------
09:50:09.031 [main] INFO  f.i.s.r.p.github.GithubMainProcess - Inspector is finished. The process will exit now.
