Execute pipeline with following supplementary args: --smtpPort 25 --listenerMode NOOP --launcherMode FAULT_LOCALIZATION  --gitrepourl https://github.com/jenkinsci/kubernetes-plugin --gitrepopullrequest 1162
java -cp /usr/local/openjdk-11/lib/tools.jar:repairnator-pipeline.jar -Dlogback.configurationFile=/root/logback.xml fr.inria.spirals.repairnator.pipeline.Launcher -d --runId null -o /var/log --ghOauth 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 --faultLocalization --flacocoThreshold 0.0 --flacocoTopK null --flacocoResultsRepository null --ghOauth  --smtpPort 25 --listenerMode NOOP --launcherMode FAULT_LOCALIZATION  --gitrepourl https://github.com/jenkinsci/kubernetes-plugin --gitrepopullrequest 1162

10:43:22.756 [main] INFO  f.i.s.r.p.g.GithubInitSerializerEngines - Initialize file serializer engines.
10:43:22.758 [main] INFO  f.i.s.r.p.g.GithubInitSerializerEngines - MongoDB won't be used for serialization.
10:43:22.758 [main] INFO  f.i.s.r.p.github.GithubInitNotifiers - The email notifier engine won't be used.
10:43:22.773 [main] INFO  f.i.s.r.p.i.ProjectInspector - ----------------------------------------------------------------------
10:43:22.773 [main] INFO  f.i.s.r.p.i.ProjectInspector - PIPELINE STEPS
10:43:22.774 [main] INFO  f.i.s.r.p.i.ProjectInspector - ----------------------------------------------------------------------
10:43:22.774 [main] INFO  f.i.s.r.p.i.ProjectInspector - CloneCheckoutGitPullRequest
10:43:22.774 [main] INFO  f.i.s.r.p.i.ProjectInspector - BuildProject
10:43:22.774 [main] INFO  f.i.s.r.p.i.ProjectInspector - TestProject
10:43:22.774 [main] INFO  f.i.s.r.p.i.ProjectInspector - ComputeClasspath
10:43:22.774 [main] INFO  f.i.s.r.p.i.ProjectInspector - ComputeSourceDir
10:43:22.774 [main] INFO  f.i.s.r.p.i.ProjectInspector - ComputeTestDir
10:43:22.774 [main] INFO  f.i.s.r.p.i.ProjectInspector - GatherTestInformation
10:43:22.774 [main] INFO  f.i.s.r.p.i.ProjectInspector - FlacocoLocalization
10:43:22.774 [main] INFO  f.i.s.r.p.i.ProjectInspector - PushFaultLocalizationSuggestions
10:43:22.774 [main] INFO  f.i.s.r.p.s.CloneCheckoutGitPullRequest - Cloning repository https://github.com/jenkinsci/kubernetes-plugin.git in the following directory: ./workspace/jenkinsci-kubernetes-plugin-master-1162_repo
10:51:12.883 [Thread-8] ERROR f.i.s.r.p.m.output.MavenErrorHandler - WARNING: An illegal reflective access operation has occurred
10:51:12.884 [Thread-8] ERROR f.i.s.r.p.m.output.MavenErrorHandler - WARNING: Illegal reflective access by org.codehaus.groovy.vmplugin.v7.Java7$1 (file:/root/workspace/jenkinsci-kubernetes-plugin-master-1162_repo/.m2/org/codehaus/groovy/groovy-all/2.4.12/groovy-all-2.4.12.jar) to constructor java.lang.invoke.MethodHandles$Lookup(java.lang.Class,int)
10:51:12.884 [Thread-8] ERROR f.i.s.r.p.m.output.MavenErrorHandler - WARNING: Please consider reporting this to the maintainers of org.codehaus.groovy.vmplugin.v7.Java7$1
10:51:12.884 [Thread-8] ERROR f.i.s.r.p.m.output.MavenErrorHandler - WARNING: Use --illegal-access=warn to enable warnings of further illegal reflective access operations
10:51:12.884 [Thread-8] ERROR f.i.s.r.p.m.output.MavenErrorHandler - WARNING: All illegal access operations will be denied in a future release
10:51:23.408 [Thread-8] ERROR f.i.s.r.p.m.output.MavenErrorHandler - WARNING: An illegal reflective access operation has occurred
10:51:23.408 [Thread-8] ERROR f.i.s.r.p.m.output.MavenErrorHandler - WARNING: Illegal reflective access by org.codehaus.groovy.vmplugin.v7.Java7$1 (file:/root/workspace/jenkinsci-kubernetes-plugin-master-1162_repo/.m2/org/codehaus/groovy/groovy-all/2.4.12/groovy-all-2.4.12.jar) to constructor java.lang.invoke.MethodHandles$Lookup(java.lang.Class,int)
10:51:23.409 [Thread-8] ERROR f.i.s.r.p.m.output.MavenErrorHandler - WARNING: Please consider reporting this to the maintainers of org.codehaus.groovy.vmplugin.v7.Java7$1
10:51:23.409 [Thread-8] ERROR f.i.s.r.p.m.output.MavenErrorHandler - WARNING: Use --illegal-access=warn to enable warnings of further illegal reflective access operations
10:51:23.409 [Thread-8] ERROR f.i.s.r.p.m.output.MavenErrorHandler - WARNING: All illegal access operations will be denied in a future release
10:52:00.052 [Thread-8] ERROR f.i.s.r.p.m.output.MavenErrorHandler - WARNING: An illegal reflective access operation has occurred
10:52:00.052 [Thread-8] ERROR f.i.s.r.p.m.output.MavenErrorHandler - WARNING: Illegal reflective access by org.codehaus.groovy.vmplugin.v7.Java7$1 (file:/root/workspace/jenkinsci-kubernetes-plugin-master-1162_repo/.m2/org/codehaus/groovy/groovy-all/2.4.12/groovy-all-2.4.12.jar) to constructor java.lang.invoke.MethodHandles$Lookup(java.lang.Class,int)
10:52:00.052 [Thread-8] ERROR f.i.s.r.p.m.output.MavenErrorHandler - WARNING: Please consider reporting this to the maintainers of org.codehaus.groovy.vmplugin.v7.Java7$1
10:52:00.052 [Thread-8] ERROR f.i.s.r.p.m.output.MavenErrorHandler - WARNING: Use --illegal-access=warn to enable warnings of further illegal reflective access operations
10:52:00.052 [Thread-8] ERROR f.i.s.r.p.m.output.MavenErrorHandler - WARNING: All illegal access operations will be denied in a future release
10:52:42.543 [Thread-8] ERROR f.i.s.r.p.m.output.MavenErrorHandler - WARNING: An illegal reflective access operation has occurred
10:52:42.543 [Thread-8] ERROR f.i.s.r.p.m.output.MavenErrorHandler - WARNING: Illegal reflective access by org.codehaus.groovy.vmplugin.v7.Java7$1 (file:/root/workspace/jenkinsci-kubernetes-plugin-master-1162_repo/.m2/org/codehaus/groovy/groovy-all/2.4.12/groovy-all-2.4.12.jar) to constructor java.lang.invoke.MethodHandles$Lookup(java.lang.Class,int)
10:52:42.544 [Thread-8] ERROR f.i.s.r.p.m.output.MavenErrorHandler - WARNING: Please consider reporting this to the maintainers of org.codehaus.groovy.vmplugin.v7.Java7$1
10:52:42.544 [Thread-8] ERROR f.i.s.r.p.m.output.MavenErrorHandler - WARNING: Use --illegal-access=warn to enable warnings of further illegal reflective access operations
10:52:42.544 [Thread-8] ERROR f.i.s.r.p.m.output.MavenErrorHandler - WARNING: All illegal access operations will be denied in a future release
10:52:49.920 [Thread-8] ERROR f.i.s.r.p.m.output.MavenErrorHandler - WARNING: An illegal reflective access operation has occurred
10:52:49.920 [Thread-8] ERROR f.i.s.r.p.m.output.MavenErrorHandler - WARNING: Illegal reflective access by org.codehaus.groovy.vmplugin.v7.Java7$1 (file:/root/workspace/jenkinsci-kubernetes-plugin-master-1162_repo/.m2/org/codehaus/groovy/groovy-all/2.4.12/groovy-all-2.4.12.jar) to constructor java.lang.invoke.MethodHandles$Lookup(java.lang.Class,int)
10:52:49.920 [Thread-8] ERROR f.i.s.r.p.m.output.MavenErrorHandler - WARNING: Please consider reporting this to the maintainers of org.codehaus.groovy.vmplugin.v7.Java7$1
10:52:49.920 [Thread-8] ERROR f.i.s.r.p.m.output.MavenErrorHandler - WARNING: Use --illegal-access=warn to enable warnings of further illegal reflective access operations
10:52:49.920 [Thread-8] ERROR f.i.s.r.p.m.output.MavenErrorHandler - WARNING: All illegal access operations will be denied in a future release
10:52:56.197 [Thread-8] ERROR f.i.s.r.p.m.output.MavenErrorHandler - WARNING: An illegal reflective access operation has occurred
10:52:56.198 [Thread-8] ERROR f.i.s.r.p.m.output.MavenErrorHandler - WARNING: Illegal reflective access by org.codehaus.groovy.vmplugin.v7.Java7$1 (file:/root/workspace/jenkinsci-kubernetes-plugin-master-1162_repo/.m2/org/codehaus/groovy/groovy-all/2.4.12/groovy-all-2.4.12.jar) to constructor java.lang.invoke.MethodHandles$Lookup(java.lang.Class,int)
10:52:56.198 [Thread-8] ERROR f.i.s.r.p.m.output.MavenErrorHandler - WARNING: Please consider reporting this to the maintainers of org.codehaus.groovy.vmplugin.v7.Java7$1
10:52:56.198 [Thread-8] ERROR f.i.s.r.p.m.output.MavenErrorHandler - WARNING: Use --illegal-access=warn to enable warnings of further illegal reflective access operations
10:52:56.198 [Thread-8] ERROR f.i.s.r.p.m.output.MavenErrorHandler - WARNING: All illegal access operations will be denied in a future release
10:53:11.750 [Thread-8] ERROR f.i.s.r.p.m.output.MavenErrorHandler - WARNING: An illegal reflective access operation has occurred
10:53:11.750 [Thread-8] ERROR f.i.s.r.p.m.output.MavenErrorHandler - WARNING: Illegal reflective access by org.codehaus.groovy.vmplugin.v7.Java7$1 (file:/root/workspace/jenkinsci-kubernetes-plugin-master-1162_repo/.m2/org/codehaus/groovy/groovy-all/2.4.12/groovy-all-2.4.12.jar) to constructor java.lang.invoke.MethodHandles$Lookup(java.lang.Class,int)
10:53:11.750 [Thread-8] ERROR f.i.s.r.p.m.output.MavenErrorHandler - WARNING: Please consider reporting this to the maintainers of org.codehaus.groovy.vmplugin.v7.Java7$1
10:53:11.750 [Thread-8] ERROR f.i.s.r.p.m.output.MavenErrorHandler - WARNING: Use --illegal-access=warn to enable warnings of further illegal reflective access operations
10:53:11.750 [Thread-8] ERROR f.i.s.r.p.m.output.MavenErrorHandler - WARNING: All illegal access operations will be denied in a future release
10:53:49.418 [Thread-8] ERROR f.i.s.r.p.m.output.MavenErrorHandler - WARNING: An illegal reflective access operation has occurred
10:53:49.418 [Thread-8] ERROR f.i.s.r.p.m.output.MavenErrorHandler - WARNING: Illegal reflective access by org.codehaus.groovy.vmplugin.v7.Java7$1 (file:/root/workspace/jenkinsci-kubernetes-plugin-master-1162_repo/.m2/org/codehaus/groovy/groovy-all/2.4.12/groovy-all-2.4.12.jar) to constructor java.lang.invoke.MethodHandles$Lookup(java.lang.Class,int)
10:53:49.418 [Thread-8] ERROR f.i.s.r.p.m.output.MavenErrorHandler - WARNING: Please consider reporting this to the maintainers of org.codehaus.groovy.vmplugin.v7.Java7$1
10:53:49.418 [Thread-8] ERROR f.i.s.r.p.m.output.MavenErrorHandler - WARNING: Use --illegal-access=warn to enable warnings of further illegal reflective access operations
10:53:49.418 [Thread-8] ERROR f.i.s.r.p.m.output.MavenErrorHandler - WARNING: All illegal access operations will be denied in a future release
10:53:55.485 [Thread-8] ERROR f.i.s.r.p.m.output.MavenErrorHandler - WARNING: An illegal reflective access operation has occurred
10:53:55.485 [Thread-8] ERROR f.i.s.r.p.m.output.MavenErrorHandler - WARNING: Illegal reflective access by org.codehaus.groovy.vmplugin.v7.Java7$1 (file:/root/workspace/jenkinsci-kubernetes-plugin-master-1162_repo/.m2/org/codehaus/groovy/groovy-all/2.4.12/groovy-all-2.4.12.jar) to constructor java.lang.invoke.MethodHandles$Lookup(java.lang.Class,int)
10:53:55.485 [Thread-8] ERROR f.i.s.r.p.m.output.MavenErrorHandler - WARNING: Please consider reporting this to the maintainers of org.codehaus.groovy.vmplugin.v7.Java7$1
10:53:55.486 [Thread-8] ERROR f.i.s.r.p.m.output.MavenErrorHandler - WARNING: Use --illegal-access=warn to enable warnings of further illegal reflective access operations
10:53:55.486 [Thread-8] ERROR f.i.s.r.p.m.output.MavenErrorHandler - WARNING: All illegal access operations will be denied in a future release
10:54:04.336 [Thread-8] ERROR f.i.s.r.p.m.output.MavenErrorHandler - WARNING: An illegal reflective access operation has occurred
10:54:04.336 [Thread-8] ERROR f.i.s.r.p.m.output.MavenErrorHandler - WARNING: Illegal reflective access by org.codehaus.groovy.vmplugin.v7.Java7$1 (file:/root/workspace/jenkinsci-kubernetes-plugin-master-1162_repo/.m2/org/codehaus/groovy/groovy-all/2.4.12/groovy-all-2.4.12.jar) to constructor java.lang.invoke.MethodHandles$Lookup(java.lang.Class,int)
10:54:04.336 [Thread-8] ERROR f.i.s.r.p.m.output.MavenErrorHandler - WARNING: Please consider reporting this to the maintainers of org.codehaus.groovy.vmplugin.v7.Java7$1
10:54:04.336 [Thread-8] ERROR f.i.s.r.p.m.output.MavenErrorHandler - WARNING: Use --illegal-access=warn to enable warnings of further illegal reflective access operations
10:54:04.336 [Thread-8] ERROR f.i.s.r.p.m.output.MavenErrorHandler - WARNING: All illegal access operations will be denied in a future release
10:54:11.047 [Thread-8] ERROR f.i.s.r.p.m.output.MavenErrorHandler - WARNING: An illegal reflective access operation has occurred
10:54:11.047 [Thread-8] ERROR f.i.s.r.p.m.output.MavenErrorHandler - WARNING: Illegal reflective access by org.codehaus.groovy.vmplugin.v7.Java7$1 (file:/root/workspace/jenkinsci-kubernetes-plugin-master-1162_repo/.m2/org/codehaus/groovy/groovy-all/2.4.12/groovy-all-2.4.12.jar) to constructor java.lang.invoke.MethodHandles$Lookup(java.lang.Class,int)
10:54:11.047 [Thread-8] ERROR f.i.s.r.p.m.output.MavenErrorHandler - WARNING: Please consider reporting this to the maintainers of org.codehaus.groovy.vmplugin.v7.Java7$1
10:54:11.047 [Thread-8] ERROR f.i.s.r.p.m.output.MavenErrorHandler - WARNING: Use --illegal-access=warn to enable warnings of further illegal reflective access operations
10:54:11.047 [Thread-8] ERROR f.i.s.r.p.m.output.MavenErrorHandler - WARNING: All illegal access operations will be denied in a future release
10:55:07.842 [Thread-8] ERROR f.i.s.r.p.m.output.MavenErrorHandler - WARNING: An illegal reflective access operation has occurred
10:55:07.842 [Thread-8] ERROR f.i.s.r.p.m.output.MavenErrorHandler - WARNING: Illegal reflective access by org.codehaus.groovy.vmplugin.v7.Java7$1 (file:/root/workspace/jenkinsci-kubernetes-plugin-master-1162_repo/.m2/org/codehaus/groovy/groovy-all/2.4.12/groovy-all-2.4.12.jar) to constructor java.lang.invoke.MethodHandles$Lookup(java.lang.Class,int)
10:55:07.842 [Thread-8] ERROR f.i.s.r.p.m.output.MavenErrorHandler - WARNING: Please consider reporting this to the maintainers of org.codehaus.groovy.vmplugin.v7.Java7$1
10:55:07.842 [Thread-8] ERROR f.i.s.r.p.m.output.MavenErrorHandler - WARNING: Use --illegal-access=warn to enable warnings of further illegal reflective access operations
10:55:07.842 [Thread-8] ERROR f.i.s.r.p.m.output.MavenErrorHandler - WARNING: All illegal access operations will be denied in a future release
10:55:16.194 [Thread-8] ERROR f.i.s.r.p.m.output.MavenErrorHandler - WARNING: An illegal reflective access operation has occurred
10:55:16.194 [Thread-8] ERROR f.i.s.r.p.m.output.MavenErrorHandler - WARNING: Illegal reflective access by org.codehaus.groovy.vmplugin.v7.Java7$1 (file:/root/workspace/jenkinsci-kubernetes-plugin-master-1162_repo/.m2/org/codehaus/groovy/groovy-all/2.4.12/groovy-all-2.4.12.jar) to constructor java.lang.invoke.MethodHandles$Lookup(java.lang.Class,int)
10:55:16.194 [Thread-8] ERROR f.i.s.r.p.m.output.MavenErrorHandler - WARNING: Please consider reporting this to the maintainers of org.codehaus.groovy.vmplugin.v7.Java7$1
10:55:16.194 [Thread-8] ERROR f.i.s.r.p.m.output.MavenErrorHandler - WARNING: Use --illegal-access=warn to enable warnings of further illegal reflective access operations
10:55:16.194 [Thread-8] ERROR f.i.s.r.p.m.output.MavenErrorHandler - WARNING: All illegal access operations will be denied in a future release
10:55:26.442 [Thread-8] ERROR f.i.s.r.p.m.output.MavenErrorHandler - WARNING: An illegal reflective access operation has occurred
10:55:26.442 [Thread-8] ERROR f.i.s.r.p.m.output.MavenErrorHandler - WARNING: Illegal reflective access by org.codehaus.groovy.vmplugin.v7.Java7$1 (file:/root/workspace/jenkinsci-kubernetes-plugin-master-1162_repo/.m2/org/codehaus/groovy/groovy-all/2.4.12/groovy-all-2.4.12.jar) to constructor java.lang.invoke.MethodHandles$Lookup(java.lang.Class,int)
10:55:26.442 [Thread-8] ERROR f.i.s.r.p.m.output.MavenErrorHandler - WARNING: Please consider reporting this to the maintainers of org.codehaus.groovy.vmplugin.v7.Java7$1
10:55:26.442 [Thread-8] ERROR f.i.s.r.p.m.output.MavenErrorHandler - WARNING: Use --illegal-access=warn to enable warnings of further illegal reflective access operations
10:55:26.442 [Thread-8] ERROR f.i.s.r.p.m.output.MavenErrorHandler - WARNING: All illegal access operations will be denied in a future release
10:55:43.745 [Thread-8] ERROR f.i.s.r.p.m.output.MavenErrorHandler - WARNING: An illegal reflective access operation has occurred
10:55:43.745 [Thread-8] ERROR f.i.s.r.p.m.output.MavenErrorHandler - WARNING: Illegal reflective access by org.codehaus.groovy.vmplugin.v7.Java7$1 (file:/root/workspace/jenkinsci-kubernetes-plugin-master-1162_repo/.m2/org/codehaus/groovy/groovy-all/2.4.12/groovy-all-2.4.12.jar) to constructor java.lang.invoke.MethodHandles$Lookup(java.lang.Class,int)
10:55:43.745 [Thread-8] ERROR f.i.s.r.p.m.output.MavenErrorHandler - WARNING: Please consider reporting this to the maintainers of org.codehaus.groovy.vmplugin.v7.Java7$1
10:55:43.745 [Thread-8] ERROR f.i.s.r.p.m.output.MavenErrorHandler - WARNING: Use --illegal-access=warn to enable warnings of further illegal reflective access operations
10:55:43.745 [Thread-8] ERROR f.i.s.r.p.m.output.MavenErrorHandler - WARNING: All illegal access operations will be denied in a future release
10:56:06.170 [Thread-8] ERROR f.i.s.r.p.m.output.MavenErrorHandler - WARNING: An illegal reflective access operation has occurred
10:56:06.170 [Thread-8] ERROR f.i.s.r.p.m.output.MavenErrorHandler - WARNING: Illegal reflective access by org.codehaus.groovy.vmplugin.v7.Java7$1 (file:/root/workspace/jenkinsci-kubernetes-plugin-master-1162_repo/.m2/org/codehaus/groovy/groovy-all/2.4.12/groovy-all-2.4.12.jar) to constructor java.lang.invoke.MethodHandles$Lookup(java.lang.Class,int)
10:56:06.171 [Thread-8] ERROR f.i.s.r.p.m.output.MavenErrorHandler - WARNING: Please consider reporting this to the maintainers of org.codehaus.groovy.vmplugin.v7.Java7$1
10:56:06.171 [Thread-8] ERROR f.i.s.r.p.m.output.MavenErrorHandler - WARNING: Use --illegal-access=warn to enable warnings of further illegal reflective access operations
10:56:06.171 [Thread-8] ERROR f.i.s.r.p.m.output.MavenErrorHandler - WARNING: All illegal access operations will be denied in a future release
10:56:17.858 [Thread-8] ERROR f.i.s.r.p.m.output.MavenErrorHandler - WARNING: An illegal reflective access operation has occurred
10:56:17.858 [Thread-8] ERROR f.i.s.r.p.m.output.MavenErrorHandler - WARNING: Illegal reflective access by org.codehaus.groovy.vmplugin.v7.Java7$1 (file:/root/workspace/jenkinsci-kubernetes-plugin-master-1162_repo/.m2/org/codehaus/groovy/groovy-all/2.4.12/groovy-all-2.4.12.jar) to constructor java.lang.invoke.MethodHandles$Lookup(java.lang.Class,int)
10:56:17.858 [Thread-8] ERROR f.i.s.r.p.m.output.MavenErrorHandler - WARNING: Please consider reporting this to the maintainers of org.codehaus.groovy.vmplugin.v7.Java7$1
10:56:17.858 [Thread-8] ERROR f.i.s.r.p.m.output.MavenErrorHandler - WARNING: Use --illegal-access=warn to enable warnings of further illegal reflective access operations
10:56:17.858 [Thread-8] ERROR f.i.s.r.p.m.output.MavenErrorHandler - WARNING: All illegal access operations will be denied in a future release
10:57:25.967 [Thread-8] ERROR f.i.s.r.p.m.output.MavenErrorHandler - WARNING: An illegal reflective access operation has occurred
10:57:25.967 [Thread-8] ERROR f.i.s.r.p.m.output.MavenErrorHandler - WARNING: Illegal reflective access by org.codehaus.groovy.vmplugin.v7.Java7$1 (file:/root/workspace/jenkinsci-kubernetes-plugin-master-1162_repo/.m2/org/codehaus/groovy/groovy-all/2.4.12/groovy-all-2.4.12.jar) to constructor java.lang.invoke.MethodHandles$Lookup(java.lang.Class,int)
10:57:25.967 [Thread-8] ERROR f.i.s.r.p.m.output.MavenErrorHandler - WARNING: Please consider reporting this to the maintainers of org.codehaus.groovy.vmplugin.v7.Java7$1
10:57:25.967 [Thread-8] ERROR f.i.s.r.p.m.output.MavenErrorHandler - WARNING: Use --illegal-access=warn to enable warnings of further illegal reflective access operations
10:57:25.967 [Thread-8] ERROR f.i.s.r.p.m.output.MavenErrorHandler - WARNING: All illegal access operations will be denied in a future release
10:57:34.865 [Thread-8] ERROR f.i.s.r.p.m.output.MavenErrorHandler - WARNING: An illegal reflective access operation has occurred
10:57:34.866 [Thread-8] ERROR f.i.s.r.p.m.output.MavenErrorHandler - WARNING: Illegal reflective access by org.codehaus.groovy.vmplugin.v7.Java7$1 (file:/root/workspace/jenkinsci-kubernetes-plugin-master-1162_repo/.m2/org/codehaus/groovy/groovy-all/2.4.12/groovy-all-2.4.12.jar) to constructor java.lang.invoke.MethodHandles$Lookup(java.lang.Class,int)
10:57:34.866 [Thread-8] ERROR f.i.s.r.p.m.output.MavenErrorHandler - WARNING: Please consider reporting this to the maintainers of org.codehaus.groovy.vmplugin.v7.Java7$1
10:57:34.866 [Thread-8] ERROR f.i.s.r.p.m.output.MavenErrorHandler - WARNING: Use --illegal-access=warn to enable warnings of further illegal reflective access operations
10:57:34.866 [Thread-8] ERROR f.i.s.r.p.m.output.MavenErrorHandler - WARNING: All illegal access operations will be denied in a future release
10:57:49.681 [main] INFO  f.i.s.r.p.s.paths.ComputeSourceDir - 1 source dir was found:
10:57:49.681 [main] INFO  f.i.s.r.p.s.paths.ComputeSourceDir - /root/workspace/jenkinsci-kubernetes-plugin-master-1162_repo/src/main/java
10:57:49.744 [main] ERROR f.i.s.r.process.maven.MavenHelper - Error while building complete model. The raw model will be used. Error message: 2 problems were encountered while building the effective model for org.csanchez.jenkins.plugins:kubernetes:999999-SNAPSHOT
[ERROR] Failed to determine Java version for profile jdk-8-and-below @ org.jenkins-ci.plugins:plugin:4.40
[ERROR] Failed to determine Java version for profile jdk-9-and-above @ org.jenkins-ci.plugins:plugin:4.40

10:57:49.762 [main] ERROR f.i.s.r.process.maven.MavenHelper - Error while building complete model. The raw model will be used. Error message: 2 problems were encountered while building the effective model for org.csanchez.jenkins.plugins:kubernetes:999999-SNAPSHOT
[ERROR] Failed to determine Java version for profile jdk-8-and-below @ org.jenkins-ci.plugins:plugin:4.40
[ERROR] Failed to determine Java version for profile jdk-9-and-above @ org.jenkins-ci.plugins:plugin:4.40

10:57:49.762 [main] ERROR f.i.s.r.p.step.paths.ComputeTestDir - The test directory is not at default location or specified in build section from pom.xml, and no parent can be found.
10:57:49.762 [main] INFO  f.i.s.r.p.step.paths.ComputeTestDir - 1 test dir was found:
10:57:49.762 [main] INFO  f.i.s.r.p.step.paths.ComputeTestDir - /root/workspace/jenkinsci-kubernetes-plugin-master-1162_repo/src/test/java
10:57:49.950 [main] INFO  f.i.s.r.p.s.g.GatherTestInformation - ---Test results---
10:57:49.950 [main] INFO  f.i.s.r.p.s.g.GatherTestInformation -    Total tests: 241
10:57:49.950 [main] INFO  f.i.s.r.p.s.g.GatherTestInformation -    Tests run: 228
10:57:49.950 [main] INFO  f.i.s.r.p.s.g.GatherTestInformation -    Tests passing: 228
10:57:49.950 [main] INFO  f.i.s.r.p.s.g.GatherTestInformation -    Failures: 0
10:57:49.950 [main] INFO  f.i.s.r.p.s.g.GatherTestInformation -    Errors: 0
10:57:49.950 [main] INFO  f.i.s.r.p.s.g.GatherTestInformation -    Skipped: 13
10:57:49.950 [main] INFO  f.i.s.r.p.s.g.GatherTestInformation - 
10:57:50.285 [main] INFO  f.i.s.r.p.i.ProjectInspector - ----------------------------------------------------------------------
10:57:50.285 [main] INFO  f.i.s.r.p.i.ProjectInspector - PIPELINE EXECUTION SUMMARY
10:57:50.285 [main] INFO  f.i.s.r.p.i.ProjectInspector - ----------------------------------------------------------------------
10:57:50.285 [main] INFO  f.i.s.r.p.i.ProjectInspector - CloneCheckoutGitPullRequest..........................SUCCESS [   5 s ]
10:57:50.285 [main] INFO  f.i.s.r.p.i.ProjectInspector - BuildProject.........................................SUCCESS [ 443 s ]
10:57:50.285 [main] INFO  f.i.s.r.p.i.ProjectInspector - TestProject..........................................SUCCESS [ 407 s ]
10:57:50.285 [main] INFO  f.i.s.r.p.i.ProjectInspector - ComputeClasspath.....................................SUCCESS [  11 s ]
10:57:50.285 [main] INFO  f.i.s.r.p.i.ProjectInspector - ComputeSourceDir.....................................SUCCESS [   0 s ]
10:57:50.285 [main] INFO  f.i.s.r.p.i.ProjectInspector - ComputeTestDir.......................................SUCCESS [   0 s ]
10:57:50.285 [main] INFO  f.i.s.r.p.i.ProjectInspector - GatherTestInformation................................FAILURE [   0 s ]
10:57:50.285 [main] INFO  f.i.s.r.p.i.ProjectInspector - FlacocoLocalization..................................NOT RUN          
10:57:50.285 [main] INFO  f.i.s.r.p.i.ProjectInspector - PushFaultLocalizationSuggestions.....................NOT RUN          
10:57:50.285 [main] INFO  f.i.s.r.p.i.ProjectInspector - ----------------------------------------------------------------------
10:57:50.285 [main] INFO  f.i.s.r.p.i.ProjectInspector - PIPELINE FINDING: NOTFAILING
10:57:50.285 [main] INFO  f.i.s.r.p.i.ProjectInspector - ----------------------------------------------------------------------
10:57:50.285 [main] INFO  f.i.s.r.p.github.GithubMainProcess - Inspector is finished. The process will exit now.
