Execute pipeline with following supplementary args: --smtpPort 25 --listenerMode NOOP --launcherMode FAULT_LOCALIZATION  --gitrepourl https://github.com/INRIA/spoon --gitrepopullrequest 4671
java -cp /usr/local/openjdk-11/lib/tools.jar:repairnator-pipeline.jar -Dlogback.configurationFile=/root/logback.xml fr.inria.spirals.repairnator.pipeline.Launcher -d --runId null -o /var/log --ghOauth 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 --faultLocalization --flacocoThreshold 0.0 --flacocoTopK null --flacocoResultsRepository flacocobot/2022-flacocobot-experiment --ghOauth  --smtpPort 25 --listenerMode NOOP --launcherMode FAULT_LOCALIZATION  --gitrepourl https://github.com/INRIA/spoon --gitrepopullrequest 4671

10:30:08.244 [main] INFO  f.i.s.r.p.g.GithubInitSerializerEngines - Initialize file serializer engines.
10:30:08.246 [main] INFO  f.i.s.r.p.g.GithubInitSerializerEngines - MongoDB won't be used for serialization.
10:30:08.246 [main] INFO  f.i.s.r.p.github.GithubInitNotifiers - The email notifier engine won't be used.
10:30:08.264 [main] INFO  f.i.s.r.p.i.ProjectInspector - ----------------------------------------------------------------------
10:30:08.264 [main] INFO  f.i.s.r.p.i.ProjectInspector - PIPELINE STEPS
10:30:08.264 [main] INFO  f.i.s.r.p.i.ProjectInspector - ----------------------------------------------------------------------
10:30:08.264 [main] INFO  f.i.s.r.p.i.ProjectInspector - CloneCheckoutGitPullRequest
10:30:08.264 [main] INFO  f.i.s.r.p.i.ProjectInspector - BuildProject
10:30:08.264 [main] INFO  f.i.s.r.p.i.ProjectInspector - TestProject
10:30:08.264 [main] INFO  f.i.s.r.p.i.ProjectInspector - ComputeClasspath
10:30:08.264 [main] INFO  f.i.s.r.p.i.ProjectInspector - ComputeSourceDir
10:30:08.264 [main] INFO  f.i.s.r.p.i.ProjectInspector - ComputeTestDir
10:30:08.265 [main] INFO  f.i.s.r.p.i.ProjectInspector - GatherTestInformation
10:30:08.265 [main] INFO  f.i.s.r.p.i.ProjectInspector - FlacocoLocalization
10:30:08.265 [main] INFO  f.i.s.r.p.i.ProjectInspector - PushFaultLocalizationSuggestionsOnGitHubRepository
10:30:08.265 [main] INFO  f.i.s.r.p.s.CloneCheckoutGitPullRequest - Cloning repository https://github.com/INRIA/spoon.git in the following directory: ./workspace/INRIA-spoon-master-4671_repo
10:31:27.095 [Thread-8] ERROR f.i.s.r.p.m.output.MavenErrorHandler - Apr 10, 2022 10:31:26 AM org.junit.jupiter.engine.discovery.MethodSelectorResolver resolve
10:31:27.096 [Thread-8] ERROR f.i.s.r.p.m.output.MavenErrorHandler - WARNING: Possible configuration error: method [public void spoon.test.prettyprinter.TestSniperPrinter.testNoChangeDiff(java.io.File) throws java.io.IOException] resulted in multiple TestDescriptors [org.junit.jupiter.engine.descriptor.TestMethodTestDescriptor, org.junit.jupiter.engine.descriptor.TestTemplateTestDescriptor]. This is typically the result of annotating a method with multiple competing annotations such as @Test, @RepeatedTest, @ParameterizedTest, @TestFactory, etc.
10:31:27.096 [Thread-8] ERROR f.i.s.r.p.m.output.MavenErrorHandler - Apr 10, 2022 10:31:26 AM org.junit.jupiter.engine.discovery.MethodSelectorResolver resolve
10:31:27.096 [Thread-8] ERROR f.i.s.r.p.m.output.MavenErrorHandler - WARNING: Possible configuration error: method [public void spoon.test.prettyprinter.TestSniperPrinter.testNoChangeDiff(java.io.File) throws java.io.IOException] resulted in multiple TestDescriptors [org.junit.jupiter.engine.descriptor.TestMethodTestDescriptor, org.junit.jupiter.engine.descriptor.TestTemplateTestDescriptor]. This is typically the result of annotating a method with multiple competing annotations such as @Test, @RepeatedTest, @ParameterizedTest, @TestFactory, etc.
10:34:25.745 [Thread-8] ERROR f.i.s.r.p.m.output.MavenErrorHandler - Apr 10, 2022 10:34:25 AM org.junit.jupiter.engine.descriptor.MethodBasedTestDescriptor lambda$invokeTestWatchers$3
10:34:25.746 [Thread-8] ERROR f.i.s.r.p.m.output.MavenErrorHandler - WARNING: Failed to invoke TestWatcher [spoon.test.GitHubIssue$UnresolvedBugExtension] for method [spoon.test.prettyprinter.TestSniperPrinter#testNoChangeDiff(java.io.File)] with display name [[2] src/test/java/spoon/test/prettyprinter/testclasses/difftest/ExceptionTest.java]
10:34:25.746 [Thread-8] ERROR f.i.s.r.p.m.output.MavenErrorHandler - org.opentest4j.AssertionFailedError: Method testNoChangeDiff must fail
10:34:25.746 [Thread-8] ERROR f.i.s.r.p.m.output.MavenErrorHandler - 	at org.junit.jupiter.api.AssertionUtils.fail(AssertionUtils.java:39)
10:34:25.746 [Thread-8] ERROR f.i.s.r.p.m.output.MavenErrorHandler - 	at org.junit.jupiter.api.Assertions.fail(Assertions.java:134)
10:34:25.746 [Thread-8] ERROR f.i.s.r.p.m.output.MavenErrorHandler - 	at spoon.test.GitHubIssue$UnresolvedBugExtension.testSuccessful(GitHubIssue.java:63)
10:34:25.746 [Thread-8] ERROR f.i.s.r.p.m.output.MavenErrorHandler - 	at org.junit.jupiter.engine.descriptor.TestMethodTestDescriptor.lambda$nodeFinished$15(TestMethodTestDescriptor.java:297)
10:34:25.746 [Thread-8] ERROR f.i.s.r.p.m.output.MavenErrorHandler - 	at org.junit.jupiter.engine.descriptor.MethodBasedTestDescriptor.lambda$invokeTestWatchers$3(MethodBasedTestDescriptor.java:134)
10:34:25.746 [Thread-8] ERROR f.i.s.r.p.m.output.MavenErrorHandler - 	at java.base/java.util.ArrayList.forEach(ArrayList.java:1540)
10:34:25.746 [Thread-8] ERROR f.i.s.r.p.m.output.MavenErrorHandler - 	at org.junit.jupiter.engine.descriptor.MethodBasedTestDescriptor.invokeTestWatchers(MethodBasedTestDescriptor.java:132)
10:34:25.746 [Thread-8] ERROR f.i.s.r.p.m.output.MavenErrorHandler - 	at org.junit.jupiter.engine.descriptor.TestMethodTestDescriptor.nodeFinished(TestMethodTestDescriptor.java:294)
10:34:25.746 [Thread-8] ERROR f.i.s.r.p.m.output.MavenErrorHandler - 	at org.junit.jupiter.engine.descriptor.TestMethodTestDescriptor.nodeFinished(TestMethodTestDescriptor.java:66)
10:34:25.746 [Thread-8] ERROR f.i.s.r.p.m.output.MavenErrorHandler - 	at org.junit.platform.engine.support.hierarchical.NodeTestTask.reportCompletion(NodeTestTask.java:188)
10:34:25.746 [Thread-8] ERROR f.i.s.r.p.m.output.MavenErrorHandler - 	at org.junit.platform.engine.support.hierarchical.NodeTestTask.execute(NodeTestTask.java:100)
10:34:25.746 [Thread-8] ERROR f.i.s.r.p.m.output.MavenErrorHandler - 	at org.junit.platform.engine.support.hierarchical.SameThreadHierarchicalTestExecutorService.submit(SameThreadHierarchicalTestExecutorService.java:35)
10:34:25.747 [Thread-8] ERROR f.i.s.r.p.m.output.MavenErrorHandler - 	at org.junit.platform.engine.support.hierarchical.NodeTestTask$DefaultDynamicTestExecutor.execute(NodeTestTask.java:226)
10:34:25.747 [Thread-8] ERROR f.i.s.r.p.m.output.MavenErrorHandler - 	at org.junit.platform.engine.support.hierarchical.NodeTestTask$DefaultDynamicTestExecutor.execute(NodeTestTask.java:204)
10:34:25.747 [Thread-8] ERROR f.i.s.r.p.m.output.MavenErrorHandler - 	at org.junit.jupiter.engine.descriptor.TestTemplateTestDescriptor.execute(TestTemplateTestDescriptor.java:139)
10:34:25.747 [Thread-8] ERROR f.i.s.r.p.m.output.MavenErrorHandler - 	at org.junit.jupiter.engine.descriptor.TestTemplateTestDescriptor.lambda$execute$2(TestTemplateTestDescriptor.java:107)
10:34:25.747 [Thread-8] ERROR f.i.s.r.p.m.output.MavenErrorHandler - 	at java.base/java.util.stream.ForEachOps$ForEachOp$OfRef.accept(ForEachOps.java:183)
10:34:25.747 [Thread-8] ERROR f.i.s.r.p.m.output.MavenErrorHandler - 	at java.base/java.util.stream.ReferencePipeline$3$1.accept(ReferencePipeline.java:195)
10:34:25.747 [Thread-8] ERROR f.i.s.r.p.m.output.MavenErrorHandler - 	at java.base/java.util.stream.ReferencePipeline$2$1.accept(ReferencePipeline.java:177)
10:34:25.747 [Thread-8] ERROR f.i.s.r.p.m.output.MavenErrorHandler - 	at java.base/java.util.stream.ReferencePipeline$3$1.accept(ReferencePipeline.java:195)
10:34:25.747 [Thread-8] ERROR f.i.s.r.p.m.output.MavenErrorHandler - 	at java.base/java.util.stream.ForEachOps$ForEachOp$OfRef.accept(ForEachOps.java:183)
10:34:25.747 [Thread-8] ERROR f.i.s.r.p.m.output.MavenErrorHandler - 	at java.base/java.util.stream.ReferencePipeline$3$1.accept(ReferencePipeline.java:195)
10:34:25.748 [Thread-8] ERROR f.i.s.r.p.m.output.MavenErrorHandler - 	at java.base/java.util.stream.ReferencePipeline$3$1.accept(ReferencePipeline.java:195)
10:34:25.748 [Thread-8] ERROR f.i.s.r.p.m.output.MavenErrorHandler - 	at java.base/java.util.stream.ReferencePipeline$3$1.accept(ReferencePipeline.java:195)
10:34:25.748 [Thread-8] ERROR f.i.s.r.p.m.output.MavenErrorHandler - 	at java.base/java.util.stream.ForEachOps$ForEachOp$OfRef.accept(ForEachOps.java:183)
10:34:25.748 [Thread-8] ERROR f.i.s.r.p.m.output.MavenErrorHandler - 	at java.base/java.util.stream.ReferencePipeline$3$1.accept(ReferencePipeline.java:195)
10:34:25.748 [Thread-8] ERROR f.i.s.r.p.m.output.MavenErrorHandler - 	at java.base/java.util.ArrayList$ArrayListSpliterator.forEachRemaining(ArrayList.java:1654)
10:34:25.748 [Thread-8] ERROR f.i.s.r.p.m.output.MavenErrorHandler - 	at java.base/java.util.stream.ReferencePipeline$Head.forEach(ReferencePipeline.java:658)
10:34:25.748 [Thread-8] ERROR f.i.s.r.p.m.output.MavenErrorHandler - 	at java.base/java.util.stream.ReferencePipeline$7$1.accept(ReferencePipeline.java:274)
10:34:25.748 [Thread-8] ERROR f.i.s.r.p.m.output.MavenErrorHandler - 	at java.base/java.util.stream.ReferencePipeline$3$1.accept(ReferencePipeline.java:195)
10:34:25.748 [Thread-8] ERROR f.i.s.r.p.m.output.MavenErrorHandler - 	at java.base/java.util.stream.ReferencePipeline$3$1.accept(ReferencePipeline.java:195)
10:34:25.748 [Thread-8] ERROR f.i.s.r.p.m.output.MavenErrorHandler - 	at java.base/java.util.Spliterators$ArraySpliterator.forEachRemaining(Spliterators.java:948)
10:34:25.748 [Thread-8] ERROR f.i.s.r.p.m.output.MavenErrorHandler - 	at java.base/java.util.stream.AbstractPipeline.copyInto(AbstractPipeline.java:484)
10:34:25.748 [Thread-8] ERROR f.i.s.r.p.m.output.MavenErrorHandler - 	at java.base/java.util.stream.AbstractPipeline.wrapAndCopyInto(AbstractPipeline.java:474)
10:34:25.748 [Thread-8] ERROR f.i.s.r.p.m.output.MavenErrorHandler - 	at java.base/java.util.stream.ForEachOps$ForEachOp.evaluateSequential(ForEachOps.java:150)
10:34:25.748 [Thread-8] ERROR f.i.s.r.p.m.output.MavenErrorHandler - 	at java.base/java.util.stream.ForEachOps$ForEachOp$OfRef.evaluateSequential(ForEachOps.java:173)
10:34:25.748 [Thread-8] ERROR f.i.s.r.p.m.output.MavenErrorHandler - 	at java.base/java.util.stream.AbstractPipeline.evaluate(AbstractPipeline.java:234)
10:34:25.748 [Thread-8] ERROR f.i.s.r.p.m.output.MavenErrorHandler - 	at java.base/java.util.stream.ReferencePipeline.forEach(ReferencePipeline.java:497)
10:34:25.748 [Thread-8] ERROR f.i.s.r.p.m.output.MavenErrorHandler - 	at java.base/java.util.stream.ReferencePipeline$7$1.accept(ReferencePipeline.java:274)
10:34:25.748 [Thread-8] ERROR f.i.s.r.p.m.output.MavenErrorHandler - 	at java.base/java.util.stream.ReferencePipeline$3$1.accept(ReferencePipeline.java:195)
10:34:25.748 [Thread-8] ERROR f.i.s.r.p.m.output.MavenErrorHandler - 	at java.base/java.util.stream.ReferencePipeline$3$1.accept(ReferencePipeline.java:195)
10:34:25.748 [Thread-8] ERROR f.i.s.r.p.m.output.MavenErrorHandler - 	at java.base/java.util.stream.ReferencePipeline$3$1.accept(ReferencePipeline.java:195)
10:34:25.749 [Thread-8] ERROR f.i.s.r.p.m.output.MavenErrorHandler - 	at java.base/java.util.ArrayList$ArrayListSpliterator.forEachRemaining(ArrayList.java:1654)
10:34:25.749 [Thread-8] ERROR f.i.s.r.p.m.output.MavenErrorHandler - 	at java.base/java.util.stream.AbstractPipeline.copyInto(AbstractPipeline.java:484)
10:34:25.749 [Thread-8] ERROR f.i.s.r.p.m.output.MavenErrorHandler - 	at java.base/java.util.stream.AbstractPipeline.wrapAndCopyInto(AbstractPipeline.java:474)
10:34:25.749 [Thread-8] ERROR f.i.s.r.p.m.output.MavenErrorHandler - 	at java.base/java.util.stream.ForEachOps$ForEachOp.evaluateSequential(ForEachOps.java:150)
10:34:25.749 [Thread-8] ERROR f.i.s.r.p.m.output.MavenErrorHandler - 	at java.base/java.util.stream.ForEachOps$ForEachOp$OfRef.evaluateSequential(ForEachOps.java:173)
10:34:25.749 [Thread-8] ERROR f.i.s.r.p.m.output.MavenErrorHandler - 	at java.base/java.util.stream.AbstractPipeline.evaluate(AbstractPipeline.java:234)
10:34:25.749 [Thread-8] ERROR f.i.s.r.p.m.output.MavenErrorHandler - 	at java.base/java.util.stream.ReferencePipeline.forEach(ReferencePipeline.java:497)
10:34:25.749 [Thread-8] ERROR f.i.s.r.p.m.output.MavenErrorHandler - 	at java.base/java.util.stream.ReferencePipeline$7$1.accept(ReferencePipeline.java:274)
10:34:25.749 [Thread-8] ERROR f.i.s.r.p.m.output.MavenErrorHandler - 	at java.base/java.util.ArrayList$ArrayListSpliterator.forEachRemaining(ArrayList.java:1654)
10:34:25.749 [Thread-8] ERROR f.i.s.r.p.m.output.MavenErrorHandler - 	at java.base/java.util.stream.AbstractPipeline.copyInto(AbstractPipeline.java:484)
10:34:25.749 [Thread-8] ERROR f.i.s.r.p.m.output.MavenErrorHandler - 	at java.base/java.util.stream.AbstractPipeline.wrapAndCopyInto(AbstractPipeline.java:474)
10:34:25.749 [Thread-8] ERROR f.i.s.r.p.m.output.MavenErrorHandler - 	at java.base/java.util.stream.ForEachOps$ForEachOp.evaluateSequential(ForEachOps.java:150)
10:34:25.749 [Thread-8] ERROR f.i.s.r.p.m.output.MavenErrorHandler - 	at java.base/java.util.stream.ForEachOps$ForEachOp$OfRef.evaluateSequential(ForEachOps.java:173)
10:34:25.749 [Thread-8] ERROR f.i.s.r.p.m.output.MavenErrorHandler - 	at java.base/java.util.stream.AbstractPipeline.evaluate(AbstractPipeline.java:234)
10:34:25.749 [Thread-8] ERROR f.i.s.r.p.m.output.MavenErrorHandler - 	at java.base/java.util.stream.ReferencePipeline.forEach(ReferencePipeline.java:497)
10:34:25.750 [Thread-8] ERROR f.i.s.r.p.m.output.MavenErrorHandler - 	at org.junit.jupiter.engine.descriptor.TestTemplateTestDescriptor.execute(TestTemplateTestDescriptor.java:107)
10:34:25.750 [Thread-8] ERROR f.i.s.r.p.m.output.MavenErrorHandler - 	at org.junit.jupiter.engine.descriptor.TestTemplateTestDescriptor.execute(TestTemplateTestDescriptor.java:42)
10:34:25.750 [Thread-8] ERROR f.i.s.r.p.m.output.MavenErrorHandler - 	at org.junit.platform.engine.support.hierarchical.NodeTestTask.lambda$executeRecursively$6(NodeTestTask.java:151)
10:34:25.750 [Thread-8] ERROR f.i.s.r.p.m.output.MavenErrorHandler - 	at org.junit.platform.engine.support.hierarchical.ThrowableCollector.execute(ThrowableCollector.java:73)
10:34:25.750 [Thread-8] ERROR f.i.s.r.p.m.output.MavenErrorHandler - 	at org.junit.platform.engine.support.hierarchical.NodeTestTask.lambda$executeRecursively$8(NodeTestTask.java:141)
10:34:25.750 [Thread-8] ERROR f.i.s.r.p.m.output.MavenErrorHandler - 	at org.junit.platform.engine.support.hierarchical.Node.around(Node.java:137)
10:34:25.750 [Thread-8] ERROR f.i.s.r.p.m.output.MavenErrorHandler - 	at org.junit.platform.engine.support.hierarchical.NodeTestTask.lambda$executeRecursively$9(NodeTestTask.java:139)
10:34:25.750 [Thread-8] ERROR f.i.s.r.p.m.output.MavenErrorHandler - 	at org.junit.platform.engine.support.hierarchical.ThrowableCollector.execute(ThrowableCollector.java:73)
10:34:25.750 [Thread-8] ERROR f.i.s.r.p.m.output.MavenErrorHandler - 	at org.junit.platform.engine.support.hierarchical.NodeTestTask.executeRecursively(NodeTestTask.java:138)
10:34:25.750 [Thread-8] ERROR f.i.s.r.p.m.output.MavenErrorHandler - 	at org.junit.platform.engine.support.hierarchical.NodeTestTask.execute(NodeTestTask.java:95)
10:34:25.750 [Thread-8] ERROR f.i.s.r.p.m.output.MavenErrorHandler - 	at java.base/java.util.ArrayList.forEach(ArrayList.java:1540)
10:34:25.750 [Thread-8] ERROR f.i.s.r.p.m.output.MavenErrorHandler - 	at org.junit.platform.engine.support.hierarchical.SameThreadHierarchicalTestExecutorService.invokeAll(SameThreadHierarchicalTestExecutorService.java:41)
10:34:25.750 [Thread-8] ERROR f.i.s.r.p.m.output.MavenErrorHandler - 	at org.junit.platform.engine.support.hierarchical.NodeTestTask.lambda$executeRecursively$6(NodeTestTask.java:155)
10:34:25.750 [Thread-8] ERROR f.i.s.r.p.m.output.MavenErrorHandler - 	at org.junit.platform.engine.support.hierarchical.ThrowableCollector.execute(ThrowableCollector.java:73)
10:34:25.750 [Thread-8] ERROR f.i.s.r.p.m.output.MavenErrorHandler - 	at org.junit.platform.engine.support.hierarchical.NodeTestTask.lambda$executeRecursively$8(NodeTestTask.java:141)
10:34:25.751 [Thread-8] ERROR f.i.s.r.p.m.output.MavenErrorHandler - 	at org.junit.platform.engine.support.hierarchical.Node.around(Node.java:137)
10:34:25.751 [Thread-8] ERROR f.i.s.r.p.m.output.MavenErrorHandler - 	at org.junit.platform.engine.support.hierarchical.NodeTestTask.lambda$executeRecursively$9(NodeTestTask.java:139)
10:34:25.751 [Thread-8] ERROR f.i.s.r.p.m.output.MavenErrorHandler - 	at org.junit.platform.engine.support.hierarchical.ThrowableCollector.execute(ThrowableCollector.java:73)
10:34:25.751 [Thread-8] ERROR f.i.s.r.p.m.output.MavenErrorHandler - 	at org.junit.platform.engine.support.hierarchical.NodeTestTask.executeRecursively(NodeTestTask.java:138)
10:34:25.751 [Thread-8] ERROR f.i.s.r.p.m.output.MavenErrorHandler - 	at org.junit.platform.engine.support.hierarchical.NodeTestTask.execute(NodeTestTask.java:95)
10:34:25.751 [Thread-8] ERROR f.i.s.r.p.m.output.MavenErrorHandler - 	at java.base/java.util.ArrayList.forEach(ArrayList.java:1540)
10:34:25.751 [Thread-8] ERROR f.i.s.r.p.m.output.MavenErrorHandler - 	at org.junit.platform.engine.support.hierarchical.SameThreadHierarchicalTestExecutorService.invokeAll(SameThreadHierarchicalTestExecutorService.java:41)
10:34:25.751 [Thread-8] ERROR f.i.s.r.p.m.output.MavenErrorHandler - 	at org.junit.platform.engine.support.hierarchical.NodeTestTask.lambda$executeRecursively$6(NodeTestTask.java:155)
10:34:25.751 [Thread-8] ERROR f.i.s.r.p.m.output.MavenErrorHandler - 	at org.junit.platform.engine.support.hierarchical.ThrowableCollector.execute(ThrowableCollector.java:73)
10:34:25.751 [Thread-8] ERROR f.i.s.r.p.m.output.MavenErrorHandler - 	at org.junit.platform.engine.support.hierarchical.NodeTestTask.lambda$executeRecursively$8(NodeTestTask.java:141)
10:34:25.751 [Thread-8] ERROR f.i.s.r.p.m.output.MavenErrorHandler - 	at org.junit.platform.engine.support.hierarchical.Node.around(Node.java:137)
10:34:25.751 [Thread-8] ERROR f.i.s.r.p.m.output.MavenErrorHandler - 	at org.junit.platform.engine.support.hierarchical.NodeTestTask.lambda$executeRecursively$9(NodeTestTask.java:139)
10:34:25.752 [Thread-8] ERROR f.i.s.r.p.m.output.MavenErrorHandler - 	at org.junit.platform.engine.support.hierarchical.ThrowableCollector.execute(ThrowableCollector.java:73)
10:34:25.752 [Thread-8] ERROR f.i.s.r.p.m.output.MavenErrorHandler - 	at org.junit.platform.engine.support.hierarchical.NodeTestTask.executeRecursively(NodeTestTask.java:138)
10:34:25.752 [Thread-8] ERROR f.i.s.r.p.m.output.MavenErrorHandler - 	at org.junit.platform.engine.support.hierarchical.NodeTestTask.execute(NodeTestTask.java:95)
10:34:25.752 [Thread-8] ERROR f.i.s.r.p.m.output.MavenErrorHandler - 	at org.junit.platform.engine.support.hierarchical.SameThreadHierarchicalTestExecutorService.submit(SameThreadHierarchicalTestExecutorService.java:35)
10:34:25.752 [Thread-8] ERROR f.i.s.r.p.m.output.MavenErrorHandler - 	at org.junit.platform.engine.support.hierarchical.HierarchicalTestExecutor.execute(HierarchicalTestExecutor.java:57)
10:34:25.752 [Thread-8] ERROR f.i.s.r.p.m.output.MavenErrorHandler - 	at org.junit.platform.engine.support.hierarchical.HierarchicalTestEngine.execute(HierarchicalTestEngine.java:54)
10:34:25.752 [Thread-8] ERROR f.i.s.r.p.m.output.MavenErrorHandler - 	at org.junit.platform.launcher.core.EngineExecutionOrchestrator.execute(EngineExecutionOrchestrator.java:107)
10:34:25.752 [Thread-8] ERROR f.i.s.r.p.m.output.MavenErrorHandler - 	at org.junit.platform.launcher.core.EngineExecutionOrchestrator.execute(EngineExecutionOrchestrator.java:88)
10:34:25.752 [Thread-8] ERROR f.i.s.r.p.m.output.MavenErrorHandler - 	at org.junit.platform.launcher.core.EngineExecutionOrchestrator.lambda$execute$0(EngineExecutionOrchestrator.java:54)
10:34:25.753 [Thread-8] ERROR f.i.s.r.p.m.output.MavenErrorHandler - 	at org.junit.platform.launcher.core.EngineExecutionOrchestrator.withInterceptedStreams(EngineExecutionOrchestrator.java:67)
10:34:25.753 [Thread-8] ERROR f.i.s.r.p.m.output.MavenErrorHandler - 	at org.junit.platform.launcher.core.EngineExecutionOrchestrator.execute(EngineExecutionOrchestrator.java:52)
10:34:25.753 [Thread-8] ERROR f.i.s.r.p.m.output.MavenErrorHandler - 	at org.junit.platform.launcher.core.DefaultLauncher.execute(DefaultLauncher.java:114)
10:34:25.753 [Thread-8] ERROR f.i.s.r.p.m.output.MavenErrorHandler - 	at org.junit.platform.launcher.core.DefaultLauncher.execute(DefaultLauncher.java:86)
10:34:25.753 [Thread-8] ERROR f.i.s.r.p.m.output.MavenErrorHandler - 	at org.junit.platform.launcher.core.DefaultLauncherSession$DelegatingLauncher.execute(DefaultLauncherSession.java:86)
10:34:25.753 [Thread-8] ERROR f.i.s.r.p.m.output.MavenErrorHandler - 	at org.junit.platform.launcher.core.SessionPerRequestLauncher.execute(SessionPerRequestLauncher.java:53)
10:34:25.753 [Thread-8] ERROR f.i.s.r.p.m.output.MavenErrorHandler - 	at org.apache.maven.surefire.junitplatform.JUnitPlatformProvider.execute(JUnitPlatformProvider.java:188)
10:34:25.753 [Thread-8] ERROR f.i.s.r.p.m.output.MavenErrorHandler - 	at org.apache.maven.surefire.junitplatform.JUnitPlatformProvider.invokeAllTests(JUnitPlatformProvider.java:154)
10:34:25.753 [Thread-8] ERROR f.i.s.r.p.m.output.MavenErrorHandler - 	at org.apache.maven.surefire.junitplatform.JUnitPlatformProvider.invoke(JUnitPlatformProvider.java:128)
10:34:25.753 [Thread-8] ERROR f.i.s.r.p.m.output.MavenErrorHandler - 	at org.apache.maven.surefire.booter.ForkedBooter.runSuitesInProcess(ForkedBooter.java:428)
10:34:25.753 [Thread-8] ERROR f.i.s.r.p.m.output.MavenErrorHandler - 	at org.apache.maven.surefire.booter.ForkedBooter.execute(ForkedBooter.java:162)
10:34:25.753 [Thread-8] ERROR f.i.s.r.p.m.output.MavenErrorHandler - 	at org.apache.maven.surefire.booter.ForkedBooter.run(ForkedBooter.java:562)
10:34:25.753 [Thread-8] ERROR f.i.s.r.p.m.output.MavenErrorHandler - 	at org.apache.maven.surefire.booter.ForkedBooter.main(ForkedBooter.java:548)
10:34:25.753 [Thread-8] ERROR f.i.s.r.p.m.output.MavenErrorHandler - 
10:34:25.965 [Thread-8] ERROR f.i.s.r.p.m.output.MavenErrorHandler - Apr 10, 2022 10:34:25 AM org.junit.jupiter.engine.descriptor.MethodBasedTestDescriptor lambda$invokeTestWatchers$3
10:34:25.966 [Thread-8] ERROR f.i.s.r.p.m.output.MavenErrorHandler - WARNING: Failed to invoke TestWatcher [spoon.test.GitHubIssue$UnresolvedBugExtension] for method [spoon.test.prettyprinter.TestSniperPrinter#testSniperDoesNotPrintTheDeletedAnnotation()] with display name [testSniperDoesNotPrintTheDeletedAnnotation()]
10:34:25.966 [Thread-8] ERROR f.i.s.r.p.m.output.MavenErrorHandler - org.opentest4j.AssertionFailedError: Method testSniperDoesNotPrintTheDeletedAnnotation must fail
10:34:25.966 [Thread-8] ERROR f.i.s.r.p.m.output.MavenErrorHandler - 	at org.junit.jupiter.api.AssertionUtils.fail(AssertionUtils.java:39)
10:34:25.966 [Thread-8] ERROR f.i.s.r.p.m.output.MavenErrorHandler - 	at org.junit.jupiter.api.Assertions.fail(Assertions.java:134)
10:34:25.966 [Thread-8] ERROR f.i.s.r.p.m.output.MavenErrorHandler - 	at spoon.test.GitHubIssue$UnresolvedBugExtension.testSuccessful(GitHubIssue.java:63)
10:34:25.966 [Thread-8] ERROR f.i.s.r.p.m.output.MavenErrorHandler - 	at org.junit.jupiter.engine.descriptor.TestMethodTestDescriptor.lambda$nodeFinished$15(TestMethodTestDescriptor.java:297)
10:34:25.966 [Thread-8] ERROR f.i.s.r.p.m.output.MavenErrorHandler - 	at org.junit.jupiter.engine.descriptor.MethodBasedTestDescriptor.lambda$invokeTestWatchers$3(MethodBasedTestDescriptor.java:134)
10:34:25.966 [Thread-8] ERROR f.i.s.r.p.m.output.MavenErrorHandler - 	at java.base/java.util.ArrayList.forEach(ArrayList.java:1540)
10:34:25.966 [Thread-8] ERROR f.i.s.r.p.m.output.MavenErrorHandler - 	at org.junit.jupiter.engine.descriptor.MethodBasedTestDescriptor.invokeTestWatchers(MethodBasedTestDescriptor.java:132)
10:34:25.966 [Thread-8] ERROR f.i.s.r.p.m.output.MavenErrorHandler - 	at org.junit.jupiter.engine.descriptor.TestMethodTestDescriptor.nodeFinished(TestMethodTestDescriptor.java:294)
10:34:25.966 [Thread-8] ERROR f.i.s.r.p.m.output.MavenErrorHandler - 	at org.junit.jupiter.engine.descriptor.TestMethodTestDescriptor.nodeFinished(TestMethodTestDescriptor.java:66)
10:34:25.966 [Thread-8] ERROR f.i.s.r.p.m.output.MavenErrorHandler - 	at org.junit.platform.engine.support.hierarchical.NodeTestTask.reportCompletion(NodeTestTask.java:188)
10:34:25.966 [Thread-8] ERROR f.i.s.r.p.m.output.MavenErrorHandler - 	at org.junit.platform.engine.support.hierarchical.NodeTestTask.execute(NodeTestTask.java:100)
10:34:25.966 [Thread-8] ERROR f.i.s.r.p.m.output.MavenErrorHandler - 	at java.base/java.util.ArrayList.forEach(ArrayList.java:1540)
10:34:25.966 [Thread-8] ERROR f.i.s.r.p.m.output.MavenErrorHandler - 	at org.junit.platform.engine.support.hierarchical.SameThreadHierarchicalTestExecutorService.invokeAll(SameThreadHierarchicalTestExecutorService.java:41)
10:34:25.966 [Thread-8] ERROR f.i.s.r.p.m.output.MavenErrorHandler - 	at org.junit.platform.engine.support.hierarchical.NodeTestTask.lambda$executeRecursively$6(NodeTestTask.java:155)
10:34:25.966 [Thread-8] ERROR f.i.s.r.p.m.output.MavenErrorHandler - 	at org.junit.platform.engine.support.hierarchical.ThrowableCollector.execute(ThrowableCollector.java:73)
10:34:25.967 [Thread-8] ERROR f.i.s.r.p.m.output.MavenErrorHandler - 	at org.junit.platform.engine.support.hierarchical.NodeTestTask.lambda$executeRecursively$8(NodeTestTask.java:141)
10:34:25.967 [Thread-8] ERROR f.i.s.r.p.m.output.MavenErrorHandler - 	at org.junit.platform.engine.support.hierarchical.Node.around(Node.java:137)
10:34:25.967 [Thread-8] ERROR f.i.s.r.p.m.output.MavenErrorHandler - 	at org.junit.platform.engine.support.hierarchical.NodeTestTask.lambda$executeRecursively$9(NodeTestTask.java:139)
10:34:25.967 [Thread-8] ERROR f.i.s.r.p.m.output.MavenErrorHandler - 	at org.junit.platform.engine.support.hierarchical.ThrowableCollector.execute(ThrowableCollector.java:73)
10:34:25.967 [Thread-8] ERROR f.i.s.r.p.m.output.MavenErrorHandler - 	at org.junit.platform.engine.support.hierarchical.NodeTestTask.executeRecursively(NodeTestTask.java:138)
10:34:25.967 [Thread-8] ERROR f.i.s.r.p.m.output.MavenErrorHandler - 	at org.junit.platform.engine.support.hierarchical.NodeTestTask.execute(NodeTestTask.java:95)
10:34:25.967 [Thread-8] ERROR f.i.s.r.p.m.output.MavenErrorHandler - 	at java.base/java.util.ArrayList.forEach(ArrayList.java:1540)
10:34:25.967 [Thread-8] ERROR f.i.s.r.p.m.output.MavenErrorHandler - 	at org.junit.platform.engine.support.hierarchical.SameThreadHierarchicalTestExecutorService.invokeAll(SameThreadHierarchicalTestExecutorService.java:41)
10:34:25.967 [Thread-8] ERROR f.i.s.r.p.m.output.MavenErrorHandler - 	at org.junit.platform.engine.support.hierarchical.NodeTestTask.lambda$executeRecursively$6(NodeTestTask.java:155)
10:34:25.967 [Thread-8] ERROR f.i.s.r.p.m.output.MavenErrorHandler - 	at org.junit.platform.engine.support.hierarchical.ThrowableCollector.execute(ThrowableCollector.java:73)
10:34:25.968 [Thread-8] ERROR f.i.s.r.p.m.output.MavenErrorHandler - 	at org.junit.platform.engine.support.hierarchical.NodeTestTask.lambda$executeRecursively$8(NodeTestTask.java:141)
10:34:25.968 [Thread-8] ERROR f.i.s.r.p.m.output.MavenErrorHandler - 	at org.junit.platform.engine.support.hierarchical.Node.around(Node.java:137)
10:34:25.968 [Thread-8] ERROR f.i.s.r.p.m.output.MavenErrorHandler - 	at org.junit.platform.engine.support.hierarchical.NodeTestTask.lambda$executeRecursively$9(NodeTestTask.java:139)
10:34:25.968 [Thread-8] ERROR f.i.s.r.p.m.output.MavenErrorHandler - 	at org.junit.platform.engine.support.hierarchical.ThrowableCollector.execute(ThrowableCollector.java:73)
10:34:25.968 [Thread-8] ERROR f.i.s.r.p.m.output.MavenErrorHandler - 	at org.junit.platform.engine.support.hierarchical.NodeTestTask.executeRecursively(NodeTestTask.java:138)
10:34:25.968 [Thread-8] ERROR f.i.s.r.p.m.output.MavenErrorHandler - 	at org.junit.platform.engine.support.hierarchical.NodeTestTask.execute(NodeTestTask.java:95)
10:34:25.968 [Thread-8] ERROR f.i.s.r.p.m.output.MavenErrorHandler - 	at org.junit.platform.engine.support.hierarchical.SameThreadHierarchicalTestExecutorService.submit(SameThreadHierarchicalTestExecutorService.java:35)
10:34:25.968 [Thread-8] ERROR f.i.s.r.p.m.output.MavenErrorHandler - 	at org.junit.platform.engine.support.hierarchical.HierarchicalTestExecutor.execute(HierarchicalTestExecutor.java:57)
10:34:25.968 [Thread-8] ERROR f.i.s.r.p.m.output.MavenErrorHandler - 	at org.junit.platform.engine.support.hierarchical.HierarchicalTestEngine.execute(HierarchicalTestEngine.java:54)
10:34:25.969 [Thread-8] ERROR f.i.s.r.p.m.output.MavenErrorHandler - 	at org.junit.platform.launcher.core.EngineExecutionOrchestrator.execute(EngineExecutionOrchestrator.java:107)
10:34:25.969 [Thread-8] ERROR f.i.s.r.p.m.output.MavenErrorHandler - 	at org.junit.platform.launcher.core.EngineExecutionOrchestrator.execute(EngineExecutionOrchestrator.java:88)
10:34:25.969 [Thread-8] ERROR f.i.s.r.p.m.output.MavenErrorHandler - 	at org.junit.platform.launcher.core.EngineExecutionOrchestrator.lambda$execute$0(EngineExecutionOrchestrator.java:54)
10:34:25.969 [Thread-8] ERROR f.i.s.r.p.m.output.MavenErrorHandler - 	at org.junit.platform.launcher.core.EngineExecutionOrchestrator.withInterceptedStreams(EngineExecutionOrchestrator.java:67)
10:34:25.969 [Thread-8] ERROR f.i.s.r.p.m.output.MavenErrorHandler - 	at org.junit.platform.launcher.core.EngineExecutionOrchestrator.execute(EngineExecutionOrchestrator.java:52)
10:34:25.969 [Thread-8] ERROR f.i.s.r.p.m.output.MavenErrorHandler - 	at org.junit.platform.launcher.core.DefaultLauncher.execute(DefaultLauncher.java:114)
10:34:25.969 [Thread-8] ERROR f.i.s.r.p.m.output.MavenErrorHandler - 	at org.junit.platform.launcher.core.DefaultLauncher.execute(DefaultLauncher.java:86)
10:34:25.969 [Thread-8] ERROR f.i.s.r.p.m.output.MavenErrorHandler - 	at org.junit.platform.launcher.core.DefaultLauncherSession$DelegatingLauncher.execute(DefaultLauncherSession.java:86)
10:34:25.969 [Thread-8] ERROR f.i.s.r.p.m.output.MavenErrorHandler - 	at org.junit.platform.launcher.core.SessionPerRequestLauncher.execute(SessionPerRequestLauncher.java:53)
10:34:25.969 [Thread-8] ERROR f.i.s.r.p.m.output.MavenErrorHandler - 	at org.apache.maven.surefire.junitplatform.JUnitPlatformProvider.execute(JUnitPlatformProvider.java:188)
10:34:25.969 [Thread-8] ERROR f.i.s.r.p.m.output.MavenErrorHandler - 	at org.apache.maven.surefire.junitplatform.JUnitPlatformProvider.invokeAllTests(JUnitPlatformProvider.java:154)
10:34:25.969 [Thread-8] ERROR f.i.s.r.p.m.output.MavenErrorHandler - 	at org.apache.maven.surefire.junitplatform.JUnitPlatformProvider.invoke(JUnitPlatformProvider.java:128)
10:34:25.969 [Thread-8] ERROR f.i.s.r.p.m.output.MavenErrorHandler - 	at org.apache.maven.surefire.booter.ForkedBooter.runSuitesInProcess(ForkedBooter.java:428)
10:34:25.969 [Thread-8] ERROR f.i.s.r.p.m.output.MavenErrorHandler - 	at org.apache.maven.surefire.booter.ForkedBooter.execute(ForkedBooter.java:162)
10:34:25.969 [Thread-8] ERROR f.i.s.r.p.m.output.MavenErrorHandler - 	at org.apache.maven.surefire.booter.ForkedBooter.run(ForkedBooter.java:562)
10:34:25.969 [Thread-8] ERROR f.i.s.r.p.m.output.MavenErrorHandler - 	at org.apache.maven.surefire.booter.ForkedBooter.main(ForkedBooter.java:548)
10:34:25.969 [Thread-8] ERROR f.i.s.r.p.m.output.MavenErrorHandler - 
10:35:02.110 [main] INFO  f.i.s.r.p.s.paths.ComputeSourceDir - 1 source dir was found:
10:35:02.111 [main] INFO  f.i.s.r.p.s.paths.ComputeSourceDir - /root/workspace/INRIA-spoon-master-4671_repo/src/main/java
10:35:02.163 [main] INFO  f.i.s.r.p.step.paths.ComputeTestDir - It seems the step is entering in a loop while searching the test dir. The following file has already been visited: /root/workspace/INRIA-spoon-master-4671_repo/pom.xml
10:35:02.163 [main] INFO  f.i.s.r.p.step.paths.ComputeTestDir - 1 test dir was found:
10:35:02.163 [main] INFO  f.i.s.r.p.step.paths.ComputeTestDir - /root/workspace/INRIA-spoon-master-4671_repo/src/test/java
10:35:02.424 [main] INFO  f.i.s.r.p.s.g.GatherTestInformation - ---Test results---
10:35:02.424 [main] INFO  f.i.s.r.p.s.g.GatherTestInformation -    Total tests: 2154
10:35:02.424 [main] INFO  f.i.s.r.p.s.g.GatherTestInformation -    Tests run: 2141
10:35:02.424 [main] INFO  f.i.s.r.p.s.g.GatherTestInformation -    Tests passing: 2141
10:35:02.424 [main] INFO  f.i.s.r.p.s.g.GatherTestInformation -    Failures: 0
10:35:02.424 [main] INFO  f.i.s.r.p.s.g.GatherTestInformation -    Errors: 0
10:35:02.424 [main] INFO  f.i.s.r.p.s.g.GatherTestInformation -    Skipped: 13
10:35:02.425 [main] INFO  f.i.s.r.p.s.g.GatherTestInformation - 
10:35:03.130 [main] INFO  f.i.s.r.p.i.ProjectInspector - ----------------------------------------------------------------------
10:35:03.130 [main] INFO  f.i.s.r.p.i.ProjectInspector - PIPELINE EXECUTION SUMMARY
10:35:03.130 [main] INFO  f.i.s.r.p.i.ProjectInspector - ----------------------------------------------------------------------
10:35:03.130 [main] INFO  f.i.s.r.p.i.ProjectInspector - CloneCheckoutGitPullRequest..........................SUCCESS [   8 s ]
10:35:03.130 [main] INFO  f.i.s.r.p.i.ProjectInspector - BuildProject.........................................SUCCESS [  64 s ]
10:35:03.130 [main] INFO  f.i.s.r.p.i.ProjectInspector - TestProject..........................................SUCCESS [ 217 s ]
10:35:03.130 [main] INFO  f.i.s.r.p.i.ProjectInspector - ComputeClasspath.....................................SUCCESS [   4 s ]
10:35:03.130 [main] INFO  f.i.s.r.p.i.ProjectInspector - ComputeSourceDir.....................................SUCCESS [   0 s ]
10:35:03.130 [main] INFO  f.i.s.r.p.i.ProjectInspector - ComputeTestDir.......................................SUCCESS [   0 s ]
10:35:03.130 [main] INFO  f.i.s.r.p.i.ProjectInspector - GatherTestInformation................................FAILURE [   0 s ]
10:35:03.130 [main] INFO  f.i.s.r.p.i.ProjectInspector - FlacocoLocalization..................................NOT RUN          
10:35:03.130 [main] INFO  f.i.s.r.p.i.ProjectInspector - PushFaultLocalizationSuggestionsOnGitHubRepository...NOT RUN          
10:35:03.132 [main] INFO  f.i.s.r.p.i.ProjectInspector - ----------------------------------------------------------------------
10:35:03.132 [main] INFO  f.i.s.r.p.i.ProjectInspector - PIPELINE FINDING: NOTFAILING
10:35:03.132 [main] INFO  f.i.s.r.p.i.ProjectInspector - ----------------------------------------------------------------------
10:35:03.132 [main] INFO  f.i.s.r.p.github.GithubMainProcess - Inspector is finished. The process will exit now.
