Execute pipeline with following supplementary args: --smtpPort 25 --listenerMode NOOP --launcherMode FAULT_LOCALIZATION  --gitrepourl https://github.com/apache/pinot --gitrepopullrequest 8434
java -cp /usr/local/openjdk-11/lib/tools.jar:repairnator-pipeline.jar -Dlogback.configurationFile=/root/logback.xml fr.inria.spirals.repairnator.pipeline.Launcher -d --runId null -o /var/log --ghOauth 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 --faultLocalization --flacocoThreshold 0.0 --flacocoTopK null --flacocoResultsRepository flacocobot/2022-flacocobot-experiment --ghOauth  --smtpPort 25 --listenerMode NOOP --launcherMode FAULT_LOCALIZATION  --gitrepourl https://github.com/apache/pinot --gitrepopullrequest 8434

20:20:06.738 [main] INFO  f.i.s.r.p.g.GithubInitSerializerEngines - Initialize file serializer engines.
20:20:06.740 [main] INFO  f.i.s.r.p.g.GithubInitSerializerEngines - MongoDB won't be used for serialization.
20:20:06.740 [main] INFO  f.i.s.r.p.github.GithubInitNotifiers - The email notifier engine won't be used.
20:20:06.755 [main] INFO  f.i.s.r.p.i.ProjectInspector - ----------------------------------------------------------------------
20:20:06.755 [main] INFO  f.i.s.r.p.i.ProjectInspector - PIPELINE STEPS
20:20:06.755 [main] INFO  f.i.s.r.p.i.ProjectInspector - ----------------------------------------------------------------------
20:20:06.755 [main] INFO  f.i.s.r.p.i.ProjectInspector - CloneCheckoutGitPullRequest
20:20:06.755 [main] INFO  f.i.s.r.p.i.ProjectInspector - BuildProject
20:20:06.755 [main] INFO  f.i.s.r.p.i.ProjectInspector - TestProject
20:20:06.755 [main] INFO  f.i.s.r.p.i.ProjectInspector - ComputeClasspath
20:20:06.755 [main] INFO  f.i.s.r.p.i.ProjectInspector - ComputeSourceDir
20:20:06.755 [main] INFO  f.i.s.r.p.i.ProjectInspector - ComputeTestDir
20:20:06.755 [main] INFO  f.i.s.r.p.i.ProjectInspector - GatherTestInformation
20:20:06.755 [main] INFO  f.i.s.r.p.i.ProjectInspector - FlacocoLocalization
20:20:06.755 [main] INFO  f.i.s.r.p.i.ProjectInspector - PushFaultLocalizationSuggestionsOnGitHubRepository
20:20:06.755 [main] INFO  f.i.s.r.p.s.CloneCheckoutGitPullRequest - Cloning repository https://github.com/apache/pinot.git in the following directory: ./workspace/apache-pinot-master-8434_repo
20:20:55.236 [Thread-5] ERROR f.i.s.r.p.m.output.MavenErrorHandler - Warning: Lookahead adequacy checking not being performed since option LOOKAHEAD is more than 1.  Set option FORCE_LA_CHECK to true to force checking.
20:22:02.258 [Thread-4] ERROR f.i.s.r.p.m.o.MavenFilterOutputHandler - [ERROR] Failed to execute goal com.diffplug.spotless:spotless-maven-plugin:2.9.0:check (default) on project pinot-controller: The following files had format violations:
20:22:02.258 [Thread-4] ERROR f.i.s.r.p.m.o.MavenFilterOutputHandler - [ERROR]     src/main/java/org/apache/pinot/controller/helix/core/assignment/instance/InstanceReplicaGroupPartitionSelector.java
20:22:02.258 [Thread-4] ERROR f.i.s.r.p.m.o.MavenFilterOutputHandler - [ERROR]         @@ -30,7 +30,6 @@
20:22:02.258 [Thread-4] ERROR f.i.s.r.p.m.o.MavenFilterOutputHandler - [ERROR]          import·java.util.Map;
20:22:02.258 [Thread-4] ERROR f.i.s.r.p.m.o.MavenFilterOutputHandler - [ERROR]          import·java.util.Set;
20:22:02.258 [Thread-4] ERROR f.i.s.r.p.m.o.MavenFilterOutputHandler - [ERROR]          import·java.util.TreeMap;
20:22:02.258 [Thread-4] ERROR f.i.s.r.p.m.o.MavenFilterOutputHandler - [ERROR]         -import·javax.annotation.Nullable;
20:22:02.258 [Thread-4] ERROR f.i.s.r.p.m.o.MavenFilterOutputHandler - [ERROR]          import·org.apache.helix.model.InstanceConfig;
20:22:02.259 [Thread-4] ERROR f.i.s.r.p.m.o.MavenFilterOutputHandler - [ERROR]          import·org.apache.pinot.common.assignment.InstancePartitions;
20:22:02.259 [Thread-4] ERROR f.i.s.r.p.m.o.MavenFilterOutputHandler - [ERROR]          import·org.apache.pinot.spi.config.table.assignment.InstanceReplicaGroupPartitionConfig;
20:22:02.259 [Thread-4] ERROR f.i.s.r.p.m.o.MavenFilterOutputHandler - [ERROR] Run 'mvn spotless:apply' to fix these violations.
20:22:02.259 [Thread-4] ERROR f.i.s.r.p.m.o.MavenFilterOutputHandler - [ERROR] -> [Help 1]
20:22:02.262 [Thread-4] ERROR f.i.s.r.p.m.o.MavenFilterOutputHandler - [ERROR] 
20:22:02.262 [Thread-4] ERROR f.i.s.r.p.m.o.MavenFilterOutputHandler - [ERROR] Re-run Maven using the -X switch to enable full debug logging.
20:22:02.262 [Thread-4] ERROR f.i.s.r.p.m.o.MavenFilterOutputHandler - [ERROR] 
20:22:02.262 [Thread-4] ERROR f.i.s.r.p.m.o.MavenFilterOutputHandler - [ERROR] For more information about the errors and possible solutions, please read the following articles:
20:22:02.262 [Thread-4] ERROR f.i.s.r.p.m.o.MavenFilterOutputHandler - [ERROR] [Help 1] http://cwiki.apache.org/confluence/display/MAVEN/MojoExecutionException
20:22:02.262 [Thread-4] ERROR f.i.s.r.p.m.o.MavenFilterOutputHandler - [ERROR] 
20:22:02.262 [Thread-4] ERROR f.i.s.r.p.m.o.MavenFilterOutputHandler - [ERROR] After correcting the problems, you can resume the build with the command
20:22:02.262 [Thread-4] ERROR f.i.s.r.p.m.o.MavenFilterOutputHandler - [ERROR]   mvn <goals> -rf :pinot-controller
20:22:03.202 [main] ERROR f.i.s.r.process.step.BuildProject - Repository apache/pinot cannot be built.
20:22:03.204 [main] INFO  f.i.s.r.process.step.BuildProject - 
20:22:04.421 [main] INFO  f.i.s.r.p.i.ProjectInspector - ----------------------------------------------------------------------
20:22:04.421 [main] INFO  f.i.s.r.p.i.ProjectInspector - PIPELINE EXECUTION SUMMARY
20:22:04.421 [main] INFO  f.i.s.r.p.i.ProjectInspector - ----------------------------------------------------------------------
20:22:04.421 [main] INFO  f.i.s.r.p.i.ProjectInspector - CloneCheckoutGitPullRequest...........................SUCCESS [ 20 s ]
20:22:04.421 [main] INFO  f.i.s.r.p.i.ProjectInspector - BuildProject..........................................FAILURE [ 96 s ]
20:22:04.421 [main] INFO  f.i.s.r.p.i.ProjectInspector - TestProject...........................................NOT RUN         
20:22:04.421 [main] INFO  f.i.s.r.p.i.ProjectInspector - ComputeClasspath......................................NOT RUN         
20:22:04.421 [main] INFO  f.i.s.r.p.i.ProjectInspector - ComputeSourceDir......................................NOT RUN         
20:22:04.421 [main] INFO  f.i.s.r.p.i.ProjectInspector - ComputeTestDir........................................NOT RUN         
20:22:04.422 [main] INFO  f.i.s.r.p.i.ProjectInspector - GatherTestInformation.................................NOT RUN         
20:22:04.422 [main] INFO  f.i.s.r.p.i.ProjectInspector - FlacocoLocalization...................................NOT RUN         
20:22:04.422 [main] INFO  f.i.s.r.p.i.ProjectInspector - PushFaultLocalizationSuggestionsOnGitHubRepository....NOT RUN         
20:22:04.422 [main] INFO  f.i.s.r.p.i.ProjectInspector - ----------------------------------------------------------------------
20:22:04.422 [main] INFO  f.i.s.r.p.i.ProjectInspector - PIPELINE FINDING: NOTBUILDABLE
20:22:04.422 [main] INFO  f.i.s.r.p.i.ProjectInspector - ----------------------------------------------------------------------
20:22:04.422 [main] INFO  f.i.s.r.p.github.GithubMainProcess - Inspector is finished. The process will exit now.
