Execute pipeline with following supplementary args: --smtpPort 25 --listenerMode NOOP --launcherMode FAULT_LOCALIZATION  --gitrepourl https://github.com/apache/pinot --gitrepopullrequest 8472
java -cp /usr/local/openjdk-11/lib/tools.jar:repairnator-pipeline.jar -Dlogback.configurationFile=/root/logback.xml fr.inria.spirals.repairnator.pipeline.Launcher -d --runId null -o /var/log --ghOauth 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 --faultLocalization --flacocoThreshold 0.0 --flacocoTopK null --flacocoResultsRepository flacocobot/2022-flacocobot-experiment --ghOauth  --smtpPort 25 --listenerMode NOOP --launcherMode FAULT_LOCALIZATION  --gitrepourl https://github.com/apache/pinot --gitrepopullrequest 8472

19:26:27.896 [main] INFO  f.i.s.r.p.g.GithubInitSerializerEngines - Initialize file serializer engines.
19:26:27.899 [main] INFO  f.i.s.r.p.g.GithubInitSerializerEngines - MongoDB won't be used for serialization.
19:26:27.899 [main] INFO  f.i.s.r.p.github.GithubInitNotifiers - The email notifier engine won't be used.
19:26:27.918 [main] INFO  f.i.s.r.p.i.ProjectInspector - ----------------------------------------------------------------------
19:26:27.919 [main] INFO  f.i.s.r.p.i.ProjectInspector - PIPELINE STEPS
19:26:27.919 [main] INFO  f.i.s.r.p.i.ProjectInspector - ----------------------------------------------------------------------
19:26:27.919 [main] INFO  f.i.s.r.p.i.ProjectInspector - CloneCheckoutGitPullRequest
19:26:27.919 [main] INFO  f.i.s.r.p.i.ProjectInspector - BuildProject
19:26:27.919 [main] INFO  f.i.s.r.p.i.ProjectInspector - TestProject
19:26:27.919 [main] INFO  f.i.s.r.p.i.ProjectInspector - ComputeClasspath
19:26:27.919 [main] INFO  f.i.s.r.p.i.ProjectInspector - ComputeSourceDir
19:26:27.919 [main] INFO  f.i.s.r.p.i.ProjectInspector - ComputeTestDir
19:26:27.919 [main] INFO  f.i.s.r.p.i.ProjectInspector - GatherTestInformation
19:26:27.919 [main] INFO  f.i.s.r.p.i.ProjectInspector - FlacocoLocalization
19:26:27.919 [main] INFO  f.i.s.r.p.i.ProjectInspector - PushFaultLocalizationSuggestionsOnGitHubRepository
19:26:27.919 [main] INFO  f.i.s.r.p.s.CloneCheckoutGitPullRequest - Cloning repository https://github.com/apache/pinot.git in the following directory: ./workspace/apache-pinot-master-8472_repo
19:27:04.441 [Thread-4] ERROR f.i.s.r.p.m.o.MavenFilterOutputHandler - [ERROR] Failed to execute goal on project pinot-spi: Could not resolve dependencies for project org.apache.pinot:pinot-spi:jar:0.11.0-SNAPSHOT: The following artifacts could not be resolved: com.fasterxml.jackson.core:jackson-annotations:jar:2.12.6.1, com.fasterxml.jackson.core:jackson-core:jar:2.12.6.1: Could not find artifact com.fasterxml.jackson.core:jackson-annotations:jar:2.12.6.1 in central (https://repo.maven.apache.org/maven2) -> [Help 1]
19:27:04.448 [Thread-4] ERROR f.i.s.r.p.m.o.MavenFilterOutputHandler - [ERROR] 
19:27:04.449 [Thread-4] ERROR f.i.s.r.p.m.o.MavenFilterOutputHandler - [ERROR] Re-run Maven using the -X switch to enable full debug logging.
19:27:04.449 [Thread-4] ERROR f.i.s.r.p.m.o.MavenFilterOutputHandler - [ERROR] 
19:27:04.449 [Thread-4] ERROR f.i.s.r.p.m.o.MavenFilterOutputHandler - [ERROR] For more information about the errors and possible solutions, please read the following articles:
19:27:04.449 [Thread-4] ERROR f.i.s.r.p.m.o.MavenFilterOutputHandler - [ERROR] [Help 1] http://cwiki.apache.org/confluence/display/MAVEN/DependencyResolutionException
19:27:04.449 [Thread-4] ERROR f.i.s.r.p.m.o.MavenFilterOutputHandler - [ERROR] 
19:27:04.449 [Thread-4] ERROR f.i.s.r.p.m.o.MavenFilterOutputHandler - [ERROR] After correcting the problems, you can resume the build with the command
19:27:04.449 [Thread-4] ERROR f.i.s.r.p.m.o.MavenFilterOutputHandler - [ERROR]   mvn <goals> -rf :pinot-spi
19:27:05.289 [main] ERROR f.i.s.r.process.step.BuildProject - Repository apache/pinot cannot be built.
19:27:05.289 [main] INFO  f.i.s.r.process.step.BuildProject - 
19:27:05.706 [main] INFO  f.i.s.r.p.i.ProjectInspector - ----------------------------------------------------------------------
19:27:05.707 [main] INFO  f.i.s.r.p.i.ProjectInspector - PIPELINE EXECUTION SUMMARY
19:27:05.707 [main] INFO  f.i.s.r.p.i.ProjectInspector - ----------------------------------------------------------------------
19:27:05.707 [main] INFO  f.i.s.r.p.i.ProjectInspector - CloneCheckoutGitPullRequest...........................SUCCESS [ 26 s ]
19:27:05.707 [main] INFO  f.i.s.r.p.i.ProjectInspector - BuildProject..........................................FAILURE [ 11 s ]
19:27:05.707 [main] INFO  f.i.s.r.p.i.ProjectInspector - TestProject...........................................NOT RUN         
19:27:05.707 [main] INFO  f.i.s.r.p.i.ProjectInspector - ComputeClasspath......................................NOT RUN         
19:27:05.707 [main] INFO  f.i.s.r.p.i.ProjectInspector - ComputeSourceDir......................................NOT RUN         
19:27:05.707 [main] INFO  f.i.s.r.p.i.ProjectInspector - ComputeTestDir........................................NOT RUN         
19:27:05.707 [main] INFO  f.i.s.r.p.i.ProjectInspector - GatherTestInformation.................................NOT RUN         
19:27:05.707 [main] INFO  f.i.s.r.p.i.ProjectInspector - FlacocoLocalization...................................NOT RUN         
19:27:05.707 [main] INFO  f.i.s.r.p.i.ProjectInspector - PushFaultLocalizationSuggestionsOnGitHubRepository....NOT RUN         
19:27:05.708 [main] INFO  f.i.s.r.p.i.ProjectInspector - ----------------------------------------------------------------------
19:27:05.708 [main] INFO  f.i.s.r.p.i.ProjectInspector - PIPELINE FINDING: NOTBUILDABLE
19:27:05.708 [main] INFO  f.i.s.r.p.i.ProjectInspector - ----------------------------------------------------------------------
19:27:05.708 [main] INFO  f.i.s.r.p.github.GithubMainProcess - Inspector is finished. The process will exit now.
