Execute pipeline with following supplementary args: --smtpPort 25 --listenerMode NOOP --launcherMode FAULT_LOCALIZATION  --gitrepourl https://github.com/apache/pinot --gitrepopullrequest 8499
java -cp /usr/local/openjdk-11/lib/tools.jar:repairnator-pipeline.jar -Dlogback.configurationFile=/root/logback.xml fr.inria.spirals.repairnator.pipeline.Launcher -d --runId null -o /var/log --ghOauth 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 --faultLocalization --flacocoThreshold 0.0 --flacocoTopK null --flacocoResultsRepository flacocobot/2022-flacocobot-experiment --ghOauth  --smtpPort 25 --listenerMode NOOP --launcherMode FAULT_LOCALIZATION  --gitrepourl https://github.com/apache/pinot --gitrepopullrequest 8499

10:30:40.143 [main] INFO  f.i.s.r.p.g.GithubInitSerializerEngines - Initialize file serializer engines.
10:30:40.144 [main] INFO  f.i.s.r.p.g.GithubInitSerializerEngines - MongoDB won't be used for serialization.
10:30:40.145 [main] INFO  f.i.s.r.p.github.GithubInitNotifiers - The email notifier engine won't be used.
10:30:40.160 [main] INFO  f.i.s.r.p.i.ProjectInspector - ----------------------------------------------------------------------
10:30:40.160 [main] INFO  f.i.s.r.p.i.ProjectInspector - PIPELINE STEPS
10:30:40.160 [main] INFO  f.i.s.r.p.i.ProjectInspector - ----------------------------------------------------------------------
10:30:40.160 [main] INFO  f.i.s.r.p.i.ProjectInspector - CloneCheckoutGitPullRequest
10:30:40.160 [main] INFO  f.i.s.r.p.i.ProjectInspector - BuildProject
10:30:40.160 [main] INFO  f.i.s.r.p.i.ProjectInspector - TestProject
10:30:40.160 [main] INFO  f.i.s.r.p.i.ProjectInspector - ComputeClasspath
10:30:40.160 [main] INFO  f.i.s.r.p.i.ProjectInspector - ComputeSourceDir
10:30:40.160 [main] INFO  f.i.s.r.p.i.ProjectInspector - ComputeTestDir
10:30:40.160 [main] INFO  f.i.s.r.p.i.ProjectInspector - GatherTestInformation
10:30:40.160 [main] INFO  f.i.s.r.p.i.ProjectInspector - FlacocoLocalization
10:30:40.160 [main] INFO  f.i.s.r.p.i.ProjectInspector - PushFaultLocalizationSuggestionsOnGitHubRepository
10:30:40.160 [main] INFO  f.i.s.r.p.s.CloneCheckoutGitPullRequest - Cloning repository https://github.com/apache/pinot.git in the following directory: ./workspace/apache-pinot-master-8499_repo
10:31:53.367 [Thread-4] ERROR f.i.s.r.p.m.o.MavenFilterOutputHandler - [ERROR] Failed to execute goal com.diffplug.spotless:spotless-maven-plugin:2.9.0:check (default) on project pinot-common: The following files had format violations:
10:31:53.368 [Thread-4] ERROR f.i.s.r.p.m.o.MavenFilterOutputHandler - [ERROR]     src/main/java/org/apache/pinot/common/utils/DataSchema.java
10:31:53.368 [Thread-4] ERROR f.i.s.r.p.m.o.MavenFilterOutputHandler - [ERROR]         @@ -22,9 +22,7 @@
10:31:53.368 [Thread-4] ERROR f.i.s.r.p.m.o.MavenFilterOutputHandler - [ERROR]          import·com.fasterxml.jackson.annotation.JsonIgnore;
10:31:53.368 [Thread-4] ERROR f.i.s.r.p.m.o.MavenFilterOutputHandler - [ERROR]          import·com.fasterxml.jackson.annotation.JsonProperty;
10:31:53.368 [Thread-4] ERROR f.i.s.r.p.m.o.MavenFilterOutputHandler - [ERROR]          import·com.fasterxml.jackson.annotation.JsonPropertyOrder;
10:31:53.368 [Thread-4] ERROR f.i.s.r.p.m.o.MavenFilterOutputHandler - [ERROR]         -import·java.io.ByteArrayInputStream;
10:31:53.368 [Thread-4] ERROR f.i.s.r.p.m.o.MavenFilterOutputHandler - [ERROR]          import·java.io.ByteArrayOutputStream;
10:31:53.368 [Thread-4] ERROR f.i.s.r.p.m.o.MavenFilterOutputHandler - [ERROR]         -import·java.io.DataInputStream;
10:31:53.368 [Thread-4] ERROR f.i.s.r.p.m.o.MavenFilterOutputHandler - [ERROR]          import·java.io.DataOutputStream;
10:31:53.368 [Thread-4] ERROR f.i.s.r.p.m.o.MavenFilterOutputHandler - [ERROR]          import·java.io.IOException;
10:31:53.368 [Thread-4] ERROR f.i.s.r.p.m.o.MavenFilterOutputHandler - [ERROR]          import·java.io.Serializable;
10:31:53.368 [Thread-4] ERROR f.i.s.r.p.m.o.MavenFilterOutputHandler - [ERROR] Run 'mvn spotless:apply' to fix these violations.
10:31:53.368 [Thread-4] ERROR f.i.s.r.p.m.o.MavenFilterOutputHandler - [ERROR] -> [Help 1]
10:31:53.374 [Thread-4] ERROR f.i.s.r.p.m.o.MavenFilterOutputHandler - [ERROR] 
10:31:53.375 [Thread-4] ERROR f.i.s.r.p.m.o.MavenFilterOutputHandler - [ERROR] Re-run Maven using the -X switch to enable full debug logging.
10:31:53.375 [Thread-4] ERROR f.i.s.r.p.m.o.MavenFilterOutputHandler - [ERROR] 
10:31:53.375 [Thread-4] ERROR f.i.s.r.p.m.o.MavenFilterOutputHandler - [ERROR] For more information about the errors and possible solutions, please read the following articles:
10:31:53.375 [Thread-4] ERROR f.i.s.r.p.m.o.MavenFilterOutputHandler - [ERROR] [Help 1] http://cwiki.apache.org/confluence/display/MAVEN/MojoExecutionException
10:31:53.375 [Thread-4] ERROR f.i.s.r.p.m.o.MavenFilterOutputHandler - [ERROR] 
10:31:53.375 [Thread-4] ERROR f.i.s.r.p.m.o.MavenFilterOutputHandler - [ERROR] After correcting the problems, you can resume the build with the command
10:31:53.375 [Thread-4] ERROR f.i.s.r.p.m.o.MavenFilterOutputHandler - [ERROR]   mvn <goals> -rf :pinot-common
10:31:54.306 [main] ERROR f.i.s.r.process.step.BuildProject - Repository apache/pinot cannot be built.
10:31:54.306 [main] INFO  f.i.s.r.process.step.BuildProject - 
10:31:54.780 [main] INFO  f.i.s.r.p.i.ProjectInspector - ----------------------------------------------------------------------
10:31:54.780 [main] INFO  f.i.s.r.p.i.ProjectInspector - PIPELINE EXECUTION SUMMARY
10:31:54.780 [main] INFO  f.i.s.r.p.i.ProjectInspector - ----------------------------------------------------------------------
10:31:54.780 [main] INFO  f.i.s.r.p.i.ProjectInspector - CloneCheckoutGitPullRequest...........................SUCCESS [ 29 s ]
10:31:54.780 [main] INFO  f.i.s.r.p.i.ProjectInspector - BuildProject..........................................FAILURE [ 45 s ]
10:31:54.780 [main] INFO  f.i.s.r.p.i.ProjectInspector - TestProject...........................................NOT RUN         
10:31:54.780 [main] INFO  f.i.s.r.p.i.ProjectInspector - ComputeClasspath......................................NOT RUN         
10:31:54.780 [main] INFO  f.i.s.r.p.i.ProjectInspector - ComputeSourceDir......................................NOT RUN         
10:31:54.780 [main] INFO  f.i.s.r.p.i.ProjectInspector - ComputeTestDir........................................NOT RUN         
10:31:54.780 [main] INFO  f.i.s.r.p.i.ProjectInspector - GatherTestInformation.................................NOT RUN         
10:31:54.780 [main] INFO  f.i.s.r.p.i.ProjectInspector - FlacocoLocalization...................................NOT RUN         
10:31:54.780 [main] INFO  f.i.s.r.p.i.ProjectInspector - PushFaultLocalizationSuggestionsOnGitHubRepository....NOT RUN         
10:31:54.781 [main] INFO  f.i.s.r.p.i.ProjectInspector - ----------------------------------------------------------------------
10:31:54.781 [main] INFO  f.i.s.r.p.i.ProjectInspector - PIPELINE FINDING: NOTBUILDABLE
10:31:54.781 [main] INFO  f.i.s.r.p.i.ProjectInspector - ----------------------------------------------------------------------
10:31:54.781 [main] INFO  f.i.s.r.p.github.GithubMainProcess - Inspector is finished. The process will exit now.
