Execute pipeline with following supplementary args: --smtpPort 25 --listenerMode NOOP --launcherMode FAULT_LOCALIZATION  --gitrepourl https://github.com/apache/pinot --gitrepopullrequest 8467
java -cp /usr/local/openjdk-11/lib/tools.jar:repairnator-pipeline.jar -Dlogback.configurationFile=/root/logback.xml fr.inria.spirals.repairnator.pipeline.Launcher -d --runId null -o /var/log --ghOauth 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 --faultLocalization --flacocoThreshold 0.0 --flacocoTopK null --flacocoResultsRepository flacocobot/2022-flacocobot-experiment --ghOauth  --smtpPort 25 --listenerMode NOOP --launcherMode FAULT_LOCALIZATION  --gitrepourl https://github.com/apache/pinot --gitrepopullrequest 8467

17:05:27.494 [main] INFO  f.i.s.r.p.g.GithubInitSerializerEngines - Initialize file serializer engines.
17:05:27.496 [main] INFO  f.i.s.r.p.g.GithubInitSerializerEngines - MongoDB won't be used for serialization.
17:05:27.496 [main] INFO  f.i.s.r.p.github.GithubInitNotifiers - The email notifier engine won't be used.
17:05:27.512 [main] INFO  f.i.s.r.p.i.ProjectInspector - ----------------------------------------------------------------------
17:05:27.512 [main] INFO  f.i.s.r.p.i.ProjectInspector - PIPELINE STEPS
17:05:27.512 [main] INFO  f.i.s.r.p.i.ProjectInspector - ----------------------------------------------------------------------
17:05:27.512 [main] INFO  f.i.s.r.p.i.ProjectInspector - CloneCheckoutGitPullRequest
17:05:27.512 [main] INFO  f.i.s.r.p.i.ProjectInspector - BuildProject
17:05:27.512 [main] INFO  f.i.s.r.p.i.ProjectInspector - TestProject
17:05:27.512 [main] INFO  f.i.s.r.p.i.ProjectInspector - ComputeClasspath
17:05:27.513 [main] INFO  f.i.s.r.p.i.ProjectInspector - ComputeSourceDir
17:05:27.513 [main] INFO  f.i.s.r.p.i.ProjectInspector - ComputeTestDir
17:05:27.513 [main] INFO  f.i.s.r.p.i.ProjectInspector - GatherTestInformation
17:05:27.513 [main] INFO  f.i.s.r.p.i.ProjectInspector - FlacocoLocalization
17:05:27.513 [main] INFO  f.i.s.r.p.i.ProjectInspector - PushFaultLocalizationSuggestionsOnGitHubRepository
17:05:27.513 [main] INFO  f.i.s.r.p.s.CloneCheckoutGitPullRequest - Cloning repository https://github.com/apache/pinot.git in the following directory: ./workspace/apache-pinot-master-8467_repo
17:06:19.444 [Thread-5] ERROR f.i.s.r.p.m.output.MavenErrorHandler - Warning: Lookahead adequacy checking not being performed since option LOOKAHEAD is more than 1.  Set option FORCE_LA_CHECK to true to force checking.
17:07:43.035 [Thread-4] ERROR f.i.s.r.p.m.o.MavenFilterOutputHandler - [ERROR] Failed to execute goal com.diffplug.spotless:spotless-maven-plugin:2.9.0:check (default) on project pinot-java-client: The following files had format violations:
17:07:43.035 [Thread-4] ERROR f.i.s.r.p.m.o.MavenFilterOutputHandler - [ERROR]     src/test/java/org/apache/pinot/client/ControllerBrokerSelectorTest.java
17:07:43.035 [Thread-4] ERROR f.i.s.r.p.m.o.MavenFilterOutputHandler - [ERROR]         @@ -18,7 +18,6 @@
17:07:43.035 [Thread-4] ERROR f.i.s.r.p.m.o.MavenFilterOutputHandler - [ERROR]          ·*/
17:07:43.035 [Thread-4] ERROR f.i.s.r.p.m.o.MavenFilterOutputHandler - [ERROR]          package·org.apache.pinot.client;
17:07:43.035 [Thread-4] ERROR f.i.s.r.p.m.o.MavenFilterOutputHandler - [ERROR]          
17:07:43.035 [Thread-4] ERROR f.i.s.r.p.m.o.MavenFilterOutputHandler - [ERROR]         -import·org.testng.annotations.Test;
17:07:43.035 [Thread-4] ERROR f.i.s.r.p.m.o.MavenFilterOutputHandler - [ERROR]          
17:07:43.035 [Thread-4] ERROR f.i.s.r.p.m.o.MavenFilterOutputHandler - [ERROR]          
17:07:43.035 [Thread-4] ERROR f.i.s.r.p.m.o.MavenFilterOutputHandler - [ERROR]          public·class·ControllerBrokerSelectorTest·{
17:07:43.035 [Thread-4] ERROR f.i.s.r.p.m.o.MavenFilterOutputHandler - [ERROR] Run 'mvn spotless:apply' to fix these violations.
17:07:43.035 [Thread-4] ERROR f.i.s.r.p.m.o.MavenFilterOutputHandler - [ERROR] -> [Help 1]
17:07:43.038 [Thread-4] ERROR f.i.s.r.p.m.o.MavenFilterOutputHandler - [ERROR] 
17:07:43.038 [Thread-4] ERROR f.i.s.r.p.m.o.MavenFilterOutputHandler - [ERROR] Re-run Maven using the -X switch to enable full debug logging.
17:07:43.039 [Thread-4] ERROR f.i.s.r.p.m.o.MavenFilterOutputHandler - [ERROR] 
17:07:43.039 [Thread-4] ERROR f.i.s.r.p.m.o.MavenFilterOutputHandler - [ERROR] For more information about the errors and possible solutions, please read the following articles:
17:07:43.039 [Thread-4] ERROR f.i.s.r.p.m.o.MavenFilterOutputHandler - [ERROR] [Help 1] http://cwiki.apache.org/confluence/display/MAVEN/MojoExecutionException
17:07:43.039 [Thread-4] ERROR f.i.s.r.p.m.o.MavenFilterOutputHandler - [ERROR] 
17:07:43.039 [Thread-4] ERROR f.i.s.r.p.m.o.MavenFilterOutputHandler - [ERROR] After correcting the problems, you can resume the build with the command
17:07:43.039 [Thread-4] ERROR f.i.s.r.p.m.o.MavenFilterOutputHandler - [ERROR]   mvn <goals> -rf :pinot-java-client
17:07:43.532 [main] ERROR f.i.s.r.process.step.BuildProject - Repository apache/pinot cannot be built.
17:07:43.532 [main] INFO  f.i.s.r.process.step.BuildProject - 
17:07:45.011 [main] INFO  f.i.s.r.p.i.ProjectInspector - ----------------------------------------------------------------------
17:07:45.011 [main] INFO  f.i.s.r.p.i.ProjectInspector - PIPELINE EXECUTION SUMMARY
17:07:45.011 [main] INFO  f.i.s.r.p.i.ProjectInspector - ----------------------------------------------------------------------
17:07:45.011 [main] INFO  f.i.s.r.p.i.ProjectInspector - CloneCheckoutGitPullRequest..........................SUCCESS [  23 s ]
17:07:45.011 [main] INFO  f.i.s.r.p.i.ProjectInspector - BuildProject.........................................FAILURE [ 113 s ]
17:07:45.011 [main] INFO  f.i.s.r.p.i.ProjectInspector - TestProject..........................................NOT RUN          
17:07:45.011 [main] INFO  f.i.s.r.p.i.ProjectInspector - ComputeClasspath.....................................NOT RUN          
17:07:45.011 [main] INFO  f.i.s.r.p.i.ProjectInspector - ComputeSourceDir.....................................NOT RUN          
17:07:45.011 [main] INFO  f.i.s.r.p.i.ProjectInspector - ComputeTestDir.......................................NOT RUN          
17:07:45.011 [main] INFO  f.i.s.r.p.i.ProjectInspector - GatherTestInformation................................NOT RUN          
17:07:45.011 [main] INFO  f.i.s.r.p.i.ProjectInspector - FlacocoLocalization..................................NOT RUN          
17:07:45.011 [main] INFO  f.i.s.r.p.i.ProjectInspector - PushFaultLocalizationSuggestionsOnGitHubRepository...NOT RUN          
17:07:45.011 [main] INFO  f.i.s.r.p.i.ProjectInspector - ----------------------------------------------------------------------
17:07:45.011 [main] INFO  f.i.s.r.p.i.ProjectInspector - PIPELINE FINDING: NOTBUILDABLE
17:07:45.011 [main] INFO  f.i.s.r.p.i.ProjectInspector - ----------------------------------------------------------------------
17:07:45.011 [main] INFO  f.i.s.r.p.github.GithubMainProcess - Inspector is finished. The process will exit now.
