Execute pipeline with following supplementary args: --smtpPort 25 --listenerMode NOOP --launcherMode FAULT_LOCALIZATION  --gitrepourl https://github.com/apache/pinot --gitrepopullrequest 8557
java -cp /usr/local/openjdk-11/lib/tools.jar:repairnator-pipeline.jar -Dlogback.configurationFile=/root/logback.xml fr.inria.spirals.repairnator.pipeline.Launcher -d --runId null -o /var/log --ghOauth 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 --faultLocalization --flacocoThreshold 0.0 --flacocoTopK null --flacocoResultsRepository flacocobot/2022-flacocobot-experiment --ghOauth  --smtpPort 25 --listenerMode NOOP --launcherMode FAULT_LOCALIZATION  --gitrepourl https://github.com/apache/pinot --gitrepopullrequest 8557

10:57:25.304 [main] INFO  f.i.s.r.p.g.GithubInitSerializerEngines - Initialize file serializer engines.
10:57:25.306 [main] INFO  f.i.s.r.p.g.GithubInitSerializerEngines - MongoDB won't be used for serialization.
10:57:25.306 [main] INFO  f.i.s.r.p.github.GithubInitNotifiers - The email notifier engine won't be used.
10:57:25.320 [main] INFO  f.i.s.r.p.i.ProjectInspector - ----------------------------------------------------------------------
10:57:25.320 [main] INFO  f.i.s.r.p.i.ProjectInspector - PIPELINE STEPS
10:57:25.320 [main] INFO  f.i.s.r.p.i.ProjectInspector - ----------------------------------------------------------------------
10:57:25.320 [main] INFO  f.i.s.r.p.i.ProjectInspector - CloneCheckoutGitPullRequest
10:57:25.320 [main] INFO  f.i.s.r.p.i.ProjectInspector - BuildProject
10:57:25.320 [main] INFO  f.i.s.r.p.i.ProjectInspector - TestProject
10:57:25.320 [main] INFO  f.i.s.r.p.i.ProjectInspector - ComputeClasspath
10:57:25.320 [main] INFO  f.i.s.r.p.i.ProjectInspector - ComputeSourceDir
10:57:25.320 [main] INFO  f.i.s.r.p.i.ProjectInspector - ComputeTestDir
10:57:25.320 [main] INFO  f.i.s.r.p.i.ProjectInspector - GatherTestInformation
10:57:25.320 [main] INFO  f.i.s.r.p.i.ProjectInspector - FlacocoLocalization
10:57:25.320 [main] INFO  f.i.s.r.p.i.ProjectInspector - PushFaultLocalizationSuggestionsOnGitHubRepository
10:57:25.320 [main] INFO  f.i.s.r.p.s.CloneCheckoutGitPullRequest - Cloning repository https://github.com/apache/pinot.git in the following directory: ./workspace/apache-pinot-master-8557_repo
10:58:17.677 [Thread-5] ERROR f.i.s.r.p.m.output.MavenErrorHandler - Warning: Lookahead adequacy checking not being performed since option LOOKAHEAD is more than 1.  Set option FORCE_LA_CHECK to true to force checking.
10:58:23.683 [Thread-4] ERROR f.i.s.r.p.m.o.MavenFilterOutputHandler - [ERROR] COMPILATION ERROR : 
10:58:23.684 [Thread-4] ERROR f.i.s.r.p.m.o.MavenFilterOutputHandler - [ERROR] /root/workspace/apache-pinot-master-8557_repo/pinot-common/src/main/java/org/apache/pinot/common/minion/MinionTaskUtils.java:[28,36] error: cannot find symbol
10:58:23.684 [Thread-4] ERROR f.i.s.r.p.m.o.MavenFilterOutputHandler - [ERROR] /root/workspace/apache-pinot-master-8557_repo/pinot-common/src/main/java/org/apache/pinot/common/minion/MinionTaskUtils.java:[47,31] error: cannot find symbol
10:58:23.691 [Thread-4] ERROR f.i.s.r.p.m.o.MavenFilterOutputHandler - [ERROR] Failed to execute goal org.apache.maven.plugins:maven-compiler-plugin:3.8.0:compile (default-compile) on project pinot-common: Compilation failure: Compilation failure: 
10:58:23.691 [Thread-4] ERROR f.i.s.r.p.m.o.MavenFilterOutputHandler - [ERROR] /root/workspace/apache-pinot-master-8557_repo/pinot-common/src/main/java/org/apache/pinot/common/minion/MinionTaskUtils.java:[28,36] error: cannot find symbol
10:58:23.691 [Thread-4] ERROR f.i.s.r.p.m.o.MavenFilterOutputHandler - [ERROR]   symbol:   class StringUtil
10:58:23.691 [Thread-4] ERROR f.i.s.r.p.m.o.MavenFilterOutputHandler - [ERROR]   location: package org.apache.pinot.common.utils
10:58:23.691 [Thread-4] ERROR f.i.s.r.p.m.o.MavenFilterOutputHandler - [ERROR] /root/workspace/apache-pinot-master-8557_repo/pinot-common/src/main/java/org/apache/pinot/common/minion/MinionTaskUtils.java:[47,31] error: cannot find symbol
10:58:23.691 [Thread-4] ERROR f.i.s.r.p.m.o.MavenFilterOutputHandler - [ERROR]   symbol:   variable StringUtil
10:58:23.691 [Thread-4] ERROR f.i.s.r.p.m.o.MavenFilterOutputHandler - [ERROR]   location: class MinionTaskUtils
10:58:23.691 [Thread-4] ERROR f.i.s.r.p.m.o.MavenFilterOutputHandler - [ERROR] -> [Help 1]
10:58:23.694 [Thread-4] ERROR f.i.s.r.p.m.o.MavenFilterOutputHandler - [ERROR] 
10:58:23.695 [Thread-4] ERROR f.i.s.r.p.m.o.MavenFilterOutputHandler - [ERROR] Re-run Maven using the -X switch to enable full debug logging.
10:58:23.695 [Thread-4] ERROR f.i.s.r.p.m.o.MavenFilterOutputHandler - [ERROR] 
10:58:23.695 [Thread-4] ERROR f.i.s.r.p.m.o.MavenFilterOutputHandler - [ERROR] For more information about the errors and possible solutions, please read the following articles:
10:58:23.695 [Thread-4] ERROR f.i.s.r.p.m.o.MavenFilterOutputHandler - [ERROR] [Help 1] http://cwiki.apache.org/confluence/display/MAVEN/MojoFailureException
10:58:23.695 [Thread-4] ERROR f.i.s.r.p.m.o.MavenFilterOutputHandler - [ERROR] 
10:58:23.695 [Thread-4] ERROR f.i.s.r.p.m.o.MavenFilterOutputHandler - [ERROR] After correcting the problems, you can resume the build with the command
10:58:23.695 [Thread-4] ERROR f.i.s.r.p.m.o.MavenFilterOutputHandler - [ERROR]   mvn <goals> -rf :pinot-common
10:58:24.233 [main] ERROR f.i.s.r.process.step.BuildProject - Repository apache/pinot cannot be built.
10:58:24.234 [main] INFO  f.i.s.r.process.step.BuildProject - 
10:58:24.815 [main] INFO  f.i.s.r.p.i.ProjectInspector - ----------------------------------------------------------------------
10:58:24.815 [main] INFO  f.i.s.r.p.i.ProjectInspector - PIPELINE EXECUTION SUMMARY
10:58:24.815 [main] INFO  f.i.s.r.p.i.ProjectInspector - ----------------------------------------------------------------------
10:58:24.815 [main] INFO  f.i.s.r.p.i.ProjectInspector - CloneCheckoutGitPullRequest...........................SUCCESS [ 20 s ]
10:58:24.815 [main] INFO  f.i.s.r.p.i.ProjectInspector - BuildProject..........................................FAILURE [ 38 s ]
10:58:24.815 [main] INFO  f.i.s.r.p.i.ProjectInspector - TestProject...........................................NOT RUN         
10:58:24.815 [main] INFO  f.i.s.r.p.i.ProjectInspector - ComputeClasspath......................................NOT RUN         
10:58:24.815 [main] INFO  f.i.s.r.p.i.ProjectInspector - ComputeSourceDir......................................NOT RUN         
10:58:24.815 [main] INFO  f.i.s.r.p.i.ProjectInspector - ComputeTestDir........................................NOT RUN         
10:58:24.815 [main] INFO  f.i.s.r.p.i.ProjectInspector - GatherTestInformation.................................NOT RUN         
10:58:24.815 [main] INFO  f.i.s.r.p.i.ProjectInspector - FlacocoLocalization...................................NOT RUN         
10:58:24.815 [main] INFO  f.i.s.r.p.i.ProjectInspector - PushFaultLocalizationSuggestionsOnGitHubRepository....NOT RUN         
10:58:24.816 [main] INFO  f.i.s.r.p.i.ProjectInspector - ----------------------------------------------------------------------
10:58:24.816 [main] INFO  f.i.s.r.p.i.ProjectInspector - PIPELINE FINDING: NOTBUILDABLE
10:58:24.816 [main] INFO  f.i.s.r.p.i.ProjectInspector - ----------------------------------------------------------------------
10:58:24.816 [main] INFO  f.i.s.r.p.github.GithubMainProcess - Inspector is finished. The process will exit now.
