Execute pipeline with following supplementary args: --smtpPort 25 --listenerMode NOOP --launcherMode FAULT_LOCALIZATION  --gitrepourl https://github.com/apache/pinot --gitrepopullrequest 8467
java -cp /usr/local/openjdk-11/lib/tools.jar:repairnator-pipeline.jar -Dlogback.configurationFile=/root/logback.xml fr.inria.spirals.repairnator.pipeline.Launcher -d --runId null -o /var/log --ghOauth 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 --faultLocalization --flacocoThreshold 0.0 --flacocoTopK null --flacocoResultsRepository flacocobot/2022-flacocobot-experiment --ghOauth  --smtpPort 25 --listenerMode NOOP --launcherMode FAULT_LOCALIZATION  --gitrepourl https://github.com/apache/pinot --gitrepopullrequest 8467

13:11:41.433 [main] INFO  f.i.s.r.p.g.GithubInitSerializerEngines - Initialize file serializer engines.
13:11:41.434 [main] INFO  f.i.s.r.p.g.GithubInitSerializerEngines - MongoDB won't be used for serialization.
13:11:41.434 [main] INFO  f.i.s.r.p.github.GithubInitNotifiers - The email notifier engine won't be used.
13:11:41.448 [main] INFO  f.i.s.r.p.i.ProjectInspector - ----------------------------------------------------------------------
13:11:41.448 [main] INFO  f.i.s.r.p.i.ProjectInspector - PIPELINE STEPS
13:11:41.448 [main] INFO  f.i.s.r.p.i.ProjectInspector - ----------------------------------------------------------------------
13:11:41.448 [main] INFO  f.i.s.r.p.i.ProjectInspector - CloneCheckoutGitPullRequest
13:11:41.448 [main] INFO  f.i.s.r.p.i.ProjectInspector - BuildProject
13:11:41.448 [main] INFO  f.i.s.r.p.i.ProjectInspector - TestProject
13:11:41.448 [main] INFO  f.i.s.r.p.i.ProjectInspector - ComputeClasspath
13:11:41.448 [main] INFO  f.i.s.r.p.i.ProjectInspector - ComputeSourceDir
13:11:41.448 [main] INFO  f.i.s.r.p.i.ProjectInspector - ComputeTestDir
13:11:41.448 [main] INFO  f.i.s.r.p.i.ProjectInspector - GatherTestInformation
13:11:41.448 [main] INFO  f.i.s.r.p.i.ProjectInspector - FlacocoLocalization
13:11:41.448 [main] INFO  f.i.s.r.p.i.ProjectInspector - PushFaultLocalizationSuggestionsOnGitHubRepository
13:11:41.448 [main] INFO  f.i.s.r.p.s.CloneCheckoutGitPullRequest - Cloning repository https://github.com/apache/pinot.git in the following directory: ./workspace/apache-pinot-master-8467_repo
13:12:32.270 [Thread-5] ERROR f.i.s.r.p.m.output.MavenErrorHandler - Warning: Lookahead adequacy checking not being performed since option LOOKAHEAD is more than 1.  Set option FORCE_LA_CHECK to true to force checking.
13:13:33.669 [Thread-4] ERROR f.i.s.r.p.m.o.MavenFilterOutputHandler - [ERROR] COMPILATION ERROR : 
13:13:33.670 [Thread-4] ERROR f.i.s.r.p.m.o.MavenFilterOutputHandler - [ERROR] /root/workspace/apache-pinot-master-8467_repo/pinot-controller/src/main/java/org/apache/pinot/controller/util/AutoAddInvertedIndex.java:[49,41] error: cannot find symbol
13:13:33.670 [Thread-4] ERROR f.i.s.r.p.m.o.MavenFilterOutputHandler - [ERROR] /root/workspace/apache-pinot-master-8467_repo/pinot-controller/src/main/java/org/apache/pinot/controller/helix/ControllerRequestClient.java:[33,41] error: cannot find symbol
13:13:33.671 [Thread-4] ERROR f.i.s.r.p.m.o.MavenFilterOutputHandler - [ERROR] /root/workspace/apache-pinot-master-8467_repo/pinot-controller/src/main/java/org/apache/pinot/controller/helix/ControllerRequestClient.java:[44,16] error: cannot find symbol
13:13:33.671 [Thread-4] ERROR f.i.s.r.p.m.o.MavenFilterOutputHandler - [ERROR] /root/workspace/apache-pinot-master-8467_repo/pinot-controller/src/main/java/org/apache/pinot/controller/helix/ControllerRequestClient.java:[46,33] error: cannot find symbol
13:13:33.672 [Thread-4] ERROR f.i.s.r.p.m.o.MavenFilterOutputHandler - [ERROR] /root/workspace/apache-pinot-master-8467_repo/pinot-controller/src/main/java/org/apache/pinot/controller/helix/ControllerRequestClient.java:[51,9] error: cannot find symbol
13:13:33.672 [Thread-4] ERROR f.i.s.r.p.m.o.MavenFilterOutputHandler - [ERROR] /root/workspace/apache-pinot-master-8467_repo/pinot-controller/src/main/java/org/apache/pinot/controller/util/AutoAddInvertedIndex.java:[343,8] error: cannot find symbol
13:13:33.691 [Thread-4] ERROR f.i.s.r.p.m.o.MavenFilterOutputHandler - [ERROR] Failed to execute goal org.apache.maven.plugins:maven-compiler-plugin:3.8.0:compile (default-compile) on project pinot-controller: Compilation failure: Compilation failure: 
13:13:33.691 [Thread-4] ERROR f.i.s.r.p.m.o.MavenFilterOutputHandler - [ERROR] /root/workspace/apache-pinot-master-8467_repo/pinot-controller/src/main/java/org/apache/pinot/controller/util/AutoAddInvertedIndex.java:[49,41] error: cannot find symbol
13:13:33.691 [Thread-4] ERROR f.i.s.r.p.m.o.MavenFilterOutputHandler - [ERROR]   symbol:   class ControllerRequestURLBuilder
13:13:33.692 [Thread-4] ERROR f.i.s.r.p.m.o.MavenFilterOutputHandler - [ERROR]   location: package org.apache.pinot.spi.utils.builder
13:13:33.692 [Thread-4] ERROR f.i.s.r.p.m.o.MavenFilterOutputHandler - [ERROR] /root/workspace/apache-pinot-master-8467_repo/pinot-controller/src/main/java/org/apache/pinot/controller/helix/ControllerRequestClient.java:[33,41] error: cannot find symbol
13:13:33.692 [Thread-4] ERROR f.i.s.r.p.m.o.MavenFilterOutputHandler - [ERROR]   symbol:   class ControllerRequestURLBuilder
13:13:33.692 [Thread-4] ERROR f.i.s.r.p.m.o.MavenFilterOutputHandler - [ERROR]   location: package org.apache.pinot.spi.utils.builder
13:13:33.693 [Thread-4] ERROR f.i.s.r.p.m.o.MavenFilterOutputHandler - [ERROR] /root/workspace/apache-pinot-master-8467_repo/pinot-controller/src/main/java/org/apache/pinot/controller/helix/ControllerRequestClient.java:[44,16] error: cannot find symbol
13:13:33.693 [Thread-4] ERROR f.i.s.r.p.m.o.MavenFilterOutputHandler - [ERROR]   symbol:   class ControllerRequestURLBuilder
13:13:33.693 [Thread-4] ERROR f.i.s.r.p.m.o.MavenFilterOutputHandler - [ERROR]   location: class ControllerRequestClient
13:13:33.693 [Thread-4] ERROR f.i.s.r.p.m.o.MavenFilterOutputHandler - [ERROR] /root/workspace/apache-pinot-master-8467_repo/pinot-controller/src/main/java/org/apache/pinot/controller/helix/ControllerRequestClient.java:[46,33] error: cannot find symbol
13:13:33.694 [Thread-4] ERROR f.i.s.r.p.m.o.MavenFilterOutputHandler - [ERROR]   symbol:   class ControllerRequestURLBuilder
13:13:33.694 [Thread-4] ERROR f.i.s.r.p.m.o.MavenFilterOutputHandler - [ERROR]   location: class ControllerRequestClient
13:13:33.694 [Thread-4] ERROR f.i.s.r.p.m.o.MavenFilterOutputHandler - [ERROR] /root/workspace/apache-pinot-master-8467_repo/pinot-controller/src/main/java/org/apache/pinot/controller/helix/ControllerRequestClient.java:[51,9] error: cannot find symbol
13:13:33.694 [Thread-4] ERROR f.i.s.r.p.m.o.MavenFilterOutputHandler - [ERROR]   symbol:   class ControllerRequestURLBuilder
13:13:33.694 [Thread-4] ERROR f.i.s.r.p.m.o.MavenFilterOutputHandler - [ERROR]   location: class ControllerRequestClient
13:13:33.694 [Thread-4] ERROR f.i.s.r.p.m.o.MavenFilterOutputHandler - [ERROR] /root/workspace/apache-pinot-master-8467_repo/pinot-controller/src/main/java/org/apache/pinot/controller/util/AutoAddInvertedIndex.java:[343,8] error: cannot find symbol
13:13:33.695 [Thread-4] ERROR f.i.s.r.p.m.o.MavenFilterOutputHandler - [ERROR]   symbol:   variable ControllerRequestURLBuilder
13:13:33.695 [Thread-4] ERROR f.i.s.r.p.m.o.MavenFilterOutputHandler - [ERROR]   location: class AutoAddInvertedIndex
13:13:33.695 [Thread-4] ERROR f.i.s.r.p.m.o.MavenFilterOutputHandler - [ERROR] -> [Help 1]
13:13:33.698 [Thread-4] ERROR f.i.s.r.p.m.o.MavenFilterOutputHandler - [ERROR] 
13:13:33.698 [Thread-4] ERROR f.i.s.r.p.m.o.MavenFilterOutputHandler - [ERROR] Re-run Maven using the -X switch to enable full debug logging.
13:13:33.698 [Thread-4] ERROR f.i.s.r.p.m.o.MavenFilterOutputHandler - [ERROR] 
13:13:33.698 [Thread-4] ERROR f.i.s.r.p.m.o.MavenFilterOutputHandler - [ERROR] For more information about the errors and possible solutions, please read the following articles:
13:13:33.698 [Thread-4] ERROR f.i.s.r.p.m.o.MavenFilterOutputHandler - [ERROR] [Help 1] http://cwiki.apache.org/confluence/display/MAVEN/MojoFailureException
13:13:33.698 [Thread-4] ERROR f.i.s.r.p.m.o.MavenFilterOutputHandler - [ERROR] 
13:13:33.698 [Thread-4] ERROR f.i.s.r.p.m.o.MavenFilterOutputHandler - [ERROR] After correcting the problems, you can resume the build with the command
13:13:33.698 [Thread-4] ERROR f.i.s.r.p.m.o.MavenFilterOutputHandler - [ERROR]   mvn <goals> -rf :pinot-controller
13:13:34.533 [main] ERROR f.i.s.r.process.step.BuildProject - Repository apache/pinot cannot be built.
13:13:34.535 [main] INFO  f.i.s.r.process.step.BuildProject - 
13:13:35.616 [main] INFO  f.i.s.r.p.i.ProjectInspector - ----------------------------------------------------------------------
13:13:35.616 [main] INFO  f.i.s.r.p.i.ProjectInspector - PIPELINE EXECUTION SUMMARY
13:13:35.616 [main] INFO  f.i.s.r.p.i.ProjectInspector - ----------------------------------------------------------------------
13:13:35.617 [main] INFO  f.i.s.r.p.i.ProjectInspector - CloneCheckoutGitPullRequest...........................SUCCESS [ 23 s ]
13:13:35.617 [main] INFO  f.i.s.r.p.i.ProjectInspector - BuildProject..........................................FAILURE [ 90 s ]
13:13:35.617 [main] INFO  f.i.s.r.p.i.ProjectInspector - TestProject...........................................NOT RUN         
13:13:35.617 [main] INFO  f.i.s.r.p.i.ProjectInspector - ComputeClasspath......................................NOT RUN         
13:13:35.617 [main] INFO  f.i.s.r.p.i.ProjectInspector - ComputeSourceDir......................................NOT RUN         
13:13:35.617 [main] INFO  f.i.s.r.p.i.ProjectInspector - ComputeTestDir........................................NOT RUN         
13:13:35.617 [main] INFO  f.i.s.r.p.i.ProjectInspector - GatherTestInformation.................................NOT RUN         
13:13:35.617 [main] INFO  f.i.s.r.p.i.ProjectInspector - FlacocoLocalization...................................NOT RUN         
13:13:35.617 [main] INFO  f.i.s.r.p.i.ProjectInspector - PushFaultLocalizationSuggestionsOnGitHubRepository....NOT RUN         
13:13:35.617 [main] INFO  f.i.s.r.p.i.ProjectInspector - ----------------------------------------------------------------------
13:13:35.617 [main] INFO  f.i.s.r.p.i.ProjectInspector - PIPELINE FINDING: NOTBUILDABLE
13:13:35.617 [main] INFO  f.i.s.r.p.i.ProjectInspector - ----------------------------------------------------------------------
13:13:35.617 [main] INFO  f.i.s.r.p.github.GithubMainProcess - Inspector is finished. The process will exit now.
