Execute pipeline with following supplementary args: --smtpPort 25 --listenerMode NOOP --launcherMode FAULT_LOCALIZATION  --gitrepourl https://github.com/apache/pinot --gitrepopullrequest 8582
java -cp /usr/local/openjdk-11/lib/tools.jar:repairnator-pipeline.jar -Dlogback.configurationFile=/root/logback.xml fr.inria.spirals.repairnator.pipeline.Launcher -d --runId null -o /var/log --ghOauth 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 --faultLocalization --flacocoThreshold 0.0 --flacocoTopK null --flacocoResultsRepository flacocobot/2022-flacocobot-experiment --ghOauth  --smtpPort 25 --listenerMode NOOP --launcherMode FAULT_LOCALIZATION  --gitrepourl https://github.com/apache/pinot --gitrepopullrequest 8582

11:54:39.652 [main] INFO  f.i.s.r.p.g.GithubInitSerializerEngines - Initialize file serializer engines.
11:54:39.653 [main] INFO  f.i.s.r.p.g.GithubInitSerializerEngines - MongoDB won't be used for serialization.
11:54:39.654 [main] INFO  f.i.s.r.p.github.GithubInitNotifiers - The email notifier engine won't be used.
11:54:39.668 [main] INFO  f.i.s.r.p.i.ProjectInspector - ----------------------------------------------------------------------
11:54:39.668 [main] INFO  f.i.s.r.p.i.ProjectInspector - PIPELINE STEPS
11:54:39.668 [main] INFO  f.i.s.r.p.i.ProjectInspector - ----------------------------------------------------------------------
11:54:39.668 [main] INFO  f.i.s.r.p.i.ProjectInspector - CloneCheckoutGitPullRequest
11:54:39.668 [main] INFO  f.i.s.r.p.i.ProjectInspector - BuildProject
11:54:39.668 [main] INFO  f.i.s.r.p.i.ProjectInspector - TestProject
11:54:39.668 [main] INFO  f.i.s.r.p.i.ProjectInspector - ComputeClasspath
11:54:39.668 [main] INFO  f.i.s.r.p.i.ProjectInspector - ComputeSourceDir
11:54:39.668 [main] INFO  f.i.s.r.p.i.ProjectInspector - ComputeTestDir
11:54:39.668 [main] INFO  f.i.s.r.p.i.ProjectInspector - GatherTestInformation
11:54:39.668 [main] INFO  f.i.s.r.p.i.ProjectInspector - FlacocoLocalization
11:54:39.668 [main] INFO  f.i.s.r.p.i.ProjectInspector - PushFaultLocalizationSuggestionsOnGitHubRepository
11:54:39.669 [main] INFO  f.i.s.r.p.s.CloneCheckoutGitPullRequest - Cloning repository https://github.com/apache/pinot.git in the following directory: ./workspace/apache-pinot-master-8582_repo
11:55:30.429 [Thread-5] ERROR f.i.s.r.p.m.output.MavenErrorHandler - Warning: Lookahead adequacy checking not being performed since option LOOKAHEAD is more than 1.  Set option FORCE_LA_CHECK to true to force checking.
12:02:33.658 [Thread-7] ERROR f.i.s.r.p.m.o.MavenFilterOutputHandler - [ERROR] WARNING: An illegal reflective access operation has occurred
12:02:33.659 [Thread-7] ERROR f.i.s.r.p.m.o.MavenFilterOutputHandler - [ERROR] WARNING: Illegal reflective access by org.codehaus.groovy.vmplugin.v7.Java7$1 (file:/root/workspace/apache-pinot-master-8582_repo/.m2/org/codehaus/groovy/groovy-all/2.4.21/groovy-all-2.4.21.jar) to constructor java.lang.invoke.MethodHandles$Lookup(java.lang.Class,int)
12:02:33.659 [Thread-7] ERROR f.i.s.r.p.m.o.MavenFilterOutputHandler - [ERROR] WARNING: Please consider reporting this to the maintainers of org.codehaus.groovy.vmplugin.v7.Java7$1
12:02:33.659 [Thread-7] ERROR f.i.s.r.p.m.o.MavenFilterOutputHandler - [ERROR] WARNING: Use --illegal-access=warn to enable warnings of further illegal reflective access operations
12:02:33.659 [Thread-7] ERROR f.i.s.r.p.m.o.MavenFilterOutputHandler - [ERROR] WARNING: All illegal access operations will be denied in a future release
12:02:42.095 [Thread-7] ERROR f.i.s.r.p.m.o.MavenFilterOutputHandler - [ERROR] WARNING: An illegal reflective access operation has occurred
12:02:42.095 [Thread-7] ERROR f.i.s.r.p.m.o.MavenFilterOutputHandler - [ERROR] WARNING: Illegal reflective access by xerial.larray.buffer.UnsafeUtil (file:/root/workspace/apache-pinot-master-8582_repo/.m2/org/xerial/larray/larray-buffer/0.4.1/larray-buffer-0.4.1.jar) to constructor java.nio.DirectByteBuffer(long,int,java.lang.Object)
12:02:42.095 [Thread-7] ERROR f.i.s.r.p.m.o.MavenFilterOutputHandler - [ERROR] WARNING: Please consider reporting this to the maintainers of xerial.larray.buffer.UnsafeUtil
12:02:42.095 [Thread-7] ERROR f.i.s.r.p.m.o.MavenFilterOutputHandler - [ERROR] WARNING: Use --illegal-access=warn to enable warnings of further illegal reflective access operations
12:02:42.095 [Thread-7] ERROR f.i.s.r.p.m.o.MavenFilterOutputHandler - [ERROR] WARNING: All illegal access operations will be denied in a future release
12:02:48.241 [Thread-7] ERROR f.i.s.r.p.m.o.MavenFilterOutputHandler - [ERROR] Failed to execute goal org.apache.maven.plugins:maven-checkstyle-plugin:3.1.2:check (checkstyle) on project pinot-common: You have 1 Checkstyle violation. -> [Help 1]
12:02:48.244 [Thread-7] ERROR f.i.s.r.p.m.o.MavenFilterOutputHandler - [ERROR] 
12:02:48.244 [Thread-7] ERROR f.i.s.r.p.m.o.MavenFilterOutputHandler - [ERROR] Re-run Maven using the -X switch to enable full debug logging.
12:02:48.244 [Thread-7] ERROR f.i.s.r.p.m.o.MavenFilterOutputHandler - [ERROR] 
12:02:48.244 [Thread-7] ERROR f.i.s.r.p.m.o.MavenFilterOutputHandler - [ERROR] For more information about the errors and possible solutions, please read the following articles:
12:02:48.244 [Thread-7] ERROR f.i.s.r.p.m.o.MavenFilterOutputHandler - [ERROR] [Help 1] http://cwiki.apache.org/confluence/display/MAVEN/MojoFailureException
12:02:48.244 [Thread-7] ERROR f.i.s.r.p.m.o.MavenFilterOutputHandler - [ERROR] 
12:02:48.244 [Thread-7] ERROR f.i.s.r.p.m.o.MavenFilterOutputHandler - [ERROR] After correcting the problems, you can resume the build with the command
12:02:48.244 [Thread-7] ERROR f.i.s.r.p.m.o.MavenFilterOutputHandler - [ERROR]   mvn <goals> -rf :pinot-common
12:02:54.162 [main] ERROR f.i.s.r.p.s.paths.ComputeClasspath - The classpath file is empty.
12:02:54.162 [main] ERROR f.i.s.r.p.s.paths.ComputeClasspath - The classpath seems not to contain JUnit, maybe this project does not use JUnit for testing.
12:02:54.163 [main] ERROR f.i.s.r.p.s.paths.ComputeClasspath - The file does not exist: /root/./workspace/apache-pinot-master-8582_repo/target/classes.
12:02:54.163 [main] ERROR f.i.s.r.p.s.paths.ComputeClasspath - The file does not exist: /root/./workspace/apache-pinot-master-8582_repo/target/test-classes.
12:02:54.312 [main] ERROR f.i.s.r.p.s.paths.ComputeSourceDir - The source directory is not at default location or specified in build section from pom.xml, and no parent can be found.
12:02:54.317 [main] ERROR f.i.s.r.p.s.paths.ComputeSourceDir - The source directory is not at default location or specified in build section from pom.xml, and no parent can be found.
12:02:54.328 [main] INFO  f.i.s.r.p.s.paths.ComputeSourceDir - 49 source dirs were found:
12:02:54.328 [main] INFO  f.i.s.r.p.s.paths.ComputeSourceDir - /root/workspace/apache-pinot-master-8582_repo/contrib/pinot-fmpp-maven-plugin/src/main/java
12:02:54.329 [main] INFO  f.i.s.r.p.s.paths.ComputeSourceDir - /root/workspace/apache-pinot-master-8582_repo/pinot-broker/src/main/java
12:02:54.329 [main] INFO  f.i.s.r.p.s.paths.ComputeSourceDir - /root/workspace/apache-pinot-master-8582_repo/pinot-clients/pinot-java-client/src/main/java
12:02:54.329 [main] INFO  f.i.s.r.p.s.paths.ComputeSourceDir - /root/workspace/apache-pinot-master-8582_repo/pinot-clients/pinot-jdbc-client/src/main/java
12:02:54.329 [main] INFO  f.i.s.r.p.s.paths.ComputeSourceDir - /root/workspace/apache-pinot-master-8582_repo/pinot-common/src/main/java
12:02:54.329 [main] INFO  f.i.s.r.p.s.paths.ComputeSourceDir - /root/workspace/apache-pinot-master-8582_repo/pinot-compatibility-verifier/src/main/java
12:02:54.329 [main] INFO  f.i.s.r.p.s.paths.ComputeSourceDir - /root/workspace/apache-pinot-master-8582_repo/pinot-connectors/pinot-flink-connector/src/main/java
12:02:54.329 [main] INFO  f.i.s.r.p.s.paths.ComputeSourceDir - /root/workspace/apache-pinot-master-8582_repo/pinot-connectors/pinot-spark-connector/src/main/scala
12:02:54.329 [main] INFO  f.i.s.r.p.s.paths.ComputeSourceDir - /root/workspace/apache-pinot-master-8582_repo/pinot-controller/src/main/java
12:02:54.329 [main] INFO  f.i.s.r.p.s.paths.ComputeSourceDir - /root/workspace/apache-pinot-master-8582_repo/pinot-core/src/main/java
12:02:54.329 [main] INFO  f.i.s.r.p.s.paths.ComputeSourceDir - /root/workspace/apache-pinot-master-8582_repo/pinot-integration-tests/src/main/java
12:02:54.329 [main] INFO  f.i.s.r.p.s.paths.ComputeSourceDir - /root/workspace/apache-pinot-master-8582_repo/pinot-minion/src/main/java
12:02:54.329 [main] INFO  f.i.s.r.p.s.paths.ComputeSourceDir - /root/workspace/apache-pinot-master-8582_repo/pinot-perf/src/main/java
12:02:54.329 [main] INFO  f.i.s.r.p.s.paths.ComputeSourceDir - /root/workspace/apache-pinot-master-8582_repo/pinot-plugins/pinot-batch-ingestion/pinot-batch-ingestion-common/src/main/java
12:02:54.329 [main] INFO  f.i.s.r.p.s.paths.ComputeSourceDir - /root/workspace/apache-pinot-master-8582_repo/pinot-plugins/pinot-batch-ingestion/pinot-batch-ingestion-hadoop/src/main/java
12:02:54.329 [main] INFO  f.i.s.r.p.s.paths.ComputeSourceDir - /root/workspace/apache-pinot-master-8582_repo/pinot-plugins/pinot-batch-ingestion/pinot-batch-ingestion-spark/src/main/java
12:02:54.329 [main] INFO  f.i.s.r.p.s.paths.ComputeSourceDir - /root/workspace/apache-pinot-master-8582_repo/pinot-plugins/pinot-batch-ingestion/pinot-batch-ingestion-standalone/src/main/java
12:02:54.329 [main] INFO  f.i.s.r.p.s.paths.ComputeSourceDir - /root/workspace/apache-pinot-master-8582_repo/pinot-plugins/pinot-batch-ingestion/v0_deprecated/pinot-hadoop/src/main/java
12:02:54.329 [main] INFO  f.i.s.r.p.s.paths.ComputeSourceDir - /root/workspace/apache-pinot-master-8582_repo/pinot-plugins/pinot-batch-ingestion/v0_deprecated/pinot-ingestion-common/src/main/java
12:02:54.329 [main] INFO  f.i.s.r.p.s.paths.ComputeSourceDir - /root/workspace/apache-pinot-master-8582_repo/pinot-plugins/pinot-batch-ingestion/v0_deprecated/pinot-spark/src/main/java
12:02:54.329 [main] INFO  f.i.s.r.p.s.paths.ComputeSourceDir - /root/workspace/apache-pinot-master-8582_repo/pinot-plugins/pinot-environment/pinot-azure/src/main/java
12:02:54.329 [main] INFO  f.i.s.r.p.s.paths.ComputeSourceDir - /root/workspace/apache-pinot-master-8582_repo/pinot-plugins/pinot-file-system/pinot-adls/src/main/java
12:02:54.329 [main] INFO  f.i.s.r.p.s.paths.ComputeSourceDir - /root/workspace/apache-pinot-master-8582_repo/pinot-plugins/pinot-file-system/pinot-gcs/src/main/java
12:02:54.329 [main] INFO  f.i.s.r.p.s.paths.ComputeSourceDir - /root/workspace/apache-pinot-master-8582_repo/pinot-plugins/pinot-file-system/pinot-hdfs/src/main/java
12:02:54.329 [main] INFO  f.i.s.r.p.s.paths.ComputeSourceDir - /root/workspace/apache-pinot-master-8582_repo/pinot-plugins/pinot-file-system/pinot-s3/src/main/java
12:02:54.329 [main] INFO  f.i.s.r.p.s.paths.ComputeSourceDir - /root/workspace/apache-pinot-master-8582_repo/pinot-plugins/pinot-input-format/pinot-avro-base/src/main/java
12:02:54.329 [main] INFO  f.i.s.r.p.s.paths.ComputeSourceDir - /root/workspace/apache-pinot-master-8582_repo/pinot-plugins/pinot-input-format/pinot-avro/src/main/java
12:02:54.329 [main] INFO  f.i.s.r.p.s.paths.ComputeSourceDir - /root/workspace/apache-pinot-master-8582_repo/pinot-plugins/pinot-input-format/pinot-confluent-avro/src/main/java
12:02:54.329 [main] INFO  f.i.s.r.p.s.paths.ComputeSourceDir - /root/workspace/apache-pinot-master-8582_repo/pinot-plugins/pinot-input-format/pinot-csv/src/main/java
12:02:54.329 [main] INFO  f.i.s.r.p.s.paths.ComputeSourceDir - /root/workspace/apache-pinot-master-8582_repo/pinot-plugins/pinot-input-format/pinot-json/src/main/java
12:02:54.329 [main] INFO  f.i.s.r.p.s.paths.ComputeSourceDir - /root/workspace/apache-pinot-master-8582_repo/pinot-plugins/pinot-input-format/pinot-orc/src/main/java
12:02:54.329 [main] INFO  f.i.s.r.p.s.paths.ComputeSourceDir - /root/workspace/apache-pinot-master-8582_repo/pinot-plugins/pinot-input-format/pinot-parquet/src/main/java
12:02:54.329 [main] INFO  f.i.s.r.p.s.paths.ComputeSourceDir - /root/workspace/apache-pinot-master-8582_repo/pinot-plugins/pinot-input-format/pinot-protobuf/src/main/java
12:02:54.329 [main] INFO  f.i.s.r.p.s.paths.ComputeSourceDir - /root/workspace/apache-pinot-master-8582_repo/pinot-plugins/pinot-input-format/pinot-thrift/src/main/java
12:02:54.330 [main] INFO  f.i.s.r.p.s.paths.ComputeSourceDir - /root/workspace/apache-pinot-master-8582_repo/pinot-plugins/pinot-metrics/pinot-dropwizard/src/main/java
12:02:54.330 [main] INFO  f.i.s.r.p.s.paths.ComputeSourceDir - /root/workspace/apache-pinot-master-8582_repo/pinot-plugins/pinot-metrics/pinot-yammer/src/main/java
12:02:54.330 [main] INFO  f.i.s.r.p.s.paths.ComputeSourceDir - /root/workspace/apache-pinot-master-8582_repo/pinot-plugins/pinot-minion-tasks/pinot-minion-builtin-tasks/src/main/java
12:02:54.330 [main] INFO  f.i.s.r.p.s.paths.ComputeSourceDir - /root/workspace/apache-pinot-master-8582_repo/pinot-plugins/pinot-segment-uploader/pinot-segment-uploader-default/src/main/java
12:02:54.330 [main] INFO  f.i.s.r.p.s.paths.ComputeSourceDir - /root/workspace/apache-pinot-master-8582_repo/pinot-plugins/pinot-segment-writer/pinot-segment-writer-file-based/src/main/java
12:02:54.330 [main] INFO  f.i.s.r.p.s.paths.ComputeSourceDir - /root/workspace/apache-pinot-master-8582_repo/pinot-plugins/pinot-stream-ingestion/pinot-kafka-0.9/src/main/java
12:02:54.330 [main] INFO  f.i.s.r.p.s.paths.ComputeSourceDir - /root/workspace/apache-pinot-master-8582_repo/pinot-plugins/pinot-stream-ingestion/pinot-kafka-2.0/src/main/java
12:02:54.330 [main] INFO  f.i.s.r.p.s.paths.ComputeSourceDir - /root/workspace/apache-pinot-master-8582_repo/pinot-plugins/pinot-stream-ingestion/pinot-kafka-base/src/main/java
12:02:54.330 [main] INFO  f.i.s.r.p.s.paths.ComputeSourceDir - /root/workspace/apache-pinot-master-8582_repo/pinot-plugins/pinot-stream-ingestion/pinot-kinesis/src/main/java
12:02:54.330 [main] INFO  f.i.s.r.p.s.paths.ComputeSourceDir - /root/workspace/apache-pinot-master-8582_repo/pinot-plugins/pinot-stream-ingestion/pinot-pulsar/src/main/java
12:02:54.330 [main] INFO  f.i.s.r.p.s.paths.ComputeSourceDir - /root/workspace/apache-pinot-master-8582_repo/pinot-segment-local/src/main/java
12:02:54.330 [main] INFO  f.i.s.r.p.s.paths.ComputeSourceDir - /root/workspace/apache-pinot-master-8582_repo/pinot-segment-spi/src/main/java
12:02:54.330 [main] INFO  f.i.s.r.p.s.paths.ComputeSourceDir - /root/workspace/apache-pinot-master-8582_repo/pinot-server/src/main/java
12:02:54.330 [main] INFO  f.i.s.r.p.s.paths.ComputeSourceDir - /root/workspace/apache-pinot-master-8582_repo/pinot-spi/src/main/java
12:02:54.330 [main] INFO  f.i.s.r.p.s.paths.ComputeSourceDir - /root/workspace/apache-pinot-master-8582_repo/pinot-tools/src/main/java
12:02:54.395 [main] ERROR f.i.s.r.p.step.paths.ComputeTestDir - The test directory is not at default location or specified in build section from pom.xml, and no parent can be found.
12:02:54.404 [main] ERROR f.i.s.r.p.step.paths.ComputeTestDir - The test directory is not at default location or specified in build section from pom.xml, and no parent can be found.
12:02:54.452 [main] ERROR f.i.s.r.process.maven.MavenHelper - Error while building complete model. The raw model will be used. Error message: 1 problem was encountered while building the effective model for org.apache.pinot:pinot-s3:0.11.0-SNAPSHOT
[ERROR] Failed to determine Java version for profile disable-java8-doclint @ software.amazon.awssdk:aws-sdk-java-pom:2.14.28

12:02:54.473 [main] ERROR f.i.s.r.p.step.paths.ComputeTestDir - The test directory is not at default location or specified in build section from pom.xml, and no parent can be found.
12:02:54.489 [main] ERROR f.i.s.r.p.step.paths.ComputeTestDir - The test directory is not at default location or specified in build section from pom.xml, and no parent can be found.
12:02:54.517 [main] ERROR f.i.s.r.process.maven.MavenHelper - Error while building complete model. The raw model will be used. Error message: 1 problem was encountered while building the effective model for org.apache.pinot:pinot-kinesis:0.11.0-SNAPSHOT
[ERROR] Failed to determine Java version for profile disable-java8-doclint @ software.amazon.awssdk:aws-sdk-java-pom:2.14.28

12:02:54.535 [main] ERROR f.i.s.r.p.step.paths.ComputeTestDir - The test directory is not at default location or specified in build section from pom.xml, and no parent can be found.
12:02:54.538 [main] ERROR f.i.s.r.p.step.paths.ComputeTestDir - The test directory is not at default location or specified in build section from pom.xml, and no parent can be found.
12:02:54.538 [main] ERROR f.i.s.r.p.step.paths.ComputeTestDir - The test directory is not at default location or specified in build section from pom.xml, and no parent can be found.
12:02:54.551 [main] ERROR f.i.s.r.p.step.paths.ComputeTestDir - The test directory is not at default location or specified in build section from pom.xml, and no parent can be found.
12:02:54.551 [main] ERROR f.i.s.r.p.step.paths.ComputeTestDir - The test directory is not at default location or specified in build section from pom.xml, and no parent can be found.
12:02:54.564 [main] ERROR f.i.s.r.p.step.paths.ComputeTestDir - The test directory is not at default location or specified in build section from pom.xml, and no parent can be found.
12:02:54.573 [main] ERROR f.i.s.r.p.step.paths.ComputeTestDir - The test directory is not at default location or specified in build section from pom.xml, and no parent can be found.
12:02:54.587 [main] ERROR f.i.s.r.p.step.paths.ComputeTestDir - The test directory is not at default location or specified in build section from pom.xml, and no parent can be found.
12:02:54.590 [main] ERROR f.i.s.r.p.step.paths.ComputeTestDir - The test directory is not at default location or specified in build section from pom.xml, and no parent can be found.
12:02:54.590 [main] INFO  f.i.s.r.p.step.paths.ComputeTestDir - 40 test dirs were found:
12:02:54.590 [main] INFO  f.i.s.r.p.step.paths.ComputeTestDir - /root/workspace/apache-pinot-master-8582_repo/pinot-broker/src/test/java
12:02:54.590 [main] INFO  f.i.s.r.p.step.paths.ComputeTestDir - /root/workspace/apache-pinot-master-8582_repo/pinot-clients/pinot-java-client/src/test/java
12:02:54.590 [main] INFO  f.i.s.r.p.step.paths.ComputeTestDir - /root/workspace/apache-pinot-master-8582_repo/pinot-clients/pinot-jdbc-client/src/test/java
12:02:54.590 [main] INFO  f.i.s.r.p.step.paths.ComputeTestDir - /root/workspace/apache-pinot-master-8582_repo/pinot-common/src/test/java
12:02:54.590 [main] INFO  f.i.s.r.p.step.paths.ComputeTestDir - /root/workspace/apache-pinot-master-8582_repo/pinot-connectors/pinot-flink-connector/src/test/java
12:02:54.590 [main] INFO  f.i.s.r.p.step.paths.ComputeTestDir - /root/workspace/apache-pinot-master-8582_repo/pinot-connectors/pinot-spark-connector/src/test/scala
12:02:54.590 [main] INFO  f.i.s.r.p.step.paths.ComputeTestDir - /root/workspace/apache-pinot-master-8582_repo/pinot-controller/src/test/java
12:02:54.590 [main] INFO  f.i.s.r.p.step.paths.ComputeTestDir - /root/workspace/apache-pinot-master-8582_repo/pinot-core/src/test/java
12:02:54.590 [main] INFO  f.i.s.r.p.step.paths.ComputeTestDir - /root/workspace/apache-pinot-master-8582_repo/pinot-integration-test-base/src/test/java
12:02:54.590 [main] INFO  f.i.s.r.p.step.paths.ComputeTestDir - /root/workspace/apache-pinot-master-8582_repo/pinot-integration-tests/src/test/java
12:02:54.590 [main] INFO  f.i.s.r.p.step.paths.ComputeTestDir - /root/workspace/apache-pinot-master-8582_repo/pinot-minion/src/test/java
12:02:54.590 [main] INFO  f.i.s.r.p.step.paths.ComputeTestDir - /root/workspace/apache-pinot-master-8582_repo/pinot-plugins/pinot-batch-ingestion/pinot-batch-ingestion-common/src/test/java
12:02:54.590 [main] INFO  f.i.s.r.p.step.paths.ComputeTestDir - /root/workspace/apache-pinot-master-8582_repo/pinot-plugins/pinot-batch-ingestion/pinot-batch-ingestion-hadoop/src/test/java
12:02:54.590 [main] INFO  f.i.s.r.p.step.paths.ComputeTestDir - /root/workspace/apache-pinot-master-8582_repo/pinot-plugins/pinot-batch-ingestion/pinot-batch-ingestion-standalone/src/test/java
12:02:54.590 [main] INFO  f.i.s.r.p.step.paths.ComputeTestDir - /root/workspace/apache-pinot-master-8582_repo/pinot-plugins/pinot-batch-ingestion/v0_deprecated/pinot-hadoop/src/test/java
12:02:54.591 [main] INFO  f.i.s.r.p.step.paths.ComputeTestDir - /root/workspace/apache-pinot-master-8582_repo/pinot-plugins/pinot-batch-ingestion/v0_deprecated/pinot-spark/src/test/java
12:02:54.591 [main] INFO  f.i.s.r.p.step.paths.ComputeTestDir - /root/workspace/apache-pinot-master-8582_repo/pinot-plugins/pinot-environment/pinot-azure/src/test/java
12:02:54.591 [main] INFO  f.i.s.r.p.step.paths.ComputeTestDir - /root/workspace/apache-pinot-master-8582_repo/pinot-plugins/pinot-file-system/pinot-adls/src/test/java
12:02:54.591 [main] INFO  f.i.s.r.p.step.paths.ComputeTestDir - /root/workspace/apache-pinot-master-8582_repo/pinot-plugins/pinot-file-system/pinot-gcs/src/test/java
12:02:54.591 [main] INFO  f.i.s.r.p.step.paths.ComputeTestDir - /root/workspace/apache-pinot-master-8582_repo/pinot-plugins/pinot-file-system/pinot-hdfs/src/test/java
12:02:54.591 [main] INFO  f.i.s.r.p.step.paths.ComputeTestDir - /root/workspace/apache-pinot-master-8582_repo/pinot-plugins/pinot-file-system/pinot-s3/src/test/java
12:02:54.591 [main] INFO  f.i.s.r.p.step.paths.ComputeTestDir - /root/workspace/apache-pinot-master-8582_repo/pinot-plugins/pinot-input-format/pinot-avro-base/src/test/java
12:02:54.591 [main] INFO  f.i.s.r.p.step.paths.ComputeTestDir - /root/workspace/apache-pinot-master-8582_repo/pinot-plugins/pinot-input-format/pinot-csv/src/test/java
12:02:54.591 [main] INFO  f.i.s.r.p.step.paths.ComputeTestDir - /root/workspace/apache-pinot-master-8582_repo/pinot-plugins/pinot-input-format/pinot-json/src/test/java
12:02:54.591 [main] INFO  f.i.s.r.p.step.paths.ComputeTestDir - /root/workspace/apache-pinot-master-8582_repo/pinot-plugins/pinot-input-format/pinot-orc/src/test/java
12:02:54.591 [main] INFO  f.i.s.r.p.step.paths.ComputeTestDir - /root/workspace/apache-pinot-master-8582_repo/pinot-plugins/pinot-input-format/pinot-parquet/src/test/java
12:02:54.591 [main] INFO  f.i.s.r.p.step.paths.ComputeTestDir - /root/workspace/apache-pinot-master-8582_repo/pinot-plugins/pinot-input-format/pinot-protobuf/src/test/java
12:02:54.591 [main] INFO  f.i.s.r.p.step.paths.ComputeTestDir - /root/workspace/apache-pinot-master-8582_repo/pinot-plugins/pinot-input-format/pinot-thrift/src/test/java
12:02:54.591 [main] INFO  f.i.s.r.p.step.paths.ComputeTestDir - /root/workspace/apache-pinot-master-8582_repo/pinot-plugins/pinot-minion-tasks/pinot-minion-builtin-tasks/src/test/java
12:02:54.591 [main] INFO  f.i.s.r.p.step.paths.ComputeTestDir - /root/workspace/apache-pinot-master-8582_repo/pinot-plugins/pinot-segment-writer/pinot-segment-writer-file-based/src/test/java
12:02:54.591 [main] INFO  f.i.s.r.p.step.paths.ComputeTestDir - /root/workspace/apache-pinot-master-8582_repo/pinot-plugins/pinot-stream-ingestion/pinot-kafka-0.9/src/test/java
12:02:54.591 [main] INFO  f.i.s.r.p.step.paths.ComputeTestDir - /root/workspace/apache-pinot-master-8582_repo/pinot-plugins/pinot-stream-ingestion/pinot-kafka-2.0/src/test/java
12:02:54.591 [main] INFO  f.i.s.r.p.step.paths.ComputeTestDir - /root/workspace/apache-pinot-master-8582_repo/pinot-plugins/pinot-stream-ingestion/pinot-kafka-base/src/test/java
12:02:54.591 [main] INFO  f.i.s.r.p.step.paths.ComputeTestDir - /root/workspace/apache-pinot-master-8582_repo/pinot-plugins/pinot-stream-ingestion/pinot-kinesis/src/test/java
12:02:54.591 [main] INFO  f.i.s.r.p.step.paths.ComputeTestDir - /root/workspace/apache-pinot-master-8582_repo/pinot-plugins/pinot-stream-ingestion/pinot-pulsar/src/test/java
12:02:54.591 [main] INFO  f.i.s.r.p.step.paths.ComputeTestDir - /root/workspace/apache-pinot-master-8582_repo/pinot-segment-local/src/test/java
12:02:54.591 [main] INFO  f.i.s.r.p.step.paths.ComputeTestDir - /root/workspace/apache-pinot-master-8582_repo/pinot-segment-spi/src/test/java
12:02:54.591 [main] INFO  f.i.s.r.p.step.paths.ComputeTestDir - /root/workspace/apache-pinot-master-8582_repo/pinot-server/src/test/java
12:02:54.591 [main] INFO  f.i.s.r.p.step.paths.ComputeTestDir - /root/workspace/apache-pinot-master-8582_repo/pinot-spi/src/test/java
12:02:54.591 [main] INFO  f.i.s.r.p.step.paths.ComputeTestDir - /root/workspace/apache-pinot-master-8582_repo/pinot-tools/src/test/java
12:02:55.115 [main] INFO  f.i.s.r.p.s.g.GatherTestInformation - ---Test results---
12:02:55.115 [main] INFO  f.i.s.r.p.s.g.GatherTestInformation -    Total tests: 159
12:02:55.115 [main] INFO  f.i.s.r.p.s.g.GatherTestInformation -    Tests run: 159
12:02:55.115 [main] INFO  f.i.s.r.p.s.g.GatherTestInformation -    Tests passing: 159
12:02:55.115 [main] INFO  f.i.s.r.p.s.g.GatherTestInformation -    Failures: 0
12:02:55.115 [main] INFO  f.i.s.r.p.s.g.GatherTestInformation -    Errors: 0
12:02:55.115 [main] INFO  f.i.s.r.p.s.g.GatherTestInformation -    Skipped: 0
12:02:55.116 [main] INFO  f.i.s.r.p.s.g.GatherTestInformation - 
12:02:58.523 [main] INFO  f.i.s.r.p.i.ProjectInspector - ----------------------------------------------------------------------
12:02:58.523 [main] INFO  f.i.s.r.p.i.ProjectInspector - PIPELINE EXECUTION SUMMARY
12:02:58.523 [main] INFO  f.i.s.r.p.i.ProjectInspector - ----------------------------------------------------------------------
12:02:58.524 [main] INFO  f.i.s.r.p.i.ProjectInspector - CloneCheckoutGitPullRequest..........................SUCCESS [  20 s ]
12:02:58.524 [main] INFO  f.i.s.r.p.i.ProjectInspector - BuildProject.........................................SUCCESS [ 447 s ]
12:02:58.524 [main] INFO  f.i.s.r.p.i.ProjectInspector - TestProject..........................................SUCCESS [  22 s ]
12:02:58.524 [main] INFO  f.i.s.r.p.i.ProjectInspector - ComputeClasspath.....................................SUCCESS [   5 s ]
12:02:58.524 [main] INFO  f.i.s.r.p.i.ProjectInspector - ComputeSourceDir.....................................SUCCESS [   0 s ]
12:02:58.524 [main] INFO  f.i.s.r.p.i.ProjectInspector - ComputeTestDir.......................................SUCCESS [   0 s ]
12:02:58.524 [main] INFO  f.i.s.r.p.i.ProjectInspector - GatherTestInformation................................FAILURE [   0 s ]
12:02:58.524 [main] INFO  f.i.s.r.p.i.ProjectInspector - FlacocoLocalization..................................NOT RUN          
12:02:58.524 [main] INFO  f.i.s.r.p.i.ProjectInspector - PushFaultLocalizationSuggestionsOnGitHubRepository...NOT RUN          
12:02:58.524 [main] INFO  f.i.s.r.p.i.ProjectInspector - ----------------------------------------------------------------------
12:02:58.524 [main] INFO  f.i.s.r.p.i.ProjectInspector - PIPELINE FINDING: NOTFAILING
12:02:58.524 [main] INFO  f.i.s.r.p.i.ProjectInspector - ----------------------------------------------------------------------
12:02:58.524 [main] INFO  f.i.s.r.p.github.GithubMainProcess - Inspector is finished. The process will exit now.
