Execute pipeline with following supplementary args: --smtpPort 25 --listenerMode NOOP --launcherMode FAULT_LOCALIZATION  --gitrepourl https://github.com/apache/pinot --gitrepopullrequest 8514
java -cp /usr/local/openjdk-11/lib/tools.jar:repairnator-pipeline.jar -Dlogback.configurationFile=/root/logback.xml fr.inria.spirals.repairnator.pipeline.Launcher -d --runId null -o /var/log --ghOauth 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 --faultLocalization --flacocoThreshold 0.0 --flacocoTopK null --flacocoResultsRepository flacocobot/2022-flacocobot-experiment --ghOauth  --smtpPort 25 --listenerMode NOOP --launcherMode FAULT_LOCALIZATION  --gitrepourl https://github.com/apache/pinot --gitrepopullrequest 8514

11:10:16.108 [main] INFO  f.i.s.r.p.g.GithubInitSerializerEngines - Initialize file serializer engines.
11:10:16.109 [main] INFO  f.i.s.r.p.g.GithubInitSerializerEngines - MongoDB won't be used for serialization.
11:10:16.110 [main] INFO  f.i.s.r.p.github.GithubInitNotifiers - The email notifier engine won't be used.
11:10:16.124 [main] INFO  f.i.s.r.p.i.ProjectInspector - ----------------------------------------------------------------------
11:10:16.124 [main] INFO  f.i.s.r.p.i.ProjectInspector - PIPELINE STEPS
11:10:16.124 [main] INFO  f.i.s.r.p.i.ProjectInspector - ----------------------------------------------------------------------
11:10:16.124 [main] INFO  f.i.s.r.p.i.ProjectInspector - CloneCheckoutGitPullRequest
11:10:16.124 [main] INFO  f.i.s.r.p.i.ProjectInspector - BuildProject
11:10:16.124 [main] INFO  f.i.s.r.p.i.ProjectInspector - TestProject
11:10:16.124 [main] INFO  f.i.s.r.p.i.ProjectInspector - ComputeClasspath
11:10:16.124 [main] INFO  f.i.s.r.p.i.ProjectInspector - ComputeSourceDir
11:10:16.124 [main] INFO  f.i.s.r.p.i.ProjectInspector - ComputeTestDir
11:10:16.124 [main] INFO  f.i.s.r.p.i.ProjectInspector - GatherTestInformation
11:10:16.124 [main] INFO  f.i.s.r.p.i.ProjectInspector - FlacocoLocalization
11:10:16.124 [main] INFO  f.i.s.r.p.i.ProjectInspector - PushFaultLocalizationSuggestionsOnGitHubRepository
11:10:16.124 [main] INFO  f.i.s.r.p.s.CloneCheckoutGitPullRequest - Cloning repository https://github.com/apache/pinot.git in the following directory: ./workspace/apache-pinot-master-8514_repo
11:10:58.442 [Thread-4] ERROR f.i.s.r.p.m.o.MavenFilterOutputHandler - [ERROR] Failed to execute goal com.diffplug.spotless:spotless-maven-plugin:2.9.0:check (default) on project pinot-spi: The following files had format violations:
11:10:58.445 [Thread-4] ERROR f.i.s.r.p.m.o.MavenFilterOutputHandler - [ERROR]     src/test/java/org/apache/pinot/spi/utils/TestClass.java
11:10:58.445 [Thread-4] ERROR f.i.s.r.p.m.o.MavenFilterOutputHandler - [ERROR]         @@ -1,6 +1,5 @@
11:10:58.447 [Thread-4] ERROR f.i.s.r.p.m.o.MavenFilterOutputHandler - [ERROR]          package·org.apache.pinot.spi.utils;
11:10:58.447 [Thread-4] ERROR f.i.s.r.p.m.o.MavenFilterOutputHandler - [ERROR]          
11:10:58.447 [Thread-4] ERROR f.i.s.r.p.m.o.MavenFilterOutputHandler - [ERROR]         -import·com.fasterxml.jackson.annotation.JsonIgnore;
11:10:58.447 [Thread-4] ERROR f.i.s.r.p.m.o.MavenFilterOutputHandler - [ERROR]          import·com.fasterxml.jackson.annotation.JsonIgnoreProperties;
11:10:58.447 [Thread-4] ERROR f.i.s.r.p.m.o.MavenFilterOutputHandler - [ERROR]          
11:10:58.447 [Thread-4] ERROR f.i.s.r.p.m.o.MavenFilterOutputHandler - [ERROR]          
11:10:58.447 [Thread-4] ERROR f.i.s.r.p.m.o.MavenFilterOutputHandler - [ERROR] Run 'mvn spotless:apply' to fix these violations.
11:10:58.447 [Thread-4] ERROR f.i.s.r.p.m.o.MavenFilterOutputHandler - [ERROR] -> [Help 1]
11:10:58.448 [Thread-4] ERROR f.i.s.r.p.m.o.MavenFilterOutputHandler - [ERROR] 
11:10:58.448 [Thread-4] ERROR f.i.s.r.p.m.o.MavenFilterOutputHandler - [ERROR] Re-run Maven using the -X switch to enable full debug logging.
11:10:58.448 [Thread-4] ERROR f.i.s.r.p.m.o.MavenFilterOutputHandler - [ERROR] 
11:10:58.449 [Thread-4] ERROR f.i.s.r.p.m.o.MavenFilterOutputHandler - [ERROR] For more information about the errors and possible solutions, please read the following articles:
11:10:58.449 [Thread-4] ERROR f.i.s.r.p.m.o.MavenFilterOutputHandler - [ERROR] [Help 1] http://cwiki.apache.org/confluence/display/MAVEN/MojoExecutionException
11:10:58.449 [Thread-4] ERROR f.i.s.r.p.m.o.MavenFilterOutputHandler - [ERROR] 
11:10:58.449 [Thread-4] ERROR f.i.s.r.p.m.o.MavenFilterOutputHandler - [ERROR] After correcting the problems, you can resume the build with the command
11:10:58.449 [Thread-4] ERROR f.i.s.r.p.m.o.MavenFilterOutputHandler - [ERROR]   mvn <goals> -rf :pinot-spi
11:10:59.491 [main] ERROR f.i.s.r.process.step.BuildProject - Repository apache/pinot cannot be built.
11:10:59.492 [main] INFO  f.i.s.r.process.step.BuildProject - 
11:10:59.871 [main] INFO  f.i.s.r.p.i.ProjectInspector - ----------------------------------------------------------------------
11:10:59.871 [main] INFO  f.i.s.r.p.i.ProjectInspector - PIPELINE EXECUTION SUMMARY
11:10:59.871 [main] INFO  f.i.s.r.p.i.ProjectInspector - ----------------------------------------------------------------------
11:10:59.871 [main] INFO  f.i.s.r.p.i.ProjectInspector - CloneCheckoutGitPullRequest...........................SUCCESS [ 25 s ]
11:10:59.871 [main] INFO  f.i.s.r.p.i.ProjectInspector - BuildProject..........................................FAILURE [ 18 s ]
11:10:59.871 [main] INFO  f.i.s.r.p.i.ProjectInspector - TestProject...........................................NOT RUN         
11:10:59.871 [main] INFO  f.i.s.r.p.i.ProjectInspector - ComputeClasspath......................................NOT RUN         
11:10:59.871 [main] INFO  f.i.s.r.p.i.ProjectInspector - ComputeSourceDir......................................NOT RUN         
11:10:59.871 [main] INFO  f.i.s.r.p.i.ProjectInspector - ComputeTestDir........................................NOT RUN         
11:10:59.871 [main] INFO  f.i.s.r.p.i.ProjectInspector - GatherTestInformation.................................NOT RUN         
11:10:59.871 [main] INFO  f.i.s.r.p.i.ProjectInspector - FlacocoLocalization...................................NOT RUN         
11:10:59.871 [main] INFO  f.i.s.r.p.i.ProjectInspector - PushFaultLocalizationSuggestionsOnGitHubRepository....NOT RUN         
11:10:59.872 [main] INFO  f.i.s.r.p.i.ProjectInspector - ----------------------------------------------------------------------
11:10:59.872 [main] INFO  f.i.s.r.p.i.ProjectInspector - PIPELINE FINDING: NOTBUILDABLE
11:10:59.872 [main] INFO  f.i.s.r.p.i.ProjectInspector - ----------------------------------------------------------------------
11:10:59.872 [main] INFO  f.i.s.r.p.github.GithubMainProcess - Inspector is finished. The process will exit now.
