Execute pipeline with following supplementary args: --smtpPort 25 --listenerMode NOOP --launcherMode FAULT_LOCALIZATION  --gitrepourl https://github.com/apache/shardingsphere --gitrepopullrequest 16746
java -cp /usr/local/openjdk-11/lib/tools.jar:repairnator-pipeline.jar -Dlogback.configurationFile=/root/logback.xml fr.inria.spirals.repairnator.pipeline.Launcher -d --runId null -o /var/log --ghOauth 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 --faultLocalization --flacocoThreshold 0.0 --flacocoTopK null --flacocoResultsRepository flacocobot/2022-flacocobot-experiment --ghOauth  --smtpPort 25 --listenerMode NOOP --launcherMode FAULT_LOCALIZATION  --gitrepourl https://github.com/apache/shardingsphere --gitrepopullrequest 16746

16:35:59.265 [main] INFO  f.i.s.r.p.g.GithubInitSerializerEngines - Initialize file serializer engines.
16:35:59.267 [main] INFO  f.i.s.r.p.g.GithubInitSerializerEngines - MongoDB won't be used for serialization.
16:35:59.267 [main] INFO  f.i.s.r.p.github.GithubInitNotifiers - The email notifier engine won't be used.
16:35:59.283 [main] INFO  f.i.s.r.p.i.ProjectInspector - ----------------------------------------------------------------------
16:35:59.283 [main] INFO  f.i.s.r.p.i.ProjectInspector - PIPELINE STEPS
16:35:59.283 [main] INFO  f.i.s.r.p.i.ProjectInspector - ----------------------------------------------------------------------
16:35:59.283 [main] INFO  f.i.s.r.p.i.ProjectInspector - CloneCheckoutGitPullRequest
16:35:59.283 [main] INFO  f.i.s.r.p.i.ProjectInspector - BuildProject
16:35:59.283 [main] INFO  f.i.s.r.p.i.ProjectInspector - TestProject
16:35:59.283 [main] INFO  f.i.s.r.p.i.ProjectInspector - ComputeClasspath
16:35:59.283 [main] INFO  f.i.s.r.p.i.ProjectInspector - ComputeSourceDir
16:35:59.283 [main] INFO  f.i.s.r.p.i.ProjectInspector - ComputeTestDir
16:35:59.283 [main] INFO  f.i.s.r.p.i.ProjectInspector - GatherTestInformation
16:35:59.283 [main] INFO  f.i.s.r.p.i.ProjectInspector - FlacocoLocalization
16:35:59.284 [main] INFO  f.i.s.r.p.i.ProjectInspector - PushFaultLocalizationSuggestionsOnGitHubRepository
16:35:59.284 [main] INFO  f.i.s.r.p.s.CloneCheckoutGitPullRequest - Cloning repository https://github.com/apache/shardingsphere.git in the following directory: ./workspace/apache-shardingsphere-master-16746_repo
16:40:27.849 [Thread-4] ERROR f.i.s.r.p.m.o.MavenFilterOutputHandler - [ERROR] COMPILATION ERROR : 
16:40:27.850 [Thread-4] ERROR f.i.s.r.p.m.o.MavenFilterOutputHandler - [ERROR] /root/workspace/apache-shardingsphere-master-16746_repo/shardingsphere-kernel/shardingsphere-data-pipeline/shardingsphere-data-pipeline-core/src/main/java/org/apache/shardingsphere/data/pipeline/core/execute/PipelineJobExecutor.java:[56,68] cannot find symbol
16:40:27.862 [Thread-4] ERROR f.i.s.r.p.m.o.MavenFilterOutputHandler - [ERROR] Failed to execute goal org.apache.maven.plugins:maven-compiler-plugin:3.8.0:compile (default-compile) on project shardingsphere-data-pipeline-core: Compilation failure
16:40:27.862 [Thread-4] ERROR f.i.s.r.p.m.o.MavenFilterOutputHandler - [ERROR] /root/workspace/apache-shardingsphere-master-16746_repo/shardingsphere-kernel/shardingsphere-data-pipeline/shardingsphere-data-pipeline-core/src/main/java/org/apache/shardingsphere/data/pipeline/core/execute/PipelineJobExecutor.java:[56,68] cannot find symbol
16:40:27.862 [Thread-4] ERROR f.i.s.r.p.m.o.MavenFilterOutputHandler - [ERROR]   symbol:   method getRuleAlteredJobAPI()
16:40:27.862 [Thread-4] ERROR f.i.s.r.p.m.o.MavenFilterOutputHandler - [ERROR]   location: class org.apache.shardingsphere.data.pipeline.api.PipelineJobAPIFactory
16:40:27.862 [Thread-4] ERROR f.i.s.r.p.m.o.MavenFilterOutputHandler - [ERROR] -> [Help 1]
16:40:27.866 [Thread-4] ERROR f.i.s.r.p.m.o.MavenFilterOutputHandler - [ERROR] 
16:40:27.866 [Thread-4] ERROR f.i.s.r.p.m.o.MavenFilterOutputHandler - [ERROR] Re-run Maven using the -X switch to enable full debug logging.
16:40:27.866 [Thread-4] ERROR f.i.s.r.p.m.o.MavenFilterOutputHandler - [ERROR] 
16:40:27.866 [Thread-4] ERROR f.i.s.r.p.m.o.MavenFilterOutputHandler - [ERROR] For more information about the errors and possible solutions, please read the following articles:
16:40:27.866 [Thread-4] ERROR f.i.s.r.p.m.o.MavenFilterOutputHandler - [ERROR] [Help 1] http://cwiki.apache.org/confluence/display/MAVEN/MojoFailureException
16:40:27.866 [Thread-4] ERROR f.i.s.r.p.m.o.MavenFilterOutputHandler - [ERROR] 
16:40:27.866 [Thread-4] ERROR f.i.s.r.p.m.o.MavenFilterOutputHandler - [ERROR] After correcting the problems, you can resume the build with the command
16:40:27.866 [Thread-4] ERROR f.i.s.r.p.m.o.MavenFilterOutputHandler - [ERROR]   mvn <goals> -rf :shardingsphere-data-pipeline-core
16:40:28.582 [main] ERROR f.i.s.r.process.step.BuildProject - Repository apache/shardingsphere cannot be built.
16:40:28.583 [main] INFO  f.i.s.r.process.step.BuildProject - 
16:40:30.591 [main] INFO  f.i.s.r.p.i.ProjectInspector - ----------------------------------------------------------------------
16:40:30.591 [main] INFO  f.i.s.r.p.i.ProjectInspector - PIPELINE EXECUTION SUMMARY
16:40:30.591 [main] INFO  f.i.s.r.p.i.ProjectInspector - ----------------------------------------------------------------------
16:40:30.591 [main] INFO  f.i.s.r.p.i.ProjectInspector - CloneCheckoutGitPullRequest..........................SUCCESS [  90 s ]
16:40:30.592 [main] INFO  f.i.s.r.p.i.ProjectInspector - BuildProject.........................................FAILURE [ 179 s ]
16:40:30.592 [main] INFO  f.i.s.r.p.i.ProjectInspector - TestProject..........................................NOT RUN          
16:40:30.592 [main] INFO  f.i.s.r.p.i.ProjectInspector - ComputeClasspath.....................................NOT RUN          
16:40:30.592 [main] INFO  f.i.s.r.p.i.ProjectInspector - ComputeSourceDir.....................................NOT RUN          
16:40:30.592 [main] INFO  f.i.s.r.p.i.ProjectInspector - ComputeTestDir.......................................NOT RUN          
16:40:30.592 [main] INFO  f.i.s.r.p.i.ProjectInspector - GatherTestInformation................................NOT RUN          
16:40:30.592 [main] INFO  f.i.s.r.p.i.ProjectInspector - FlacocoLocalization..................................NOT RUN          
16:40:30.592 [main] INFO  f.i.s.r.p.i.ProjectInspector - PushFaultLocalizationSuggestionsOnGitHubRepository...NOT RUN          
16:40:30.592 [main] INFO  f.i.s.r.p.i.ProjectInspector - ----------------------------------------------------------------------
16:40:30.592 [main] INFO  f.i.s.r.p.i.ProjectInspector - PIPELINE FINDING: NOTBUILDABLE
16:40:30.592 [main] INFO  f.i.s.r.p.i.ProjectInspector - ----------------------------------------------------------------------
16:40:30.592 [main] INFO  f.i.s.r.p.github.GithubMainProcess - Inspector is finished. The process will exit now.
