Execute pipeline with following supplementary args: --smtpPort 25 --listenerMode NOOP --launcherMode FAULT_LOCALIZATION  --gitrepourl https://github.com/apache/shardingsphere --gitrepopullrequest 17211
java -cp /usr/local/openjdk-11/lib/tools.jar:repairnator-pipeline.jar -Dlogback.configurationFile=/root/logback.xml fr.inria.spirals.repairnator.pipeline.Launcher -d --runId null -o /var/log --ghOauth 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 --faultLocalization --flacocoThreshold 0.0 --flacocoTopK null --flacocoResultsRepository flacocobot/2022-flacocobot-experiment --ghOauth  --smtpPort 25 --listenerMode NOOP --launcherMode FAULT_LOCALIZATION  --gitrepourl https://github.com/apache/shardingsphere --gitrepopullrequest 17211

13:09:49.929 [main] INFO  f.i.s.r.p.g.GithubInitSerializerEngines - Initialize file serializer engines.
13:09:49.931 [main] INFO  f.i.s.r.p.g.GithubInitSerializerEngines - MongoDB won't be used for serialization.
13:09:49.931 [main] INFO  f.i.s.r.p.github.GithubInitNotifiers - The email notifier engine won't be used.
13:09:49.945 [main] INFO  f.i.s.r.p.i.ProjectInspector - ----------------------------------------------------------------------
13:09:49.945 [main] INFO  f.i.s.r.p.i.ProjectInspector - PIPELINE STEPS
13:09:49.945 [main] INFO  f.i.s.r.p.i.ProjectInspector - ----------------------------------------------------------------------
13:09:49.945 [main] INFO  f.i.s.r.p.i.ProjectInspector - CloneCheckoutGitPullRequest
13:09:49.945 [main] INFO  f.i.s.r.p.i.ProjectInspector - BuildProject
13:09:49.945 [main] INFO  f.i.s.r.p.i.ProjectInspector - TestProject
13:09:49.945 [main] INFO  f.i.s.r.p.i.ProjectInspector - ComputeClasspath
13:09:49.945 [main] INFO  f.i.s.r.p.i.ProjectInspector - ComputeSourceDir
13:09:49.945 [main] INFO  f.i.s.r.p.i.ProjectInspector - ComputeTestDir
13:09:49.945 [main] INFO  f.i.s.r.p.i.ProjectInspector - GatherTestInformation
13:09:49.945 [main] INFO  f.i.s.r.p.i.ProjectInspector - FlacocoLocalization
13:09:49.945 [main] INFO  f.i.s.r.p.i.ProjectInspector - PushFaultLocalizationSuggestionsOnGitHubRepository
13:09:49.945 [main] INFO  f.i.s.r.p.s.CloneCheckoutGitPullRequest - Cloning repository https://github.com/apache/shardingsphere.git in the following directory: ./workspace/apache-shardingsphere-master-17211_repo
13:15:14.326 [Thread-4] ERROR f.i.s.r.p.m.o.MavenFilterOutputHandler - [ERROR] COMPILATION ERROR : 
13:15:14.327 [Thread-4] ERROR f.i.s.r.p.m.o.MavenFilterOutputHandler - [ERROR] /root/workspace/apache-shardingsphere-master-17211_repo/shardingsphere-kernel/shardingsphere-data-pipeline/shardingsphere-data-pipeline-core/src/main/java/org/apache/shardingsphere/data/pipeline/core/metadata/generator/PipelineDDLGenerator.java:[32,65] package org.apache.shardingsphere.infra.metadata.ddlgenerator.spi does not exist
13:15:14.338 [Thread-4] ERROR f.i.s.r.p.m.o.MavenFilterOutputHandler - [ERROR] Failed to execute goal org.apache.maven.plugins:maven-compiler-plugin:3.8.0:compile (default-compile) on project shardingsphere-data-pipeline-core: Compilation failure
13:15:14.338 [Thread-4] ERROR f.i.s.r.p.m.o.MavenFilterOutputHandler - [ERROR] /root/workspace/apache-shardingsphere-master-17211_repo/shardingsphere-kernel/shardingsphere-data-pipeline/shardingsphere-data-pipeline-core/src/main/java/org/apache/shardingsphere/data/pipeline/core/metadata/generator/PipelineDDLGenerator.java:[32,65] package org.apache.shardingsphere.infra.metadata.ddlgenerator.spi does not exist
13:15:14.338 [Thread-4] ERROR f.i.s.r.p.m.o.MavenFilterOutputHandler - [ERROR] -> [Help 1]
13:15:14.341 [Thread-4] ERROR f.i.s.r.p.m.o.MavenFilterOutputHandler - [ERROR] 
13:15:14.341 [Thread-4] ERROR f.i.s.r.p.m.o.MavenFilterOutputHandler - [ERROR] Re-run Maven using the -X switch to enable full debug logging.
13:15:14.341 [Thread-4] ERROR f.i.s.r.p.m.o.MavenFilterOutputHandler - [ERROR] 
13:15:14.341 [Thread-4] ERROR f.i.s.r.p.m.o.MavenFilterOutputHandler - [ERROR] For more information about the errors and possible solutions, please read the following articles:
13:15:14.341 [Thread-4] ERROR f.i.s.r.p.m.o.MavenFilterOutputHandler - [ERROR] [Help 1] http://cwiki.apache.org/confluence/display/MAVEN/MojoFailureException
13:15:14.341 [Thread-4] ERROR f.i.s.r.p.m.o.MavenFilterOutputHandler - [ERROR] 
13:15:14.342 [Thread-4] ERROR f.i.s.r.p.m.o.MavenFilterOutputHandler - [ERROR] After correcting the problems, you can resume the build with the command
13:15:14.342 [Thread-4] ERROR f.i.s.r.p.m.o.MavenFilterOutputHandler - [ERROR]   mvn <goals> -rf :shardingsphere-data-pipeline-core
13:15:15.081 [main] ERROR f.i.s.r.process.step.BuildProject - Repository apache/shardingsphere cannot be built.
13:15:15.082 [main] INFO  f.i.s.r.process.step.BuildProject - 
13:15:17.189 [main] INFO  f.i.s.r.p.i.ProjectInspector - ----------------------------------------------------------------------
13:15:17.189 [main] INFO  f.i.s.r.p.i.ProjectInspector - PIPELINE EXECUTION SUMMARY
13:15:17.189 [main] INFO  f.i.s.r.p.i.ProjectInspector - ----------------------------------------------------------------------
13:15:17.189 [main] INFO  f.i.s.r.p.i.ProjectInspector - CloneCheckoutGitPullRequest..........................SUCCESS [ 132 s ]
13:15:17.189 [main] INFO  f.i.s.r.p.i.ProjectInspector - BuildProject.........................................FAILURE [ 193 s ]
13:15:17.189 [main] INFO  f.i.s.r.p.i.ProjectInspector - TestProject..........................................NOT RUN          
13:15:17.189 [main] INFO  f.i.s.r.p.i.ProjectInspector - ComputeClasspath.....................................NOT RUN          
13:15:17.189 [main] INFO  f.i.s.r.p.i.ProjectInspector - ComputeSourceDir.....................................NOT RUN          
13:15:17.189 [main] INFO  f.i.s.r.p.i.ProjectInspector - ComputeTestDir.......................................NOT RUN          
13:15:17.189 [main] INFO  f.i.s.r.p.i.ProjectInspector - GatherTestInformation................................NOT RUN          
13:15:17.189 [main] INFO  f.i.s.r.p.i.ProjectInspector - FlacocoLocalization..................................NOT RUN          
13:15:17.189 [main] INFO  f.i.s.r.p.i.ProjectInspector - PushFaultLocalizationSuggestionsOnGitHubRepository...NOT RUN          
13:15:17.190 [main] INFO  f.i.s.r.p.i.ProjectInspector - ----------------------------------------------------------------------
13:15:17.190 [main] INFO  f.i.s.r.p.i.ProjectInspector - PIPELINE FINDING: NOTBUILDABLE
13:15:17.190 [main] INFO  f.i.s.r.p.i.ProjectInspector - ----------------------------------------------------------------------
13:15:17.190 [main] INFO  f.i.s.r.p.github.GithubMainProcess - Inspector is finished. The process will exit now.
