Execute pipeline with following supplementary args: --smtpPort 25 --listenerMode NOOP --launcherMode FAULT_LOCALIZATION  --gitrepourl https://github.com/debezium/debezium --gitrepopullrequest 3374
java -cp /usr/local/openjdk-11/lib/tools.jar:repairnator-pipeline.jar -Dlogback.configurationFile=/root/logback.xml fr.inria.spirals.repairnator.pipeline.Launcher -d --runId null -o /var/log --ghOauth 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 --faultLocalization --flacocoThreshold 0.0 --flacocoTopK null --flacocoResultsRepository flacocobot/2022-flacocobot-experiment --ghOauth  --smtpPort 25 --listenerMode NOOP --launcherMode FAULT_LOCALIZATION  --gitrepourl https://github.com/debezium/debezium --gitrepopullrequest 3374

10:19:59.127 [main] INFO  f.i.s.r.p.g.GithubInitSerializerEngines - Initialize file serializer engines.
10:19:59.128 [main] INFO  f.i.s.r.p.g.GithubInitSerializerEngines - MongoDB won't be used for serialization.
10:19:59.128 [main] INFO  f.i.s.r.p.github.GithubInitNotifiers - The email notifier engine won't be used.
10:19:59.142 [main] INFO  f.i.s.r.p.i.ProjectInspector - ----------------------------------------------------------------------
10:19:59.142 [main] INFO  f.i.s.r.p.i.ProjectInspector - PIPELINE STEPS
10:19:59.142 [main] INFO  f.i.s.r.p.i.ProjectInspector - ----------------------------------------------------------------------
10:19:59.142 [main] INFO  f.i.s.r.p.i.ProjectInspector - CloneCheckoutGitPullRequest
10:19:59.142 [main] INFO  f.i.s.r.p.i.ProjectInspector - BuildProject
10:19:59.143 [main] INFO  f.i.s.r.p.i.ProjectInspector - TestProject
10:19:59.143 [main] INFO  f.i.s.r.p.i.ProjectInspector - ComputeClasspath
10:19:59.143 [main] INFO  f.i.s.r.p.i.ProjectInspector - ComputeSourceDir
10:19:59.143 [main] INFO  f.i.s.r.p.i.ProjectInspector - ComputeTestDir
10:19:59.143 [main] INFO  f.i.s.r.p.i.ProjectInspector - GatherTestInformation
10:19:59.143 [main] INFO  f.i.s.r.p.i.ProjectInspector - FlacocoLocalization
10:19:59.143 [main] INFO  f.i.s.r.p.i.ProjectInspector - PushFaultLocalizationSuggestionsOnGitHubRepository
10:19:59.143 [main] INFO  f.i.s.r.p.s.CloneCheckoutGitPullRequest - Cloning repository https://github.com/debezium/debezium.git in the following directory: ./workspace/debezium-debezium-master-3374_repo
10:25:00.310 [Thread-4] ERROR f.i.s.r.p.m.o.MavenFilterOutputHandler - [ERROR] Failed to execute goal org.apache.maven.plugins:maven-enforcer-plugin:3.0.0-M2:enforce (enforce-java-version) on project debezium-build-parent: Execution enforce-java-version of goal org.apache.maven.plugins:maven-enforcer-plugin:3.0.0-M2:enforce failed: Plugin org.apache.maven.plugins:maven-enforcer-plugin:3.0.0-M2 or one of its dependencies could not be resolved: Could not transfer artifact org.apache.maven:maven-plugin-api:jar:3.0 from/to central (https://repo.maven.apache.org/maven2): Connection reset -> [Help 1]
10:25:00.323 [Thread-4] ERROR f.i.s.r.p.m.o.MavenFilterOutputHandler - [ERROR] 
10:25:00.323 [Thread-4] ERROR f.i.s.r.p.m.o.MavenFilterOutputHandler - [ERROR] Re-run Maven using the -X switch to enable full debug logging.
10:25:00.323 [Thread-4] ERROR f.i.s.r.p.m.o.MavenFilterOutputHandler - [ERROR] 
10:25:00.323 [Thread-4] ERROR f.i.s.r.p.m.o.MavenFilterOutputHandler - [ERROR] For more information about the errors and possible solutions, please read the following articles:
10:25:00.323 [Thread-4] ERROR f.i.s.r.p.m.o.MavenFilterOutputHandler - [ERROR] [Help 1] http://cwiki.apache.org/confluence/display/MAVEN/PluginResolutionException
10:25:01.097 [main] ERROR f.i.s.r.process.step.BuildProject - Repository debezium/debezium cannot be built.
10:25:01.099 [main] INFO  f.i.s.r.process.step.BuildProject - 
10:25:01.226 [main] INFO  f.i.s.r.p.i.ProjectInspector - ----------------------------------------------------------------------
10:25:01.226 [main] INFO  f.i.s.r.p.i.ProjectInspector - PIPELINE EXECUTION SUMMARY
10:25:01.226 [main] INFO  f.i.s.r.p.i.ProjectInspector - ----------------------------------------------------------------------
10:25:01.226 [main] INFO  f.i.s.r.p.i.ProjectInspector - CloneCheckoutGitPullRequest..........................SUCCESS [  16 s ]
10:25:01.226 [main] INFO  f.i.s.r.p.i.ProjectInspector - BuildProject.........................................FAILURE [ 285 s ]
10:25:01.226 [main] INFO  f.i.s.r.p.i.ProjectInspector - TestProject..........................................NOT RUN          
10:25:01.226 [main] INFO  f.i.s.r.p.i.ProjectInspector - ComputeClasspath.....................................NOT RUN          
10:25:01.227 [main] INFO  f.i.s.r.p.i.ProjectInspector - ComputeSourceDir.....................................NOT RUN          
10:25:01.227 [main] INFO  f.i.s.r.p.i.ProjectInspector - ComputeTestDir.......................................NOT RUN          
10:25:01.227 [main] INFO  f.i.s.r.p.i.ProjectInspector - GatherTestInformation................................NOT RUN          
10:25:01.227 [main] INFO  f.i.s.r.p.i.ProjectInspector - FlacocoLocalization..................................NOT RUN          
10:25:01.227 [main] INFO  f.i.s.r.p.i.ProjectInspector - PushFaultLocalizationSuggestionsOnGitHubRepository...NOT RUN          
10:25:01.227 [main] INFO  f.i.s.r.p.i.ProjectInspector - ----------------------------------------------------------------------
10:25:01.227 [main] INFO  f.i.s.r.p.i.ProjectInspector - PIPELINE FINDING: NOTBUILDABLE
10:25:01.227 [main] INFO  f.i.s.r.p.i.ProjectInspector - ----------------------------------------------------------------------
10:25:01.227 [main] INFO  f.i.s.r.p.github.GithubMainProcess - Inspector is finished. The process will exit now.
