Execute pipeline with following supplementary args: --smtpPort 25 --listenerMode NOOP --launcherMode FAULT_LOCALIZATION  --gitrepourl https://github.com/apache/rocketmq --gitrepopullrequest 4195
java -cp /usr/local/openjdk-11/lib/tools.jar:repairnator-pipeline.jar -Dlogback.configurationFile=/root/logback.xml fr.inria.spirals.repairnator.pipeline.Launcher -d --runId null -o /var/log --ghOauth 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 --faultLocalization --flacocoThreshold 0.0 --flacocoTopK null --flacocoResultsRepository flacocobot/2022-flacocobot-experiment --ghOauth  --smtpPort 25 --listenerMode NOOP --launcherMode FAULT_LOCALIZATION  --gitrepourl https://github.com/apache/rocketmq --gitrepopullrequest 4195

06:59:57.940 [main] INFO  f.i.s.r.p.g.GithubInitSerializerEngines - Initialize file serializer engines.
06:59:57.942 [main] INFO  f.i.s.r.p.g.GithubInitSerializerEngines - MongoDB won't be used for serialization.
06:59:57.942 [main] INFO  f.i.s.r.p.github.GithubInitNotifiers - The email notifier engine won't be used.
06:59:57.956 [main] INFO  f.i.s.r.p.i.ProjectInspector - ----------------------------------------------------------------------
06:59:57.956 [main] INFO  f.i.s.r.p.i.ProjectInspector - PIPELINE STEPS
06:59:57.956 [main] INFO  f.i.s.r.p.i.ProjectInspector - ----------------------------------------------------------------------
06:59:57.957 [main] INFO  f.i.s.r.p.i.ProjectInspector - CloneCheckoutGitPullRequest
06:59:57.957 [main] INFO  f.i.s.r.p.i.ProjectInspector - BuildProject
06:59:57.957 [main] INFO  f.i.s.r.p.i.ProjectInspector - TestProject
06:59:57.957 [main] INFO  f.i.s.r.p.i.ProjectInspector - ComputeClasspath
06:59:57.957 [main] INFO  f.i.s.r.p.i.ProjectInspector - ComputeSourceDir
06:59:57.957 [main] INFO  f.i.s.r.p.i.ProjectInspector - ComputeTestDir
06:59:57.957 [main] INFO  f.i.s.r.p.i.ProjectInspector - GatherTestInformation
06:59:57.957 [main] INFO  f.i.s.r.p.i.ProjectInspector - FlacocoLocalization
06:59:57.957 [main] INFO  f.i.s.r.p.i.ProjectInspector - PushFaultLocalizationSuggestionsOnGitHubRepository
06:59:57.957 [main] INFO  f.i.s.r.p.s.CloneCheckoutGitPullRequest - Cloning repository https://github.com/apache/rocketmq.git in the following directory: ./workspace/apache-rocketmq-master-4195_repo
07:00:23.673 [Thread-4] ERROR f.i.s.r.p.m.o.MavenFilterOutputHandler - [ERROR] Failed to execute goal on project rocketmq-namesrv: Could not resolve dependencies for project org.apache.rocketmq:rocketmq-namesrv:jar:5.0.0-BETA-SNAPSHOT: Could not find artifact io.openmessaging.storage:dledger:jar:0.2.5-statemachine in central (https://repo.maven.apache.org/maven2) -> [Help 1]
07:00:23.683 [Thread-4] ERROR f.i.s.r.p.m.o.MavenFilterOutputHandler - [ERROR] 
07:00:23.683 [Thread-4] ERROR f.i.s.r.p.m.o.MavenFilterOutputHandler - [ERROR] Re-run Maven using the -X switch to enable full debug logging.
07:00:23.683 [Thread-4] ERROR f.i.s.r.p.m.o.MavenFilterOutputHandler - [ERROR] 
07:00:23.683 [Thread-4] ERROR f.i.s.r.p.m.o.MavenFilterOutputHandler - [ERROR] For more information about the errors and possible solutions, please read the following articles:
07:00:23.684 [Thread-4] ERROR f.i.s.r.p.m.o.MavenFilterOutputHandler - [ERROR] [Help 1] http://cwiki.apache.org/confluence/display/MAVEN/DependencyResolutionException
07:00:23.684 [Thread-4] ERROR f.i.s.r.p.m.o.MavenFilterOutputHandler - [ERROR] 
07:00:23.684 [Thread-4] ERROR f.i.s.r.p.m.o.MavenFilterOutputHandler - [ERROR] After correcting the problems, you can resume the build with the command
07:00:23.684 [Thread-4] ERROR f.i.s.r.p.m.o.MavenFilterOutputHandler - [ERROR]   mvn <goals> -rf :rocketmq-namesrv
07:00:24.135 [main] ERROR f.i.s.r.process.step.BuildProject - Repository apache/rocketmq cannot be built.
07:00:24.136 [main] INFO  f.i.s.r.process.step.BuildProject - 
07:00:24.351 [main] INFO  f.i.s.r.p.i.ProjectInspector - ----------------------------------------------------------------------
07:00:24.351 [main] INFO  f.i.s.r.p.i.ProjectInspector - PIPELINE EXECUTION SUMMARY
07:00:24.351 [main] INFO  f.i.s.r.p.i.ProjectInspector - ----------------------------------------------------------------------
07:00:24.351 [main] INFO  f.i.s.r.p.i.ProjectInspector - CloneCheckoutGitPullRequest...........................SUCCESS [  8 s ]
07:00:24.352 [main] INFO  f.i.s.r.p.i.ProjectInspector - BuildProject..........................................FAILURE [ 18 s ]
07:00:24.352 [main] INFO  f.i.s.r.p.i.ProjectInspector - TestProject...........................................NOT RUN         
07:00:24.352 [main] INFO  f.i.s.r.p.i.ProjectInspector - ComputeClasspath......................................NOT RUN         
07:00:24.352 [main] INFO  f.i.s.r.p.i.ProjectInspector - ComputeSourceDir......................................NOT RUN         
07:00:24.352 [main] INFO  f.i.s.r.p.i.ProjectInspector - ComputeTestDir........................................NOT RUN         
07:00:24.352 [main] INFO  f.i.s.r.p.i.ProjectInspector - GatherTestInformation.................................NOT RUN         
07:00:24.352 [main] INFO  f.i.s.r.p.i.ProjectInspector - FlacocoLocalization...................................NOT RUN         
07:00:24.352 [main] INFO  f.i.s.r.p.i.ProjectInspector - PushFaultLocalizationSuggestionsOnGitHubRepository....NOT RUN         
07:00:24.352 [main] INFO  f.i.s.r.p.i.ProjectInspector - ----------------------------------------------------------------------
07:00:24.352 [main] INFO  f.i.s.r.p.i.ProjectInspector - PIPELINE FINDING: NOTBUILDABLE
07:00:24.352 [main] INFO  f.i.s.r.p.i.ProjectInspector - ----------------------------------------------------------------------
07:00:24.352 [main] INFO  f.i.s.r.p.github.GithubMainProcess - Inspector is finished. The process will exit now.
