Execute pipeline with following supplementary args: --smtpPort 25 --listenerMode NOOP --launcherMode FAULT_LOCALIZATION  --gitrepourl https://github.com/apache/rocketmq --gitrepopullrequest 4195
java -cp /usr/local/openjdk-11/lib/tools.jar:repairnator-pipeline.jar -Dlogback.configurationFile=/root/logback.xml fr.inria.spirals.repairnator.pipeline.Launcher -d --runId null -o /var/log --ghOauth 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 --faultLocalization --flacocoThreshold 0.0 --flacocoTopK null --flacocoResultsRepository flacocobot/2022-flacocobot-experiment --ghOauth  --smtpPort 25 --listenerMode NOOP --launcherMode FAULT_LOCALIZATION  --gitrepourl https://github.com/apache/rocketmq --gitrepopullrequest 4195

09:13:32.882 [main] INFO  f.i.s.r.p.g.GithubInitSerializerEngines - Initialize file serializer engines.
09:13:32.883 [main] INFO  f.i.s.r.p.g.GithubInitSerializerEngines - MongoDB won't be used for serialization.
09:13:32.883 [main] INFO  f.i.s.r.p.github.GithubInitNotifiers - The email notifier engine won't be used.
09:13:32.896 [main] INFO  f.i.s.r.p.i.ProjectInspector - ----------------------------------------------------------------------
09:13:32.896 [main] INFO  f.i.s.r.p.i.ProjectInspector - PIPELINE STEPS
09:13:32.896 [main] INFO  f.i.s.r.p.i.ProjectInspector - ----------------------------------------------------------------------
09:13:32.896 [main] INFO  f.i.s.r.p.i.ProjectInspector - CloneCheckoutGitPullRequest
09:13:32.896 [main] INFO  f.i.s.r.p.i.ProjectInspector - BuildProject
09:13:32.896 [main] INFO  f.i.s.r.p.i.ProjectInspector - TestProject
09:13:32.896 [main] INFO  f.i.s.r.p.i.ProjectInspector - ComputeClasspath
09:13:32.896 [main] INFO  f.i.s.r.p.i.ProjectInspector - ComputeSourceDir
09:13:32.896 [main] INFO  f.i.s.r.p.i.ProjectInspector - ComputeTestDir
09:13:32.896 [main] INFO  f.i.s.r.p.i.ProjectInspector - GatherTestInformation
09:13:32.896 [main] INFO  f.i.s.r.p.i.ProjectInspector - FlacocoLocalization
09:13:32.896 [main] INFO  f.i.s.r.p.i.ProjectInspector - PushFaultLocalizationSuggestionsOnGitHubRepository
09:13:32.897 [main] INFO  f.i.s.r.p.s.CloneCheckoutGitPullRequest - Cloning repository https://github.com/apache/rocketmq.git in the following directory: ./workspace/apache-rocketmq-master-4195_repo
09:13:52.614 [Thread-4] ERROR f.i.s.r.p.m.o.MavenFilterOutputHandler - [ERROR] Failed to execute goal on project rocketmq-namesrv: Could not resolve dependencies for project org.apache.rocketmq:rocketmq-namesrv:jar:5.0.0-BETA-SNAPSHOT: Could not find artifact io.openmessaging.storage:dledger:jar:0.2.5-statemachine in central (https://repo.maven.apache.org/maven2) -> [Help 1]
09:13:52.621 [Thread-4] ERROR f.i.s.r.p.m.o.MavenFilterOutputHandler - [ERROR] 
09:13:52.621 [Thread-4] ERROR f.i.s.r.p.m.o.MavenFilterOutputHandler - [ERROR] Re-run Maven using the -X switch to enable full debug logging.
09:13:52.621 [Thread-4] ERROR f.i.s.r.p.m.o.MavenFilterOutputHandler - [ERROR] 
09:13:52.621 [Thread-4] ERROR f.i.s.r.p.m.o.MavenFilterOutputHandler - [ERROR] For more information about the errors and possible solutions, please read the following articles:
09:13:52.621 [Thread-4] ERROR f.i.s.r.p.m.o.MavenFilterOutputHandler - [ERROR] [Help 1] http://cwiki.apache.org/confluence/display/MAVEN/DependencyResolutionException
09:13:52.621 [Thread-4] ERROR f.i.s.r.p.m.o.MavenFilterOutputHandler - [ERROR] 
09:13:52.621 [Thread-4] ERROR f.i.s.r.p.m.o.MavenFilterOutputHandler - [ERROR] After correcting the problems, you can resume the build with the command
09:13:52.622 [Thread-4] ERROR f.i.s.r.p.m.o.MavenFilterOutputHandler - [ERROR]   mvn <goals> -rf :rocketmq-namesrv
09:13:53.344 [main] ERROR f.i.s.r.process.step.BuildProject - Repository apache/rocketmq cannot be built.
09:13:53.346 [main] INFO  f.i.s.r.process.step.BuildProject - 
09:13:53.544 [main] INFO  f.i.s.r.p.i.ProjectInspector - ----------------------------------------------------------------------
09:13:53.544 [main] INFO  f.i.s.r.p.i.ProjectInspector - PIPELINE EXECUTION SUMMARY
09:13:53.544 [main] INFO  f.i.s.r.p.i.ProjectInspector - ----------------------------------------------------------------------
09:13:53.544 [main] INFO  f.i.s.r.p.i.ProjectInspector - CloneCheckoutGitPullRequest...........................SUCCESS [  6 s ]
09:13:53.544 [main] INFO  f.i.s.r.p.i.ProjectInspector - BuildProject..........................................FAILURE [ 14 s ]
09:13:53.544 [main] INFO  f.i.s.r.p.i.ProjectInspector - TestProject...........................................NOT RUN         
09:13:53.544 [main] INFO  f.i.s.r.p.i.ProjectInspector - ComputeClasspath......................................NOT RUN         
09:13:53.544 [main] INFO  f.i.s.r.p.i.ProjectInspector - ComputeSourceDir......................................NOT RUN         
09:13:53.544 [main] INFO  f.i.s.r.p.i.ProjectInspector - ComputeTestDir........................................NOT RUN         
09:13:53.544 [main] INFO  f.i.s.r.p.i.ProjectInspector - GatherTestInformation.................................NOT RUN         
09:13:53.544 [main] INFO  f.i.s.r.p.i.ProjectInspector - FlacocoLocalization...................................NOT RUN         
09:13:53.544 [main] INFO  f.i.s.r.p.i.ProjectInspector - PushFaultLocalizationSuggestionsOnGitHubRepository....NOT RUN         
09:13:53.545 [main] INFO  f.i.s.r.p.i.ProjectInspector - ----------------------------------------------------------------------
09:13:53.545 [main] INFO  f.i.s.r.p.i.ProjectInspector - PIPELINE FINDING: NOTBUILDABLE
09:13:53.545 [main] INFO  f.i.s.r.p.i.ProjectInspector - ----------------------------------------------------------------------
09:13:53.545 [main] INFO  f.i.s.r.p.github.GithubMainProcess - Inspector is finished. The process will exit now.
