Execute pipeline with following supplementary args: --smtpPort 25 --listenerMode NOOP --launcherMode FAULT_LOCALIZATION  --gitrepourl https://github.com/apache/rocketmq --gitrepopullrequest 4093
java -cp /usr/local/openjdk-11/lib/tools.jar:repairnator-pipeline.jar -Dlogback.configurationFile=/root/logback.xml fr.inria.spirals.repairnator.pipeline.Launcher -d --runId null -o /var/log --ghOauth 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 --faultLocalization --flacocoThreshold 0.0 --flacocoTopK null --flacocoResultsRepository flacocobot/2022-flacocobot-experiment --ghOauth  --smtpPort 25 --listenerMode NOOP --launcherMode FAULT_LOCALIZATION  --gitrepourl https://github.com/apache/rocketmq --gitrepopullrequest 4093

22:16:32.976 [main] INFO  f.i.s.r.p.g.GithubInitSerializerEngines - Initialize file serializer engines.
22:16:32.989 [main] INFO  f.i.s.r.p.g.GithubInitSerializerEngines - MongoDB won't be used for serialization.
22:16:32.995 [main] INFO  f.i.s.r.p.github.GithubInitNotifiers - The email notifier engine won't be used.
22:16:33.065 [main] INFO  f.i.s.r.p.i.ProjectInspector - ----------------------------------------------------------------------
22:16:33.065 [main] INFO  f.i.s.r.p.i.ProjectInspector - PIPELINE STEPS
22:16:33.065 [main] INFO  f.i.s.r.p.i.ProjectInspector - ----------------------------------------------------------------------
22:16:33.065 [main] INFO  f.i.s.r.p.i.ProjectInspector - CloneCheckoutGitPullRequest
22:16:33.065 [main] INFO  f.i.s.r.p.i.ProjectInspector - BuildProject
22:16:33.065 [main] INFO  f.i.s.r.p.i.ProjectInspector - TestProject
22:16:33.065 [main] INFO  f.i.s.r.p.i.ProjectInspector - ComputeClasspath
22:16:33.066 [main] INFO  f.i.s.r.p.i.ProjectInspector - ComputeSourceDir
22:16:33.066 [main] INFO  f.i.s.r.p.i.ProjectInspector - ComputeTestDir
22:16:33.066 [main] INFO  f.i.s.r.p.i.ProjectInspector - GatherTestInformation
22:16:33.066 [main] INFO  f.i.s.r.p.i.ProjectInspector - FlacocoLocalization
22:16:33.066 [main] INFO  f.i.s.r.p.i.ProjectInspector - PushFaultLocalizationSuggestionsOnGitHubRepository
22:16:33.066 [main] INFO  f.i.s.r.p.s.CloneCheckoutGitPullRequest - Cloning repository https://github.com/apache/rocketmq.git in the following directory: ./workspace/apache-rocketmq-master-4093_repo
22:19:24.197 [Thread-4] ERROR f.i.s.r.p.m.o.MavenFilterOutputHandler - [ERROR] COMPILATION ERROR : 
22:19:24.211 [Thread-4] ERROR f.i.s.r.p.m.o.MavenFilterOutputHandler - [ERROR] /root/workspace/apache-rocketmq-master-4093_repo/test/src/main/java/org/apache/rocketmq/test/util/StatUtil.java:[32,24] cannot find symbol
22:19:24.215 [Thread-4] ERROR f.i.s.r.p.m.o.MavenFilterOutputHandler - [ERROR] /root/workspace/apache-rocketmq-master-4093_repo/test/src/main/java/org/apache/rocketmq/test/util/StatUtil.java:[39,2] cannot find symbol
22:19:24.216 [Thread-4] ERROR f.i.s.r.p.m.o.MavenFilterOutputHandler - [ERROR] Failed to execute goal org.apache.maven.plugins:maven-compiler-plugin:3.5.1:compile (default-compile) on project rocketmq-test: Compilation failure: Compilation failure: 
22:19:24.216 [Thread-4] ERROR f.i.s.r.p.m.o.MavenFilterOutputHandler - [ERROR] /root/workspace/apache-rocketmq-master-4093_repo/test/src/main/java/org/apache/rocketmq/test/util/StatUtil.java:[32,24] cannot find symbol
22:19:24.216 [Thread-4] ERROR f.i.s.r.p.m.o.MavenFilterOutputHandler - [ERROR]   symbol:   class Generated
22:19:24.216 [Thread-4] ERROR f.i.s.r.p.m.o.MavenFilterOutputHandler - [ERROR]   location: package javax.annotation
22:19:24.216 [Thread-4] ERROR f.i.s.r.p.m.o.MavenFilterOutputHandler - [ERROR] /root/workspace/apache-rocketmq-master-4093_repo/test/src/main/java/org/apache/rocketmq/test/util/StatUtil.java:[39,2] cannot find symbol
22:19:24.216 [Thread-4] ERROR f.i.s.r.p.m.o.MavenFilterOutputHandler - [ERROR]   symbol: class Generated
22:19:24.217 [Thread-4] ERROR f.i.s.r.p.m.o.MavenFilterOutputHandler - [ERROR] -> [Help 1]
22:19:24.230 [Thread-4] ERROR f.i.s.r.p.m.o.MavenFilterOutputHandler - [ERROR] 
22:19:24.231 [Thread-4] ERROR f.i.s.r.p.m.o.MavenFilterOutputHandler - [ERROR] Re-run Maven using the -X switch to enable full debug logging.
22:19:24.231 [Thread-4] ERROR f.i.s.r.p.m.o.MavenFilterOutputHandler - [ERROR] 
22:19:24.231 [Thread-4] ERROR f.i.s.r.p.m.o.MavenFilterOutputHandler - [ERROR] For more information about the errors and possible solutions, please read the following articles:
22:19:24.231 [Thread-4] ERROR f.i.s.r.p.m.o.MavenFilterOutputHandler - [ERROR] [Help 1] http://cwiki.apache.org/confluence/display/MAVEN/MojoFailureException
22:19:24.231 [Thread-4] ERROR f.i.s.r.p.m.o.MavenFilterOutputHandler - [ERROR] 
22:19:24.231 [Thread-4] ERROR f.i.s.r.p.m.o.MavenFilterOutputHandler - [ERROR] After correcting the problems, you can resume the build with the command
22:19:24.231 [Thread-4] ERROR f.i.s.r.p.m.o.MavenFilterOutputHandler - [ERROR]   mvn <goals> -rf :rocketmq-test
22:19:24.523 [main] ERROR f.i.s.r.process.step.BuildProject - Repository apache/rocketmq cannot be built.
22:19:24.524 [main] INFO  f.i.s.r.process.step.BuildProject - 
22:19:24.998 [main] INFO  f.i.s.r.p.i.ProjectInspector - ----------------------------------------------------------------------
22:19:24.998 [main] INFO  f.i.s.r.p.i.ProjectInspector - PIPELINE EXECUTION SUMMARY
22:19:24.998 [main] INFO  f.i.s.r.p.i.ProjectInspector - ----------------------------------------------------------------------
22:19:24.998 [main] INFO  f.i.s.r.p.i.ProjectInspector - CloneCheckoutGitPullRequest..........................SUCCESS [  12 s ]
22:19:24.998 [main] INFO  f.i.s.r.p.i.ProjectInspector - BuildProject.........................................FAILURE [ 158 s ]
22:19:24.998 [main] INFO  f.i.s.r.p.i.ProjectInspector - TestProject..........................................NOT RUN          
22:19:24.998 [main] INFO  f.i.s.r.p.i.ProjectInspector - ComputeClasspath.....................................NOT RUN          
22:19:24.998 [main] INFO  f.i.s.r.p.i.ProjectInspector - ComputeSourceDir.....................................NOT RUN          
22:19:24.998 [main] INFO  f.i.s.r.p.i.ProjectInspector - ComputeTestDir.......................................NOT RUN          
22:19:24.998 [main] INFO  f.i.s.r.p.i.ProjectInspector - GatherTestInformation................................NOT RUN          
22:19:24.998 [main] INFO  f.i.s.r.p.i.ProjectInspector - FlacocoLocalization..................................NOT RUN          
22:19:24.998 [main] INFO  f.i.s.r.p.i.ProjectInspector - PushFaultLocalizationSuggestionsOnGitHubRepository...NOT RUN          
22:19:24.999 [main] INFO  f.i.s.r.p.i.ProjectInspector - ----------------------------------------------------------------------
22:19:24.999 [main] INFO  f.i.s.r.p.i.ProjectInspector - PIPELINE FINDING: NOTBUILDABLE
22:19:24.999 [main] INFO  f.i.s.r.p.i.ProjectInspector - ----------------------------------------------------------------------
22:19:24.999 [main] INFO  f.i.s.r.p.github.GithubMainProcess - Inspector is finished. The process will exit now.
