Execute pipeline with following supplementary args: --smtpPort 25 --listenerMode NOOP --launcherMode FAULT_LOCALIZATION  --gitrepourl https://github.com/apache/rocketmq --gitrepopullrequest 4212
java -cp /usr/local/openjdk-11/lib/tools.jar:repairnator-pipeline.jar -Dlogback.configurationFile=/root/logback.xml fr.inria.spirals.repairnator.pipeline.Launcher -d --runId null -o /var/log --ghOauth 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 --faultLocalization --flacocoThreshold 0.0 --flacocoTopK null --flacocoResultsRepository flacocobot/2022-flacocobot-experiment --ghOauth  --smtpPort 25 --listenerMode NOOP --launcherMode FAULT_LOCALIZATION  --gitrepourl https://github.com/apache/rocketmq --gitrepopullrequest 4212

20:17:07.051 [main] INFO  f.i.s.r.p.g.GithubInitSerializerEngines - Initialize file serializer engines.
20:17:07.053 [main] INFO  f.i.s.r.p.g.GithubInitSerializerEngines - MongoDB won't be used for serialization.
20:17:07.053 [main] INFO  f.i.s.r.p.github.GithubInitNotifiers - The email notifier engine won't be used.
20:17:07.067 [main] INFO  f.i.s.r.p.i.ProjectInspector - ----------------------------------------------------------------------
20:17:07.067 [main] INFO  f.i.s.r.p.i.ProjectInspector - PIPELINE STEPS
20:17:07.067 [main] INFO  f.i.s.r.p.i.ProjectInspector - ----------------------------------------------------------------------
20:17:07.067 [main] INFO  f.i.s.r.p.i.ProjectInspector - CloneCheckoutGitPullRequest
20:17:07.067 [main] INFO  f.i.s.r.p.i.ProjectInspector - BuildProject
20:17:07.067 [main] INFO  f.i.s.r.p.i.ProjectInspector - TestProject
20:17:07.067 [main] INFO  f.i.s.r.p.i.ProjectInspector - ComputeClasspath
20:17:07.067 [main] INFO  f.i.s.r.p.i.ProjectInspector - ComputeSourceDir
20:17:07.067 [main] INFO  f.i.s.r.p.i.ProjectInspector - ComputeTestDir
20:17:07.067 [main] INFO  f.i.s.r.p.i.ProjectInspector - GatherTestInformation
20:17:07.067 [main] INFO  f.i.s.r.p.i.ProjectInspector - FlacocoLocalization
20:17:07.067 [main] INFO  f.i.s.r.p.i.ProjectInspector - PushFaultLocalizationSuggestionsOnGitHubRepository
20:17:07.067 [main] INFO  f.i.s.r.p.s.CloneCheckoutGitPullRequest - Cloning repository https://github.com/apache/rocketmq.git in the following directory: ./workspace/apache-rocketmq-master-4212_repo
20:17:28.707 [Thread-4] ERROR f.i.s.r.p.m.o.MavenFilterOutputHandler - [ERROR] COMPILATION ERROR : 
20:17:28.708 [Thread-4] ERROR f.i.s.r.p.m.o.MavenFilterOutputHandler - [ERROR] /root/workspace/apache-rocketmq-master-4212_repo/test/src/main/java/org/apache/rocketmq/test/util/StatUtil.java:[32,24] cannot find symbol
20:17:28.708 [Thread-4] ERROR f.i.s.r.p.m.o.MavenFilterOutputHandler - [ERROR] /root/workspace/apache-rocketmq-master-4212_repo/test/src/main/java/org/apache/rocketmq/test/util/StatUtil.java:[39,2] cannot find symbol
20:17:28.710 [Thread-4] ERROR f.i.s.r.p.m.o.MavenFilterOutputHandler - [ERROR] Failed to execute goal org.apache.maven.plugins:maven-compiler-plugin:3.5.1:compile (default-compile) on project rocketmq-test: Compilation failure: Compilation failure: 
20:17:28.710 [Thread-4] ERROR f.i.s.r.p.m.o.MavenFilterOutputHandler - [ERROR] /root/workspace/apache-rocketmq-master-4212_repo/test/src/main/java/org/apache/rocketmq/test/util/StatUtil.java:[32,24] cannot find symbol
20:17:28.710 [Thread-4] ERROR f.i.s.r.p.m.o.MavenFilterOutputHandler - [ERROR]   symbol:   class Generated
20:17:28.710 [Thread-4] ERROR f.i.s.r.p.m.o.MavenFilterOutputHandler - [ERROR]   location: package javax.annotation
20:17:28.710 [Thread-4] ERROR f.i.s.r.p.m.o.MavenFilterOutputHandler - [ERROR] /root/workspace/apache-rocketmq-master-4212_repo/test/src/main/java/org/apache/rocketmq/test/util/StatUtil.java:[39,2] cannot find symbol
20:17:28.711 [Thread-4] ERROR f.i.s.r.p.m.o.MavenFilterOutputHandler - [ERROR]   symbol: class Generated
20:17:28.711 [Thread-4] ERROR f.i.s.r.p.m.o.MavenFilterOutputHandler - [ERROR] -> [Help 1]
20:17:28.713 [Thread-4] ERROR f.i.s.r.p.m.o.MavenFilterOutputHandler - [ERROR] 
20:17:28.713 [Thread-4] ERROR f.i.s.r.p.m.o.MavenFilterOutputHandler - [ERROR] Re-run Maven using the -X switch to enable full debug logging.
20:17:28.714 [Thread-4] ERROR f.i.s.r.p.m.o.MavenFilterOutputHandler - [ERROR] 
20:17:28.714 [Thread-4] ERROR f.i.s.r.p.m.o.MavenFilterOutputHandler - [ERROR] For more information about the errors and possible solutions, please read the following articles:
20:17:28.714 [Thread-4] ERROR f.i.s.r.p.m.o.MavenFilterOutputHandler - [ERROR] [Help 1] http://cwiki.apache.org/confluence/display/MAVEN/MojoFailureException
20:17:28.714 [Thread-4] ERROR f.i.s.r.p.m.o.MavenFilterOutputHandler - [ERROR] 
20:17:28.714 [Thread-4] ERROR f.i.s.r.p.m.o.MavenFilterOutputHandler - [ERROR] After correcting the problems, you can resume the build with the command
20:17:28.714 [Thread-4] ERROR f.i.s.r.p.m.o.MavenFilterOutputHandler - [ERROR]   mvn <goals> -rf :rocketmq-test
20:17:29.363 [main] ERROR f.i.s.r.process.step.BuildProject - Repository apache/rocketmq cannot be built.
20:17:29.365 [main] INFO  f.i.s.r.process.step.BuildProject - 
20:17:29.546 [main] INFO  f.i.s.r.p.i.ProjectInspector - ----------------------------------------------------------------------
20:17:29.547 [main] INFO  f.i.s.r.p.i.ProjectInspector - PIPELINE EXECUTION SUMMARY
20:17:29.547 [main] INFO  f.i.s.r.p.i.ProjectInspector - ----------------------------------------------------------------------
20:17:29.547 [main] INFO  f.i.s.r.p.i.ProjectInspector - CloneCheckoutGitPullRequest...........................SUCCESS [  7 s ]
20:17:29.547 [main] INFO  f.i.s.r.p.i.ProjectInspector - BuildProject..........................................FAILURE [ 15 s ]
20:17:29.547 [main] INFO  f.i.s.r.p.i.ProjectInspector - TestProject...........................................NOT RUN         
20:17:29.547 [main] INFO  f.i.s.r.p.i.ProjectInspector - ComputeClasspath......................................NOT RUN         
20:17:29.547 [main] INFO  f.i.s.r.p.i.ProjectInspector - ComputeSourceDir......................................NOT RUN         
20:17:29.547 [main] INFO  f.i.s.r.p.i.ProjectInspector - ComputeTestDir........................................NOT RUN         
20:17:29.547 [main] INFO  f.i.s.r.p.i.ProjectInspector - GatherTestInformation.................................NOT RUN         
20:17:29.547 [main] INFO  f.i.s.r.p.i.ProjectInspector - FlacocoLocalization...................................NOT RUN         
20:17:29.547 [main] INFO  f.i.s.r.p.i.ProjectInspector - PushFaultLocalizationSuggestionsOnGitHubRepository....NOT RUN         
20:17:29.547 [main] INFO  f.i.s.r.p.i.ProjectInspector - ----------------------------------------------------------------------
20:17:29.547 [main] INFO  f.i.s.r.p.i.ProjectInspector - PIPELINE FINDING: NOTBUILDABLE
20:17:29.547 [main] INFO  f.i.s.r.p.i.ProjectInspector - ----------------------------------------------------------------------
20:17:29.547 [main] INFO  f.i.s.r.p.github.GithubMainProcess - Inspector is finished. The process will exit now.
