Execute pipeline with following supplementary args: --smtpPort 25 --listenerMode NOOP --launcherMode FAULT_LOCALIZATION  --gitrepourl https://github.com/apache/rocketmq --gitrepopullrequest 4094
java -cp /usr/local/openjdk-11/lib/tools.jar:repairnator-pipeline.jar -Dlogback.configurationFile=/root/logback.xml fr.inria.spirals.repairnator.pipeline.Launcher -d --runId null -o /var/log --ghOauth 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 --faultLocalization --flacocoThreshold 0.0 --flacocoTopK null --flacocoResultsRepository flacocobot/2022-flacocobot-experiment --ghOauth  --smtpPort 25 --listenerMode NOOP --launcherMode FAULT_LOCALIZATION  --gitrepourl https://github.com/apache/rocketmq --gitrepopullrequest 4094

13:33:23.865 [main] INFO  f.i.s.r.p.g.GithubInitSerializerEngines - Initialize file serializer engines.
13:33:23.867 [main] INFO  f.i.s.r.p.g.GithubInitSerializerEngines - MongoDB won't be used for serialization.
13:33:23.867 [main] INFO  f.i.s.r.p.github.GithubInitNotifiers - The email notifier engine won't be used.
13:33:23.888 [main] INFO  f.i.s.r.p.i.ProjectInspector - ----------------------------------------------------------------------
13:33:23.888 [main] INFO  f.i.s.r.p.i.ProjectInspector - PIPELINE STEPS
13:33:23.888 [main] INFO  f.i.s.r.p.i.ProjectInspector - ----------------------------------------------------------------------
13:33:23.888 [main] INFO  f.i.s.r.p.i.ProjectInspector - CloneCheckoutGitPullRequest
13:33:23.888 [main] INFO  f.i.s.r.p.i.ProjectInspector - BuildProject
13:33:23.888 [main] INFO  f.i.s.r.p.i.ProjectInspector - TestProject
13:33:23.888 [main] INFO  f.i.s.r.p.i.ProjectInspector - ComputeClasspath
13:33:23.888 [main] INFO  f.i.s.r.p.i.ProjectInspector - ComputeSourceDir
13:33:23.889 [main] INFO  f.i.s.r.p.i.ProjectInspector - ComputeTestDir
13:33:23.889 [main] INFO  f.i.s.r.p.i.ProjectInspector - GatherTestInformation
13:33:23.889 [main] INFO  f.i.s.r.p.i.ProjectInspector - FlacocoLocalization
13:33:23.889 [main] INFO  f.i.s.r.p.i.ProjectInspector - PushFaultLocalizationSuggestionsOnGitHubRepository
13:33:23.889 [main] INFO  f.i.s.r.p.s.CloneCheckoutGitPullRequest - Cloning repository https://github.com/apache/rocketmq.git in the following directory: ./workspace/apache-rocketmq-master-4094_repo
13:34:04.688 [Thread-4] ERROR f.i.s.r.p.m.o.MavenFilterOutputHandler - [ERROR] COMPILATION ERROR : 
13:34:04.689 [Thread-4] ERROR f.i.s.r.p.m.o.MavenFilterOutputHandler - [ERROR] /root/workspace/apache-rocketmq-master-4094_repo/test/src/main/java/org/apache/rocketmq/test/util/StatUtil.java:[32,24] cannot find symbol
13:34:04.690 [Thread-4] ERROR f.i.s.r.p.m.o.MavenFilterOutputHandler - [ERROR] /root/workspace/apache-rocketmq-master-4094_repo/test/src/main/java/org/apache/rocketmq/test/util/StatUtil.java:[39,2] cannot find symbol
13:34:04.698 [Thread-4] ERROR f.i.s.r.p.m.o.MavenFilterOutputHandler - [ERROR] Failed to execute goal org.apache.maven.plugins:maven-compiler-plugin:3.5.1:compile (default-compile) on project rocketmq-test: Compilation failure: Compilation failure: 
13:34:04.698 [Thread-4] ERROR f.i.s.r.p.m.o.MavenFilterOutputHandler - [ERROR] /root/workspace/apache-rocketmq-master-4094_repo/test/src/main/java/org/apache/rocketmq/test/util/StatUtil.java:[32,24] cannot find symbol
13:34:04.698 [Thread-4] ERROR f.i.s.r.p.m.o.MavenFilterOutputHandler - [ERROR]   symbol:   class Generated
13:34:04.698 [Thread-4] ERROR f.i.s.r.p.m.o.MavenFilterOutputHandler - [ERROR]   location: package javax.annotation
13:34:04.698 [Thread-4] ERROR f.i.s.r.p.m.o.MavenFilterOutputHandler - [ERROR] /root/workspace/apache-rocketmq-master-4094_repo/test/src/main/java/org/apache/rocketmq/test/util/StatUtil.java:[39,2] cannot find symbol
13:34:04.698 [Thread-4] ERROR f.i.s.r.p.m.o.MavenFilterOutputHandler - [ERROR]   symbol: class Generated
13:34:04.698 [Thread-4] ERROR f.i.s.r.p.m.o.MavenFilterOutputHandler - [ERROR] -> [Help 1]
13:34:04.699 [Thread-4] ERROR f.i.s.r.p.m.o.MavenFilterOutputHandler - [ERROR] 
13:34:04.699 [Thread-4] ERROR f.i.s.r.p.m.o.MavenFilterOutputHandler - [ERROR] Re-run Maven using the -X switch to enable full debug logging.
13:34:04.699 [Thread-4] ERROR f.i.s.r.p.m.o.MavenFilterOutputHandler - [ERROR] 
13:34:04.699 [Thread-4] ERROR f.i.s.r.p.m.o.MavenFilterOutputHandler - [ERROR] For more information about the errors and possible solutions, please read the following articles:
13:34:04.699 [Thread-4] ERROR f.i.s.r.p.m.o.MavenFilterOutputHandler - [ERROR] [Help 1] http://cwiki.apache.org/confluence/display/MAVEN/MojoFailureException
13:34:04.699 [Thread-4] ERROR f.i.s.r.p.m.o.MavenFilterOutputHandler - [ERROR] 
13:34:04.700 [Thread-4] ERROR f.i.s.r.p.m.o.MavenFilterOutputHandler - [ERROR] After correcting the problems, you can resume the build with the command
13:34:04.700 [Thread-4] ERROR f.i.s.r.p.m.o.MavenFilterOutputHandler - [ERROR]   mvn <goals> -rf :rocketmq-test
13:34:05.271 [main] ERROR f.i.s.r.process.step.BuildProject - Repository apache/rocketmq cannot be built.
13:34:05.272 [main] INFO  f.i.s.r.process.step.BuildProject - 
13:34:05.610 [main] INFO  f.i.s.r.p.i.ProjectInspector - ----------------------------------------------------------------------
13:34:05.610 [main] INFO  f.i.s.r.p.i.ProjectInspector - PIPELINE EXECUTION SUMMARY
13:34:05.610 [main] INFO  f.i.s.r.p.i.ProjectInspector - ----------------------------------------------------------------------
13:34:05.610 [main] INFO  f.i.s.r.p.i.ProjectInspector - CloneCheckoutGitPullRequest...........................SUCCESS [  7 s ]
13:34:05.610 [main] INFO  f.i.s.r.p.i.ProjectInspector - BuildProject..........................................FAILURE [ 34 s ]
13:34:05.611 [main] INFO  f.i.s.r.p.i.ProjectInspector - TestProject...........................................NOT RUN         
13:34:05.611 [main] INFO  f.i.s.r.p.i.ProjectInspector - ComputeClasspath......................................NOT RUN         
13:34:05.611 [main] INFO  f.i.s.r.p.i.ProjectInspector - ComputeSourceDir......................................NOT RUN         
13:34:05.611 [main] INFO  f.i.s.r.p.i.ProjectInspector - ComputeTestDir........................................NOT RUN         
13:34:05.611 [main] INFO  f.i.s.r.p.i.ProjectInspector - GatherTestInformation.................................NOT RUN         
13:34:05.611 [main] INFO  f.i.s.r.p.i.ProjectInspector - FlacocoLocalization...................................NOT RUN         
13:34:05.611 [main] INFO  f.i.s.r.p.i.ProjectInspector - PushFaultLocalizationSuggestionsOnGitHubRepository....NOT RUN         
13:34:05.612 [main] INFO  f.i.s.r.p.i.ProjectInspector - ----------------------------------------------------------------------
13:34:05.612 [main] INFO  f.i.s.r.p.i.ProjectInspector - PIPELINE FINDING: NOTBUILDABLE
13:34:05.612 [main] INFO  f.i.s.r.p.i.ProjectInspector - ----------------------------------------------------------------------
13:34:05.612 [main] INFO  f.i.s.r.p.github.GithubMainProcess - Inspector is finished. The process will exit now.
