Execute pipeline with following supplementary args: --smtpPort 25 --listenerMode NOOP --launcherMode FAULT_LOCALIZATION  --gitrepourl https://github.com/apache/rocketmq --gitrepopullrequest 4225
java -cp /usr/local/openjdk-11/lib/tools.jar:repairnator-pipeline.jar -Dlogback.configurationFile=/root/logback.xml fr.inria.spirals.repairnator.pipeline.Launcher -d --runId null -o /var/log --ghOauth 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 --faultLocalization --flacocoThreshold 0.0 --flacocoTopK null --flacocoResultsRepository flacocobot/2022-flacocobot-experiment --ghOauth  --smtpPort 25 --listenerMode NOOP --launcherMode FAULT_LOCALIZATION  --gitrepourl https://github.com/apache/rocketmq --gitrepopullrequest 4225

10:42:41.171 [main] INFO  f.i.s.r.p.g.GithubInitSerializerEngines - Initialize file serializer engines.
10:42:41.173 [main] INFO  f.i.s.r.p.g.GithubInitSerializerEngines - MongoDB won't be used for serialization.
10:42:41.173 [main] INFO  f.i.s.r.p.github.GithubInitNotifiers - The email notifier engine won't be used.
10:42:41.189 [main] INFO  f.i.s.r.p.i.ProjectInspector - ----------------------------------------------------------------------
10:42:41.189 [main] INFO  f.i.s.r.p.i.ProjectInspector - PIPELINE STEPS
10:42:41.189 [main] INFO  f.i.s.r.p.i.ProjectInspector - ----------------------------------------------------------------------
10:42:41.189 [main] INFO  f.i.s.r.p.i.ProjectInspector - CloneCheckoutGitPullRequest
10:42:41.189 [main] INFO  f.i.s.r.p.i.ProjectInspector - BuildProject
10:42:41.189 [main] INFO  f.i.s.r.p.i.ProjectInspector - TestProject
10:42:41.189 [main] INFO  f.i.s.r.p.i.ProjectInspector - ComputeClasspath
10:42:41.189 [main] INFO  f.i.s.r.p.i.ProjectInspector - ComputeSourceDir
10:42:41.190 [main] INFO  f.i.s.r.p.i.ProjectInspector - ComputeTestDir
10:42:41.190 [main] INFO  f.i.s.r.p.i.ProjectInspector - GatherTestInformation
10:42:41.190 [main] INFO  f.i.s.r.p.i.ProjectInspector - FlacocoLocalization
10:42:41.190 [main] INFO  f.i.s.r.p.i.ProjectInspector - PushFaultLocalizationSuggestionsOnGitHubRepository
10:42:41.190 [main] INFO  f.i.s.r.p.s.CloneCheckoutGitPullRequest - Cloning repository https://github.com/apache/rocketmq.git in the following directory: ./workspace/apache-rocketmq-master-4225_repo
10:43:09.430 [Thread-4] ERROR f.i.s.r.p.m.o.MavenFilterOutputHandler - [ERROR] Failed to execute goal on project rocketmq-acl: Could not resolve dependencies for project org.apache.rocketmq:rocketmq-acl:jar:5.0.0-BETA-SNAPSHOT: Could not find artifact org.apache.rocketmq:rocketmq-proto:jar:2.0.0-SNAPSHOT in apache.snapshots (https://repository.apache.org/snapshots) -> [Help 1]
10:43:09.441 [Thread-4] ERROR f.i.s.r.p.m.o.MavenFilterOutputHandler - [ERROR] 
10:43:09.441 [Thread-4] ERROR f.i.s.r.p.m.o.MavenFilterOutputHandler - [ERROR] Re-run Maven using the -X switch to enable full debug logging.
10:43:09.442 [Thread-4] ERROR f.i.s.r.p.m.o.MavenFilterOutputHandler - [ERROR] 
10:43:09.443 [Thread-4] ERROR f.i.s.r.p.m.o.MavenFilterOutputHandler - [ERROR] For more information about the errors and possible solutions, please read the following articles:
10:43:09.443 [Thread-4] ERROR f.i.s.r.p.m.o.MavenFilterOutputHandler - [ERROR] [Help 1] http://cwiki.apache.org/confluence/display/MAVEN/DependencyResolutionException
10:43:09.443 [Thread-4] ERROR f.i.s.r.p.m.o.MavenFilterOutputHandler - [ERROR] 
10:43:09.443 [Thread-4] ERROR f.i.s.r.p.m.o.MavenFilterOutputHandler - [ERROR] After correcting the problems, you can resume the build with the command
10:43:09.443 [Thread-4] ERROR f.i.s.r.p.m.o.MavenFilterOutputHandler - [ERROR]   mvn <goals> -rf :rocketmq-acl
10:43:09.595 [main] ERROR f.i.s.r.process.step.BuildProject - Repository apache/rocketmq cannot be built.
10:43:09.596 [main] INFO  f.i.s.r.process.step.BuildProject - 
10:43:09.939 [main] INFO  f.i.s.r.p.i.ProjectInspector - ----------------------------------------------------------------------
10:43:09.939 [main] INFO  f.i.s.r.p.i.ProjectInspector - PIPELINE EXECUTION SUMMARY
10:43:09.939 [main] INFO  f.i.s.r.p.i.ProjectInspector - ----------------------------------------------------------------------
10:43:09.940 [main] INFO  f.i.s.r.p.i.ProjectInspector - CloneCheckoutGitPullRequest...........................SUCCESS [  7 s ]
10:43:09.940 [main] INFO  f.i.s.r.p.i.ProjectInspector - BuildProject..........................................FAILURE [ 21 s ]
10:43:09.940 [main] INFO  f.i.s.r.p.i.ProjectInspector - TestProject...........................................NOT RUN         
10:43:09.940 [main] INFO  f.i.s.r.p.i.ProjectInspector - ComputeClasspath......................................NOT RUN         
10:43:09.940 [main] INFO  f.i.s.r.p.i.ProjectInspector - ComputeSourceDir......................................NOT RUN         
10:43:09.940 [main] INFO  f.i.s.r.p.i.ProjectInspector - ComputeTestDir........................................NOT RUN         
10:43:09.940 [main] INFO  f.i.s.r.p.i.ProjectInspector - GatherTestInformation.................................NOT RUN         
10:43:09.940 [main] INFO  f.i.s.r.p.i.ProjectInspector - FlacocoLocalization...................................NOT RUN         
10:43:09.940 [main] INFO  f.i.s.r.p.i.ProjectInspector - PushFaultLocalizationSuggestionsOnGitHubRepository....NOT RUN         
10:43:09.941 [main] INFO  f.i.s.r.p.i.ProjectInspector - ----------------------------------------------------------------------
10:43:09.941 [main] INFO  f.i.s.r.p.i.ProjectInspector - PIPELINE FINDING: NOTBUILDABLE
10:43:09.941 [main] INFO  f.i.s.r.p.i.ProjectInspector - ----------------------------------------------------------------------
10:43:09.941 [main] INFO  f.i.s.r.p.github.GithubMainProcess - Inspector is finished. The process will exit now.
