Execute pipeline with following supplementary args: --smtpPort 25 --listenerMode NOOP --launcherMode FAULT_LOCALIZATION  --gitrepourl https://github.com/apache/shardingsphere --gitrepopullrequest 18708
java -cp /usr/local/openjdk-11/lib/tools.jar:repairnator-pipeline.jar -Dlogback.configurationFile=/root/logback.xml fr.inria.spirals.repairnator.pipeline.Launcher -d --runId null -o /var/log --ghOauth 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 --faultLocalization --flacocoThreshold 0.0 --flacocoTopK null --flacocoResultsRepository flacocobot/2022-flacocobot-experiment --ghOauth  --smtpPort 25 --listenerMode NOOP --launcherMode FAULT_LOCALIZATION  --gitrepourl https://github.com/apache/shardingsphere --gitrepopullrequest 18708

04:32:37.288 [main] INFO  f.i.s.r.p.g.GithubInitSerializerEngines - Initialize file serializer engines.
04:32:37.290 [main] INFO  f.i.s.r.p.g.GithubInitSerializerEngines - MongoDB won't be used for serialization.
04:32:37.290 [main] INFO  f.i.s.r.p.github.GithubInitNotifiers - The email notifier engine won't be used.
04:32:37.311 [main] INFO  f.i.s.r.p.i.ProjectInspector - ----------------------------------------------------------------------
04:32:37.311 [main] INFO  f.i.s.r.p.i.ProjectInspector - PIPELINE STEPS
04:32:37.311 [main] INFO  f.i.s.r.p.i.ProjectInspector - ----------------------------------------------------------------------
04:32:37.311 [main] INFO  f.i.s.r.p.i.ProjectInspector - CloneCheckoutGitPullRequest
04:32:37.311 [main] INFO  f.i.s.r.p.i.ProjectInspector - BuildProject
04:32:37.311 [main] INFO  f.i.s.r.p.i.ProjectInspector - TestProject
04:32:37.312 [main] INFO  f.i.s.r.p.i.ProjectInspector - ComputeClasspath
04:32:37.312 [main] INFO  f.i.s.r.p.i.ProjectInspector - ComputeSourceDir
04:32:37.312 [main] INFO  f.i.s.r.p.i.ProjectInspector - ComputeTestDir
04:32:37.312 [main] INFO  f.i.s.r.p.i.ProjectInspector - GatherTestInformation
04:32:37.312 [main] INFO  f.i.s.r.p.i.ProjectInspector - FlacocoLocalization
04:32:37.312 [main] INFO  f.i.s.r.p.i.ProjectInspector - PushFaultLocalizationSuggestionsOnGitHubRepository
04:32:37.312 [main] INFO  f.i.s.r.p.s.CloneCheckoutGitPullRequest - Cloning repository https://github.com/apache/shardingsphere.git in the following directory: ./workspace/apache-shardingsphere-master-18708_repo
04:36:26.092 [Thread-4] ERROR f.i.s.r.p.m.o.MavenFilterOutputHandler - [ERROR] COMPILATION ERROR : 
04:36:26.092 [Thread-4] ERROR f.i.s.r.p.m.o.MavenFilterOutputHandler - [ERROR] /root/workspace/apache-shardingsphere-master-18708_repo/shardingsphere-features/shardingsphere-sharding/shardingsphere-sharding-api/src/main/java/org/apache/shardingsphere/sharding/spi/ShardingAuditAlgorithm.java:[44,26] cannot find symbol
04:36:26.105 [Thread-4] ERROR f.i.s.r.p.m.o.MavenFilterOutputHandler - [ERROR] Failed to execute goal org.apache.maven.plugins:maven-compiler-plugin:3.8.0:compile (default-compile) on project shardingsphere-sharding-api: Compilation failure
04:36:26.106 [Thread-4] ERROR f.i.s.r.p.m.o.MavenFilterOutputHandler - [ERROR] /root/workspace/apache-shardingsphere-master-18708_repo/shardingsphere-features/shardingsphere-sharding/shardingsphere-sharding-api/src/main/java/org/apache/shardingsphere/sharding/spi/ShardingAuditAlgorithm.java:[44,26] cannot find symbol
04:36:26.106 [Thread-4] ERROR f.i.s.r.p.m.o.MavenFilterOutputHandler - [ERROR]   symbol:   class Map
04:36:26.106 [Thread-4] ERROR f.i.s.r.p.m.o.MavenFilterOutputHandler - [ERROR]   location: interface org.apache.shardingsphere.sharding.spi.ShardingAuditAlgorithm
04:36:26.106 [Thread-4] ERROR f.i.s.r.p.m.o.MavenFilterOutputHandler - [ERROR] -> [Help 1]
04:36:26.109 [Thread-4] ERROR f.i.s.r.p.m.o.MavenFilterOutputHandler - [ERROR] 
04:36:26.109 [Thread-4] ERROR f.i.s.r.p.m.o.MavenFilterOutputHandler - [ERROR] Re-run Maven using the -X switch to enable full debug logging.
04:36:26.109 [Thread-4] ERROR f.i.s.r.p.m.o.MavenFilterOutputHandler - [ERROR] 
04:36:26.110 [Thread-4] ERROR f.i.s.r.p.m.o.MavenFilterOutputHandler - [ERROR] For more information about the errors and possible solutions, please read the following articles:
04:36:26.110 [Thread-4] ERROR f.i.s.r.p.m.o.MavenFilterOutputHandler - [ERROR] [Help 1] http://cwiki.apache.org/confluence/display/MAVEN/MojoFailureException
04:36:26.110 [Thread-4] ERROR f.i.s.r.p.m.o.MavenFilterOutputHandler - [ERROR] 
04:36:26.110 [Thread-4] ERROR f.i.s.r.p.m.o.MavenFilterOutputHandler - [ERROR] After correcting the problems, you can resume the build with the command
04:36:26.110 [Thread-4] ERROR f.i.s.r.p.m.o.MavenFilterOutputHandler - [ERROR]   mvn <goals> -rf :shardingsphere-sharding-api
04:36:27.255 [main] ERROR f.i.s.r.process.step.BuildProject - Repository apache/shardingsphere cannot be built.
04:36:27.257 [main] INFO  f.i.s.r.process.step.BuildProject - 
04:36:29.154 [main] INFO  f.i.s.r.p.i.ProjectInspector - ----------------------------------------------------------------------
04:36:29.154 [main] INFO  f.i.s.r.p.i.ProjectInspector - PIPELINE EXECUTION SUMMARY
04:36:29.154 [main] INFO  f.i.s.r.p.i.ProjectInspector - ----------------------------------------------------------------------
04:36:29.154 [main] INFO  f.i.s.r.p.i.ProjectInspector - CloneCheckoutGitPullRequest..........................SUCCESS [  34 s ]
04:36:29.154 [main] INFO  f.i.s.r.p.i.ProjectInspector - BuildProject.........................................FAILURE [ 195 s ]
04:36:29.154 [main] INFO  f.i.s.r.p.i.ProjectInspector - TestProject..........................................NOT RUN          
04:36:29.154 [main] INFO  f.i.s.r.p.i.ProjectInspector - ComputeClasspath.....................................NOT RUN          
04:36:29.154 [main] INFO  f.i.s.r.p.i.ProjectInspector - ComputeSourceDir.....................................NOT RUN          
04:36:29.154 [main] INFO  f.i.s.r.p.i.ProjectInspector - ComputeTestDir.......................................NOT RUN          
04:36:29.154 [main] INFO  f.i.s.r.p.i.ProjectInspector - GatherTestInformation................................NOT RUN          
04:36:29.154 [main] INFO  f.i.s.r.p.i.ProjectInspector - FlacocoLocalization..................................NOT RUN          
04:36:29.154 [main] INFO  f.i.s.r.p.i.ProjectInspector - PushFaultLocalizationSuggestionsOnGitHubRepository...NOT RUN          
04:36:29.154 [main] INFO  f.i.s.r.p.i.ProjectInspector - ----------------------------------------------------------------------
04:36:29.154 [main] INFO  f.i.s.r.p.i.ProjectInspector - PIPELINE FINDING: NOTBUILDABLE
04:36:29.154 [main] INFO  f.i.s.r.p.i.ProjectInspector - ----------------------------------------------------------------------
04:36:29.155 [main] INFO  f.i.s.r.p.github.GithubMainProcess - Inspector is finished. The process will exit now.
