Execute pipeline with following supplementary args: --smtpPort 25 --listenerMode NOOP --launcherMode FAULT_LOCALIZATION  --gitrepourl https://github.com/apache/shardingsphere --gitrepopullrequest 18629
java -cp /usr/local/openjdk-11/lib/tools.jar:repairnator-pipeline.jar -Dlogback.configurationFile=/root/logback.xml fr.inria.spirals.repairnator.pipeline.Launcher -d --runId null -o /var/log --ghOauth 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 --faultLocalization --flacocoThreshold 0.0 --flacocoTopK null --flacocoResultsRepository flacocobot/2022-flacocobot-experiment --ghOauth  --smtpPort 25 --listenerMode NOOP --launcherMode FAULT_LOCALIZATION  --gitrepourl https://github.com/apache/shardingsphere --gitrepopullrequest 18629

11:24:01.346 [main] INFO  f.i.s.r.p.g.GithubInitSerializerEngines - Initialize file serializer engines.
11:24:01.348 [main] INFO  f.i.s.r.p.g.GithubInitSerializerEngines - MongoDB won't be used for serialization.
11:24:01.348 [main] INFO  f.i.s.r.p.github.GithubInitNotifiers - The email notifier engine won't be used.
11:24:01.397 [main] INFO  f.i.s.r.p.i.ProjectInspector - ----------------------------------------------------------------------
11:24:01.397 [main] INFO  f.i.s.r.p.i.ProjectInspector - PIPELINE STEPS
11:24:01.397 [main] INFO  f.i.s.r.p.i.ProjectInspector - ----------------------------------------------------------------------
11:24:01.397 [main] INFO  f.i.s.r.p.i.ProjectInspector - CloneCheckoutGitPullRequest
11:24:01.397 [main] INFO  f.i.s.r.p.i.ProjectInspector - BuildProject
11:24:01.397 [main] INFO  f.i.s.r.p.i.ProjectInspector - TestProject
11:24:01.397 [main] INFO  f.i.s.r.p.i.ProjectInspector - ComputeClasspath
11:24:01.398 [main] INFO  f.i.s.r.p.i.ProjectInspector - ComputeSourceDir
11:24:01.398 [main] INFO  f.i.s.r.p.i.ProjectInspector - ComputeTestDir
11:24:01.398 [main] INFO  f.i.s.r.p.i.ProjectInspector - GatherTestInformation
11:24:01.398 [main] INFO  f.i.s.r.p.i.ProjectInspector - FlacocoLocalization
11:24:01.398 [main] INFO  f.i.s.r.p.i.ProjectInspector - PushFaultLocalizationSuggestionsOnGitHubRepository
11:24:01.398 [main] INFO  f.i.s.r.p.s.CloneCheckoutGitPullRequest - Cloning repository https://github.com/apache/shardingsphere.git in the following directory: ./workspace/apache-shardingsphere-master-18629_repo
11:49:53.243 [Thread-4] ERROR f.i.s.r.p.m.o.MavenFilterOutputHandler - [ERROR] COMPILATION ERROR : 
11:49:53.244 [Thread-4] ERROR f.i.s.r.p.m.o.MavenFilterOutputHandler - [ERROR] /root/workspace/apache-shardingsphere-master-18629_repo/shardingsphere-proxy/shardingsphere-proxy-backend/src/main/java/org/apache/shardingsphere/proxy/backend/text/distsql/ral/common/checker/ReadwriteSplittingRuleConfigurationImportChecker.java:[59,21] cannot find symbol
11:49:53.248 [Thread-4] ERROR f.i.s.r.p.m.o.MavenFilterOutputHandler - [ERROR] /root/workspace/apache-shardingsphere-master-18629_repo/shardingsphere-proxy/shardingsphere-proxy-backend/src/main/java/org/apache/shardingsphere/proxy/backend/text/distsql/ral/common/checker/ReadwriteSplittingRuleConfigurationImportChecker.java:[60,54] cannot find symbol
11:49:53.254 [Thread-4] ERROR f.i.s.r.p.m.o.MavenFilterOutputHandler - [ERROR] /root/workspace/apache-shardingsphere-master-18629_repo/shardingsphere-proxy/shardingsphere-proxy-backend/src/main/java/org/apache/shardingsphere/proxy/backend/text/distsql/ral/common/checker/ReadwriteSplittingRuleConfigurationImportChecker.java:[62,21] cannot find symbol
11:49:53.259 [Thread-4] ERROR f.i.s.r.p.m.o.MavenFilterOutputHandler - [ERROR] /root/workspace/apache-shardingsphere-master-18629_repo/shardingsphere-proxy/shardingsphere-proxy-backend/src/main/java/org/apache/shardingsphere/proxy/backend/text/distsql/ral/common/checker/ReadwriteSplittingRuleConfigurationImportChecker.java:[63,42] cannot find symbol
11:49:53.264 [Thread-4] ERROR f.i.s.r.p.m.o.MavenFilterOutputHandler - [ERROR] /root/workspace/apache-shardingsphere-master-18629_repo/shardingsphere-proxy/shardingsphere-proxy-backend/src/main/java/org/apache/shardingsphere/proxy/backend/text/distsql/ral/common/checker/ReadwriteSplittingRuleConfigurationImportChecker.java:[65,21] cannot find symbol
11:49:53.269 [Thread-4] ERROR f.i.s.r.p.m.o.MavenFilterOutputHandler - [ERROR] /root/workspace/apache-shardingsphere-master-18629_repo/shardingsphere-proxy/shardingsphere-proxy-backend/src/main/java/org/apache/shardingsphere/proxy/backend/text/distsql/ral/common/checker/ReadwriteSplittingRuleConfigurationImportChecker.java:[66,72] cannot find symbol
11:49:53.346 [Thread-4] ERROR f.i.s.r.p.m.o.MavenFilterOutputHandler - [ERROR] Failed to execute goal org.apache.maven.plugins:maven-compiler-plugin:3.8.0:compile (default-compile) on project shardingsphere-proxy-backend: Compilation failure: Compilation failure: 
11:49:53.346 [Thread-4] ERROR f.i.s.r.p.m.o.MavenFilterOutputHandler - [ERROR] /root/workspace/apache-shardingsphere-master-18629_repo/shardingsphere-proxy/shardingsphere-proxy-backend/src/main/java/org/apache/shardingsphere/proxy/backend/text/distsql/ral/common/checker/ReadwriteSplittingRuleConfigurationImportChecker.java:[59,21] cannot find symbol
11:49:53.346 [Thread-4] ERROR f.i.s.r.p.m.o.MavenFilterOutputHandler - [ERROR]   symbol:   method getAutoAwareDataSourceName()
11:49:53.346 [Thread-4] ERROR f.i.s.r.p.m.o.MavenFilterOutputHandler - [ERROR]   location: variable each of type org.apache.shardingsphere.readwritesplitting.api.rule.ReadwriteSplittingDataSourceRuleConfiguration
11:49:53.346 [Thread-4] ERROR f.i.s.r.p.m.o.MavenFilterOutputHandler - [ERROR] /root/workspace/apache-shardingsphere-master-18629_repo/shardingsphere-proxy/shardingsphere-proxy-backend/src/main/java/org/apache/shardingsphere/proxy/backend/text/distsql/ral/common/checker/ReadwriteSplittingRuleConfigurationImportChecker.java:[60,54] cannot find symbol
11:49:53.346 [Thread-4] ERROR f.i.s.r.p.m.o.MavenFilterOutputHandler - [ERROR]   symbol:   method getAutoAwareDataSourceName()
11:49:53.346 [Thread-4] ERROR f.i.s.r.p.m.o.MavenFilterOutputHandler - [ERROR]   location: variable each of type org.apache.shardingsphere.readwritesplitting.api.rule.ReadwriteSplittingDataSourceRuleConfiguration
11:49:53.346 [Thread-4] ERROR f.i.s.r.p.m.o.MavenFilterOutputHandler - [ERROR] /root/workspace/apache-shardingsphere-master-18629_repo/shardingsphere-proxy/shardingsphere-proxy-backend/src/main/java/org/apache/shardingsphere/proxy/backend/text/distsql/ral/common/checker/ReadwriteSplittingRuleConfigurationImportChecker.java:[62,21] cannot find symbol
11:49:53.346 [Thread-4] ERROR f.i.s.r.p.m.o.MavenFilterOutputHandler - [ERROR]   symbol:   method getWriteDataSourceName()
11:49:53.346 [Thread-4] ERROR f.i.s.r.p.m.o.MavenFilterOutputHandler - [ERROR]   location: variable each of type org.apache.shardingsphere.readwritesplitting.api.rule.ReadwriteSplittingDataSourceRuleConfiguration
11:49:53.346 [Thread-4] ERROR f.i.s.r.p.m.o.MavenFilterOutputHandler - [ERROR] /root/workspace/apache-shardingsphere-master-18629_repo/shardingsphere-proxy/shardingsphere-proxy-backend/src/main/java/org/apache/shardingsphere/proxy/backend/text/distsql/ral/common/checker/ReadwriteSplittingRuleConfigurationImportChecker.java:[63,42] cannot find symbol
11:49:53.346 [Thread-4] ERROR f.i.s.r.p.m.o.MavenFilterOutputHandler - [ERROR]   symbol:   method getWriteDataSourceName()
11:49:53.346 [Thread-4] ERROR f.i.s.r.p.m.o.MavenFilterOutputHandler - [ERROR]   location: variable each of type org.apache.shardingsphere.readwritesplitting.api.rule.ReadwriteSplittingDataSourceRuleConfiguration
11:49:53.346 [Thread-4] ERROR f.i.s.r.p.m.o.MavenFilterOutputHandler - [ERROR] /root/workspace/apache-shardingsphere-master-18629_repo/shardingsphere-proxy/shardingsphere-proxy-backend/src/main/java/org/apache/shardingsphere/proxy/backend/text/distsql/ral/common/checker/ReadwriteSplittingRuleConfigurationImportChecker.java:[65,21] cannot find symbol
11:49:53.346 [Thread-4] ERROR f.i.s.r.p.m.o.MavenFilterOutputHandler - [ERROR]   symbol:   method getReadDataSourceNames()
11:49:53.347 [Thread-4] ERROR f.i.s.r.p.m.o.MavenFilterOutputHandler - [ERROR]   location: variable each of type org.apache.shardingsphere.readwritesplitting.api.rule.ReadwriteSplittingDataSourceRuleConfiguration
11:49:53.347 [Thread-4] ERROR f.i.s.r.p.m.o.MavenFilterOutputHandler - [ERROR] /root/workspace/apache-shardingsphere-master-18629_repo/shardingsphere-proxy/shardingsphere-proxy-backend/src/main/java/org/apache/shardingsphere/proxy/backend/text/distsql/ral/common/checker/ReadwriteSplittingRuleConfigurationImportChecker.java:[66,72] cannot find symbol
11:49:53.347 [Thread-4] ERROR f.i.s.r.p.m.o.MavenFilterOutputHandler - [ERROR]   symbol:   method getReadDataSourceNames()
11:49:53.347 [Thread-4] ERROR f.i.s.r.p.m.o.MavenFilterOutputHandler - [ERROR]   location: variable each of type org.apache.shardingsphere.readwritesplitting.api.rule.ReadwriteSplittingDataSourceRuleConfiguration
11:49:53.347 [Thread-4] ERROR f.i.s.r.p.m.o.MavenFilterOutputHandler - [ERROR] -> [Help 1]
11:49:53.379 [Thread-4] ERROR f.i.s.r.p.m.o.MavenFilterOutputHandler - [ERROR] 
11:49:53.380 [Thread-4] ERROR f.i.s.r.p.m.o.MavenFilterOutputHandler - [ERROR] Re-run Maven using the -X switch to enable full debug logging.
11:49:53.380 [Thread-4] ERROR f.i.s.r.p.m.o.MavenFilterOutputHandler - [ERROR] 
11:49:53.381 [Thread-4] ERROR f.i.s.r.p.m.o.MavenFilterOutputHandler - [ERROR] For more information about the errors and possible solutions, please read the following articles:
11:49:53.382 [Thread-4] ERROR f.i.s.r.p.m.o.MavenFilterOutputHandler - [ERROR] [Help 1] http://cwiki.apache.org/confluence/display/MAVEN/MojoFailureException
11:49:53.382 [Thread-4] ERROR f.i.s.r.p.m.o.MavenFilterOutputHandler - [ERROR] 
11:49:53.383 [Thread-4] ERROR f.i.s.r.p.m.o.MavenFilterOutputHandler - [ERROR] After correcting the problems, you can resume the build with the command
11:49:53.384 [Thread-4] ERROR f.i.s.r.p.m.o.MavenFilterOutputHandler - [ERROR]   mvn <goals> -rf :shardingsphere-proxy-backend
11:49:53.794 [main] ERROR f.i.s.r.process.step.BuildProject - Repository apache/shardingsphere cannot be built.
11:49:53.795 [main] INFO  f.i.s.r.process.step.BuildProject - 
11:49:58.769 [main] INFO  f.i.s.r.p.i.ProjectInspector - ----------------------------------------------------------------------
11:49:58.769 [main] INFO  f.i.s.r.p.i.ProjectInspector - PIPELINE EXECUTION SUMMARY
11:49:58.769 [main] INFO  f.i.s.r.p.i.ProjectInspector - ----------------------------------------------------------------------
11:49:58.769 [main] INFO  f.i.s.r.p.i.ProjectInspector - CloneCheckoutGitPullRequest.........................SUCCESS [   55 s ]
11:49:58.769 [main] INFO  f.i.s.r.p.i.ProjectInspector - BuildProject........................................FAILURE [ 1496 s ]
11:49:58.769 [main] INFO  f.i.s.r.p.i.ProjectInspector - TestProject.........................................NOT RUN           
11:49:58.769 [main] INFO  f.i.s.r.p.i.ProjectInspector - ComputeClasspath....................................NOT RUN           
11:49:58.769 [main] INFO  f.i.s.r.p.i.ProjectInspector - ComputeSourceDir....................................NOT RUN           
11:49:58.769 [main] INFO  f.i.s.r.p.i.ProjectInspector - ComputeTestDir......................................NOT RUN           
11:49:58.769 [main] INFO  f.i.s.r.p.i.ProjectInspector - GatherTestInformation...............................NOT RUN           
11:49:58.769 [main] INFO  f.i.s.r.p.i.ProjectInspector - FlacocoLocalization.................................NOT RUN           
11:49:58.769 [main] INFO  f.i.s.r.p.i.ProjectInspector - PushFaultLocalizationSuggestionsOnGitHubRepository..NOT RUN           
11:49:58.770 [main] INFO  f.i.s.r.p.i.ProjectInspector - ----------------------------------------------------------------------
11:49:58.770 [main] INFO  f.i.s.r.p.i.ProjectInspector - PIPELINE FINDING: NOTBUILDABLE
11:49:58.770 [main] INFO  f.i.s.r.p.i.ProjectInspector - ----------------------------------------------------------------------
11:49:58.770 [main] INFO  f.i.s.r.p.github.GithubMainProcess - Inspector is finished. The process will exit now.
