Execute pipeline with following supplementary args: --smtpPort 25 --listenerMode NOOP --launcherMode FAULT_LOCALIZATION  --gitrepourl https://github.com/apache/shardingsphere --gitrepopullrequest 18251
java -cp /usr/local/openjdk-11/lib/tools.jar:repairnator-pipeline.jar -Dlogback.configurationFile=/root/logback.xml fr.inria.spirals.repairnator.pipeline.Launcher -d --runId null -o /var/log --ghOauth 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 --faultLocalization --flacocoThreshold 0.0 --flacocoTopK null --flacocoResultsRepository flacocobot/2022-flacocobot-experiment --ghOauth  --smtpPort 25 --listenerMode NOOP --launcherMode FAULT_LOCALIZATION  --gitrepourl https://github.com/apache/shardingsphere --gitrepopullrequest 18251

19:40:22.203 [main] INFO  f.i.s.r.p.g.GithubInitSerializerEngines - Initialize file serializer engines.
19:40:22.204 [main] INFO  f.i.s.r.p.g.GithubInitSerializerEngines - MongoDB won't be used for serialization.
19:40:22.204 [main] INFO  f.i.s.r.p.github.GithubInitNotifiers - The email notifier engine won't be used.
19:40:22.232 [main] INFO  f.i.s.r.p.i.ProjectInspector - ----------------------------------------------------------------------
19:40:22.232 [main] INFO  f.i.s.r.p.i.ProjectInspector - PIPELINE STEPS
19:40:22.232 [main] INFO  f.i.s.r.p.i.ProjectInspector - ----------------------------------------------------------------------
19:40:22.232 [main] INFO  f.i.s.r.p.i.ProjectInspector - CloneCheckoutGitPullRequest
19:40:22.232 [main] INFO  f.i.s.r.p.i.ProjectInspector - BuildProject
19:40:22.232 [main] INFO  f.i.s.r.p.i.ProjectInspector - TestProject
19:40:22.232 [main] INFO  f.i.s.r.p.i.ProjectInspector - ComputeClasspath
19:40:22.232 [main] INFO  f.i.s.r.p.i.ProjectInspector - ComputeSourceDir
19:40:22.232 [main] INFO  f.i.s.r.p.i.ProjectInspector - ComputeTestDir
19:40:22.232 [main] INFO  f.i.s.r.p.i.ProjectInspector - GatherTestInformation
19:40:22.232 [main] INFO  f.i.s.r.p.i.ProjectInspector - FlacocoLocalization
19:40:22.232 [main] INFO  f.i.s.r.p.i.ProjectInspector - PushFaultLocalizationSuggestionsOnGitHubRepository
19:40:22.232 [main] INFO  f.i.s.r.p.s.CloneCheckoutGitPullRequest - Cloning repository https://github.com/apache/shardingsphere.git in the following directory: ./workspace/apache-shardingsphere-master-18251_repo
19:49:59.531 [Thread-4] ERROR f.i.s.r.p.m.o.MavenFilterOutputHandler - [ERROR] COMPILATION ERROR : 
19:49:59.534 [Thread-4] ERROR f.i.s.r.p.m.o.MavenFilterOutputHandler - [ERROR] /root/workspace/apache-shardingsphere-master-18251_repo/shardingsphere-infra/shardingsphere-infra-federation/shardingsphere-infra-federation-executor/src/main/java/org/apache/shardingsphere/infra/federation/executor/original/table/FilterableTableScanExecutor.java:[162,5] exception java.sql.SQLException is never thrown in body of corresponding try statement
19:49:59.614 [Thread-4] ERROR f.i.s.r.p.m.o.MavenFilterOutputHandler - [ERROR] Failed to execute goal org.apache.maven.plugins:maven-compiler-plugin:3.8.0:compile (default-compile) on project shardingsphere-infra-federation-executor: Compilation failure
19:49:59.614 [Thread-4] ERROR f.i.s.r.p.m.o.MavenFilterOutputHandler - [ERROR] /root/workspace/apache-shardingsphere-master-18251_repo/shardingsphere-infra/shardingsphere-infra-federation/shardingsphere-infra-federation-executor/src/main/java/org/apache/shardingsphere/infra/federation/executor/original/table/FilterableTableScanExecutor.java:[162,5] exception java.sql.SQLException is never thrown in body of corresponding try statement
19:49:59.614 [Thread-4] ERROR f.i.s.r.p.m.o.MavenFilterOutputHandler - [ERROR] -> [Help 1]
19:49:59.614 [Thread-4] ERROR f.i.s.r.p.m.o.MavenFilterOutputHandler - [ERROR] 
19:49:59.614 [Thread-4] ERROR f.i.s.r.p.m.o.MavenFilterOutputHandler - [ERROR] Re-run Maven using the -X switch to enable full debug logging.
19:49:59.614 [Thread-4] ERROR f.i.s.r.p.m.o.MavenFilterOutputHandler - [ERROR] 
19:49:59.614 [Thread-4] ERROR f.i.s.r.p.m.o.MavenFilterOutputHandler - [ERROR] For more information about the errors and possible solutions, please read the following articles:
19:49:59.614 [Thread-4] ERROR f.i.s.r.p.m.o.MavenFilterOutputHandler - [ERROR] [Help 1] http://cwiki.apache.org/confluence/display/MAVEN/MojoFailureException
19:49:59.614 [Thread-4] ERROR f.i.s.r.p.m.o.MavenFilterOutputHandler - [ERROR] 
19:49:59.614 [Thread-4] ERROR f.i.s.r.p.m.o.MavenFilterOutputHandler - [ERROR] After correcting the problems, you can resume the build with the command
19:49:59.615 [Thread-4] ERROR f.i.s.r.p.m.o.MavenFilterOutputHandler - [ERROR]   mvn <goals> -rf :shardingsphere-infra-federation-executor
19:50:00.204 [main] ERROR f.i.s.r.process.step.BuildProject - Repository apache/shardingsphere cannot be built.
19:50:00.205 [main] INFO  f.i.s.r.process.step.BuildProject - 
19:50:02.757 [main] INFO  f.i.s.r.p.i.ProjectInspector - ----------------------------------------------------------------------
19:50:02.757 [main] INFO  f.i.s.r.p.i.ProjectInspector - PIPELINE EXECUTION SUMMARY
19:50:02.757 [main] INFO  f.i.s.r.p.i.ProjectInspector - ----------------------------------------------------------------------
19:50:02.757 [main] INFO  f.i.s.r.p.i.ProjectInspector - CloneCheckoutGitPullRequest..........................SUCCESS [  40 s ]
19:50:02.757 [main] INFO  f.i.s.r.p.i.ProjectInspector - BuildProject.........................................FAILURE [ 537 s ]
19:50:02.757 [main] INFO  f.i.s.r.p.i.ProjectInspector - TestProject..........................................NOT RUN          
19:50:02.757 [main] INFO  f.i.s.r.p.i.ProjectInspector - ComputeClasspath.....................................NOT RUN          
19:50:02.757 [main] INFO  f.i.s.r.p.i.ProjectInspector - ComputeSourceDir.....................................NOT RUN          
19:50:02.757 [main] INFO  f.i.s.r.p.i.ProjectInspector - ComputeTestDir.......................................NOT RUN          
19:50:02.757 [main] INFO  f.i.s.r.p.i.ProjectInspector - GatherTestInformation................................NOT RUN          
19:50:02.758 [main] INFO  f.i.s.r.p.i.ProjectInspector - FlacocoLocalization..................................NOT RUN          
19:50:02.758 [main] INFO  f.i.s.r.p.i.ProjectInspector - PushFaultLocalizationSuggestionsOnGitHubRepository...NOT RUN          
19:50:02.758 [main] INFO  f.i.s.r.p.i.ProjectInspector - ----------------------------------------------------------------------
19:50:02.758 [main] INFO  f.i.s.r.p.i.ProjectInspector - PIPELINE FINDING: NOTBUILDABLE
19:50:02.758 [main] INFO  f.i.s.r.p.i.ProjectInspector - ----------------------------------------------------------------------
19:50:02.759 [main] INFO  f.i.s.r.p.github.GithubMainProcess - Inspector is finished. The process will exit now.
