Execute pipeline with following supplementary args: --smtpPort 25 --listenerMode NOOP --launcherMode FAULT_LOCALIZATION  --gitrepourl https://github.com/apache/shardingsphere --gitrepopullrequest 18629
java -cp /usr/local/openjdk-11/lib/tools.jar:repairnator-pipeline.jar -Dlogback.configurationFile=/root/logback.xml fr.inria.spirals.repairnator.pipeline.Launcher -d --runId null -o /var/log --ghOauth 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 --faultLocalization --flacocoThreshold 0.0 --flacocoTopK null --flacocoResultsRepository flacocobot/2022-flacocobot-experiment --ghOauth  --smtpPort 25 --listenerMode NOOP --launcherMode FAULT_LOCALIZATION  --gitrepourl https://github.com/apache/shardingsphere --gitrepopullrequest 18629

12:30:13.790 [main] INFO  f.i.s.r.p.g.GithubInitSerializerEngines - Initialize file serializer engines.
12:30:13.792 [main] INFO  f.i.s.r.p.g.GithubInitSerializerEngines - MongoDB won't be used for serialization.
12:30:13.793 [main] INFO  f.i.s.r.p.github.GithubInitNotifiers - The email notifier engine won't be used.
12:30:13.835 [main] INFO  f.i.s.r.p.i.ProjectInspector - ----------------------------------------------------------------------
12:30:13.835 [main] INFO  f.i.s.r.p.i.ProjectInspector - PIPELINE STEPS
12:30:13.835 [main] INFO  f.i.s.r.p.i.ProjectInspector - ----------------------------------------------------------------------
12:30:13.835 [main] INFO  f.i.s.r.p.i.ProjectInspector - CloneCheckoutGitPullRequest
12:30:13.835 [main] INFO  f.i.s.r.p.i.ProjectInspector - BuildProject
12:30:13.835 [main] INFO  f.i.s.r.p.i.ProjectInspector - TestProject
12:30:13.835 [main] INFO  f.i.s.r.p.i.ProjectInspector - ComputeClasspath
12:30:13.835 [main] INFO  f.i.s.r.p.i.ProjectInspector - ComputeSourceDir
12:30:13.835 [main] INFO  f.i.s.r.p.i.ProjectInspector - ComputeTestDir
12:30:13.835 [main] INFO  f.i.s.r.p.i.ProjectInspector - GatherTestInformation
12:30:13.835 [main] INFO  f.i.s.r.p.i.ProjectInspector - FlacocoLocalization
12:30:13.835 [main] INFO  f.i.s.r.p.i.ProjectInspector - PushFaultLocalizationSuggestionsOnGitHubRepository
12:30:13.836 [main] INFO  f.i.s.r.p.s.CloneCheckoutGitPullRequest - Cloning repository https://github.com/apache/shardingsphere.git in the following directory: ./workspace/apache-shardingsphere-master-18629_repo
12:51:05.190 [Thread-4] ERROR f.i.s.r.p.m.o.MavenFilterOutputHandler - [ERROR] COMPILATION ERROR : 
12:51:05.194 [Thread-4] ERROR f.i.s.r.p.m.o.MavenFilterOutputHandler - [ERROR] /root/workspace/apache-shardingsphere-master-18629_repo/shardingsphere-proxy/shardingsphere-proxy-backend/src/main/java/org/apache/shardingsphere/proxy/backend/text/distsql/ral/common/checker/ReadwriteSplittingRuleConfigurationImportChecker.java:[59,21] cannot find symbol
12:51:05.194 [Thread-4] ERROR f.i.s.r.p.m.o.MavenFilterOutputHandler - [ERROR] /root/workspace/apache-shardingsphere-master-18629_repo/shardingsphere-proxy/shardingsphere-proxy-backend/src/main/java/org/apache/shardingsphere/proxy/backend/text/distsql/ral/common/checker/ReadwriteSplittingRuleConfigurationImportChecker.java:[60,54] cannot find symbol
12:51:05.194 [Thread-4] ERROR f.i.s.r.p.m.o.MavenFilterOutputHandler - [ERROR] /root/workspace/apache-shardingsphere-master-18629_repo/shardingsphere-proxy/shardingsphere-proxy-backend/src/main/java/org/apache/shardingsphere/proxy/backend/text/distsql/ral/common/checker/ReadwriteSplittingRuleConfigurationImportChecker.java:[62,21] cannot find symbol
12:51:05.195 [Thread-4] ERROR f.i.s.r.p.m.o.MavenFilterOutputHandler - [ERROR] /root/workspace/apache-shardingsphere-master-18629_repo/shardingsphere-proxy/shardingsphere-proxy-backend/src/main/java/org/apache/shardingsphere/proxy/backend/text/distsql/ral/common/checker/ReadwriteSplittingRuleConfigurationImportChecker.java:[63,42] cannot find symbol
12:51:05.195 [Thread-4] ERROR f.i.s.r.p.m.o.MavenFilterOutputHandler - [ERROR] /root/workspace/apache-shardingsphere-master-18629_repo/shardingsphere-proxy/shardingsphere-proxy-backend/src/main/java/org/apache/shardingsphere/proxy/backend/text/distsql/ral/common/checker/ReadwriteSplittingRuleConfigurationImportChecker.java:[65,21] cannot find symbol
12:51:05.195 [Thread-4] ERROR f.i.s.r.p.m.o.MavenFilterOutputHandler - [ERROR] /root/workspace/apache-shardingsphere-master-18629_repo/shardingsphere-proxy/shardingsphere-proxy-backend/src/main/java/org/apache/shardingsphere/proxy/backend/text/distsql/ral/common/checker/ReadwriteSplittingRuleConfigurationImportChecker.java:[66,72] cannot find symbol
12:51:05.273 [Thread-4] ERROR f.i.s.r.p.m.o.MavenFilterOutputHandler - [ERROR] Failed to execute goal org.apache.maven.plugins:maven-compiler-plugin:3.8.0:compile (default-compile) on project shardingsphere-proxy-backend: Compilation failure: Compilation failure: 
12:51:05.276 [Thread-4] ERROR f.i.s.r.p.m.o.MavenFilterOutputHandler - [ERROR] /root/workspace/apache-shardingsphere-master-18629_repo/shardingsphere-proxy/shardingsphere-proxy-backend/src/main/java/org/apache/shardingsphere/proxy/backend/text/distsql/ral/common/checker/ReadwriteSplittingRuleConfigurationImportChecker.java:[59,21] cannot find symbol
12:51:05.277 [Thread-4] ERROR f.i.s.r.p.m.o.MavenFilterOutputHandler - [ERROR]   symbol:   method getAutoAwareDataSourceName()
12:51:05.279 [Thread-4] ERROR f.i.s.r.p.m.o.MavenFilterOutputHandler - [ERROR]   location: variable each of type org.apache.shardingsphere.readwritesplitting.api.rule.ReadwriteSplittingDataSourceRuleConfiguration
12:51:05.282 [Thread-4] ERROR f.i.s.r.p.m.o.MavenFilterOutputHandler - [ERROR] /root/workspace/apache-shardingsphere-master-18629_repo/shardingsphere-proxy/shardingsphere-proxy-backend/src/main/java/org/apache/shardingsphere/proxy/backend/text/distsql/ral/common/checker/ReadwriteSplittingRuleConfigurationImportChecker.java:[60,54] cannot find symbol
12:51:05.283 [Thread-4] ERROR f.i.s.r.p.m.o.MavenFilterOutputHandler - [ERROR]   symbol:   method getAutoAwareDataSourceName()
12:51:05.284 [Thread-4] ERROR f.i.s.r.p.m.o.MavenFilterOutputHandler - [ERROR]   location: variable each of type org.apache.shardingsphere.readwritesplitting.api.rule.ReadwriteSplittingDataSourceRuleConfiguration
12:51:05.286 [Thread-4] ERROR f.i.s.r.p.m.o.MavenFilterOutputHandler - [ERROR] /root/workspace/apache-shardingsphere-master-18629_repo/shardingsphere-proxy/shardingsphere-proxy-backend/src/main/java/org/apache/shardingsphere/proxy/backend/text/distsql/ral/common/checker/ReadwriteSplittingRuleConfigurationImportChecker.java:[62,21] cannot find symbol
12:51:05.287 [Thread-4] ERROR f.i.s.r.p.m.o.MavenFilterOutputHandler - [ERROR]   symbol:   method getWriteDataSourceName()
12:51:05.288 [Thread-4] ERROR f.i.s.r.p.m.o.MavenFilterOutputHandler - [ERROR]   location: variable each of type org.apache.shardingsphere.readwritesplitting.api.rule.ReadwriteSplittingDataSourceRuleConfiguration
12:51:05.288 [Thread-4] ERROR f.i.s.r.p.m.o.MavenFilterOutputHandler - [ERROR] /root/workspace/apache-shardingsphere-master-18629_repo/shardingsphere-proxy/shardingsphere-proxy-backend/src/main/java/org/apache/shardingsphere/proxy/backend/text/distsql/ral/common/checker/ReadwriteSplittingRuleConfigurationImportChecker.java:[63,42] cannot find symbol
12:51:05.288 [Thread-4] ERROR f.i.s.r.p.m.o.MavenFilterOutputHandler - [ERROR]   symbol:   method getWriteDataSourceName()
12:51:05.289 [Thread-4] ERROR f.i.s.r.p.m.o.MavenFilterOutputHandler - [ERROR]   location: variable each of type org.apache.shardingsphere.readwritesplitting.api.rule.ReadwriteSplittingDataSourceRuleConfiguration
12:51:05.292 [Thread-4] ERROR f.i.s.r.p.m.o.MavenFilterOutputHandler - [ERROR] /root/workspace/apache-shardingsphere-master-18629_repo/shardingsphere-proxy/shardingsphere-proxy-backend/src/main/java/org/apache/shardingsphere/proxy/backend/text/distsql/ral/common/checker/ReadwriteSplittingRuleConfigurationImportChecker.java:[65,21] cannot find symbol
12:51:05.293 [Thread-4] ERROR f.i.s.r.p.m.o.MavenFilterOutputHandler - [ERROR]   symbol:   method getReadDataSourceNames()
12:51:05.294 [Thread-4] ERROR f.i.s.r.p.m.o.MavenFilterOutputHandler - [ERROR]   location: variable each of type org.apache.shardingsphere.readwritesplitting.api.rule.ReadwriteSplittingDataSourceRuleConfiguration
12:51:05.297 [Thread-4] ERROR f.i.s.r.p.m.o.MavenFilterOutputHandler - [ERROR] /root/workspace/apache-shardingsphere-master-18629_repo/shardingsphere-proxy/shardingsphere-proxy-backend/src/main/java/org/apache/shardingsphere/proxy/backend/text/distsql/ral/common/checker/ReadwriteSplittingRuleConfigurationImportChecker.java:[66,72] cannot find symbol
12:51:05.298 [Thread-4] ERROR f.i.s.r.p.m.o.MavenFilterOutputHandler - [ERROR]   symbol:   method getReadDataSourceNames()
12:51:05.300 [Thread-4] ERROR f.i.s.r.p.m.o.MavenFilterOutputHandler - [ERROR]   location: variable each of type org.apache.shardingsphere.readwritesplitting.api.rule.ReadwriteSplittingDataSourceRuleConfiguration
12:51:05.300 [Thread-4] ERROR f.i.s.r.p.m.o.MavenFilterOutputHandler - [ERROR] -> [Help 1]
12:51:05.306 [Thread-4] ERROR f.i.s.r.p.m.o.MavenFilterOutputHandler - [ERROR] 
12:51:05.306 [Thread-4] ERROR f.i.s.r.p.m.o.MavenFilterOutputHandler - [ERROR] Re-run Maven using the -X switch to enable full debug logging.
12:51:05.306 [Thread-4] ERROR f.i.s.r.p.m.o.MavenFilterOutputHandler - [ERROR] 
12:51:05.306 [Thread-4] ERROR f.i.s.r.p.m.o.MavenFilterOutputHandler - [ERROR] For more information about the errors and possible solutions, please read the following articles:
12:51:05.306 [Thread-4] ERROR f.i.s.r.p.m.o.MavenFilterOutputHandler - [ERROR] [Help 1] http://cwiki.apache.org/confluence/display/MAVEN/MojoFailureException
12:51:05.306 [Thread-4] ERROR f.i.s.r.p.m.o.MavenFilterOutputHandler - [ERROR] 
12:51:05.307 [Thread-4] ERROR f.i.s.r.p.m.o.MavenFilterOutputHandler - [ERROR] After correcting the problems, you can resume the build with the command
12:51:05.307 [Thread-4] ERROR f.i.s.r.p.m.o.MavenFilterOutputHandler - [ERROR]   mvn <goals> -rf :shardingsphere-proxy-backend
12:51:05.411 [Thread-4] ERROR f.i.s.r.p.m.o.MavenFilterOutputHandler - [ERROR] An internal error occurred during: "Periodic workspace save.".
12:51:06.238 [main] ERROR f.i.s.r.process.step.BuildProject - Repository apache/shardingsphere cannot be built.
12:51:06.238 [main] INFO  f.i.s.r.process.step.BuildProject - 
12:51:11.089 [main] INFO  f.i.s.r.p.i.ProjectInspector - ----------------------------------------------------------------------
12:51:11.089 [main] INFO  f.i.s.r.p.i.ProjectInspector - PIPELINE EXECUTION SUMMARY
12:51:11.090 [main] INFO  f.i.s.r.p.i.ProjectInspector - ----------------------------------------------------------------------
12:51:11.090 [main] INFO  f.i.s.r.p.i.ProjectInspector - CloneCheckoutGitPullRequest.........................SUCCESS [   49 s ]
12:51:11.090 [main] INFO  f.i.s.r.p.i.ProjectInspector - BuildProject........................................FAILURE [ 1202 s ]
12:51:11.090 [main] INFO  f.i.s.r.p.i.ProjectInspector - TestProject.........................................NOT RUN           
12:51:11.090 [main] INFO  f.i.s.r.p.i.ProjectInspector - ComputeClasspath....................................NOT RUN           
12:51:11.091 [main] INFO  f.i.s.r.p.i.ProjectInspector - ComputeSourceDir....................................NOT RUN           
12:51:11.091 [main] INFO  f.i.s.r.p.i.ProjectInspector - ComputeTestDir......................................NOT RUN           
12:51:11.091 [main] INFO  f.i.s.r.p.i.ProjectInspector - GatherTestInformation...............................NOT RUN           
12:51:11.091 [main] INFO  f.i.s.r.p.i.ProjectInspector - FlacocoLocalization.................................NOT RUN           
12:51:11.091 [main] INFO  f.i.s.r.p.i.ProjectInspector - PushFaultLocalizationSuggestionsOnGitHubRepository..NOT RUN           
12:51:11.092 [main] INFO  f.i.s.r.p.i.ProjectInspector - ----------------------------------------------------------------------
12:51:11.092 [main] INFO  f.i.s.r.p.i.ProjectInspector - PIPELINE FINDING: NOTBUILDABLE
12:51:11.092 [main] INFO  f.i.s.r.p.i.ProjectInspector - ----------------------------------------------------------------------
12:51:11.092 [main] INFO  f.i.s.r.p.github.GithubMainProcess - Inspector is finished. The process will exit now.
